20141022 - 00:09:55 - SyncStart - NULL
20141022 - 00:09:56 - SyncError - 10
20141022 - 00:09:56 - SyncCompt - NULL
20141022 - 00:15:36 - SyncStart - NULL
20141022 - 00:15:36 - SyncError - 10
20141022 - 00:15:36 - SyncCompt - NULL
20141022 - 00:16:53 - SyncStart - NULL
20141022 - 03:17:58 - SyncError - 24
20141022 - 03:17:59 - SyncCompt - NULL
20141023 - 04:00:01 - SyncStart - NULL
20141023 - 04:01:36 - SyncError - 0
20141023 - 04:01:36 - SyncCompt - NULL
20141024 - 02:48:01 - SyncStart - NULL
20141024 - 02:49:40 - SyncError - 0
20141024 - 02:49:40 - SyncCompt - NULL
20141025 - 02:48:01 - SyncStart - NULL
20141025 - 02:48:05 - SyncError - 12
20141025 - 02:48:05 - SyncCompt - NULL
20141026 - 02:48:01 - SyncStart - NULL
20141026 - 02:48:01 - SyncError - 10
20141026 - 02:48:01 - SyncCompt - NULL
20141026 - 10:21:24 - SyncStart - NULL
20141026 - 10:21:24 - SyncError - 10
20141026 - 10:21:24 - SyncCompt - NULL
20141026 - 10:30:35 - SyncStart - NULL
20141026 - 10:30:37 - SyncError - 12
20141026 - 10:30:37 - SyncCompt - NULL
20141026 - 10:33:51 - SyncStart - NULL
20141026 - 10:35:37 - SyncSuccd - 0
20141026 - 10:35:37 - SyncCompt - NULL
20141026 - 10:39:41 - SyncStart - NULL
20141026 - 10:40:00 - SyncSuccd - 0
20141026 - 10:40:00 - SyncCompt - NULL
20141026 - 10:42:24 - SyncStart - NULL
20141026 - 10:42:40 - SyncSuccd - 0
20141026 - 10:42:40 - SyncCompt - NULL
20141026 - 10:42:55 - SyncStart - NULL
20141026 - 10:43:06 - SyncSuccd - 0
20141026 - 10:43:06 - SyncCompt - NULL
20141026 - 10:47:30 - SyncStart - NULL
20141026 - 10:47:47 - SyncSuccd - 0
20141026 - 10:47:47 - SyncCompt - NULL
20141026 - 11:07:10 - SyncStart - NULL
20141026 - 11:07:28 - SyncSuccd - 0
20141026 - 11:07:28 - SyncCompt - NULL
20141026 - 13:15:29 - SyncStart - NULL
20141026 - 13:15:29 - SyncError - 10
20141026 - 13:15:29 - SyncCompt - NULL
20141028 - 02:48:02 - SyncStart - NULL
20141028 - 02:48:03 - SyncError - 10
20141028 - 02:48:03 - SyncCompt - NULL
20141029 - 02:48:01 - SyncStart - NULL
20141029 - 02:49:06 - SyncSuccd - 0
20141029 - 02:49:06 - SyncCompt - NULL
20141030 - 02:48:01 - SyncStart - NULL
20141030 - 02:49:16 - SyncSuccd - 0
20141030 - 02:49:16 - SyncCompt - NULL
20141031 - 02:48:01 - SyncStart - NULL
20141031 - 02:48:01 - SyncError - 10
20141031 - 02:48:01 - SyncCompt - NULL
20141101 - 02:48:01 - SyncStart - NULL
20141101 - 02:50:47 - SyncSuccd - 0
20141101 - 02:50:47 - SyncCompt - NULL
20141102 - 02:48:01 - SyncStart - NULL
20141102 - 02:48:02 - SyncError - 10
20141102 - 02:48:02 - SyncCompt - NULL
20141102 - 12:05:50 - SyncStart - 48679860	/back/mirrors/ArchLinux/
20141102 - 12:09:22 - SyncSuccd - 0
20141102 - 12:09:22 - SyncCompt - 48736528	/back/mirrors/ArchLinux/
20141102 - 12:25:41 - SyncStart - 48736528	/back/mirrors/ArchLinux/
20141102 - 12:26:01 - SyncSuccd - 0
20141102 - 12:26:01 - SyncCompt - 48736528	/back/mirrors/ArchLinux/
20141103 - 02:48:04 - SyncStart - 48736528	/back/mirrors/ArchLinux/
20141103 - 02:48:46 - SyncSuccd - 0
20141103 - 02:48:46 - SyncCompt - 48599988	/back/mirrors/ArchLinux/
20141103 - 21:49:43 - SyncStart - 48599988	/back/mirrors/ArchLinux/
20141103 - 21:50:54 - SyncSuccd - 0
20141103 - 21:50:55 - SyncCompt - 48891868	/back/mirrors/ArchLinux/
20141103 - 21:51:55 - SyncStart - 48891868
20141103 - 21:52:07 - SyncSuccd - 0
20141103 - 21:52:07 - SyncCompt - 48891868	/back/mirrors/ArchLinux/
20141103 - 21:53:20 - SyncStart - 48891868
20141103 - 21:53:37 - SyncSuccd - 0
20141103 - 21:53:37 - SyncCompt - 48891868
20141104 - 02:48:02 - SyncStart - 48891868
20141104 - 02:48:37 - SyncSuccd - 0
20141104 - 02:48:37 - SyncCompt - 48808668
20141105 - 02:48:05 - SyncStart - 48808668
20141105 - 02:50:34 - SyncSuccd - 0
20141105 - 02:50:34 - SyncCompt - 49281036
20141106 - 02:48:05 - SyncStart - 49281036
20141106 - 02:52:18 - SyncSuccd - 0
20141106 - 02:52:19 - SyncCompt - 50350496
20141107 - 02:48:05 - SyncStart - 50350496
20141107 - 02:51:58 - SyncSuccd - 0
20141107 - 02:51:58 - SyncCompt - 50638616
20141107 - 15:26:14 - SyncStart - 50638616
20141107 - 15:26:57 - SyncSuccd - 0
20141107 - 15:26:58 - SyncCompt - 50404768
20141108 - 02:48:04 - SyncStart - 50404768
20141108 - 02:49:41 - SyncSuccd - 0
20141108 - 02:49:41 - SyncCompt - 50086576
20141109 - 02:48:04 - SyncStart - 50086576
20141109 - 02:49:12 - SyncSuccd - 0
20141109 - 02:49:13 - SyncCompt - 49201044
20141110 - 02:48:03 - SyncStart - 49201044
20141110 - 02:49:47 - SyncSuccd - 0
20141110 - 02:49:47 - SyncCompt - 49757780
20141111 - 02:48:02 - SyncStart - 49757780
20141111 - 02:48:56 - SyncSuccd - 0
20141111 - 02:48:56 - SyncCompt - 49749752
20141112 - 02:48:02 - SyncStart - 49749752
20141112 - 02:50:07 - SyncSuccd - 0
20141112 - 02:50:07 - SyncCompt - 49044052
20141113 - 02:48:04 - SyncStart - 49044052
20141113 - 02:49:43 - SyncSuccd - 0
20141113 - 02:49:43 - SyncCompt - 49133720
20141114 - 02:48:03 - SyncStart - 49133720
20141114 - 02:49:39 - SyncSuccd - 0
20141114 - 02:49:39 - SyncCompt - 49161604
20141115 - 02:48:02 - SyncStart - 49161604
20141115 - 02:48:03 - SyncError - 10
20141115 - 02:48:03 - SyncCompt - 49161604
20141116 - 02:48:04 - SyncStart - 49161604
20141116 - 02:51:07 - SyncSuccd - 0
20141116 - 02:51:07 - SyncCompt - 49055796
20141117 - 02:48:05 - SyncStart - 49055796
20141117 - 02:49:04 - SyncSuccd - 0
20141117 - 02:49:04 - SyncCompt - 49062664
20141118 - 02:48:05 - SyncStart - 49062664
20141118 - 02:52:57 - SyncSuccd - 0
20141118 - 02:52:57 - SyncCompt - 50925172
20141119 - 02:48:11 - SyncStart - 50925172
20141119 - 02:48:57 - SyncSuccd - 0
20141119 - 02:48:58 - SyncCompt - 50957512
20141120 - 02:48:05 - SyncStart - 50957512
20141120 - 02:49:29 - SyncSuccd - 0
20141120 - 02:49:29 - SyncCompt - 50949292
20141121 - 02:48:02 - SyncStart - 50949292
20141121 - 02:55:31 - SyncSuccd - 0
20141121 - 02:55:32 - SyncCompt - 52449512
20141122 - 02:48:08 - SyncStart - 52449512
20141122 - 02:49:12 - SyncSuccd - 0
20141122 - 02:49:12 - SyncCompt - 52443120
20141123 - 02:48:05 - SyncStart - 52443120
20141123 - 02:49:38 - SyncSuccd - 0
20141123 - 02:49:39 - SyncCompt - 52724536
20141124 - 02:48:05 - SyncStart - 52724536
20141124 - 02:49:30 - SyncSuccd - 0
20141124 - 02:49:30 - SyncCompt - 52579536
20141125 - 02:48:05 - SyncStart - 52579536
20141125 - 02:50:13 - SyncSuccd - 0
20141125 - 02:50:14 - SyncCompt - 51275256
20141126 - 02:48:08 - SyncStart - 51275256
20141126 - 02:49:03 - SyncSuccd - 0
20141126 - 02:49:03 - SyncCompt - 51182172
20141127 - 02:48:07 - SyncStart - 51182172
20141127 - 02:49:51 - SyncSuccd - 0
20141127 - 02:49:51 - SyncCompt - 51071296
20141128 - 02:48:09 - SyncStart - 51071296
20141128 - 02:49:26 - SyncSuccd - 0
20141128 - 02:49:26 - SyncCompt - 51075376
20141129 - 02:48:11 - SyncStart - 51075376
20141129 - 02:49:31 - SyncSuccd - 0
20141129 - 02:49:31 - SyncCompt - 51073908
20141130 - 02:48:05 - SyncStart - 51073908
20141130 - 02:49:13 - SyncSuccd - 0
20141130 - 02:49:13 - SyncCompt - 51035356
20141201 - 02:48:05 - SyncStart - 51035356
20141201 - 02:48:55 - SyncSuccd - 0
20141201 - 02:48:55 - SyncCompt - 51053972
20141202 - 02:48:10 - SyncStart - 51053972
20141202 - 02:51:56 - SyncSuccd - 0
20141202 - 02:51:56 - SyncCompt - 51028168
20141203 - 02:48:07 - SyncStart - 51028168
20141203 - 02:49:49 - SyncSuccd - 0
20141203 - 02:49:49 - SyncCompt - 50907832
20141204 - 02:48:08 - SyncStart - 50907832
20141204 - 02:49:39 - SyncSuccd - 0
20141204 - 02:49:39 - SyncCompt - 50946980
20141205 - 02:48:06 - SyncStart - 50946980
20141205 - 02:49:18 - SyncSuccd - 0
20141205 - 02:49:18 - SyncCompt - 50941828
20141206 - 02:48:08 - SyncStart - 50941828
20141206 - 02:50:03 - SyncSuccd - 0
20141206 - 02:50:03 - SyncCompt - 51160152
20141207 - 02:48:05 - SyncStart - 51160152
20141207 - 02:49:17 - SyncSuccd - 0
20141207 - 02:49:17 - SyncCompt - 51326668
20141208 - 02:48:05 - SyncStart - 51326668
20141208 - 02:49:52 - SyncSuccd - 0
20141208 - 02:49:52 - SyncCompt - 51344352
20141209 - 02:48:11 - SyncStart - 51344352
20141209 - 02:49:54 - SyncSuccd - 0
20141209 - 02:49:54 - SyncCompt - 51490652
20141210 - 02:48:05 - SyncStart - 51490652
20141210 - 02:48:46 - SyncSuccd - 0
20141210 - 02:48:47 - SyncCompt - 51511124
20141211 - 02:48:05 - SyncStart - 51511124
20141211 - 02:48:06 - SyncError - 10
20141211 - 02:48:06 - SyncCompt - 51511124
20141212 - 02:48:10 - SyncStart - 51511124
20141212 - 02:50:25 - SyncSuccd - 0
20141212 - 02:50:25 - SyncCompt - 50909128
20141213 - 02:48:04 - SyncStart - 50909128
20141213 - 02:49:44 - SyncSuccd - 0
20141213 - 02:49:44 - SyncCompt - 50963656
20141214 - 02:48:07 - SyncStart - 50963656
20141214 - 02:52:17 - SyncSuccd - 0
20141214 - 02:52:17 - SyncCompt - 50961372
20141215 - 02:48:05 - SyncStart - 50961372
20141215 - 02:48:57 - SyncSuccd - 0
20141215 - 02:48:57 - SyncCompt - 51073988
20141216 - 02:48:07 - SyncStart - 51074336
20141216 - 03:02:02 - SyncError - 12
20141216 - 03:02:02 - SyncCompt - 51074472
20141216 - 10:34:42 - SyncStart - 51042224
20141216 - 10:35:05 - SyncSuccd - 0
20141216 - 10:35:05 - SyncCompt - 51042224
20141217 - 02:48:04 - SyncStart - 51042224
20141217 - 02:49:00 - SyncSuccd - 0
20141217 - 02:49:00 - SyncCompt - 51082220
20141218 - 02:48:08 - SyncStart - 51082224
20141218 - 02:49:33 - SyncSuccd - 0
20141218 - 02:49:33 - SyncCompt - 51208040
20141219 - 02:48:06 - SyncStart - 51208040
20141219 - 02:50:22 - SyncSuccd - 0
20141219 - 02:50:22 - SyncCompt - 51381588
20141220 - 02:48:08 - SyncStart - 51381588
20141220 - 02:50:54 - SyncSuccd - 0
20141220 - 02:50:54 - SyncCompt - 51528444
20141221 - 02:48:12 - SyncStart - 51528444
20141221 - 02:51:12 - SyncSuccd - 0
20141221 - 02:51:12 - SyncCompt - 52153712
20141222 - 02:48:05 - SyncStart - 52153712
20141222 - 02:50:07 - SyncSuccd - 0
20141222 - 02:50:07 - SyncCompt - 52249880
20141223 - 02:48:05 - SyncStart - 52249880
20141223 - 02:53:36 - SyncSuccd - 0
20141223 - 02:53:37 - SyncCompt - 51828168
20141224 - 02:48:05 - SyncStart - 51828168
20141224 - 02:50:11 - SyncSuccd - 0
20141224 - 02:50:11 - SyncCompt - 51837448
20141225 - 02:48:04 - SyncStart - 51837448
20141225 - 02:49:32 - SyncSuccd - 0
20141225 - 02:49:32 - SyncCompt - 52023800
20141226 - 02:48:05 - SyncStart - 52023800
20141226 - 02:49:08 - SyncSuccd - 0
20141226 - 02:49:08 - SyncCompt - 51984996
20141227 - 02:48:04 - SyncStart - 51984996
20141227 - 02:49:46 - SyncSuccd - 0
20141227 - 02:49:46 - SyncCompt - 52152492
20141228 - 02:48:10 - SyncStart - 52152492
20141228 - 02:50:20 - SyncSuccd - 0
20141228 - 02:50:20 - SyncCompt - 52490912
20141229 - 02:48:04 - SyncStart - 52490912
20141229 - 02:48:43 - SyncSuccd - 0
20141229 - 02:48:43 - SyncCompt - 52283248
20141230 - 02:48:03 - SyncStart - 52283248
20141230 - 02:48:08 - SyncError - 10
20141230 - 02:48:08 - SyncCompt - 52283248
20141230 - 10:14:07 - SyncStart - 52283248
20141230 - 10:15:49 - SyncSuccd - 0
20141230 - 10:15:49 - SyncCompt - 52540604
20141231 - 02:48:03 - SyncStart - 52540604
20141231 - 02:48:41 - SyncSuccd - 0
20141231 - 02:48:41 - SyncCompt - 52563860
20150101 - 02:48:04 - SyncStart - 52563860
20150101 - 02:49:26 - SyncSuccd - 0
20150101 - 02:49:26 - SyncCompt - 52605368
20150102 - 02:48:01 - SyncStart - 52605368
20150102 - 02:53:48 - SyncSuccd - 0
20150102 - 02:53:49 - SyncCompt - 52653912
20150103 - 02:48:03 - SyncStart - 52653912
20150103 - 02:48:04 - SyncError - 10
20150103 - 02:48:04 - SyncCompt - 52653912
20150104 - 00:47:07 - SyncStart - 52653912
20150104 - 00:48:44 - SyncStart - 52634728
20150104 - 00:49:02 - SyncSuccd - 0
20150104 - 00:49:02 - SyncCompt - 52634728
20150104 - 02:48:01 - SyncStart - 52634728
20150104 - 02:48:28 - SyncSuccd - 0
20150104 - 02:48:28 - SyncCompt - 52649472
20150105 - 02:48:04 - SyncStart - 52649472
20150105 - 02:49:18 - SyncSuccd - 0
20150105 - 02:49:18 - SyncCompt - 52195508
20150106 - 02:48:05 - SyncStart - 52195508
20150106 - 02:50:01 - SyncSuccd - 0
20150106 - 02:50:01 - SyncCompt - 52209404
20150107 - 02:48:04 - SyncStart - 52209404
20150107 - 02:49:10 - SyncSuccd - 0
20150107 - 02:49:10 - SyncCompt - 51187200
20150108 - 02:48:03 - SyncStart - 51187200
20150108 - 02:48:48 - SyncSuccd - 0
20150108 - 02:48:49 - SyncCompt - 51170464
20150109 - 02:48:05 - SyncStart - 51170464
20150109 - 02:49:06 - SyncSuccd - 0
20150109 - 02:49:06 - SyncCompt - 51170312
20150110 - 02:48:04 - SyncStart - 51170312
20150110 - 02:50:01 - SyncSuccd - 0
20150110 - 02:50:01 - SyncCompt - 51301488
20150111 - 02:48:06 - SyncStart - 51301488
20150111 - 02:49:56 - SyncSuccd - 0
20150111 - 02:49:56 - SyncCompt - 51171028
20150112 - 02:48:01 - SyncStart - 51171028
20150112 - 02:48:52 - SyncSuccd - 0
20150112 - 02:48:53 - SyncCompt - 51190660
20150113 - 02:48:06 - SyncStart - 51190660
20150113 - 02:49:35 - SyncSuccd - 0
20150113 - 02:49:35 - SyncCompt - 51200684
20150115 - 02:48:04 - SyncStart - 51075564
20150115 - 02:50:22 - SyncSuccd - 0
20150115 - 02:50:23 - SyncCompt - 51015180
20150116 - 02:48:03 - SyncStart - 51015180
20150116 - 02:53:40 - SyncSuccd - 0
20150116 - 02:53:40 - SyncCompt - 48354580
20150117 - 02:48:02 - SyncStart - 48354580
20150117 - 02:52:35 - SyncSuccd - 0
20150117 - 02:52:35 - SyncCompt - 49634916
20150118 - 02:48:12 - SyncStart - 49634916
20150118 - 02:49:45 - SyncSuccd - 0
20150118 - 02:49:45 - SyncCompt - 49773020
20150119 - 02:32:02 - SyncStart - 49773020
20150119 - 02:35:10 - SyncSuccd - 0
20150119 - 02:35:10 - SyncCompt - 49831660
20150120 - 02:32:01 - SyncStart - 49831660
20150120 - 02:34:16 - SyncSuccd - 0
20150120 - 02:34:16 - SyncCompt - 49876380
20150121 - 02:32:04 - SyncStart - 49876380
20150121 - 02:37:19 - SyncSuccd - 0
20150121 - 02:37:20 - SyncCompt - 49924156
20150122 - 02:32:02 - SyncStart - 49924156
20150122 - 02:33:54 - SyncSuccd - 0
20150122 - 02:33:54 - SyncCompt - 49780856
20150123 - 02:32:04 - SyncStart - 49780856
20150123 - 02:32:04 - SyncError - 10
20150123 - 02:32:04 - SyncCompt - 49780856
20150124 - 02:32:04 - SyncStart - 49780856
20150124 - 02:34:07 - SyncSuccd - 0
20150124 - 02:34:07 - SyncCompt - 49597128
20150124 - 12:32:04 - SyncStart - 49597128
20150124 - 12:32:09 - SyncError - 10
20150124 - 12:32:09 - SyncCompt - 49597128
20150124 - 13:03:33 - SyncStart - 49597128
20150124 - 13:04:25 - SyncSuccd - 0
20150124 - 13:04:25 - SyncCompt - 49612584
20150125 - 02:32:03 - SyncStart - 49612584
20150125 - 02:32:58 - SyncSuccd - 0
20150125 - 02:32:58 - SyncCompt - 47897156
20150125 - 12:32:03 - SyncStart - 47897156
20150125 - 12:32:36 - SyncSuccd - 0
20150125 - 12:32:36 - SyncCompt - 47890468
20150126 - 02:32:04 - SyncStart - 47890468
20150126 - 02:33:00 - SyncSuccd - 0
20150126 - 02:33:00 - SyncCompt - 47887932
20150126 - 12:32:05 - SyncStart - 47887932
20150126 - 12:32:38 - SyncSuccd - 0
20150126 - 12:32:38 - SyncCompt - 47889864
20150127 - 02:32:03 - SyncStart - 47889864
20150127 - 02:32:53 - SyncSuccd - 0
20150127 - 02:32:53 - SyncCompt - 47920952
20150127 - 12:32:03 - SyncStart - 47920952
20150127 - 12:32:59 - SyncSuccd - 0
20150127 - 12:33:00 - SyncCompt - 47899892
20150128 - 02:32:03 - SyncStart - 47899892
20150128 - 02:33:57 - SyncSuccd - 0
20150128 - 02:33:57 - SyncCompt - 47859364
20150128 - 12:32:02 - SyncStart - 47859368
20150128 - 12:32:55 - SyncSuccd - 0
20150128 - 12:32:55 - SyncCompt - 47944400
20150129 - 02:32:04 - SyncStart - 47944400
20150129 - 02:35:06 - SyncSuccd - 0
20150129 - 02:35:06 - SyncCompt - 47743364
20150129 - 12:32:03 - SyncStart - 47743364
20150129 - 12:32:50 - SyncSuccd - 0
20150129 - 12:32:50 - SyncCompt - 47869348
20150130 - 02:32:03 - SyncStart - 47869348
20150130 - 02:32:44 - SyncSuccd - 0
20150130 - 02:32:44 - SyncCompt - 47736888
20150130 - 12:32:03 - SyncStart - 47736888
20150130 - 12:32:56 - SyncSuccd - 0
20150130 - 12:32:56 - SyncCompt - 47874244
20150131 - 02:32:07 - SyncStart - 47874244
20150131 - 02:34:08 - SyncSuccd - 0
20150131 - 02:34:08 - SyncCompt - 48558520
20150131 - 12:32:04 - SyncStart - 48558528
20150131 - 12:33:50 - SyncSuccd - 0
20150131 - 12:33:50 - SyncCompt - 48987036
20150201 - 02:32:04 - SyncStart - 48987036
20150201 - 02:34:13 - SyncSuccd - 0
20150201 - 02:34:13 - SyncCompt - 49593252
20150201 - 12:32:03 - SyncStart - 49593252
20150201 - 12:33:41 - SyncSuccd - 0
20150201 - 12:33:41 - SyncCompt - 50073780
20150202 - 02:32:04 - SyncStart - 50073780
20150202 - 02:35:11 - SyncSuccd - 0
20150202 - 02:35:12 - SyncCompt - 49954664
20150202 - 12:32:02 - SyncStart - 49954664
20150202 - 12:33:25 - SyncSuccd - 0
20150202 - 12:33:25 - SyncCompt - 49798392
20150203 - 02:32:05 - SyncStart - 49798392
20150203 - 02:33:07 - SyncSuccd - 0
20150203 - 02:33:08 - SyncCompt - 49839448
20150203 - 12:32:02 - SyncStart - 49839448
20150203 - 12:32:46 - SyncSuccd - 0
20150203 - 12:32:46 - SyncCompt - 49835772
20150204 - 02:32:06 - SyncStart - 49835772
20150204 - 02:46:08 - SyncError - 12
20150204 - 02:46:08 - SyncCompt - 49835660
20150204 - 12:32:05 - SyncStart - 49835660
20150204 - 12:34:14 - SyncSuccd - 0
20150204 - 12:34:14 - SyncCompt - 50271896
20150205 - 02:32:05 - SyncStart - 50271896
20150205 - 02:35:05 - SyncSuccd - 0
20150205 - 02:35:05 - SyncCompt - 51020276
20150205 - 12:32:06 - SyncStart - 51020276
20150205 - 12:32:52 - SyncSuccd - 0
20150205 - 12:32:52 - SyncCompt - 49494984
20150206 - 02:32:04 - SyncStart - 49494984
20150206 - 02:32:58 - SyncSuccd - 0
20150206 - 02:32:58 - SyncCompt - 49489964
20150206 - 12:32:05 - SyncStart - 49489964
20150206 - 12:34:48 - SyncSuccd - 0
20150206 - 12:34:48 - SyncCompt - 49516760
20150207 - 02:32:05 - SyncStart - 49516760
20150207 - 02:33:11 - SyncSuccd - 0
20150207 - 02:33:11 - SyncCompt - 49569036
20150207 - 12:32:02 - SyncStart - 49569040
20150207 - 12:32:56 - SyncSuccd - 0
20150207 - 12:32:56 - SyncCompt - 49641208
20150208 - 02:32:05 - SyncStart - 49641208
20150208 - 02:34:05 - SyncSuccd - 0
20150208 - 02:34:05 - SyncCompt - 48545500
20150208 - 12:32:02 - SyncStart - 48545500
20150208 - 12:32:57 - SyncSuccd - 0
20150208 - 12:32:57 - SyncCompt - 48459968
20150209 - 02:32:04 - SyncStart - 48459968
20150209 - 02:33:09 - SyncSuccd - 0
20150209 - 02:33:09 - SyncCompt - 48285540
20150209 - 12:32:05 - SyncStart - 48285544
20150209 - 12:32:58 - SyncSuccd - 0
20150209 - 12:32:58 - SyncCompt - 48377808
20150209 - 18:00:40 - SyncStart - 48377808
20150209 - 18:01:23 - SyncStart - 48159948
20150209 - 18:01:33 - SyncSuccd - 0
20150209 - 18:01:33 - SyncCompt - 48236964
20150209 - 18:01:42 - SyncSuccd - 0
20150209 - 18:01:42 - SyncCompt - 48236964
20150209 - 18:02:32 - SyncStart - 48236964
20150209 - 18:02:52 - SyncSuccd - 0
20150209 - 18:02:52 - SyncCompt - 48236964
20150209 - 18:03:28 - SyncStart - 48236964
20150209 - 18:03:39 - SyncSuccd - 0
20150209 - 18:03:39 - SyncCompt - 48236964
20150209 - 18:04:56 - SyncStart - 48236964
20150209 - 18:05:15 - SyncSuccd - 0
20150209 - 18:05:15 - SyncCompt - 48236964
20150209 - 18:05:25 - SyncStart - 48236964
20150209 - 18:05:37 - SyncSuccd - 0
20150209 - 18:05:37 - SyncCompt - 48236964
20150209 - 18:06:26 - SyncStart - 48236964
20150209 - 18:06:45 - SyncSuccd - 0
20150209 - 18:06:45 - SyncCompt - 48236964
20150209 - 18:07:28 - SyncStart - 48236964
20150209 - 18:07:48 - SyncSuccd - 0
20150209 - 18:07:48 - SyncCompt - 48236964
20150209 - 18:08:34 - SyncStart - 48236964
20150209 - 18:08:54 - SyncSuccd - 0
20150209 - 18:08:54 - SyncCompt - 48236964
20150209 - 18:09:26 - SyncStart - 48236964
20150209 - 18:09:48 - SyncSuccd - 0
20150209 - 18:09:48 - SyncCompt - 48236964
20150209 - 18:10:34 - SyncStart - 48236964
20150209 - 18:10:54 - SyncSuccd - 0
20150209 - 18:10:54 - SyncCompt - 48236964
20150209 - 18:12:52 - SyncStart - 48236964
20150209 - 18:12:55 - SyncStart - 48236964
20150209 - 18:13:18 - SyncSuccd - 0
20150209 - 18:13:18 - SyncCompt - 48236964
20150209 - 18:13:18 - SyncSuccd - 0
20150209 - 18:13:18 - SyncCompt - 48236964
20150209 - 18:14:47 - SyncStart - 48236964
20150209 - 18:14:56 - SyncStart - 48236964
20150209 - 18:15:10 - SyncSuccd - 0
20150209 - 18:15:10 - SyncSuccd - 0
20150209 - 18:15:10 - SyncCompt - 48236964
20150209 - 18:15:10 - SyncCompt - 48236964
20150209 - 18:15:52 - SyncStart - 48236964
20150209 - 18:16:13 - SyncSuccd - 0
20150209 - 18:16:13 - SyncCompt - 48236964
20150209 - 18:17:17 - SyncStart - 48236964
20150209 - 18:17:27 - SyncStart - 48236964
20150209 - 18:17:33 - SyncSuccd - 0
20150209 - 18:17:33 - SyncCompt - 48236964
20150209 - 18:17:39 - SyncSuccd - 0
20150209 - 18:17:39 - SyncCompt - 48236964
20150209 - 18:18:50 - SyncStart - 48236964
20150209 - 18:19:21 - SyncSuccd - 0
20150209 - 18:19:21 - SyncCompt - 48236964
20150209 - 18:23:43 - SyncStart - 48236964
20150209 - 18:24:14 - SyncError - 23
20150209 - 18:25:15 - SyncCompt - 48332792
20150209 - 18:25:16 - SyncStart - 48332792
20150209 - 18:25:52 - SyncSuccd - 0
20150209 - 18:25:52 - SyncCompt - 48332772
20150209 - 18:30:09 - SyncStart - 48332772
20150209 - 18:30:09 - SyncStart - 48332772
20150209 - 18:30:09 - SyncStart - 48332772
20150209 - 18:30:09 - SyncError - 5
20150209 - 18:30:09 - SyncError - 5
20150209 - 18:30:39 - SyncStart - 48332772
20150209 - 18:30:53 - SyncStart - 48332772
20150209 - 18:30:55 - SyncSuccd - 0
20150209 - 18:30:55 - SyncCompt - 48332772
20150209 - 18:30:56 - SyncSuccd - 0
20150209 - 18:30:56 - SyncCompt - 48332772
20150209 - 18:31:06 - SyncSuccd - 0
20150209 - 18:31:07 - SyncCompt - 48332772
20150209 - 18:31:11 - SyncCompt - 48332772
20150209 - 18:31:11 - SyncCompt - 48332772
20150209 - 18:31:12 - SyncStart - 48332772
20150209 - 18:31:12 - SyncStart - 48332772
20150209 - 18:31:34 - SyncSuccd - 0
20150209 - 18:31:34 - SyncSuccd - 0
20150209 - 18:31:35 - SyncCompt - 48332772
20150209 - 18:31:35 - SyncCompt - 48332772
20150209 - 18:32:25 - SyncStart - 48332772
20150209 - 18:33:16 - SyncStart - 48332772
20150209 - 18:33:17 - SyncSuccd - 0
20150209 - 18:33:18 - SyncCompt - 48332772
20150209 - 18:33:32 - SyncSuccd - 0
20150209 - 18:33:32 - SyncCompt - 48332772
20150209 - 18:33:33 - SyncStart - 48332772
20150209 - 18:33:46 - SyncSuccd - 0
20150209 - 18:33:47 - SyncCompt - 48332772
20150209 - 18:34:46 - SyncStart - 48332772
20150209 - 18:34:47 - SyncStart - 48332772
20150209 - 18:34:47 - SyncStart - 48332772
20150209 - 18:35:35 - SyncSuccd - 0
20150209 - 18:35:35 - SyncSuccd - 0
20150209 - 18:35:35 - SyncSuccd - 0
20150209 - 18:35:35 - SyncCompt - 48332772
20150209 - 18:35:35 - SyncCompt - 48332772
20150209 - 18:35:35 - SyncCompt - 48332772
20150209 - 18:36:52 - SyncStart - 48332772
20150209 - 18:36:52 - SyncStart - 48332772
20150209 - 18:37:12 - SyncStart - 48332772
20150209 - 18:37:13 - SyncStart - 48332772
20150209 - 18:37:24 - SyncSuccd - 0
20150209 - 18:37:24 - SyncSuccd - 0
20150209 - 18:37:24 - SyncCompt - 48332772
20150209 - 18:37:24 - SyncCompt - 48332772
20150209 - 18:37:25 - SyncSuccd - 0
20150209 - 18:37:25 - SyncCompt - 48332772
20150209 - 18:37:26 - SyncSuccd - 0
20150209 - 18:37:26 - SyncCompt - 48332772
20150209 - 18:41:42 - SyncStart - 48332772
20150209 - 18:41:42 - SyncStart - 48332772
20150209 - 18:41:42 - SyncStart - 48332772
20150209 - 18:42:19 - SyncSuccd - 0
20150209 - 18:42:19 - SyncSuccd - 0
20150209 - 18:42:19 - SyncSuccd - 0
20150209 - 18:42:19 - SyncCompt - 48332772
20150209 - 18:42:19 - SyncCompt - 48332772
20150209 - 18:42:20 - SyncCompt - 48332772
20150209 - 18:42:26 - SyncStart - 48332772
20150209 - 18:43:03 - SyncSuccd - 0
20150209 - 18:43:03 - SyncCompt - 48332772
20150209 - 18:48:33 - SyncStart - 48332772
20150209 - 18:48:56 - SyncSuccd - 0
20150209 - 18:48:56 - SyncCompt - 48332772
20150209 - 18:49:30 - SyncStart - 48332772
20150209 - 18:49:41 - SyncSuccd - 0
20150209 - 18:49:41 - SyncCompt - 48332772
20150210 - 02:32:04 - SyncStart - 48332772
20150210 - 02:32:56 - SyncSuccd - 0
20150210 - 02:32:56 - SyncCompt - 48187032
20150210 - 12:32:05 - SyncStart - 48187032
20150210 - 12:32:46 - SyncSuccd - 0
20150210 - 12:32:46 - SyncCompt - 48160804
20150211 - 02:32:05 - SyncStart - 48160804
20150211 - 02:32:57 - SyncSuccd - 0
20150211 - 02:32:57 - SyncCompt - 48230388
20150211 - 12:32:05 - SyncStart - 48230388
20150211 - 12:32:55 - SyncSuccd - 0
20150211 - 12:32:55 - SyncCompt - 48208504
20150212 - 02:32:05 - SyncStart - 48208504
20150212 - 02:32:51 - SyncSuccd - 0
20150212 - 02:32:51 - SyncCompt - 48209412
20150212 - 12:32:05 - SyncStart - 48209412
20150212 - 12:32:44 - SyncSuccd - 0
20150212 - 12:32:44 - SyncCompt - 48212224
20150213 - 02:32:03 - SyncStart - 48212224
20150213 - 02:33:01 - SyncSuccd - 0
20150213 - 02:33:01 - SyncCompt - 48250276
20150213 - 12:32:04 - SyncStart - 48250276
20150213 - 12:32:45 - SyncSuccd - 0
20150213 - 12:32:45 - SyncCompt - 48263928
20150214 - 02:32:04 - SyncStart - 48263928
20150214 - 02:33:15 - SyncSuccd - 0
20150214 - 02:33:15 - SyncCompt - 48493588
20150214 - 12:32:04 - SyncStart - 48493588
20150214 - 12:32:50 - SyncSuccd - 0
20150214 - 12:32:51 - SyncCompt - 48494500
20150215 - 02:32:03 - SyncStart - 48494500
20150215 - 02:32:39 - SyncSuccd - 0
20150215 - 02:32:39 - SyncCompt - 48502152
20150215 - 12:32:03 - SyncStart - 48502152
20150215 - 12:32:46 - SyncSuccd - 0
20150215 - 12:32:46 - SyncCompt - 48386120
20150216 - 02:32:04 - SyncStart - 48386120
20150216 - 02:32:52 - SyncSuccd - 0
20150216 - 02:32:52 - SyncCompt - 48414580
20150216 - 12:32:04 - SyncStart - 48414580
20150216 - 12:32:54 - SyncSuccd - 0
20150216 - 12:32:54 - SyncCompt - 48342036
20150217 - 02:32:04 - SyncStart - 48342036
20150217 - 02:32:52 - SyncSuccd - 0
20150217 - 02:32:52 - SyncCompt - 48380256
20150217 - 12:32:03 - SyncStart - 48380256
20150217 - 12:33:04 - SyncSuccd - 0
20150217 - 12:33:04 - SyncCompt - 48433324
20150218 - 02:32:04 - SyncStart - 48433328
20150218 - 02:34:03 - SyncSuccd - 0
20150218 - 02:34:03 - SyncCompt - 48946168
20150218 - 12:32:04 - SyncStart - 48946172
20150218 - 12:33:11 - SyncSuccd - 0
20150218 - 12:33:11 - SyncCompt - 49057704
20150219 - 02:32:04 - SyncStart - 49057704
20150219 - 02:35:00 - SyncSuccd - 0
20150219 - 02:35:01 - SyncCompt - 48935404
20150219 - 12:32:04 - SyncStart - 48935404
20150219 - 12:32:47 - SyncSuccd - 0
20150219 - 12:32:47 - SyncCompt - 48928752
20150220 - 02:32:04 - SyncStart - 48928752
20150220 - 02:33:02 - SyncSuccd - 0
20150220 - 02:33:02 - SyncCompt - 48939300
20150220 - 12:32:03 - SyncStart - 48939308
20150220 - 12:32:44 - SyncSuccd - 0
20150220 - 12:32:44 - SyncCompt - 48931924
20150221 - 02:32:02 - SyncStart - 48931924
20150221 - 02:33:29 - SyncSuccd - 0
20150221 - 02:33:30 - SyncCompt - 48947180
20150221 - 12:32:02 - SyncStart - 48947180
20150221 - 12:32:43 - SyncSuccd - 0
20150221 - 12:32:43 - SyncCompt - 48953956
20150222 - 02:32:04 - SyncStart - 48953956
20150222 - 02:32:55 - SyncSuccd - 0
20150222 - 02:32:55 - SyncCompt - 48708800
20150222 - 12:32:04 - SyncStart - 48708800
20150222 - 12:33:33 - SyncSuccd - 0
20150222 - 12:33:33 - SyncCompt - 48710860
20150223 - 02:32:04 - SyncStart - 48710860
20150223 - 02:32:36 - SyncSuccd - 0
20150223 - 02:32:36 - SyncCompt - 48623984
20150223 - 12:32:03 - SyncStart - 48623984
20150223 - 12:32:40 - SyncSuccd - 0
20150223 - 12:32:40 - SyncCompt - 48624216
20150224 - 02:32:02 - SyncStart - 48624216
20150224 - 02:32:54 - SyncSuccd - 0
20150224 - 02:32:55 - SyncCompt - 48117244
20150224 - 12:32:02 - SyncStart - 48117244
20150224 - 12:33:11 - SyncSuccd - 0
20150224 - 12:33:11 - SyncCompt - 48124744
20150225 - 02:32:04 - SyncStart - 48124744
20150225 - 02:33:50 - SyncSuccd - 0
20150225 - 02:33:50 - SyncCompt - 48605308
20150225 - 12:32:04 - SyncStart - 48605308
20150225 - 12:33:15 - SyncSuccd - 0
20150225 - 12:33:15 - SyncCompt - 48730872
20150226 - 02:32:05 - SyncStart - 48730872
20150226 - 02:33:03 - SyncSuccd - 0
20150226 - 02:33:04 - SyncCompt - 48695188
20150226 - 12:32:04 - SyncStart - 48695188
20150226 - 12:32:53 - SyncSuccd - 0
20150226 - 12:32:53 - SyncCompt - 48685924
20150227 - 02:32:04 - SyncStart - 48685924
20150227 - 02:33:13 - SyncSuccd - 0
20150227 - 02:33:13 - SyncCompt - 48857352
20150227 - 12:32:04 - SyncStart - 48857352
20150227 - 12:33:44 - SyncSuccd - 0
20150227 - 12:33:44 - SyncCompt - 49263444
20150228 - 02:32:05 - SyncStart - 49263448
20150228 - 02:34:35 - SyncSuccd - 0
20150228 - 02:34:36 - SyncCompt - 49181056
20150228 - 12:32:04 - SyncStart - 49181056
20150228 - 12:32:39 - SyncSuccd - 0
20150228 - 12:32:39 - SyncCompt - 49163744
20150301 - 02:32:04 - SyncStart - 49163744
20150301 - 02:33:19 - SyncSuccd - 0
20150301 - 02:33:19 - SyncCompt - 49246408
20150301 - 12:32:03 - SyncStart - 49246408
20150301 - 12:33:00 - SyncSuccd - 0
20150301 - 12:33:00 - SyncCompt - 49353256
20150302 - 02:32:04 - SyncStart - 49353256
20150302 - 02:37:27 - SyncSuccd - 0
20150302 - 02:37:27 - SyncCompt - 49250308
20150302 - 12:32:06 - SyncStart - 49250308
20150302 - 12:32:48 - SyncSuccd - 0
20150302 - 12:32:48 - SyncCompt - 49169708
20150303 - 02:32:04 - SyncStart - 49169708
20150303 - 02:33:45 - SyncSuccd - 0
20150303 - 02:33:45 - SyncCompt - 49057576
20150303 - 12:32:04 - SyncStart - 49057580
20150303 - 12:32:45 - SyncSuccd - 0
20150303 - 12:32:45 - SyncCompt - 49046524
20150304 - 02:32:04 - SyncStart - 49046524
20150304 - 02:33:02 - SyncSuccd - 0
20150304 - 02:33:02 - SyncCompt - 49060996
20150304 - 12:32:05 - SyncStart - 49060996
20150304 - 12:33:55 - SyncSuccd - 0
20150304 - 12:33:55 - SyncCompt - 48777068
20150305 - 02:32:05 - SyncStart - 48777072
20150305 - 02:34:39 - SyncSuccd - 0
20150305 - 02:34:39 - SyncCompt - 49434240
20150305 - 12:32:05 - SyncStart - 49434240
20150305 - 12:33:06 - SyncSuccd - 0
20150305 - 12:33:07 - SyncCompt - 49471660
20150306 - 02:32:06 - SyncStart - 49471660
20150306 - 02:33:10 - SyncSuccd - 0
20150306 - 02:33:10 - SyncCompt - 49496220
20150306 - 12:32:06 - SyncStart - 49496220
20150306 - 12:33:22 - SyncSuccd - 0
20150306 - 12:33:22 - SyncCompt - 49446996
20150307 - 02:32:06 - SyncStart - 49446996
20150307 - 02:34:06 - SyncSuccd - 0
20150307 - 02:34:06 - SyncCompt - 49863608
20150307 - 12:32:06 - SyncStart - 49863608
20150307 - 12:33:39 - SyncSuccd - 0
20150307 - 12:33:39 - SyncCompt - 49921780
20150308 - 02:32:05 - SyncStart - 49921780
20150308 - 02:33:37 - SyncSuccd - 0
20150308 - 02:33:37 - SyncCompt - 50322436
20150308 - 12:32:06 - SyncStart - 50322436
20150308 - 12:33:54 - SyncSuccd - 0
20150308 - 12:33:55 - SyncCompt - 50538728
20150309 - 02:32:04 - SyncStart - 50538728
20150309 - 02:33:21 - SyncSuccd - 0
20150309 - 02:33:21 - SyncCompt - 50390784
20150309 - 12:32:06 - SyncStart - 50390784
20150309 - 12:33:09 - SyncSuccd - 0
20150309 - 12:33:10 - SyncCompt - 50339288
20150310 - 02:32:05 - SyncStart - 50339292
20150310 - 02:32:50 - SyncSuccd - 0
20150310 - 02:32:50 - SyncCompt - 50302136
20150310 - 12:32:04 - SyncStart - 50302136
20150310 - 12:32:54 - SyncSuccd - 0
20150310 - 12:32:55 - SyncCompt - 50305428
20150311 - 02:32:06 - SyncStart - 50305428
20150311 - 02:37:21 - SyncSuccd - 0
20150311 - 02:37:22 - SyncCompt - 48821928
20150311 - 12:32:05 - SyncStart - 48821928
20150311 - 13:33:47 - SyncSuccd - 0
20150311 - 13:33:47 - SyncCompt - 48834400
20150312 - 02:32:06 - SyncStart - 48834400
20150312 - 02:50:22 - SyncSuccd - 0
20150312 - 02:50:23 - SyncCompt - 48903656
20150312 - 12:32:06 - SyncStart - 48903656
20150312 - 12:59:04 - SyncSuccd - 0
20150312 - 12:59:04 - SyncCompt - 48961408
20150313 - 02:32:05 - SyncStart - 48961408
20150313 - 02:51:42 - SyncSuccd - 0
20150313 - 02:51:43 - SyncCompt - 48721556
20150313 - 12:32:06 - SyncStart - 48721556
20150313 - 13:04:55 - SyncSuccd - 0
20150313 - 13:04:55 - SyncCompt - 48801320
20150314 - 02:32:05 - SyncStart - 48801320
20150314 - 02:33:07 - SyncSuccd - 0
20150314 - 02:33:07 - SyncCompt - 48886468
20150314 - 12:32:05 - SyncStart - 48886468
20150314 - 12:33:32 - SyncSuccd - 0
20150314 - 12:33:32 - SyncCompt - 49303372
20150315 - 02:32:04 - SyncStart - 49303372
20150315 - 02:36:24 - SyncSuccd - 0
20150315 - 02:36:25 - SyncCompt - 50310852
20150315 - 12:32:04 - SyncStart - 50310852
20150315 - 12:33:10 - SyncSuccd - 0
20150315 - 12:33:10 - SyncCompt - 50181952
20150316 - 02:32:04 - SyncStart - 50181952
20150316 - 02:33:12 - SyncSuccd - 0
20150316 - 02:33:12 - SyncCompt - 50244760
20150316 - 12:32:04 - SyncStart - 50244760
20150316 - 12:33:06 - SyncSuccd - 0
20150316 - 12:33:06 - SyncCompt - 49993072
20150317 - 02:32:04 - SyncStart - 49993072
20150317 - 02:33:32 - SyncSuccd - 0
20150317 - 02:33:32 - SyncCompt - 49964712
20150317 - 12:32:02 - SyncStart - 49964712
20150317 - 12:32:45 - SyncSuccd - 0
20150317 - 12:32:45 - SyncCompt - 49966004
20150318 - 02:32:04 - SyncStart - 49966004
20150318 - 02:32:57 - SyncSuccd - 0
20150318 - 02:32:57 - SyncCompt - 49883672
20150318 - 12:32:03 - SyncStart - 49883672
20150318 - 12:32:48 - SyncSuccd - 0
20150318 - 12:32:48 - SyncCompt - 49884816
20150319 - 02:32:02 - SyncStart - 49884816
20150319 - 02:33:29 - SyncSuccd - 0
20150319 - 02:33:29 - SyncCompt - 50004508
20150319 - 12:32:02 - SyncStart - 50004508
20150319 - 12:33:09 - SyncSuccd - 0
20150319 - 12:33:09 - SyncCompt - 50075716
20150320 - 02:32:03 - SyncStart - 50075724
20150320 - 02:32:56 - SyncSuccd - 0
20150320 - 02:32:56 - SyncCompt - 49954156
20150320 - 12:32:02 - SyncStart - 49954156
20150320 - 12:33:08 - SyncSuccd - 0
20150320 - 12:33:09 - SyncCompt - 49988900
20150321 - 02:32:04 - SyncStart - 49988900
20150321 - 02:33:11 - SyncSuccd - 0
20150321 - 02:33:11 - SyncCompt - 49997504
20150321 - 12:32:03 - SyncStart - 49997504
20150321 - 12:33:18 - SyncSuccd - 0
20150321 - 12:33:18 - SyncCompt - 50059544
20150322 - 02:32:03 - SyncStart - 50059544
20150322 - 02:36:54 - SyncSuccd - 0
20150322 - 02:36:55 - SyncCompt - 49936572
20150322 - 12:32:03 - SyncStart - 49936572
20150322 - 12:33:13 - SyncSuccd - 0
20150322 - 12:33:13 - SyncCompt - 49923628
20150323 - 02:32:03 - SyncStart - 49923632
20150323 - 02:32:58 - SyncSuccd - 0
20150323 - 02:32:58 - SyncCompt - 49927916
20150323 - 12:32:02 - SyncStart - 49927916
20150323 - 12:32:42 - SyncSuccd - 0
20150323 - 12:32:42 - SyncCompt - 49928008
20150324 - 02:32:02 - SyncStart - 49928008
20150324 - 02:32:59 - SyncSuccd - 0
20150324 - 02:32:59 - SyncCompt - 49908084
20150324 - 12:32:04 - SyncStart - 49908084
20150324 - 12:32:52 - SyncSuccd - 0
20150324 - 12:32:52 - SyncCompt - 49900292
20150325 - 02:32:01 - SyncStart - 49900292
20150325 - 02:33:01 - SyncSuccd - 0
20150325 - 02:33:01 - SyncCompt - 50012920
20150325 - 12:32:02 - SyncStart - 50012920
20150325 - 12:32:32 - SyncSuccd - 0
20150325 - 12:32:32 - SyncCompt - 50012920
20150326 - 02:32:04 - SyncStart - 50012920
20150326 - 02:32:43 - SyncSuccd - 0
20150326 - 02:32:43 - SyncCompt - 50012920
20150326 - 12:32:02 - SyncStart - 50012920
20150326 - 12:32:52 - SyncSuccd - 0
20150326 - 12:32:52 - SyncCompt - 50012920
20150327 - 02:32:04 - SyncStart - 50012920
20150327 - 02:32:40 - SyncSuccd - 0
20150327 - 02:32:40 - SyncCompt - 50012920
20150327 - 12:32:03 - SyncStart - 50012920
20150327 - 12:32:37 - SyncSuccd - 0
20150327 - 12:32:37 - SyncCompt - 50012920
20150328 - 02:32:04 - SyncStart - 50012920
20150328 - 02:32:40 - SyncSuccd - 0
20150328 - 02:32:40 - SyncCompt - 50012920
20150328 - 12:32:02 - SyncStart - 50012920
20150328 - 12:37:57 - SyncSuccd - 0
20150328 - 12:37:58 - SyncCompt - 50360564
20150329 - 02:32:04 - SyncStart - 50360564
20150329 - 02:34:13 - SyncSuccd - 0
20150329 - 02:34:13 - SyncCompt - 50290392
20150329 - 12:32:01 - SyncStart - 50290392
20150329 - 12:32:43 - SyncSuccd - 0
20150329 - 12:32:43 - SyncCompt - 50255640
20150330 - 02:32:05 - SyncStart - 50255640
20150330 - 02:32:52 - SyncSuccd - 0
20150330 - 02:32:52 - SyncCompt - 50307180
20150330 - 12:32:02 - SyncStart - 50307180
20150330 - 12:32:50 - SyncSuccd - 0
20150330 - 12:32:50 - SyncCompt - 50271300
20150331 - 02:32:02 - SyncStart - 50271300
20150331 - 02:33:11 - SyncSuccd - 0
20150331 - 02:33:11 - SyncCompt - 50473044
20150331 - 12:32:02 - SyncStart - 50473044
20150331 - 12:32:47 - SyncSuccd - 0
20150331 - 12:32:47 - SyncCompt - 50476800
20150401 - 02:32:04 - SyncStart - 50476800
20150401 - 02:33:28 - SyncSuccd - 0
20150401 - 02:33:28 - SyncCompt - 50719412
20150401 - 12:32:01 - SyncStart - 50719412
20150401 - 12:35:35 - SyncError - 23
20150401 - 12:36:35 - SyncCompt - 52282632
20150401 - 12:36:35 - SyncStart - 52282632
20150401 - 12:37:04 - SyncSuccd - 0
20150401 - 12:37:04 - SyncCompt - 52003620
20150402 - 02:32:03 - SyncStart - 52003620
20150402 - 02:33:55 - SyncSuccd - 0
20150402 - 02:33:55 - SyncCompt - 52309788
20150402 - 12:32:02 - SyncStart - 52309788
20150402 - 12:33:19 - SyncSuccd - 0
20150402 - 12:33:20 - SyncCompt - 51036576
20150403 - 02:32:02 - SyncStart - 51036576
20150403 - 02:34:40 - SyncSuccd - 0
20150403 - 02:34:40 - SyncCompt - 50798968
20150403 - 12:32:02 - SyncStart - 50798968
20150403 - 12:32:47 - SyncSuccd - 0
20150403 - 12:32:47 - SyncCompt - 50790552
20150404 - 02:32:02 - SyncStart - 50790552
20150404 - 02:35:06 - SyncSuccd - 0
20150404 - 02:35:06 - SyncCompt - 51766964
20150404 - 12:32:02 - SyncStart - 51766964
20150404 - 12:32:56 - SyncSuccd - 0
20150404 - 12:32:56 - SyncCompt - 51406724
20150405 - 02:32:01 - SyncStart - 51406724
20150405 - 02:34:25 - SyncSuccd - 0
20150405 - 02:34:25 - SyncCompt - 52032808
20150405 - 12:32:01 - SyncStart - 52032808
20150405 - 12:34:24 - SyncSuccd - 0
20150405 - 12:34:24 - SyncCompt - 52887964
20150406 - 02:32:04 - SyncStart - 52887964
20150406 - 02:33:20 - SyncSuccd - 0
20150406 - 02:33:20 - SyncCompt - 52379144
20150406 - 12:32:04 - SyncStart - 52379144
20150406 - 12:33:58 - SyncSuccd - 0
20150406 - 12:33:59 - SyncCompt - 52451120
20150407 - 02:32:02 - SyncStart - 52451120
20150407 - 02:32:05 - SyncError - 10
20150407 - 02:33:05 - SyncCompt - 52451120
20150407 - 02:33:05 - SyncStart - 52451120
20150407 - 02:34:46 - SyncSuccd - 0
20150407 - 02:34:46 - SyncCompt - 52410844
20150407 - 12:32:02 - SyncStart - 52410844
20150407 - 12:32:47 - SyncSuccd - 0
20150407 - 12:32:47 - SyncCompt - 52380484
20150408 - 02:32:01 - SyncStart - 52380484
20150408 - 02:33:09 - SyncSuccd - 0
20150408 - 02:33:09 - SyncCompt - 52388592
20150408 - 12:32:02 - SyncStart - 52388592
20150408 - 12:33:00 - SyncSuccd - 0
20150408 - 12:33:00 - SyncCompt - 52349844
20150409 - 02:32:05 - SyncStart - 52349844
20150409 - 02:33:58 - SyncSuccd - 0
20150409 - 02:33:58 - SyncCompt - 52537180
20150409 - 12:32:03 - SyncStart - 52537184
20150409 - 12:32:56 - SyncSuccd - 0
20150409 - 12:32:56 - SyncCompt - 52363520
20150410 - 02:32:06 - SyncStart - 52363520
20150410 - 02:33:00 - SyncSuccd - 0
20150410 - 02:33:00 - SyncCompt - 52374908
20150410 - 12:32:02 - SyncStart - 52374908
20150410 - 12:32:53 - SyncSuccd - 0
20150410 - 12:32:53 - SyncCompt - 49858164
20150411 - 02:32:01 - SyncStart - 49858164
20150411 - 02:33:38 - SyncSuccd - 0
20150411 - 02:33:38 - SyncCompt - 50121652
20150411 - 12:32:02 - SyncStart - 50121652
20150411 - 12:35:30 - SyncSuccd - 0
20150411 - 12:35:31 - SyncCompt - 51518216
20150412 - 02:32:01 - SyncStart - 51518216
20150412 - 02:33:40 - SyncSuccd - 0
20150412 - 02:33:40 - SyncCompt - 51846948
20150412 - 12:32:01 - SyncStart - 51846948
20150412 - 12:34:10 - SyncSuccd - 0
20150412 - 12:34:11 - SyncCompt - 52019712
20150413 - 02:32:01 - SyncStart - 52019712
20150413 - 02:33:17 - SyncSuccd - 0
20150413 - 02:33:18 - SyncCompt - 52256140
20150413 - 12:32:01 - SyncStart - 52256140
20150413 - 12:33:01 - SyncSuccd - 0
20150413 - 12:33:01 - SyncCompt - 52316040
20150414 - 02:32:03 - SyncStart - 52316040
20150414 - 02:33:52 - SyncSuccd - 0
20150414 - 02:33:52 - SyncCompt - 52536788
20150414 - 12:32:02 - SyncStart - 52536788
20150414 - 12:33:30 - SyncSuccd - 0
20150414 - 12:33:30 - SyncCompt - 52805464
20150415 - 02:32:03 - SyncStart - 52805464
20150415 - 02:33:51 - SyncSuccd - 0
20150415 - 02:33:51 - SyncCompt - 52919120
20150415 - 12:32:02 - SyncStart - 52919120
20150415 - 12:32:56 - SyncSuccd - 0
20150415 - 12:32:56 - SyncCompt - 52885184
20150416 - 02:32:02 - SyncStart - 52885184
20150416 - 02:33:39 - SyncSuccd - 0
20150416 - 02:33:39 - SyncCompt - 52223376
20150416 - 12:32:02 - SyncStart - 52223376
20150416 - 12:36:53 - SyncError - 23
20150416 - 12:37:53 - SyncCompt - 52275232
20150416 - 12:37:53 - SyncStart - 52275232
20150416 - 12:38:18 - SyncError - 23
20150416 - 12:39:18 - SyncCompt - 52275236
20150416 - 12:39:18 - SyncStart - 52275236
20150416 - 12:39:43 - SyncError - 23
20150416 - 12:40:43 - SyncCompt - 52275236
20150416 - 12:40:43 - SyncStart - 52275236
20150416 - 12:41:06 - SyncError - 23
20150416 - 12:42:06 - SyncCompt - 52275236
20150416 - 12:42:07 - SyncStart - 52275236
20150416 - 12:42:30 - SyncError - 23
20150416 - 12:43:30 - SyncCompt - 52275236
20150416 - 15:58:54 - SyncStart - 52000532
20150416 - 15:59:19 - SyncSuccd - 0
20150416 - 15:59:19 - SyncCompt - 52000532
20150417 - 02:32:05 - SyncStart - 52000532
20150417 - 02:35:23 - SyncSuccd - 0
20150417 - 02:35:23 - SyncCompt - 53091172
20150417 - 12:32:03 - SyncStart - 53091176
20150417 - 12:33:08 - SyncSuccd - 0
20150417 - 12:33:08 - SyncCompt - 51856384
20150418 - 02:32:01 - SyncStart - 51856384
20150418 - 02:33:36 - SyncSuccd - 0
20150418 - 02:33:37 - SyncCompt - 52245620
20150418 - 12:32:01 - SyncStart - 52245620
20150418 - 12:33:28 - SyncSuccd - 0
20150418 - 12:33:29 - SyncCompt - 51978840
20150419 - 02:32:02 - SyncStart - 51978840
20150419 - 02:33:16 - SyncSuccd - 0
20150419 - 02:33:16 - SyncCompt - 52270908
20150419 - 12:32:01 - SyncStart - 52270908
20150419 - 12:33:07 - SyncSuccd - 0
20150419 - 12:33:07 - SyncCompt - 52432088
20150420 - 02:32:04 - SyncStart - 52432096
20150420 - 02:33:15 - SyncSuccd - 0
20150420 - 02:33:15 - SyncCompt - 50269884
20150420 - 12:32:03 - SyncStart - 50269884
20150420 - 12:32:46 - SyncSuccd - 0
20150420 - 12:32:46 - SyncCompt - 49960384
20150421 - 02:32:03 - SyncStart - 49960384
20150421 - 02:33:16 - SyncSuccd - 0
20150421 - 02:33:16 - SyncCompt - 50170264
20150421 - 12:32:03 - SyncStart - 50170264
20150421 - 12:34:14 - SyncSuccd - 0
20150421 - 12:34:14 - SyncCompt - 50370116
20150422 - 02:32:03 - SyncStart - 50370120
20150422 - 02:34:03 - SyncSuccd - 0
20150422 - 02:34:03 - SyncCompt - 49964432
20150422 - 12:32:02 - SyncStart - 49964432
20150422 - 12:32:37 - SyncSuccd - 0
20150422 - 12:32:37 - SyncCompt - 49958452
20150423 - 02:32:02 - SyncStart - 49958452
20150423 - 02:37:31 - SyncSuccd - 0
20150423 - 02:37:31 - SyncCompt - 50500876
20150423 - 12:32:02 - SyncStart - 50500876
20150423 - 12:33:15 - SyncSuccd - 0
20150423 - 12:33:15 - SyncCompt - 50568888
20150424 - 02:32:02 - SyncStart - 50568888
20150424 - 02:37:06 - SyncSuccd - 0
20150424 - 02:37:06 - SyncCompt - 51345588
20150424 - 12:32:01 - SyncStart - 51345588
20150424 - 12:32:42 - SyncSuccd - 0
20150424 - 12:32:42 - SyncCompt - 51093212
20150425 - 02:32:02 - SyncStart - 51093212
20150425 - 02:35:41 - SyncSuccd - 0
20150425 - 02:35:41 - SyncCompt - 51465124
20150425 - 12:32:01 - SyncStart - 51465124
20150425 - 12:33:20 - SyncSuccd - 0
20150425 - 12:33:20 - SyncCompt - 51494164
20150426 - 02:32:02 - SyncStart - 51494164
20150426 - 02:33:04 - SyncSuccd - 0
20150426 - 02:33:04 - SyncCompt - 51652500
20150426 - 12:32:01 - SyncStart - 51652504
20150426 - 12:32:39 - SyncSuccd - 0
20150426 - 12:32:39 - SyncCompt - 51478900
20150427 - 02:32:01 - SyncStart - 51478900
20150427 - 02:34:25 - SyncSuccd - 0
20150427 - 02:34:25 - SyncCompt - 51921296
20150427 - 12:32:02 - SyncStart - 51921296
20150427 - 12:32:41 - SyncSuccd - 0
20150427 - 12:32:41 - SyncCompt - 51504320
20150428 - 02:32:02 - SyncStart - 51504320
20150428 - 02:33:57 - SyncSuccd - 0
20150428 - 02:33:57 - SyncCompt - 51484184
20150428 - 12:32:02 - SyncStart - 51484184
20150428 - 12:34:21 - SyncSuccd - 0
20150428 - 12:34:21 - SyncCompt - 51376132
20150429 - 02:32:01 - SyncStart - 51376132
20150429 - 02:33:17 - SyncSuccd - 0
20150429 - 02:33:17 - SyncCompt - 50013856
20150429 - 12:32:01 - SyncStart - 50013856
20150429 - 12:32:47 - SyncSuccd - 0
20150429 - 12:32:47 - SyncCompt - 50014292
20150430 - 02:32:02 - SyncStart - 50014292
20150430 - 02:43:30 - SyncError - 12
20150430 - 02:44:30 - SyncCompt - 50014140
20150430 - 02:44:30 - SyncStart - 50014140
20150430 - 02:54:29 - SyncError - 12
20150430 - 02:55:30 - SyncCompt - 50014144
20150430 - 02:55:30 - SyncStart - 50014144
20150430 - 02:56:56 - SyncSuccd - 0
20150430 - 02:56:56 - SyncCompt - 49961720
20150430 - 12:32:04 - SyncStart - 49961720
20150430 - 12:33:40 - SyncSuccd - 0
20150430 - 12:33:40 - SyncCompt - 49962812
20150501 - 02:32:02 - SyncStart - 49962812
20150501 - 02:32:55 - SyncSuccd - 0
20150501 - 02:32:55 - SyncCompt - 49953040
20150501 - 12:32:02 - SyncStart - 49953040
20150501 - 12:33:45 - SyncSuccd - 0
20150501 - 12:33:45 - SyncCompt - 50347892
20150502 - 02:32:02 - SyncStart - 50347896
20150502 - 02:37:50 - SyncSuccd - 0
20150502 - 02:37:50 - SyncCompt - 50068856
20150502 - 12:32:02 - SyncStart - 50068856
20150502 - 12:32:53 - SyncSuccd - 0
20150502 - 12:32:53 - SyncCompt - 50063068
20150503 - 02:32:02 - SyncStart - 50063068
20150503 - 02:32:05 - SyncError - 10
20150503 - 02:33:05 - SyncCompt - 50063068
20150503 - 02:33:05 - SyncStart - 50063068
20150503 - 02:34:02 - SyncSuccd - 0
20150503 - 02:34:02 - SyncCompt - 49931724
20150503 - 12:32:01 - SyncStart - 49931724
20150503 - 12:32:32 - SyncSuccd - 0
20150503 - 12:32:32 - SyncCompt - 49904720
20150504 - 02:32:02 - SyncStart - 49904720
20150504 - 02:32:55 - SyncSuccd - 0
20150504 - 02:32:56 - SyncCompt - 49915288
20150504 - 12:32:02 - SyncStart - 49915288
20150504 - 12:33:14 - SyncSuccd - 0
20150504 - 12:33:15 - SyncCompt - 49748184
20150505 - 02:32:02 - SyncStart - 49748184
20150505 - 02:35:32 - SyncSuccd - 0
20150505 - 02:35:32 - SyncCompt - 50175500
20150505 - 12:32:02 - SyncStart - 50175500
20150505 - 12:32:36 - SyncSuccd - 0
20150505 - 12:32:37 - SyncCompt - 50143372
20150506 - 02:32:01 - SyncStart - 50143372
20150506 - 02:32:38 - SyncSuccd - 0
20150506 - 02:32:38 - SyncCompt - 50171464
20150506 - 12:32:01 - SyncStart - 50171464
20150506 - 12:33:09 - SyncSuccd - 0
20150506 - 12:33:09 - SyncCompt - 50179532
20150507 - 02:32:02 - SyncStart - 50179532
20150507 - 02:35:19 - SyncSuccd - 0
20150507 - 02:35:19 - SyncCompt - 50313384
20150507 - 12:32:02 - SyncStart - 50313384
20150507 - 12:32:44 - SyncSuccd - 0
20150507 - 12:32:44 - SyncCompt - 50190480
20150508 - 02:32:05 - SyncStart - 50190480
20150508 - 02:33:24 - SyncSuccd - 0
20150508 - 02:33:24 - SyncCompt - 50395264
20150508 - 12:32:01 - SyncStart - 50395264
20150508 - 12:33:48 - SyncSuccd - 0
20150508 - 12:33:48 - SyncCompt - 50823276
20150509 - 02:32:02 - SyncStart - 50823276
20150509 - 02:34:52 - SyncSuccd - 0
20150509 - 02:34:53 - SyncCompt - 51539020
20150509 - 12:32:02 - SyncStart - 51539020
20150509 - 12:33:16 - SyncSuccd - 0
20150509 - 12:33:16 - SyncCompt - 50707196
20150510 - 02:32:01 - SyncStart - 50707196
20150510 - 02:38:55 - SyncSuccd - 0
20150510 - 02:38:55 - SyncCompt - 52589428
20150510 - 12:32:02 - SyncStart - 52589428
20150510 - 12:33:18 - SyncSuccd - 0
20150510 - 12:33:18 - SyncCompt - 52603156
20150511 - 02:32:02 - SyncStart - 52603156
20150511 - 02:32:50 - SyncSuccd - 0
20150511 - 02:32:50 - SyncCompt - 52632856
20150511 - 12:32:02 - SyncStart - 52632856
20150511 - 12:32:37 - SyncSuccd - 0
20150511 - 12:32:37 - SyncCompt - 52632856
20150512 - 02:32:02 - SyncStart - 52632856
20150512 - 02:32:34 - SyncSuccd - 0
20150512 - 02:32:34 - SyncCompt - 52632856
20150512 - 12:32:06 - SyncStart - 52632856
20150512 - 12:32:35 - SyncSuccd - 0
20150512 - 12:32:35 - SyncCompt - 52632856
20150513 - 02:32:03 - SyncStart - 52632856
20150513 - 02:32:36 - SyncSuccd - 0
20150513 - 02:32:37 - SyncCompt - 52632856
20150513 - 12:32:04 - SyncStart - 52632856
20150513 - 12:32:36 - SyncSuccd - 0
20150513 - 12:32:36 - SyncCompt - 52632856
20150514 - 02:32:04 - SyncStart - 52632856
20150514 - 02:32:38 - SyncSuccd - 0
20150514 - 02:32:38 - SyncCompt - 52632856
20150514 - 12:32:08 - SyncStart - 52632856
20150514 - 12:41:40 - SyncSuccd - 0
20150514 - 12:41:40 - SyncCompt - 56272392
20150515 - 02:32:02 - SyncStart - 56272392
20150515 - 02:34:41 - SyncSuccd - 0
20150515 - 02:34:41 - SyncCompt - 52558072
20150515 - 12:32:03 - SyncStart - 52558072
20150515 - 12:32:52 - SyncSuccd - 0
20150515 - 12:32:52 - SyncCompt - 52552904
20150516 - 02:32:03 - SyncStart - 52552904
20150516 - 02:34:16 - SyncSuccd - 0
20150516 - 02:34:16 - SyncCompt - 52813232
20150516 - 12:32:04 - SyncStart - 52813232
20150516 - 12:33:16 - SyncSuccd - 0
20150516 - 12:33:17 - SyncCompt - 52809968
20150517 - 02:32:05 - SyncStart - 52809968
20150517 - 02:33:00 - SyncSuccd - 0
20150517 - 02:33:00 - SyncCompt - 52583956
20150517 - 12:32:02 - SyncStart - 52583956
20150517 - 12:33:03 - SyncSuccd - 0
20150517 - 12:33:03 - SyncCompt - 52032928
20150518 - 02:32:03 - SyncStart - 52032928
20150518 - 02:32:52 - SyncSuccd - 0
20150518 - 02:32:52 - SyncCompt - 52121888
20150518 - 12:32:03 - SyncStart - 52121888
20150518 - 12:32:41 - SyncSuccd - 0
20150518 - 12:32:41 - SyncCompt - 51956120
20150519 - 02:32:03 - SyncStart - 51956120
20150519 - 02:33:03 - SyncSuccd - 0
20150519 - 02:33:03 - SyncCompt - 52114260
20150519 - 12:32:03 - SyncStart - 52114260
20150519 - 12:33:28 - SyncSuccd - 0
20150519 - 12:33:28 - SyncCompt - 52057444
20150520 - 02:32:01 - SyncStart - 52057452
20150520 - 02:33:11 - SyncSuccd - 0
20150520 - 02:33:12 - SyncCompt - 52027136
20150520 - 12:32:02 - SyncStart - 52027140
20150520 - 12:33:00 - SyncSuccd - 0
20150520 - 12:33:00 - SyncCompt - 52023104
20150521 - 02:32:04 - SyncStart - 52023108
20150521 - 02:32:49 - SyncSuccd - 0
20150521 - 02:32:49 - SyncCompt - 51889640
20150521 - 12:32:03 - SyncStart - 51889644
20150521 - 12:33:17 - SyncSuccd - 0
20150521 - 12:33:17 - SyncCompt - 51887704
20150522 - 02:32:05 - SyncStart - 51887704
20150522 - 02:34:43 - SyncSuccd - 0
20150522 - 02:34:43 - SyncCompt - 52274180
20150522 - 12:32:01 - SyncStart - 52274180
20150522 - 12:34:04 - SyncSuccd - 0
20150522 - 12:34:04 - SyncCompt - 51835156
20150523 - 02:32:05 - SyncStart - 51835160
20150523 - 02:33:03 - SyncSuccd - 0
20150523 - 02:33:03 - SyncCompt - 49876988
20150523 - 12:32:04 - SyncStart - 49876988
20150523 - 12:33:02 - SyncSuccd - 0
20150523 - 12:33:02 - SyncCompt - 49885656
20150524 - 02:32:05 - SyncStart - 49885656
20150524 - 02:33:17 - SyncSuccd - 0
20150524 - 02:33:17 - SyncCompt - 49879068
20150524 - 12:32:04 - SyncStart - 49879068
20150524 - 12:32:51 - SyncSuccd - 0
20150524 - 12:32:51 - SyncCompt - 49879020
20150525 - 02:32:05 - SyncStart - 49879020
20150525 - 02:33:25 - SyncSuccd - 0
20150525 - 02:33:25 - SyncCompt - 49957900
20150525 - 12:32:02 - SyncStart - 49957900
20150525 - 12:32:49 - SyncSuccd - 0
20150525 - 12:32:49 - SyncCompt - 49943384
20150526 - 02:32:06 - SyncStart - 49943384
20150526 - 02:34:52 - SyncError - 23
20150526 - 02:35:52 - SyncCompt - 50617308
20150526 - 02:35:52 - SyncStart - 50617308
20150526 - 02:36:05 - SyncError - 23
20150526 - 02:37:05 - SyncCompt - 50617308
20150526 - 02:37:05 - SyncStart - 50617308
20150526 - 02:37:16 - SyncError - 23
20150526 - 02:38:17 - SyncCompt - 50617308
20150526 - 02:38:17 - SyncStart - 50617308
20150526 - 02:38:29 - SyncError - 23
20150526 - 02:39:29 - SyncCompt - 50617308
20150526 - 02:39:29 - SyncStart - 50617308
20150526 - 02:39:41 - SyncError - 23
20150526 - 02:40:42 - SyncCompt - 50617308
20150526 - 12:32:03 - SyncStart - 50617308
20150526 - 12:33:38 - SyncError - 23
20150526 - 12:34:38 - SyncCompt - 50671452
20150526 - 12:34:38 - SyncStart - 50671452
20150526 - 12:34:50 - SyncError - 23
20150526 - 12:35:50 - SyncCompt - 50671452
20150526 - 12:35:50 - SyncStart - 50671452
20150526 - 12:36:02 - SyncError - 23
20150526 - 12:37:02 - SyncCompt - 50671452
20150526 - 12:37:02 - SyncStart - 50671452
20150526 - 12:37:14 - SyncError - 23
20150526 - 12:38:14 - SyncCompt - 50671452
20150526 - 12:38:14 - SyncStart - 50671452
20150526 - 12:38:27 - SyncError - 23
20150526 - 12:39:27 - SyncCompt - 50671452
20150526 - 12:53:32 - SyncStart - 50671452
20150526 - 12:53:55 - SyncError - 23
20150526 - 12:54:55 - SyncCompt - 50671452
20150526 - 12:54:55 - SyncStart - 50671452
20150526 - 12:55:07 - SyncError - 23
20150526 - 12:56:07 - SyncCompt - 50671452
20150526 - 12:56:07 - SyncStart - 50671452
20150526 - 12:56:20 - SyncError - 23
20150526 - 12:57:20 - SyncCompt - 50671452
20150526 - 12:57:20 - SyncStart - 50671452
20150526 - 12:57:32 - SyncError - 23
20150526 - 12:58:32 - SyncCompt - 50671452
20150526 - 12:58:33 - SyncStart - 50671452
20150526 - 12:58:45 - SyncError - 23
20150526 - 12:59:45 - SyncCompt - 50671452
20150526 - 13:54:51 - SyncStart - 51747860
20150526 - 13:55:02 - SyncSuccd - 0
20150526 - 13:55:03 - SyncCompt - 51747860
20150527 - 02:32:01 - SyncStart - 51747860
20150527 - 02:34:52 - SyncSuccd - 0
20150527 - 02:34:52 - SyncCompt - 52073752
20150527 - 12:32:02 - SyncStart - 52073752
20150527 - 12:33:40 - SyncSuccd - 0
20150527 - 12:33:40 - SyncCompt - 52284836
20150528 - 02:32:02 - SyncStart - 52284840
20150528 - 02:33:47 - SyncSuccd - 0
20150528 - 02:33:47 - SyncCompt - 52437592
20150528 - 12:32:02 - SyncStart - 52437592
20150528 - 12:33:43 - SyncSuccd - 0
20150528 - 12:33:43 - SyncCompt - 52321084
20150529 - 02:32:04 - SyncStart - 52321084
20150529 - 05:11:02 - SyncSuccd - 0
20150529 - 05:11:04 - SyncCompt - 51628252
20150529 - 12:32:02 - SyncStart - 51628252
20150529 - 16:07:10 - SyncSuccd - 0
20150529 - 16:07:11 - SyncCompt - 51625276
20150530 - 02:32:06 - SyncStart - 51625276
20150530 - 02:33:01 - SyncSuccd - 0
20150530 - 02:33:02 - SyncCompt - 51633084
20150530 - 12:32:02 - SyncStart - 51633084
20150530 - 12:32:50 - SyncSuccd - 0
20150530 - 12:32:50 - SyncCompt - 51634416
20150531 - 02:32:04 - SyncStart - 51634416
20150531 - 02:35:45 - SyncSuccd - 0
20150531 - 02:35:45 - SyncCompt - 51687928
20150531 - 12:32:02 - SyncStart - 51687928
20150531 - 12:32:57 - SyncSuccd - 0
20150531 - 12:32:57 - SyncCompt - 51685116
20150601 - 02:32:06 - SyncStart - 51685116
20150601 - 02:37:46 - SyncSuccd - 0
20150601 - 02:37:46 - SyncCompt - 51480372
20150601 - 12:32:04 - SyncStart - 51480372
20150601 - 12:35:43 - SyncSuccd - 0
20150601 - 12:35:44 - SyncCompt - 51541240
20150602 - 02:32:05 - SyncStart - 51541240
20150602 - 02:32:09 - SyncError - 10
20150602 - 02:33:09 - SyncCompt - 51541240
20150602 - 02:33:09 - SyncStart - 51541240
20150602 - 02:33:12 - SyncError - 10
20150602 - 02:34:12 - SyncCompt - 51541240
20150602 - 02:34:12 - SyncStart - 51541240
20150602 - 02:37:11 - SyncError - 23
20150602 - 02:38:11 - SyncCompt - 51688328
20150602 - 02:38:11 - SyncStart - 51688328
20150602 - 02:49:56 - SyncError - 23
20150602 - 02:50:57 - SyncCompt - 53170400
20150602 - 02:50:57 - SyncStart - 53170400
20150602 - 02:51:13 - SyncSuccd - 0
20150602 - 02:51:13 - SyncCompt - 53078196
20150602 - 12:32:03 - SyncStart - 53078196
20150602 - 12:33:11 - SyncSuccd - 0
20150602 - 12:33:11 - SyncCompt - 51699340
20150603 - 02:32:02 - SyncStart - 51699340
20150603 - 02:32:05 - SyncError - 10
20150603 - 02:33:05 - SyncCompt - 51699340
20150603 - 02:33:05 - SyncStart - 51699340
20150603 - 02:44:01 - SyncSuccd - 0
20150603 - 02:44:01 - SyncCompt - 51930320
20150603 - 12:32:03 - SyncStart - 51930320
20150603 - 12:34:00 - SyncSuccd - 0
20150603 - 12:34:01 - SyncCompt - 51830020
20150604 - 02:32:05 - SyncStart - 51830020
20150604 - 02:39:39 - SyncSuccd - 0
20150604 - 02:39:39 - SyncCompt - 51852012
20150604 - 12:32:03 - SyncStart - 51852012
20150604 - 12:33:12 - SyncSuccd - 0
20150604 - 12:33:12 - SyncCompt - 51865560
20150605 - 02:32:04 - SyncStart - 51865560
20150605 - 02:34:41 - SyncSuccd - 0
20150605 - 02:34:42 - SyncCompt - 52094332
20150605 - 12:32:04 - SyncStart - 52094332
20150605 - 12:33:11 - SyncSuccd - 0
20150605 - 12:33:11 - SyncCompt - 51849620
20150606 - 02:32:05 - SyncStart - 51849620
20150606 - 02:33:51 - SyncSuccd - 0
20150606 - 02:33:51 - SyncCompt - 52092556
20150606 - 12:32:03 - SyncStart - 52092556
20150606 - 12:33:36 - SyncSuccd - 0
20150606 - 12:33:37 - SyncCompt - 52147368
20150607 - 02:32:05 - SyncStart - 52147368
20150607 - 02:33:37 - SyncSuccd - 0
20150607 - 02:33:37 - SyncCompt - 52329384
20150607 - 12:32:04 - SyncStart - 52329392
20150607 - 12:33:36 - SyncSuccd - 0
20150607 - 12:33:36 - SyncCompt - 52436512
20150608 - 02:32:05 - SyncStart - 52436520
20150608 - 02:35:05 - SyncSuccd - 0
20150608 - 02:35:06 - SyncCompt - 52270976
20150608 - 12:32:03 - SyncStart - 52270976
20150608 - 12:33:01 - SyncSuccd - 0
20150608 - 12:33:01 - SyncCompt - 52202736
20150609 - 02:32:06 - SyncStart - 52202736
20150609 - 02:33:11 - SyncSuccd - 0
20150609 - 02:33:11 - SyncCompt - 52215060
20150609 - 12:32:03 - SyncStart - 52215060
20150609 - 12:33:41 - SyncSuccd - 0
20150609 - 12:33:41 - SyncCompt - 52201196
20150610 - 02:32:05 - SyncStart - 52201196
20150610 - 02:33:14 - SyncSuccd - 0
20150610 - 02:33:14 - SyncCompt - 52178820
20150610 - 12:32:05 - SyncStart - 52178820
20150610 - 12:33:05 - SyncSuccd - 0
20150610 - 12:33:05 - SyncCompt - 52149348
20150611 - 02:32:05 - SyncStart - 52149348
20150611 - 02:37:40 - SyncSuccd - 0
20150611 - 02:37:40 - SyncCompt - 52185452
20150611 - 12:32:03 - SyncStart - 52185456
20150611 - 12:33:41 - SyncSuccd - 0
20150611 - 12:33:41 - SyncCompt - 52012280
20150612 - 02:32:06 - SyncStart - 52012280
20150612 - 02:37:01 - SyncSuccd - 0
20150612 - 02:37:01 - SyncCompt - 52036800
20150612 - 12:32:05 - SyncStart - 52036800
20150612 - 12:33:32 - SyncSuccd - 0
20150612 - 12:33:33 - SyncCompt - 52015180
20150613 - 02:32:05 - SyncStart - 52015180
20150613 - 02:35:39 - SyncSuccd - 0
20150613 - 02:35:39 - SyncCompt - 52042612
20150613 - 12:32:04 - SyncStart - 52042612
20150613 - 12:34:11 - SyncSuccd - 0
20150613 - 12:34:11 - SyncCompt - 52034236
20150614 - 02:32:05 - SyncStart - 52034236
20150614 - 02:35:00 - SyncSuccd - 0
20150614 - 02:35:00 - SyncCompt - 52035320
20150614 - 12:32:03 - SyncStart - 52035320
20150614 - 12:33:34 - SyncSuccd - 0
20150614 - 12:33:34 - SyncCompt - 52030836
20150615 - 02:32:04 - SyncStart - 52030836
20150615 - 02:33:29 - SyncSuccd - 0
20150615 - 02:33:29 - SyncCompt - 52092064
20150615 - 12:32:02 - SyncStart - 52092064
20150615 - 12:33:31 - SyncSuccd - 0
20150615 - 12:33:31 - SyncCompt - 52023144
20150616 - 02:32:05 - SyncStart - 52023144
20150616 - 02:37:01 - SyncSuccd - 0
20150616 - 02:37:02 - SyncCompt - 52095868
20150616 - 12:32:04 - SyncStart - 52095868
20150616 - 12:32:07 - SyncError - 10
20150616 - 12:33:07 - SyncCompt - 52095868
20150616 - 12:33:08 - SyncStart - 52095868
20150616 - 12:37:09 - SyncSuccd - 0
20150616 - 12:37:10 - SyncCompt - 52133904
20150617 - 02:32:05 - SyncStart - 52133908
20150617 - 02:36:18 - SyncSuccd - 0
20150617 - 02:36:18 - SyncCompt - 52149920
20150617 - 12:32:03 - SyncStart - 52149924
20150617 - 12:34:30 - SyncSuccd - 0
20150617 - 12:34:30 - SyncCompt - 52157964
20150618 - 02:32:04 - SyncStart - 52157968
20150618 - 02:37:43 - SyncSuccd - 0
20150618 - 02:37:43 - SyncCompt - 52166164
20150618 - 12:32:02 - SyncStart - 52166164
20150618 - 12:34:14 - SyncSuccd - 0
20150618 - 12:34:14 - SyncCompt - 52154556
20150619 - 02:32:04 - SyncStart - 52154556
20150619 - 02:33:51 - SyncSuccd - 0
20150619 - 02:33:51 - SyncCompt - 52159560
20150619 - 12:32:03 - SyncStart - 52159568
20150619 - 12:33:22 - SyncSuccd - 0
20150619 - 12:33:22 - SyncCompt - 52156756
20150620 - 02:32:05 - SyncStart - 52156756
20150620 - 02:33:51 - SyncSuccd - 0
20150620 - 02:33:51 - SyncCompt - 52230560
20150620 - 12:32:02 - SyncStart - 52230576
20150620 - 12:35:06 - SyncSuccd - 0
20150620 - 12:35:07 - SyncCompt - 52304808
20150621 - 02:32:04 - SyncStart - 52304808
20150621 - 02:34:35 - SyncSuccd - 0
20150621 - 02:34:36 - SyncCompt - 52308976
20150621 - 12:32:03 - SyncStart - 52308976
20150621 - 12:32:56 - SyncSuccd - 0
20150621 - 12:32:56 - SyncCompt - 52326920
20150622 - 02:32:05 - SyncStart - 52326932
20150622 - 02:34:22 - SyncSuccd - 0
20150622 - 02:34:22 - SyncCompt - 52254352
20150622 - 12:32:05 - SyncStart - 52254352
20150622 - 12:34:07 - SyncSuccd - 0
20150622 - 12:34:07 - SyncCompt - 52253992
20150623 - 02:32:05 - SyncStart - 52253992
20150623 - 02:33:14 - SyncSuccd - 0
20150623 - 02:33:14 - SyncCompt - 52207292
20150623 - 12:32:05 - SyncStart - 52207292
20150623 - 12:33:46 - SyncSuccd - 0
20150623 - 12:33:46 - SyncCompt - 52058944
20150624 - 02:32:05 - SyncStart - 52058944
20150624 - 02:34:53 - SyncSuccd - 0
20150624 - 02:34:53 - SyncCompt - 52189152
20150624 - 12:32:06 - SyncStart - 52189176
20150624 - 12:34:03 - SyncSuccd - 0
20150624 - 12:34:03 - SyncCompt - 52180704
20150625 - 02:32:05 - SyncStart - 52180704
20150625 - 02:34:09 - SyncSuccd - 0
20150625 - 02:34:10 - SyncCompt - 52320012
20150625 - 12:32:05 - SyncStart - 52320028
20150625 - 12:38:15 - SyncSuccd - 0
20150625 - 12:38:16 - SyncCompt - 52545276
20150626 - 02:32:05 - SyncStart - 52545292
20150626 - 02:33:53 - SyncSuccd - 0
20150626 - 02:33:53 - SyncCompt - 52250868
20150626 - 12:32:04 - SyncStart - 52250872
20150626 - 12:33:23 - SyncSuccd - 0
20150626 - 12:33:23 - SyncCompt - 52249280
20150627 - 02:32:04 - SyncStart - 52249280
20150627 - 02:34:01 - SyncSuccd - 0
20150627 - 02:34:01 - SyncCompt - 52246452
20150627 - 12:32:05 - SyncStart - 52246452
20150627 - 12:34:38 - SyncSuccd - 0
20150627 - 12:34:38 - SyncCompt - 52258144
20150628 - 02:32:03 - SyncStart - 52258144
20150628 - 02:32:52 - SyncSuccd - 0
20150628 - 02:32:52 - SyncCompt - 52257772
20150628 - 12:32:03 - SyncStart - 52257772
20150628 - 12:34:35 - SyncSuccd - 0
20150628 - 12:34:35 - SyncCompt - 52256096
20150629 - 02:32:04 - SyncStart - 52256096
20150629 - 02:34:46 - SyncSuccd - 0
20150629 - 02:34:46 - SyncCompt - 52000756
20150629 - 12:32:05 - SyncStart - 52000756
20150629 - 12:33:22 - SyncSuccd - 0
20150629 - 12:33:22 - SyncCompt - 52021948
20150630 - 02:32:05 - SyncStart - 52021948
20150630 - 02:34:17 - SyncSuccd - 0
20150630 - 02:34:17 - SyncCompt - 51837544
20150630 - 12:32:04 - SyncStart - 51837548
20150630 - 12:34:28 - SyncSuccd - 0
20150630 - 12:34:28 - SyncCompt - 51848588
20150701 - 02:32:06 - SyncStart - 51848592
20150701 - 02:39:10 - SyncSuccd - 0
20150701 - 02:39:10 - SyncCompt - 52208640
20150701 - 12:32:05 - SyncStart - 52208648
20150701 - 12:33:34 - SyncSuccd - 0
20150701 - 12:33:34 - SyncCompt - 51901220
20150702 - 02:32:04 - SyncStart - 51901220
20150702 - 02:33:40 - SyncError - 23
20150702 - 02:34:40 - SyncCompt - 52039900
20150702 - 02:34:40 - SyncStart - 52039900
20150702 - 02:34:52 - SyncError - 23
20150702 - 02:35:52 - SyncCompt - 52039904
20150702 - 02:35:52 - SyncStart - 52039904
20150702 - 02:41:59 - SyncSuccd - 0
20150702 - 02:41:59 - SyncCompt - 52107136
20150702 - 12:32:05 - SyncStart - 52107136
20150702 - 12:32:06 - SyncError - 5
20150702 - 12:33:06 - SyncCompt - 52107136
20150702 - 12:33:07 - SyncStart - 52107136
20150702 - 12:49:14 - SyncSuccd - 0
20150702 - 12:49:14 - SyncCompt - 52176864
20150703 - 02:32:06 - SyncStart - 52176864
20150703 - 02:35:30 - SyncSuccd - 0
20150703 - 02:35:31 - SyncCompt - 52139596
20150703 - 12:32:06 - SyncStart - 52139596
20150703 - 12:59:40 - SyncSuccd - 0
20150703 - 12:59:40 - SyncCompt - 52801944
20150704 - 02:32:05 - SyncStart - 52801944
20150704 - 02:37:23 - SyncSuccd - 0
20150704 - 02:37:23 - SyncCompt - 52860936
20150704 - 12:32:05 - SyncStart - 52860936
20150704 - 12:34:55 - SyncSuccd - 0
20150704 - 12:34:55 - SyncCompt - 52881748
20150705 - 02:32:05 - SyncStart - 52881780
20150705 - 02:41:30 - SyncSuccd - 0
20150705 - 02:41:30 - SyncCompt - 53221928
20150705 - 12:32:03 - SyncStart - 53221928
20150705 - 12:33:55 - SyncSuccd - 0
20150705 - 12:33:55 - SyncCompt - 53203976
20150706 - 02:32:05 - SyncStart - 53203976
20150706 - 02:40:29 - SyncSuccd - 0
20150706 - 02:40:29 - SyncCompt - 53772556
20150706 - 12:32:02 - SyncStart - 53772556
20150706 - 12:33:44 - SyncSuccd - 0
20150706 - 12:33:44 - SyncCompt - 53184204
20150707 - 02:32:06 - SyncStart - 53184204
20150707 - 02:33:41 - SyncSuccd - 0
20150707 - 02:33:41 - SyncCompt - 53057652
20150707 - 12:32:02 - SyncStart - 53057652
20150707 - 12:33:43 - SyncSuccd - 0
20150707 - 12:33:43 - SyncCompt - 53052948
20150708 - 02:32:06 - SyncStart - 53052952
20150708 - 02:34:46 - SyncSuccd - 0
20150708 - 02:34:47 - SyncCompt - 53072596
20150708 - 12:32:03 - SyncStart - 53072596
20150708 - 14:35:43 - SyncSuccd - 0
20150708 - 14:35:44 - SyncCompt - 53128568
20150709 - 02:32:04 - SyncStart - 53128568
20150709 - 02:33:58 - SyncSuccd - 0
20150709 - 02:33:58 - SyncCompt - 53049416
20150709 - 12:32:04 - SyncStart - 53049424
20150709 - 12:33:48 - SyncSuccd - 0
20150709 - 12:33:48 - SyncCompt - 53067944
20150710 - 02:32:06 - SyncStart - 53067952
20150710 - 02:33:55 - SyncSuccd - 0
20150710 - 02:33:55 - SyncCompt - 53049664
20150710 - 12:32:05 - SyncStart - 53049680
20150710 - 12:35:40 - SyncSuccd - 0
20150710 - 12:35:40 - SyncCompt - 53046224
20150711 - 02:32:05 - SyncStart - 53046236
20150711 - 02:41:31 - SyncSuccd - 0
20150711 - 02:41:31 - SyncCompt - 53760740
20150711 - 12:32:04 - SyncStart - 53760760
20150711 - 12:36:40 - SyncSuccd - 0
20150711 - 12:36:40 - SyncCompt - 53635364
20150712 - 02:32:04 - SyncStart - 53635368
20150712 - 02:34:14 - SyncSuccd - 0
20150712 - 02:34:14 - SyncCompt - 53592248
20150712 - 12:32:03 - SyncStart - 53592248
20150712 - 12:35:38 - SyncSuccd - 0
20150712 - 12:35:39 - SyncCompt - 53571376
20150713 - 02:32:04 - SyncStart - 53571380
20150713 - 02:33:30 - SyncSuccd - 0
20150713 - 02:33:30 - SyncCompt - 53576544
20150713 - 12:32:04 - SyncStart - 53576544
20150713 - 12:33:40 - SyncSuccd - 0
20150713 - 12:33:40 - SyncCompt - 53574236
20150714 - 02:32:04 - SyncStart - 53574236
20150714 - 02:34:52 - SyncSuccd - 0
20150714 - 02:34:52 - SyncCompt - 53738452
20150714 - 12:32:04 - SyncStart - 53738452
20150714 - 12:33:41 - SyncSuccd - 0
20150714 - 12:33:41 - SyncCompt - 53721700
20150715 - 02:32:04 - SyncStart - 53721700
20150715 - 02:36:07 - SyncSuccd - 0
20150715 - 02:36:07 - SyncCompt - 53879704
20150715 - 12:32:05 - SyncStart - 53879712
20150715 - 12:33:55 - SyncSuccd - 0
20150715 - 12:33:55 - SyncCompt - 53806012
20150716 - 02:32:05 - SyncStart - 53806016
20150716 - 02:33:39 - SyncSuccd - 0
20150716 - 02:33:39 - SyncCompt - 53195424
20150716 - 12:32:05 - SyncStart - 53195428
20150716 - 12:35:01 - SyncSuccd - 0
20150716 - 12:35:01 - SyncCompt - 53217120
20150717 - 02:32:04 - SyncStart - 53217140
20150717 - 02:34:03 - SyncSuccd - 0
20150717 - 02:34:03 - SyncCompt - 53090440
20150717 - 12:32:04 - SyncStart - 53090440
20150717 - 12:34:09 - SyncSuccd - 0
20150717 - 12:34:09 - SyncCompt - 53136204
20150718 - 02:32:05 - SyncStart - 53136216
20150718 - 02:33:59 - SyncSuccd - 0
20150718 - 02:33:59 - SyncCompt - 53213964
20150718 - 12:32:03 - SyncStart - 53213964
20150718 - 12:33:38 - SyncSuccd - 0
20150718 - 12:33:39 - SyncCompt - 53124052
20150719 - 02:32:03 - SyncStart - 53124052
20150719 - 02:33:46 - SyncSuccd - 0
20150719 - 02:33:46 - SyncCompt - 53315400
20150719 - 12:32:03 - SyncStart - 53315444
20150719 - 12:34:33 - SyncSuccd - 0
20150719 - 12:34:33 - SyncCompt - 53564532
20150720 - 02:32:03 - SyncStart - 53564532
20150720 - 02:33:22 - SyncSuccd - 0
20150720 - 02:33:22 - SyncCompt - 53600856
20150720 - 12:32:07 - SyncStart - 53600864
20150720 - 12:33:48 - SyncSuccd - 0
20150720 - 12:33:48 - SyncCompt - 53564460
20150721 - 02:32:04 - SyncStart - 53564464
20150721 - 02:35:13 - SyncSuccd - 0
20150721 - 02:35:13 - SyncCompt - 53568788
20150721 - 12:32:03 - SyncStart - 53568796
20150721 - 12:33:03 - SyncSuccd - 0
20150721 - 12:33:03 - SyncCompt - 53081984
20150722 - 02:32:04 - SyncStart - 53081984
20150722 - 02:35:12 - SyncSuccd - 0
20150722 - 02:35:12 - SyncCompt - 53082784
20150722 - 12:32:05 - SyncStart - 53082784
20150722 - 12:36:33 - SyncSuccd - 0
20150722 - 12:36:33 - SyncCompt - 53103296
20150723 - 02:32:04 - SyncStart - 53103304
20150723 - 02:35:29 - SyncSuccd - 0
20150723 - 02:35:29 - SyncCompt - 53142252
20150723 - 12:32:04 - SyncStart - 53142252
20150723 - 12:32:05 - SyncError - 5
20150723 - 12:33:06 - SyncCompt - 53142252
20150723 - 12:33:06 - SyncStart - 53142252
20150723 - 12:33:07 - SyncError - 5
20150723 - 12:34:07 - SyncCompt - 53142252
20150723 - 12:34:07 - SyncStart - 53142252
20150723 - 12:34:08 - SyncError - 5
20150723 - 12:35:08 - SyncCompt - 53142252
20150723 - 12:35:08 - SyncStart - 53142252
20150723 - 12:35:09 - SyncError - 5
20150723 - 12:36:10 - SyncCompt - 53142252
20150723 - 12:36:10 - SyncStart - 53142252
20150723 - 12:36:11 - SyncError - 5
20150723 - 12:37:11 - SyncCompt - 53142252
20150724 - 02:32:06 - SyncStart - 53142252
20150724 - 02:32:07 - SyncError - 5
20150724 - 02:33:07 - SyncCompt - 53142252
20150724 - 02:33:07 - SyncStart - 53142252
20150724 - 02:33:09 - SyncError - 5
20150724 - 02:34:09 - SyncCompt - 53142252
20150724 - 02:34:09 - SyncStart - 53142252
20150724 - 02:34:10 - SyncError - 5
20150724 - 02:35:10 - SyncCompt - 53142252
20150724 - 02:35:10 - SyncStart - 53142252
20150724 - 02:35:11 - SyncError - 5
20150724 - 02:36:11 - SyncCompt - 53142252
20150724 - 02:36:11 - SyncStart - 53142252
20150724 - 02:36:13 - SyncError - 5
20150724 - 02:37:13 - SyncCompt - 53142252
20150724 - 12:32:06 - SyncStart - 53142252
20150724 - 12:32:08 - SyncError - 5
20150724 - 12:33:08 - SyncCompt - 53142252
20150724 - 12:33:08 - SyncStart - 53142252
20150724 - 12:33:09 - SyncError - 5
20150724 - 12:34:09 - SyncCompt - 53142252
20150724 - 12:34:10 - SyncStart - 53142252
20150724 - 12:34:11 - SyncError - 5
20150724 - 12:35:11 - SyncCompt - 53142252
20150724 - 12:35:11 - SyncStart - 53142252
20150724 - 12:35:12 - SyncError - 5
20150724 - 12:36:12 - SyncCompt - 53142252
20150724 - 12:36:12 - SyncStart - 53142252
20150724 - 12:39:46 - SyncSuccd - 0
20150724 - 12:39:46 - SyncCompt - 52714008
20150725 - 02:32:05 - SyncStart - 52714012
20150725 - 02:34:52 - SyncSuccd - 0
20150725 - 02:34:52 - SyncCompt - 52749804
20150725 - 12:32:06 - SyncStart - 52749812
20150725 - 12:35:37 - SyncSuccd - 0
20150725 - 12:35:38 - SyncCompt - 52792576
20150726 - 02:32:06 - SyncStart - 52792588
20150726 - 02:33:51 - SyncSuccd - 0
20150726 - 02:33:52 - SyncCompt - 52765208
20150726 - 12:32:07 - SyncStart - 52765208
20150726 - 12:34:34 - SyncSuccd - 0
20150726 - 12:34:34 - SyncCompt - 52765436
20150727 - 02:32:04 - SyncStart - 52765436
20150727 - 02:33:28 - SyncSuccd - 0
20150727 - 02:33:28 - SyncCompt - 52805416
20150727 - 12:32:06 - SyncStart - 52805420
20150727 - 12:35:41 - SyncSuccd - 0
20150727 - 12:35:42 - SyncCompt - 53050808
20150728 - 02:32:04 - SyncStart - 53050812
20150728 - 02:33:29 - SyncSuccd - 0
20150728 - 02:33:29 - SyncCompt - 53049564
20150728 - 12:32:04 - SyncStart - 53049568
20150728 - 12:32:06 - SyncError - 5
20150728 - 12:33:06 - SyncCompt - 53049568
20150728 - 12:33:06 - SyncStart - 53049568
20150728 - 12:33:07 - SyncError - 5
20150728 - 12:34:08 - SyncCompt - 53049568
20150728 - 12:34:08 - SyncStart - 53049568
20150728 - 12:34:09 - SyncError - 5
20150728 - 12:35:09 - SyncCompt - 53049568
20150728 - 12:35:09 - SyncStart - 53049568
20150728 - 12:35:10 - SyncError - 5
20150728 - 12:36:10 - SyncCompt - 53049568
20150728 - 12:36:10 - SyncStart - 53049568
20150728 - 12:36:11 - SyncError - 5
20150728 - 12:37:12 - SyncCompt - 53049568
20150729 - 02:32:04 - SyncStart - 53049568
20150729 - 02:32:05 - SyncError - 5
20150729 - 02:33:06 - SyncCompt - 53049568
20150729 - 02:33:06 - SyncStart - 53049568
20150729 - 02:33:07 - SyncError - 5
20150729 - 02:34:07 - SyncCompt - 53049568
20150729 - 02:34:07 - SyncStart - 53049568
20150729 - 02:34:08 - SyncError - 5
20150729 - 02:35:08 - SyncCompt - 53049568
20150729 - 02:35:08 - SyncStart - 53049568
20150729 - 02:35:09 - SyncError - 5
20150729 - 02:36:10 - SyncCompt - 53049568
20150729 - 02:36:10 - SyncStart - 53049568
20150729 - 02:36:11 - SyncError - 5
20150729 - 02:37:11 - SyncCompt - 53049568
20150729 - 12:32:05 - SyncStart - 53049568
20150729 - 12:44:06 - SyncSuccd - 0
20150729 - 12:44:06 - SyncCompt - 53079452
20150730 - 02:32:04 - SyncStart - 53079472
20150730 - 02:40:21 - SyncSuccd - 0
20150730 - 02:40:21 - SyncCompt - 53531328
20150730 - 12:32:04 - SyncStart - 53531352
20150730 - 12:33:17 - SyncSuccd - 0
20150730 - 12:33:17 - SyncCompt - 53532256
20150731 - 02:32:04 - SyncStart - 53532256
20150731 - 02:33:53 - SyncSuccd - 0
20150731 - 02:33:53 - SyncCompt - 53513504
20150731 - 12:32:04 - SyncStart - 53513512
20150731 - 12:33:21 - SyncSuccd - 0
20150731 - 12:33:21 - SyncCompt - 53487144
20150801 - 02:32:04 - SyncStart - 53487152
20150801 - 02:37:11 - SyncSuccd - 0
20150801 - 02:37:11 - SyncCompt - 53489080
20150801 - 12:32:04 - SyncStart - 53489112
20150801 - 12:34:12 - SyncSuccd - 0
20150801 - 12:34:12 - SyncCompt - 53470800
20150802 - 02:32:04 - SyncStart - 53470800
20150802 - 02:40:12 - SyncError - 12
20150802 - 02:41:12 - SyncCompt - 53247508
20150802 - 02:41:13 - SyncStart - 53247508
20150802 - 02:42:10 - SyncError - 12
20150802 - 02:43:10 - SyncCompt - 53247508
20150802 - 02:43:10 - SyncStart - 53247508
20150802 - 02:44:25 - SyncError - 12
20150802 - 02:45:25 - SyncCompt - 53247508
20150802 - 02:45:25 - SyncStart - 53247508
20150802 - 02:46:49 - SyncError - 12
20150802 - 02:47:49 - SyncCompt - 53247508
20150802 - 02:47:49 - SyncStart - 53247508
20150802 - 02:49:06 - SyncError - 12
20150802 - 02:50:06 - SyncCompt - 53247508
20150802 - 12:32:04 - SyncStart - 53247508
20150802 - 12:32:35 - SyncError - 12
20150802 - 12:33:35 - SyncCompt - 53247452
20150802 - 12:33:35 - SyncStart - 53247452
20150802 - 12:33:43 - SyncError - 12
20150802 - 12:34:43 - SyncCompt - 53247452
20150802 - 12:34:43 - SyncStart - 53247452
20150802 - 12:34:50 - SyncError - 12
20150802 - 12:35:50 - SyncCompt - 53247452
20150802 - 12:35:50 - SyncStart - 53247452
20150802 - 12:35:58 - SyncError - 12
20150802 - 12:36:58 - SyncCompt - 53247452
20150802 - 12:36:58 - SyncStart - 53247452
20150802 - 12:37:06 - SyncError - 12
20150802 - 12:38:06 - SyncCompt - 53247452
20150803 - 02:32:04 - SyncStart - 53247452
20150803 - 02:32:31 - SyncError - 12
20150803 - 02:33:31 - SyncCompt - 53247204
20150803 - 02:33:32 - SyncStart - 53247204
20150803 - 02:33:54 - SyncError - 12
20150803 - 02:34:55 - SyncCompt - 53247224
20150803 - 02:34:55 - SyncStart - 53247224
20150803 - 02:35:02 - SyncError - 12
20150803 - 02:36:02 - SyncCompt - 53247224
20150803 - 02:36:02 - SyncStart - 53247224
20150803 - 02:36:20 - SyncError - 12
20150803 - 02:37:20 - SyncCompt - 53247224
20150803 - 02:37:20 - SyncStart - 53247224
20150803 - 02:37:38 - SyncError - 12
20150803 - 02:38:38 - SyncCompt - 53247224
20150803 - 12:32:03 - SyncStart - 53247224
20150803 - 12:32:51 - SyncError - 12
20150803 - 12:33:52 - SyncCompt - 53247232
20150803 - 12:33:52 - SyncStart - 53247232
20150803 - 12:33:59 - SyncError - 12
20150803 - 12:34:59 - SyncCompt - 53247232
20150803 - 12:34:59 - SyncStart - 53247232
20150803 - 12:35:07 - SyncError - 12
20150803 - 12:36:07 - SyncCompt - 53247232
20150803 - 12:36:07 - SyncStart - 53247232
20150803 - 12:36:14 - SyncError - 12
20150803 - 12:37:15 - SyncCompt - 53247232
20150803 - 12:37:15 - SyncStart - 53247232
20150803 - 12:37:22 - SyncError - 12
20150803 - 12:38:22 - SyncCompt - 53247232
20150804 - 02:32:04 - SyncStart - 53247232
20150804 - 02:32:33 - SyncError - 12
20150804 - 02:33:33 - SyncCompt - 53247072
20150804 - 02:33:33 - SyncStart - 53247072
20150804 - 02:33:45 - SyncError - 12
20150804 - 02:34:45 - SyncCompt - 53247732
20150804 - 02:34:46 - SyncStart - 53247732
20150804 - 02:34:53 - SyncError - 12
20150804 - 02:35:53 - SyncCompt - 53247732
20150804 - 02:35:54 - SyncStart - 53247732
20150804 - 02:36:01 - SyncError - 12
20150804 - 02:37:01 - SyncCompt - 53247732
20150804 - 02:37:02 - SyncStart - 53247732
20150804 - 02:37:10 - SyncError - 12
20150804 - 02:38:10 - SyncCompt - 53247732
20150804 - 05:31:43 - SyncStart - 53565640
20150804 - 05:32:16 - SyncSuccd - 0
20150804 - 05:32:16 - SyncCompt - 53565640
20150808 - 11:47:02 - SyncStart - 53565640
20150808 - 12:30:52 - SyncSuccd - 0
20150808 - 12:30:52 - SyncCompt - 54882796
20150808 - 14:12:02 - SyncStart - 54882796
20150808 - 14:14:16 - SyncSuccd - 0
20150808 - 14:14:16 - SyncCompt - 54839612
20150809 - 04:12:03 - SyncStart - 54839612
20150809 - 04:14:05 - SyncSuccd - 0
20150809 - 04:14:05 - SyncCompt - 54686268
20150809 - 14:12:04 - SyncStart - 54686268
20150809 - 14:33:00 - SyncSuccd - 0
20150809 - 14:33:01 - SyncCompt - 54687352
20150810 - 04:12:04 - SyncStart - 54687352
20150810 - 04:30:40 - SyncSuccd - 0
20150810 - 04:30:40 - SyncCompt - 53844900
20150810 - 14:12:04 - SyncStart - 53844900
20150810 - 14:53:34 - SyncSuccd - 0
20150810 - 14:53:34 - SyncCompt - 53883284
20150811 - 04:12:05 - SyncStart - 53883284
20150811 - 04:35:53 - SyncSuccd - 0
20150811 - 04:35:54 - SyncCompt - 53854644
20150811 - 14:12:03 - SyncStart - 53854644
20150811 - 15:30:07 - SyncSuccd - 0
20150811 - 15:30:08 - SyncCompt - 54001024
