20150121 - 11:35:40 - SyncStart - 102012
20150121 - 11:35:45 - SyncStart - 102012
20150121 - 11:35:46 - SyncError - 12
20150121 - 11:35:46 - SyncCompt - 102012
20150121 - 11:35:45 - SyncStart - 102012
20150121 - 20:17:26 - SyncStart - 40136888
20150122 - 22:52:42 - SyncStart - 81041408
20150122 - 22:52:52 - SyncSuccd - 0
20150122 - 22:52:53 - SyncCompt - 81041408
20150123 - 06:32:04 - SyncStart - 81041408
20150123 - 06:32:38 - SyncSuccd - 0
20150123 - 06:32:38 - SyncCompt - 81065984
20150124 - 06:32:05 - SyncStart - 81065984
20150124 - 06:33:41 - SyncSuccd - 0
20150124 - 06:33:41 - SyncCompt - 81072128
20150124 - 12:58:59 - SyncStart - 81072128
20150124 - 13:00:39 - SyncSuccd - 0
20150124 - 13:00:40 - SyncCompt - 81093632
20150124 - 16:32:05 - SyncStart - 81093632
20150124 - 16:32:29 - SyncSuccd - 0
20150124 - 16:32:30 - SyncCompt - 81040384
20150125 - 06:32:05 - SyncStart - 81040384
20150125 - 06:35:29 - SyncSuccd - 0
20150125 - 06:35:29 - SyncCompt - 81036288
20150125 - 16:32:05 - SyncStart - 81036288
20150125 - 16:39:07 - SyncSuccd - 0
20150125 - 16:39:08 - SyncCompt - 80755712
20150126 - 06:32:05 - SyncStart - 80755712
20150126 - 06:32:50 - SyncSuccd - 0
20150126 - 06:32:51 - SyncCompt - 80755712
20150126 - 16:32:04 - SyncStart - 80755712
20150126 - 16:32:43 - SyncSuccd - 0
20150126 - 16:32:44 - SyncCompt - 80756736
20150127 - 06:32:05 - SyncStart - 80756736
20150127 - 06:33:38 - SyncError - 24
20150127 - 06:33:38 - SyncCompt - 80535552
20150127 - 16:32:05 - SyncStart - 80535552
20150127 - 16:33:26 - SyncSuccd - 0
20150127 - 16:33:27 - SyncCompt - 80768000
20150128 - 06:32:05 - SyncStart - 80768000
20150128 - 06:33:38 - SyncSuccd - 0
20150128 - 06:33:38 - SyncCompt - 80833536
20150128 - 16:32:05 - SyncStart - 80833536
20150128 - 16:33:21 - SyncSuccd - 0
20150128 - 16:33:21 - SyncCompt - 80813056
20150129 - 06:32:06 - SyncStart - 80813056
20150129 - 06:33:02 - SyncSuccd - 0
20150129 - 06:33:02 - SyncCompt - 80826368
20150129 - 16:32:05 - SyncStart - 80826368
20150129 - 16:32:40 - SyncSuccd - 0
20150129 - 16:32:40 - SyncCompt - 80847872
20150130 - 06:32:05 - SyncStart - 80847872
20150130 - 06:33:39 - SyncSuccd - 0
20150130 - 06:33:40 - SyncCompt - 80860160
20150130 - 16:32:06 - SyncStart - 80860160
20150130 - 16:32:40 - SyncSuccd - 0
20150130 - 16:32:40 - SyncCompt - 80865280
20150131 - 06:32:07 - SyncStart - 80865280
20150131 - 06:32:55 - SyncSuccd - 0
20150131 - 06:32:55 - SyncCompt - 80863232
20150131 - 16:32:07 - SyncStart - 80863232
20150131 - 16:33:18 - SyncSuccd - 0
20150131 - 16:33:19 - SyncCompt - 80865280
20150201 - 06:32:06 - SyncStart - 80865280
20150201 - 06:33:36 - SyncSuccd - 0
20150201 - 06:33:36 - SyncCompt - 80870400
20150201 - 16:32:05 - SyncStart - 80870400
20150201 - 16:32:39 - SyncSuccd - 0
20150201 - 16:32:39 - SyncCompt - 80868352
20150202 - 06:32:06 - SyncStart - 80868352
20150202 - 06:44:13 - SyncSuccd - 0
20150202 - 06:44:14 - SyncCompt - 80556032
20150202 - 16:32:07 - SyncStart - 80556032
20150202 - 16:32:54 - SyncSuccd - 0
20150202 - 16:32:54 - SyncCompt - 80556032
20150203 - 06:32:07 - SyncStart - 80556032
20150203 - 06:32:59 - SyncSuccd - 0
20150203 - 06:33:00 - SyncCompt - 80558080
20150203 - 16:32:06 - SyncStart - 80558080
20150203 - 16:32:48 - SyncSuccd - 0
20150203 - 16:32:48 - SyncCompt - 80564224
20150204 - 06:32:07 - SyncStart - 80564224
20150204 - 06:32:11 - SyncError - 10
20150204 - 06:32:11 - SyncCompt - 80564224
20150204 - 14:32:21 - SyncStart - 80564224
20150204 - 14:33:34 - SyncSuccd - 0
20150204 - 14:33:35 - SyncCompt - 80673792
20150204 - 16:32:05 - SyncStart - 80673792
20150204 - 16:32:23 - SyncSuccd - 0
20150204 - 16:32:23 - SyncCompt - 80673792
20150205 - 06:32:06 - SyncStart - 80673792
20150205 - 06:32:08 - SyncError - 10
20150205 - 06:32:08 - SyncCompt - 80673792
20150205 - 16:22:37 - SyncStart - 80673792
20150205 - 16:29:38 - SyncSuccd - 0
20150205 - 16:29:39 - SyncCompt - 80751616
20150205 - 16:32:01 - SyncStart - 80751616
20150205 - 16:32:12 - SyncSuccd - 0
20150205 - 16:32:13 - SyncCompt - 80751616
20150206 - 06:32:08 - SyncStart - 80751616
20150206 - 06:33:10 - SyncSuccd - 0
20150206 - 06:33:10 - SyncCompt - 80781312
20150206 - 16:32:03 - SyncStart - 80781312
20150206 - 16:33:10 - SyncSuccd - 0
20150206 - 16:33:10 - SyncCompt - 80990208
20150207 - 06:32:10 - SyncStart - 80990208
20150207 - 06:32:11 - SyncError - 10
20150207 - 06:32:12 - SyncCompt - 80990208
20150207 - 10:57:25 - SyncStart - 80990208
20150207 - 10:58:21 - SyncSuccd - 0
20150207 - 10:58:23 - SyncCompt - 80996352
20150207 - 16:32:07 - SyncStart - 80996352
20150207 - 16:33:51 - SyncSuccd - 0
20150207 - 16:33:52 - SyncCompt - 81012736
20150208 - 06:32:07 - SyncStart - 81012736
20150208 - 06:37:52 - SyncSuccd - 0
20150208 - 06:37:53 - SyncCompt - 81001472
20150208 - 16:32:08 - SyncStart - 81001472
20150208 - 16:35:48 - SyncSuccd - 0
20150208 - 16:35:49 - SyncCompt - 81006592
20150209 - 06:32:06 - SyncStart - 81006592
20150209 - 06:33:57 - SyncSuccd - 0
20150209 - 06:33:58 - SyncCompt - 81009664
20150209 - 20:10:27 - SyncStart - 81009664
20150209 - 20:10:28 - SyncStart - 81009664
20150209 - 20:11:43 - SyncError - 23
20150209 - 20:11:48 - SyncSuccd - 0
20150209 - 20:11:48 - SyncCompt - 80986112
20150209 - 20:12:43 - SyncCompt - 80986112
20150209 - 20:12:44 - SyncStart - 80986112
20150209 - 20:12:54 - SyncSuccd - 0
20150209 - 20:12:55 - SyncCompt - 80986112
20150210 - 06:32:08 - SyncStart - 80986112
20150210 - 06:33:19 - SyncSuccd - 0
20150210 - 06:33:19 - SyncCompt - 81065984
20150210 - 16:32:07 - SyncStart - 81065984
20150210 - 16:33:06 - SyncSuccd - 0
20150210 - 16:33:06 - SyncCompt - 81071104
20150211 - 06:32:08 - SyncStart - 81071104
20150211 - 06:32:52 - SyncSuccd - 0
20150211 - 06:32:53 - SyncCompt - 81077248
20150211 - 16:32:06 - SyncStart - 81077248
20150211 - 16:32:31 - SyncSuccd - 0
20150211 - 16:32:32 - SyncCompt - 81077248
20150212 - 06:32:08 - SyncStart - 81077248
20150212 - 06:33:22 - SyncSuccd - 0
20150212 - 06:33:22 - SyncCompt - 81106944
20150212 - 16:32:05 - SyncStart - 81106944
20150212 - 16:32:36 - SyncSuccd - 0
20150212 - 16:32:36 - SyncCompt - 81107968
20150213 - 06:32:06 - SyncStart - 81107968
20150213 - 06:33:08 - SyncSuccd - 0
20150213 - 06:33:09 - SyncCompt - 81114112
20150213 - 16:32:04 - SyncStart - 81114112
20150213 - 16:32:37 - SyncSuccd - 0
20150213 - 16:32:38 - SyncCompt - 81122304
20150214 - 06:32:05 - SyncStart - 81122304
20150214 - 06:32:57 - SyncSuccd - 0
20150214 - 06:32:57 - SyncCompt - 81134592
20150214 - 16:32:06 - SyncStart - 81134592
20150214 - 16:32:33 - SyncSuccd - 0
20150214 - 16:32:33 - SyncCompt - 81134592
20150215 - 06:32:06 - SyncStart - 81134592
20150215 - 06:32:40 - SyncSuccd - 0
20150215 - 06:32:40 - SyncCompt - 81211392
20150215 - 16:32:06 - SyncStart - 81211392
20150215 - 16:32:29 - SyncSuccd - 0
20150215 - 16:32:29 - SyncCompt - 81236992
20150216 - 06:32:05 - SyncStart - 81236992
20150216 - 06:32:50 - SyncSuccd - 0
20150216 - 06:32:51 - SyncCompt - 81232896
20150216 - 16:32:07 - SyncStart - 81232896
20150216 - 16:32:31 - SyncSuccd - 0
20150216 - 16:32:31 - SyncCompt - 81233920
20150217 - 06:32:05 - SyncStart - 81233920
20150217 - 06:33:13 - SyncSuccd - 0
20150217 - 06:33:14 - SyncCompt - 81239040
20150217 - 16:32:06 - SyncStart - 81239040
20150217 - 16:32:57 - SyncSuccd - 0
20150217 - 16:32:57 - SyncCompt - 81240064
20150218 - 06:32:05 - SyncStart - 81240064
20150218 - 06:32:48 - SyncSuccd - 0
20150218 - 06:32:48 - SyncCompt - 81241088
20150218 - 16:32:05 - SyncStart - 81241088
20150218 - 16:32:37 - SyncSuccd - 0
20150218 - 16:32:37 - SyncCompt - 81241088
20150219 - 06:32:06 - SyncStart - 81241088
20150219 - 06:32:51 - SyncSuccd - 0
20150219 - 06:32:52 - SyncCompt - 81250304
20150219 - 16:32:05 - SyncStart - 81250304
20150219 - 16:32:49 - SyncSuccd - 0
20150219 - 16:32:50 - SyncCompt - 81256448
20150220 - 06:32:06 - SyncStart - 81256448
20150220 - 06:32:43 - SyncSuccd - 0
20150220 - 06:32:43 - SyncCompt - 81260544
20150220 - 16:32:03 - SyncStart - 81260544
20150220 - 16:32:33 - SyncSuccd - 0
20150220 - 16:32:33 - SyncCompt - 81260544
20150221 - 06:32:06 - SyncStart - 81260544
20150221 - 06:33:07 - SyncSuccd - 0
20150221 - 06:33:07 - SyncCompt - 81270784
20150221 - 16:32:04 - SyncStart - 81270784
20150221 - 16:32:33 - SyncSuccd - 0
20150221 - 16:32:34 - SyncCompt - 81316864
20150222 - 06:32:06 - SyncStart - 81316864
20150222 - 06:33:54 - SyncSuccd - 0
20150222 - 06:33:54 - SyncCompt - 81340416
20150222 - 16:32:04 - SyncStart - 81340416
20150222 - 16:33:58 - SyncSuccd - 0
20150222 - 16:33:58 - SyncCompt - 81346560
20150223 - 06:32:07 - SyncStart - 81346560
20150223 - 06:32:41 - SyncSuccd - 0
20150223 - 06:32:41 - SyncCompt - 81346560
20150223 - 16:32:05 - SyncStart - 81346560
20150223 - 16:32:27 - SyncSuccd - 0
20150223 - 16:32:28 - SyncCompt - 81353728
20150224 - 06:32:06 - SyncStart - 81353728
20150224 - 06:34:04 - SyncSuccd - 0
20150224 - 06:34:05 - SyncCompt - 81380352
20150224 - 16:32:05 - SyncStart - 81380352
20150224 - 16:32:55 - SyncSuccd - 0
20150224 - 16:32:55 - SyncCompt - 81380352
20150225 - 06:32:07 - SyncStart - 81380352
20150225 - 06:32:40 - SyncSuccd - 0
20150225 - 06:32:40 - SyncCompt - 81364992
20150225 - 16:32:05 - SyncStart - 81364992
20150225 - 16:33:20 - SyncSuccd - 0
20150225 - 16:33:21 - SyncCompt - 81368064
20150226 - 06:32:06 - SyncStart - 81368064
20150226 - 06:32:43 - SyncSuccd - 0
20150226 - 06:32:43 - SyncCompt - 81378304
20150226 - 16:32:06 - SyncStart - 81378304
20150226 - 16:32:58 - SyncSuccd - 0
20150226 - 16:32:58 - SyncCompt - 81371136
20150227 - 06:32:07 - SyncStart - 81371136
20150227 - 06:32:50 - SyncSuccd - 0
20150227 - 06:32:50 - SyncCompt - 81364992
20150227 - 16:32:05 - SyncStart - 81364992
20150227 - 16:33:33 - SyncSuccd - 0
20150227 - 16:33:33 - SyncCompt - 81364992
20150228 - 06:32:07 - SyncStart - 81364992
20150228 - 06:32:35 - SyncSuccd - 0
20150228 - 06:32:36 - SyncCompt - 81371136
20150228 - 16:32:06 - SyncStart - 81371136
20150228 - 16:33:34 - SyncSuccd - 0
20150228 - 16:33:35 - SyncCompt - 81391616
20150301 - 06:32:07 - SyncStart - 81391616
20150301 - 06:32:47 - SyncSuccd - 0
20150301 - 06:32:47 - SyncCompt - 81434624
20150301 - 16:32:05 - SyncStart - 81434624
20150301 - 16:32:32 - SyncSuccd - 0
20150301 - 16:32:33 - SyncCompt - 81440768
20150302 - 06:32:06 - SyncStart - 81440768
20150302 - 06:33:16 - SyncSuccd - 0
20150302 - 06:33:16 - SyncCompt - 81456128
20150302 - 16:32:07 - SyncStart - 81456128
20150302 - 16:47:49 - SyncSuccd - 0
20150302 - 16:47:50 - SyncCompt - 81591296
20150303 - 06:32:07 - SyncStart - 81591296
20150303 - 06:32:55 - SyncSuccd - 0
20150303 - 06:32:56 - SyncCompt - 81585152
20150303 - 16:32:07 - SyncStart - 81585152
20150303 - 16:33:24 - SyncSuccd - 0
20150303 - 16:33:25 - SyncCompt - 81568768
20150304 - 06:32:06 - SyncStart - 81568768
20150304 - 06:33:06 - SyncSuccd - 0
20150304 - 06:33:07 - SyncCompt - 81588224
20150304 - 16:32:10 - SyncStart - 81588224
20150304 - 16:32:59 - SyncSuccd - 0
20150304 - 16:33:00 - SyncCompt - 81611776
20150305 - 06:32:08 - SyncStart - 81611776
20150305 - 06:35:03 - SyncSuccd - 0
20150305 - 06:35:04 - SyncCompt - 81686528
20150305 - 16:32:07 - SyncStart - 81686528
20150305 - 16:32:43 - SyncSuccd - 0
20150305 - 16:32:44 - SyncCompt - 81698816
20150306 - 06:32:10 - SyncStart - 81698816
20150306 - 06:33:39 - SyncSuccd - 0
20150306 - 06:33:39 - SyncCompt - 81717248
20150306 - 16:32:06 - SyncStart - 81717248
20150306 - 16:33:12 - SyncSuccd - 0
20150306 - 16:33:13 - SyncCompt - 81723392
20150307 - 06:32:09 - SyncStart - 81723392
20150307 - 06:32:10 - SyncError - 10
20150307 - 06:33:10 - SyncCompt - 81723392
20150307 - 06:33:11 - SyncStart - 81723392
20150307 - 06:35:19 - SyncSuccd - 0
20150307 - 06:35:20 - SyncCompt - 81741824
20150307 - 11:04:22 - SyncStart - 81741824
20150307 - 11:04:42 - SyncSuccd - 0
20150307 - 11:04:43 - SyncCompt - 81741824
20150307 - 16:32:08 - SyncStart - 81741824
20150307 - 16:32:35 - SyncSuccd - 0
20150307 - 16:32:36 - SyncCompt - 81747968
20150308 - 06:32:08 - SyncStart - 81747968
20150308 - 06:32:09 - SyncError - 10
20150308 - 06:33:09 - SyncCompt - 81747968
20150308 - 06:33:10 - SyncStart - 81747968
20150308 - 06:33:49 - SyncSuccd - 0
20150308 - 06:33:50 - SyncCompt - 81748992
20150308 - 16:32:06 - SyncStart - 81748992
20150308 - 16:33:06 - SyncSuccd - 0
20150308 - 16:33:06 - SyncCompt - 81751040
20150309 - 06:32:09 - SyncStart - 81751040
20150309 - 06:33:11 - SyncSuccd - 0
20150309 - 06:33:12 - SyncCompt - 81743872
20150309 - 16:32:07 - SyncStart - 81743872
20150309 - 16:33:14 - SyncSuccd - 0
20150309 - 16:33:15 - SyncCompt - 81743872
20150310 - 06:32:08 - SyncStart - 81743872
20150310 - 06:32:55 - SyncSuccd - 0
20150310 - 06:32:56 - SyncCompt - 81755136
20150310 - 16:32:09 - SyncStart - 81755136
20150310 - 16:54:26 - SyncSuccd - 0
20150310 - 16:54:27 - SyncCompt - 81755136
20150311 - 06:32:10 - SyncStart - 81755136
20150311 - 07:10:08 - SyncSuccd - 0
20150311 - 07:10:09 - SyncCompt - 81768448
20150311 - 16:32:07 - SyncStart - 81768448
20150311 - 16:53:58 - SyncSuccd - 0
20150311 - 16:53:59 - SyncCompt - 81805312
20150312 - 06:32:11 - SyncStart - 81805312
20150312 - 06:39:49 - SyncSuccd - 0
20150312 - 06:39:49 - SyncCompt - 81819648
20150312 - 16:32:10 - SyncStart - 81819648
20150312 - 16:55:20 - SyncSuccd - 0
20150312 - 16:55:21 - SyncCompt - 81819648
20150313 - 06:32:08 - SyncStart - 81819648
20150313 - 06:37:14 - SyncSuccd - 0
20150313 - 06:37:15 - SyncCompt - 81840128
20150313 - 16:32:10 - SyncStart - 81840128
20150313 - 16:32:40 - SyncSuccd - 0
20150313 - 16:32:41 - SyncCompt - 81842176
20150314 - 06:32:06 - SyncStart - 81842176
20150314 - 06:32:58 - SyncSuccd - 0
20150314 - 06:32:59 - SyncCompt - 81848320
20150314 - 16:32:06 - SyncStart - 81848320
20150314 - 16:32:36 - SyncSuccd - 0
20150314 - 16:32:37 - SyncCompt - 81853440
20150315 - 06:32:06 - SyncStart - 81853440
20150315 - 06:34:54 - SyncSuccd - 0
20150315 - 06:34:54 - SyncCompt - 81857536
20150315 - 16:32:08 - SyncStart - 81857536
20150315 - 16:32:31 - SyncSuccd - 0
20150315 - 16:32:32 - SyncCompt - 81863680
20150316 - 06:32:07 - SyncStart - 81863680
20150316 - 06:33:11 - SyncSuccd - 0
20150316 - 06:33:12 - SyncCompt - 81872896
20150316 - 16:32:06 - SyncStart - 81872896
20150316 - 16:34:16 - SyncSuccd - 0
20150316 - 16:34:17 - SyncCompt - 82057216
20150317 - 06:32:07 - SyncStart - 82057216
20150317 - 06:33:53 - SyncSuccd - 0
20150317 - 06:33:54 - SyncCompt - 82061312
20150317 - 16:32:06 - SyncStart - 82061312
20150317 - 16:32:52 - SyncSuccd - 0
20150317 - 16:32:53 - SyncCompt - 82064384
20150318 - 06:32:08 - SyncStart - 82064384
20150318 - 06:33:41 - SyncSuccd - 0
20150318 - 06:33:41 - SyncCompt - 82083840
20150318 - 16:32:05 - SyncStart - 82083840
20150318 - 16:32:33 - SyncSuccd - 0
20150318 - 16:32:33 - SyncCompt - 82089984
20150319 - 06:32:08 - SyncStart - 82089984
20150319 - 06:33:06 - SyncSuccd - 0
20150319 - 06:33:07 - SyncCompt - 82114560
20150319 - 16:32:06 - SyncStart - 82114560
20150319 - 16:32:36 - SyncSuccd - 0
20150319 - 16:32:37 - SyncCompt - 82114560
20150320 - 06:32:07 - SyncStart - 82114560
20150320 - 06:33:07 - SyncSuccd - 0
20150320 - 06:33:08 - SyncCompt - 82126848
20150320 - 16:32:05 - SyncStart - 82126848
20150320 - 16:33:01 - SyncSuccd - 0
20150320 - 16:33:02 - SyncCompt - 82123776
20150321 - 06:32:08 - SyncStart - 82123776
20150321 - 06:32:48 - SyncSuccd - 0
20150321 - 06:32:49 - SyncCompt - 82129920
20150321 - 16:32:05 - SyncStart - 82129920
20150321 - 16:33:19 - SyncSuccd - 0
20150321 - 16:33:20 - SyncCompt - 82366464
20150322 - 06:32:08 - SyncStart - 82366464
20150322 - 06:33:23 - SyncSuccd - 0
20150322 - 06:33:23 - SyncCompt - 82385920
20150322 - 16:32:04 - SyncStart - 82385920
20150322 - 16:33:03 - SyncSuccd - 0
20150322 - 16:33:04 - SyncCompt - 82385920
20150323 - 06:32:08 - SyncStart - 82385920
20150323 - 06:32:42 - SyncSuccd - 0
20150323 - 06:32:43 - SyncCompt - 82422784
20150323 - 16:32:05 - SyncStart - 82422784
20150323 - 16:32:47 - SyncSuccd - 0
20150323 - 16:32:47 - SyncCompt - 82422784
20150324 - 06:32:08 - SyncStart - 82422784
20150324 - 06:32:46 - SyncSuccd - 0
20150324 - 06:32:47 - SyncCompt - 82428928
20150324 - 16:32:04 - SyncStart - 82428928
20150324 - 16:32:40 - SyncSuccd - 0
20150324 - 16:32:41 - SyncCompt - 82429952
20150325 - 06:32:04 - SyncStart - 82429952
20150325 - 06:33:37 - SyncSuccd - 0
20150325 - 06:33:38 - SyncCompt - 82423808
20150325 - 16:32:07 - SyncStart - 82423808
20150325 - 16:33:14 - SyncSuccd - 0
20150325 - 16:33:15 - SyncCompt - 82454528
20150326 - 06:32:07 - SyncStart - 82454528
20150326 - 06:33:12 - SyncSuccd - 0
20150326 - 06:33:13 - SyncCompt - 82433024
20150326 - 16:32:06 - SyncStart - 82433024
20150326 - 16:33:15 - SyncSuccd - 0
20150326 - 16:33:16 - SyncCompt - 82438144
20150327 - 06:32:08 - SyncStart - 82438144
20150327 - 06:34:10 - SyncSuccd - 0
20150327 - 06:34:11 - SyncCompt - 82444288
20150327 - 16:32:07 - SyncStart - 82444288
20150327 - 16:32:35 - SyncSuccd - 0
20150327 - 16:32:36 - SyncCompt - 82457600
20150328 - 06:32:07 - SyncStart - 82457600
20150328 - 06:33:37 - SyncSuccd - 0
20150328 - 06:33:37 - SyncCompt - 82458624
20150328 - 16:32:05 - SyncStart - 82458624
20150328 - 16:32:53 - SyncSuccd - 0
20150328 - 16:32:54 - SyncCompt - 82458624
20150329 - 06:32:07 - SyncStart - 82458624
20150329 - 06:34:43 - SyncSuccd - 0
20150329 - 06:34:44 - SyncCompt - 82649088
20150329 - 16:32:06 - SyncStart - 82649088
20150329 - 16:32:35 - SyncSuccd - 0
20150329 - 16:32:35 - SyncCompt - 82676736
20150330 - 06:32:07 - SyncStart - 82676736
20150330 - 06:32:41 - SyncSuccd - 0
20150330 - 06:32:42 - SyncCompt - 82676736
20150330 - 16:32:07 - SyncStart - 82676736
20150330 - 16:32:40 - SyncSuccd - 0
20150330 - 16:32:40 - SyncCompt - 82676736
20150331 - 06:32:08 - SyncStart - 82676736
20150331 - 06:32:43 - SyncSuccd - 0
20150331 - 06:32:43 - SyncCompt - 82684928
20150331 - 16:32:06 - SyncStart - 82684928
20150331 - 16:32:44 - SyncSuccd - 0
20150331 - 16:32:45 - SyncCompt - 82684928
20150401 - 06:32:06 - SyncStart - 82684928
20150401 - 06:33:43 - SyncSuccd - 0
20150401 - 06:33:44 - SyncCompt - 82792448
20150401 - 16:32:07 - SyncStart - 82792448
20150401 - 16:32:59 - SyncSuccd - 0
20150401 - 16:32:59 - SyncCompt - 82792448
20150402 - 06:32:07 - SyncStart - 82792448
20150402 - 06:46:24 - SyncSuccd - 0
20150402 - 06:46:25 - SyncCompt - 82813952
20150402 - 16:32:08 - SyncStart - 82813952
20150402 - 16:32:30 - SyncSuccd - 0
20150402 - 16:32:30 - SyncCompt - 82816000
20150403 - 06:32:08 - SyncStart - 82816000
20150403 - 06:33:23 - SyncSuccd - 0
20150403 - 06:33:24 - SyncCompt - 82751488
20150403 - 16:32:06 - SyncStart - 82751488
20150403 - 16:32:59 - SyncSuccd - 0
20150403 - 16:33:00 - SyncCompt - 82759680
20150404 - 06:32:10 - SyncStart - 82759680
20150404 - 06:32:52 - SyncSuccd - 0
20150404 - 06:32:53 - SyncCompt - 82749440
20150404 - 16:32:04 - SyncStart - 82749440
20150404 - 16:32:36 - SyncSuccd - 0
20150404 - 16:32:37 - SyncCompt - 82751488
20150405 - 06:32:09 - SyncStart - 82751488
20150405 - 06:34:02 - SyncSuccd - 0
20150405 - 06:34:03 - SyncCompt - 82744320
20150405 - 16:32:08 - SyncStart - 82744320
20150405 - 16:32:45 - SyncSuccd - 0
20150405 - 16:32:45 - SyncCompt - 82756608
20150406 - 06:32:10 - SyncStart - 82756608
20150406 - 06:32:34 - SyncSuccd - 0
20150406 - 06:32:35 - SyncCompt - 82756608
20150406 - 16:32:10 - SyncStart - 82756608
20150406 - 16:32:47 - SyncSuccd - 0
20150406 - 16:32:48 - SyncCompt - 82756608
20150407 - 06:32:06 - SyncStart - 82756608
20150407 - 06:32:48 - SyncSuccd - 0
20150407 - 06:32:48 - SyncCompt - 83226624
20150407 - 16:32:10 - SyncStart - 83226624
20150407 - 16:33:02 - SyncSuccd - 0
20150407 - 16:33:02 - SyncCompt - 83231744
20150408 - 06:32:10 - SyncStart - 83231744
20150408 - 06:32:50 - SyncSuccd - 0
20150408 - 06:32:50 - SyncCompt - 83237888
20150408 - 16:32:12 - SyncStart - 83237888
20150408 - 16:33:14 - SyncSuccd - 0
20150408 - 16:33:15 - SyncCompt - 83237888
20150409 - 06:32:10 - SyncStart - 83237888
20150409 - 06:37:21 - SyncSuccd - 0
20150409 - 06:37:21 - SyncCompt - 83356672
20150409 - 16:32:08 - SyncStart - 83356672
20150409 - 16:32:40 - SyncSuccd - 0
20150409 - 16:32:41 - SyncCompt - 83384320
20150410 - 06:32:11 - SyncStart - 83384320
20150410 - 06:32:40 - SyncSuccd - 0
20150410 - 06:32:41 - SyncCompt - 83390464
20150410 - 16:32:10 - SyncStart - 83390464
20150410 - 16:35:11 - SyncSuccd - 0
20150410 - 16:35:12 - SyncCompt - 83407872
20150411 - 06:32:10 - SyncStart - 83407872
20150411 - 06:37:17 - SyncSuccd - 0
20150411 - 06:37:18 - SyncCompt - 83454976
20150411 - 16:32:08 - SyncStart - 83454976
20150411 - 16:33:38 - SyncSuccd - 0
20150411 - 16:33:39 - SyncCompt - 83422208
20150412 - 06:32:08 - SyncStart - 83422208
20150412 - 06:33:28 - SyncSuccd - 0
20150412 - 06:33:28 - SyncCompt - 83446784
20150412 - 16:32:10 - SyncStart - 83446784
20150412 - 16:33:44 - SyncSuccd - 0
20150412 - 16:33:44 - SyncCompt - 83755008
20150413 - 06:32:09 - SyncStart - 83755008
20150413 - 06:32:53 - SyncSuccd - 0
20150413 - 06:32:54 - SyncCompt - 83747840
20150413 - 16:32:07 - SyncStart - 83747840
20150413 - 16:32:56 - SyncSuccd - 0
20150413 - 16:32:57 - SyncCompt - 83750912
20150414 - 06:32:08 - SyncStart - 83750912
20150414 - 06:33:14 - SyncSuccd - 0
20150414 - 06:33:15 - SyncCompt - 83744768
20150414 - 16:32:08 - SyncStart - 83744768
20150414 - 16:33:27 - SyncSuccd - 0
20150414 - 16:33:27 - SyncCompt - 83744768
20150415 - 06:32:09 - SyncStart - 83744768
20150415 - 06:32:43 - SyncSuccd - 0
20150415 - 06:32:44 - SyncCompt - 83750912
20150415 - 16:32:05 - SyncStart - 83750912
20150415 - 16:33:06 - SyncSuccd - 0
20150415 - 16:33:07 - SyncCompt - 83773440
20150416 - 06:32:08 - SyncStart - 83773440
20150416 - 06:33:40 - SyncSuccd - 0
20150416 - 06:33:41 - SyncCompt - 83844096
20150416 - 16:32:06 - SyncStart - 83844096
20150416 - 16:32:57 - SyncSuccd - 0
20150416 - 16:32:58 - SyncCompt - 83841024
20150417 - 06:32:08 - SyncStart - 83841024
20150417 - 06:33:57 - SyncSuccd - 0
20150417 - 06:33:57 - SyncCompt - 83869696
20150417 - 16:32:06 - SyncStart - 83869696
20150417 - 16:32:34 - SyncSuccd - 0
20150417 - 16:32:35 - SyncCompt - 83872768
20150418 - 06:32:09 - SyncStart - 83872768
20150418 - 06:36:19 - SyncSuccd - 0
20150418 - 06:36:19 - SyncCompt - 83872768
20150418 - 16:32:05 - SyncStart - 83872768
20150418 - 16:32:46 - SyncSuccd - 0
20150418 - 16:32:47 - SyncCompt - 83883008
20150419 - 06:32:09 - SyncStart - 83883008
20150419 - 06:33:34 - SyncSuccd - 0
20150419 - 06:33:35 - SyncCompt - 83896320
20150419 - 16:32:04 - SyncStart - 83896320
20150419 - 16:32:37 - SyncSuccd - 0
20150419 - 16:32:37 - SyncCompt - 83896320
20150420 - 06:32:08 - SyncStart - 83896320
20150420 - 06:32:29 - SyncSuccd - 0
20150420 - 06:32:29 - SyncCompt - 83896320
20150420 - 16:32:08 - SyncStart - 83896320
20150420 - 16:42:46 - SyncSuccd - 0
20150420 - 16:42:48 - SyncCompt - 83831808
20150421 - 06:32:07 - SyncStart - 83831808
20150421 - 06:33:14 - SyncSuccd - 0
20150421 - 06:33:15 - SyncCompt - 83821568
20150421 - 16:32:07 - SyncStart - 83821568
20150421 - 16:35:17 - SyncSuccd - 0
20150421 - 16:35:18 - SyncCompt - 83818496
20150422 - 06:32:07 - SyncStart - 83818496
20150422 - 06:37:22 - SyncSuccd - 0
20150422 - 06:37:23 - SyncCompt - 83881984
20150422 - 16:32:08 - SyncStart - 83881984
20150422 - 16:32:58 - SyncSuccd - 0
20150422 - 16:32:58 - SyncCompt - 83896320
20150423 - 06:32:07 - SyncStart - 83896320
20150423 - 06:42:02 - SyncSuccd - 0
20150423 - 06:42:03 - SyncCompt - 83926016
20150423 - 16:32:08 - SyncStart - 83926016
20150423 - 16:32:40 - SyncSuccd - 0
20150423 - 16:32:41 - SyncCompt - 83938304
20150424 - 06:32:08 - SyncStart - 83938304
20150424 - 06:39:06 - SyncSuccd - 0
20150424 - 06:39:07 - SyncCompt - 83946496
20150424 - 16:32:07 - SyncStart - 83946496
20150424 - 16:33:10 - SyncSuccd - 0
20150424 - 16:33:11 - SyncCompt - 83947520
20150425 - 06:32:05 - SyncStart - 83947520
20150425 - 06:33:13 - SyncSuccd - 0
20150425 - 06:33:13 - SyncCompt - 83947520
20150425 - 16:32:08 - SyncStart - 83947520
20150425 - 16:32:43 - SyncSuccd - 0
20150425 - 16:32:44 - SyncCompt - 83947520
20150426 - 06:32:08 - SyncStart - 83947520
20150426 - 06:33:56 - SyncSuccd - 0
20150426 - 06:33:57 - SyncCompt - 83948544
20150426 - 16:32:07 - SyncStart - 83948544
20150426 - 16:32:38 - SyncSuccd - 0
20150426 - 16:32:39 - SyncCompt - 83948544
20150427 - 06:32:07 - SyncStart - 83948544
20150427 - 06:33:39 - SyncSuccd - 0
20150427 - 06:33:39 - SyncCompt - 83949568
20150427 - 16:32:08 - SyncStart - 83949568
20150427 - 16:33:41 - SyncSuccd - 0
20150427 - 16:33:41 - SyncCompt - 83990528
20150428 - 06:32:08 - SyncStart - 83990528
20150428 - 06:32:49 - SyncSuccd - 0
20150428 - 06:32:49 - SyncCompt - 84008960
20150428 - 16:32:09 - SyncStart - 84008960
20150428 - 16:33:15 - SyncSuccd - 0
20150428 - 16:33:16 - SyncCompt - 83975168
20150429 - 06:32:06 - SyncStart - 83975168
20150429 - 06:36:41 - SyncSuccd - 0
20150429 - 06:36:42 - SyncCompt - 83963904
20150429 - 16:32:08 - SyncStart - 83963904
20150429 - 16:32:38 - SyncError - 10
20150429 - 16:33:39 - SyncCompt - 83963904
20150429 - 16:33:39 - SyncStart - 83963904
20150429 - 16:33:58 - SyncError - 10
20150429 - 16:34:59 - SyncCompt - 83963904
20150429 - 16:34:59 - SyncStart - 83963904
20150429 - 16:35:03 - SyncError - 10
20150429 - 16:36:03 - SyncCompt - 83963904
20150429 - 16:36:04 - SyncStart - 83963904
20150429 - 16:36:07 - SyncError - 10
20150429 - 16:37:08 - SyncCompt - 83963904
20150429 - 16:37:09 - SyncStart - 83963904
20150429 - 16:37:42 - SyncError - 10
20150429 - 16:38:42 - SyncCompt - 83963904
20150430 - 06:32:07 - SyncStart - 83963904
20150430 - 06:32:10 - SyncError - 10
20150430 - 06:33:11 - SyncCompt - 83963904
20150430 - 06:33:12 - SyncStart - 83963904
20150430 - 06:34:42 - SyncSuccd - 0
20150430 - 06:34:43 - SyncCompt - 83968000
20150430 - 16:32:08 - SyncStart - 83968000
20150430 - 16:33:19 - SyncSuccd - 0
20150430 - 16:33:20 - SyncCompt - 83968000
20150501 - 06:32:06 - SyncStart - 83968000
20150501 - 06:33:22 - SyncSuccd - 0
20150501 - 06:33:23 - SyncCompt - 83987456
20150501 - 16:32:05 - SyncStart - 83987456
20150501 - 16:33:41 - SyncSuccd - 0
20150501 - 16:33:42 - SyncCompt - 83987456
20150502 - 06:32:07 - SyncStart - 83987456
20150502 - 06:34:07 - SyncSuccd - 0
20150502 - 06:34:08 - SyncCompt - 83986432
20150502 - 16:32:06 - SyncStart - 83986432
20150502 - 16:33:00 - SyncSuccd - 0
20150502 - 16:33:01 - SyncCompt - 83990528
20150503 - 06:32:08 - SyncStart - 83990528
20150503 - 06:32:43 - SyncSuccd - 0
20150503 - 06:32:44 - SyncCompt - 83990528
20150503 - 16:32:05 - SyncStart - 83990528
20150503 - 16:32:36 - SyncSuccd - 0
20150503 - 16:32:37 - SyncCompt - 83993600
20150504 - 06:32:11 - SyncStart - 83993600
20150504 - 06:32:59 - SyncSuccd - 0
20150504 - 06:33:00 - SyncCompt - 83993600
20150504 - 16:32:10 - SyncStart - 83993600
20150504 - 16:34:18 - SyncSuccd - 0
20150504 - 16:34:18 - SyncCompt - 83697664
20150505 - 06:32:09 - SyncStart - 83697664
20150505 - 06:33:19 - SyncSuccd - 0
20150505 - 06:33:20 - SyncCompt - 83698688
20150505 - 16:32:18 - SyncStart - 83698688
20150505 - 16:32:44 - SyncSuccd - 0
20150505 - 16:32:45 - SyncCompt - 83696640
20150506 - 06:32:07 - SyncStart - 83696640
20150506 - 06:32:47 - SyncSuccd - 0
20150506 - 06:32:47 - SyncCompt - 83698688
20150506 - 16:32:10 - SyncStart - 83698688
20150506 - 16:33:24 - SyncSuccd - 0
20150506 - 16:33:24 - SyncCompt - 83690496
20150507 - 06:32:09 - SyncStart - 83690496
20150507 - 06:32:44 - SyncSuccd - 0
20150507 - 06:32:44 - SyncCompt - 83691520
20150507 - 16:32:11 - SyncStart - 83691520
20150507 - 16:33:55 - SyncSuccd - 0
20150507 - 16:33:56 - SyncCompt - 83691520
20150508 - 06:32:12 - SyncStart - 83691520
20150508 - 06:33:13 - SyncSuccd - 0
20150508 - 06:33:14 - SyncCompt - 83674112
20150508 - 16:32:07 - SyncStart - 83674112
20150508 - 16:32:37 - SyncSuccd - 0
20150508 - 16:32:38 - SyncCompt - 83681280
20150509 - 06:32:09 - SyncStart - 83681280
20150509 - 06:32:42 - SyncSuccd - 0
20150509 - 06:32:43 - SyncCompt - 83729408
20150509 - 16:32:12 - SyncStart - 83729408
20150509 - 16:34:12 - SyncSuccd - 0
20150509 - 16:34:12 - SyncCompt - 83731456
20150510 - 06:32:12 - SyncStart - 83731456
20150510 - 06:34:09 - SyncSuccd - 0
20150510 - 06:34:09 - SyncCompt - 83722240
20150510 - 16:32:09 - SyncStart - 83722240
20150510 - 16:32:45 - SyncSuccd - 0
20150510 - 16:32:45 - SyncCompt - 83722240
20150511 - 06:32:14 - SyncStart - 83722240
20150511 - 06:33:17 - SyncSuccd - 0
20150511 - 06:33:17 - SyncCompt - 83722240
20150511 - 16:32:07 - SyncStart - 83722240
20150511 - 16:34:20 - SyncSuccd - 0
20150511 - 16:34:21 - SyncCompt - 83722240
20150512 - 06:32:11 - SyncStart - 83722240
20150512 - 06:32:46 - SyncSuccd - 0
20150512 - 06:32:46 - SyncCompt - 83722240
20150512 - 16:32:06 - SyncStart - 83722240
20150512 - 16:32:36 - SyncSuccd - 0
20150512 - 16:32:37 - SyncCompt - 83724288
20150513 - 06:32:12 - SyncStart - 83724288
20150513 - 06:32:21 - SyncSuccd - 0
20150513 - 06:32:22 - SyncCompt - 83724288
20150513 - 16:32:12 - SyncStart - 83724288
20150513 - 16:35:20 - SyncSuccd - 0
20150513 - 16:35:23 - SyncCompt - 83731456
20150514 - 06:32:06 - SyncStart - 83731456
20150514 - 06:38:50 - SyncSuccd - 0
20150514 - 06:38:51 - SyncCompt - 83759104
20150514 - 16:32:12 - SyncStart - 83759104
20150514 - 16:33:48 - SyncSuccd - 0
20150514 - 16:33:48 - SyncCompt - 83784704
20150515 - 06:32:07 - SyncStart - 83784704
20150515 - 06:34:33 - SyncSuccd - 0
20150515 - 06:34:34 - SyncCompt - 84220928
20150515 - 16:32:14 - SyncStart - 84220928
20150515 - 16:32:42 - SyncSuccd - 0
20150515 - 16:32:43 - SyncCompt - 84256768
20150516 - 06:32:36 - SyncStart - 84256768
20150516 - 06:33:27 - SyncSuccd - 0
20150516 - 06:33:28 - SyncCompt - 84270080
20150516 - 16:32:10 - SyncStart - 84270080
20150516 - 16:32:56 - SyncSuccd - 0
20150516 - 16:32:56 - SyncCompt - 84286464
20150517 - 06:32:09 - SyncStart - 84286464
20150517 - 06:32:52 - SyncSuccd - 0
20150517 - 06:32:52 - SyncCompt - 84300800
20150517 - 16:32:08 - SyncStart - 84300800
20150517 - 16:33:24 - SyncSuccd - 0
20150517 - 16:33:25 - SyncCompt - 84342784
20150518 - 06:32:08 - SyncStart - 84342784
20150518 - 06:33:38 - SyncSuccd - 0
20150518 - 06:33:38 - SyncCompt - 84363264
20150518 - 16:32:12 - SyncStart - 84363264
20150518 - 16:32:48 - SyncSuccd - 0
20150518 - 16:32:49 - SyncCompt - 84370432
20150519 - 06:32:08 - SyncStart - 84370432
20150519 - 06:33:03 - SyncSuccd - 0
20150519 - 06:33:03 - SyncCompt - 84373504
20150519 - 16:32:09 - SyncStart - 84373504
20150519 - 16:33:48 - SyncSuccd - 0
20150519 - 16:33:49 - SyncCompt - 84386816
20150520 - 06:32:08 - SyncStart - 84386816
20150520 - 06:32:50 - SyncSuccd - 0
20150520 - 06:32:50 - SyncCompt - 84380672
20150520 - 16:32:09 - SyncStart - 84380672
20150520 - 16:32:49 - SyncSuccd - 0
20150520 - 16:32:50 - SyncCompt - 84383744
20150521 - 06:32:08 - SyncStart - 84383744
20150521 - 06:32:35 - SyncSuccd - 0
20150521 - 06:32:36 - SyncCompt - 84383744
20150521 - 16:32:08 - SyncStart - 84383744
20150521 - 16:32:38 - SyncSuccd - 0
20150521 - 16:32:39 - SyncCompt - 84383744
20150522 - 06:32:09 - SyncStart - 84383744
20150522 - 06:32:33 - SyncSuccd - 0
20150522 - 06:32:34 - SyncCompt - 84383744
20150522 - 16:32:08 - SyncStart - 84383744
20150522 - 16:33:26 - SyncSuccd - 0
20150522 - 16:33:27 - SyncCompt - 84383744
20150523 - 06:32:07 - SyncStart - 84383744
20150523 - 06:32:32 - SyncSuccd - 0
20150523 - 06:32:33 - SyncCompt - 84383744
20150523 - 16:32:12 - SyncStart - 84383744
20150523 - 16:32:46 - SyncSuccd - 0
20150523 - 16:32:46 - SyncCompt - 84382720
20150524 - 06:32:18 - SyncStart - 84382720
20150524 - 06:32:56 - SyncSuccd - 0
20150524 - 06:32:56 - SyncCompt - 84396032
20150524 - 16:32:06 - SyncStart - 84396032
20150524 - 16:32:33 - SyncSuccd - 0
20150524 - 16:32:34 - SyncCompt - 84408320
20150525 - 06:32:09 - SyncStart - 84408320
20150525 - 06:32:59 - SyncSuccd - 0
20150525 - 06:32:59 - SyncCompt - 84408320
20150525 - 16:32:09 - SyncStart - 84408320
20150525 - 16:32:18 - SyncSuccd - 0
20150525 - 16:32:19 - SyncCompt - 84408320
20150526 - 06:32:11 - SyncStart - 84408320
20150526 - 06:33:04 - SyncSuccd - 0
20150526 - 06:33:04 - SyncCompt - 84419584
20150526 - 16:32:14 - SyncStart - 84419584
20150526 - 16:34:06 - SyncSuccd - 0
20150526 - 16:34:07 - SyncCompt - 84593664
20150527 - 06:32:11 - SyncStart - 84593664
20150527 - 06:34:16 - SyncSuccd - 0
20150527 - 06:34:17 - SyncCompt - 84633600
20150527 - 16:32:05 - SyncStart - 84633600
20150527 - 16:32:41 - SyncSuccd - 0
20150527 - 16:32:42 - SyncCompt - 84631552
20150528 - 06:32:08 - SyncStart - 84631552
20150528 - 06:32:43 - SyncSuccd - 0
20150528 - 06:32:44 - SyncCompt - 84680704
20150528 - 16:32:10 - SyncStart - 84680704
20150528 - 16:32:45 - SyncSuccd - 0
20150528 - 16:32:46 - SyncCompt - 84680704
20150529 - 06:32:07 - SyncStart - 84680704
20150529 - 06:43:08 - SyncSuccd - 0
20150529 - 06:43:09 - SyncCompt - 84687872
20150529 - 16:32:10 - SyncStart - 84687872
20150529 - 21:24:25 - SyncSuccd - 0
20150529 - 21:24:30 - SyncCompt - 84697088
20150530 - 06:32:12 - SyncStart - 84697088
20150530 - 06:32:49 - SyncSuccd - 0
20150530 - 06:32:50 - SyncCompt - 84697088
20150530 - 16:32:11 - SyncStart - 84697088
20150530 - 16:32:47 - SyncSuccd - 0
20150530 - 16:32:48 - SyncCompt - 84705280
20150531 - 06:32:09 - SyncStart - 84705280
20150531 - 06:32:12 - SyncError - 10
20150531 - 06:33:13 - SyncCompt - 84705280
20150531 - 06:33:13 - SyncStart - 84705280
20150531 - 06:34:40 - SyncSuccd - 0
20150531 - 06:34:40 - SyncCompt - 84697088
20150531 - 16:32:11 - SyncStart - 84697088
20150531 - 16:32:20 - SyncSuccd - 0
20150531 - 16:32:21 - SyncCompt - 84697088
20150601 - 06:32:10 - SyncStart - 84697088
20150601 - 06:43:53 - SyncSuccd - 0
20150601 - 06:43:54 - SyncCompt - 84719616
20150601 - 16:32:08 - SyncStart - 84719616
20150601 - 16:32:36 - SyncSuccd - 0
20150601 - 16:32:37 - SyncCompt - 84719616
20150602 - 06:32:09 - SyncStart - 84719616
20150602 - 06:32:12 - SyncError - 10
20150602 - 06:33:13 - SyncCompt - 84719616
20150602 - 06:33:13 - SyncStart - 84719616
20150602 - 06:33:16 - SyncError - 10
20150602 - 06:34:17 - SyncCompt - 84719616
20150602 - 06:34:18 - SyncStart - 84719616
20150602 - 06:34:21 - SyncError - 10
20150602 - 06:35:21 - SyncCompt - 84719616
20150602 - 06:35:22 - SyncStart - 84719616
20150602 - 06:35:25 - SyncError - 10
20150602 - 06:36:26 - SyncCompt - 84719616
20150602 - 06:36:27 - SyncStart - 84719616
20150602 - 06:36:30 - SyncError - 10
20150602 - 06:37:30 - SyncCompt - 84719616
20150602 - 16:32:12 - SyncStart - 84719616
20150602 - 16:34:28 - SyncSuccd - 0
20150602 - 16:34:29 - SyncCompt - 84725760
20150603 - 06:32:11 - SyncStart - 84725760
20150603 - 06:32:14 - SyncError - 10
20150603 - 06:33:15 - SyncCompt - 84725760
20150603 - 06:33:16 - SyncStart - 84725760
20150603 - 06:34:05 - SyncSuccd - 0
20150603 - 06:34:05 - SyncCompt - 84725760
20150603 - 16:32:10 - SyncStart - 84725760
20150603 - 16:37:25 - SyncSuccd - 0
20150603 - 16:37:26 - SyncCompt - 84792320
20150604 - 06:32:12 - SyncStart - 84792320
20150604 - 06:36:47 - SyncSuccd - 0
20150604 - 06:36:48 - SyncCompt - 84786176
20150604 - 16:32:11 - SyncStart - 84786176
20150604 - 16:32:49 - SyncSuccd - 0
20150604 - 16:32:50 - SyncCompt - 84786176
20150605 - 06:32:09 - SyncStart - 84786176
20150605 - 06:32:46 - SyncSuccd - 0
20150605 - 06:32:47 - SyncCompt - 84799488
20150605 - 16:32:14 - SyncStart - 84799488
20150605 - 16:32:52 - SyncSuccd - 0
20150605 - 16:32:52 - SyncCompt - 84803584
20150606 - 06:32:11 - SyncStart - 84803584
20150606 - 06:33:16 - SyncSuccd - 0
20150606 - 06:33:16 - SyncCompt - 85076992
20150606 - 16:32:12 - SyncStart - 85076992
20150606 - 16:32:39 - SyncSuccd - 0
20150606 - 16:32:39 - SyncCompt - 85076992
20150607 - 06:32:12 - SyncStart - 85076992
20150607 - 06:33:15 - SyncSuccd - 0
20150607 - 06:33:16 - SyncCompt - 85377024
20150607 - 16:32:10 - SyncStart - 85377024
20150607 - 16:32:40 - SyncSuccd - 0
20150607 - 16:32:41 - SyncCompt - 85377024
20150608 - 06:32:12 - SyncStart - 85377024
20150608 - 06:33:51 - SyncSuccd - 0
20150608 - 06:33:52 - SyncCompt - 85380096
20150608 - 16:32:10 - SyncStart - 85380096
20150608 - 16:33:10 - SyncSuccd - 0
20150608 - 16:33:10 - SyncCompt - 85381120
20150609 - 06:32:10 - SyncStart - 85381120
20150609 - 06:32:48 - SyncSuccd - 0
20150609 - 06:32:48 - SyncCompt - 85381120
20150609 - 16:32:11 - SyncStart - 85381120
20150609 - 16:43:20 - SyncSuccd - 0
20150609 - 16:43:21 - SyncCompt - 85784576
20150610 - 06:32:08 - SyncStart - 85784576
20150610 - 06:33:42 - SyncSuccd - 0
20150610 - 06:33:42 - SyncCompt - 86082560
20150610 - 16:32:10 - SyncStart - 86082560
20150610 - 16:32:59 - SyncSuccd - 0
20150610 - 16:32:59 - SyncCompt - 86104064
20150611 - 06:32:09 - SyncStart - 86104064
20150611 - 06:33:23 - SyncSuccd - 0
20150611 - 06:33:24 - SyncCompt - 86104064
20150611 - 16:32:14 - SyncStart - 86104064
20150611 - 16:32:40 - SyncSuccd - 0
20150611 - 16:32:40 - SyncCompt - 86106112
20150612 - 06:32:10 - SyncStart - 86106112
20150612 - 06:32:59 - SyncSuccd - 0
20150612 - 06:33:00 - SyncCompt - 86118400
20150612 - 16:32:10 - SyncStart - 86118400
20150612 - 16:33:39 - SyncSuccd - 0
20150612 - 16:33:40 - SyncCompt - 86124544
20150613 - 06:32:07 - SyncStart - 86124544
20150613 - 06:32:46 - SyncSuccd - 0
20150613 - 06:32:47 - SyncCompt - 86131712
20150613 - 16:32:06 - SyncStart - 86131712
20150613 - 16:32:33 - SyncSuccd - 0
20150613 - 16:32:33 - SyncCompt - 85473280
20150614 - 06:32:07 - SyncStart - 85473280
20150614 - 06:33:47 - SyncSuccd - 0
20150614 - 06:33:47 - SyncCompt - 85483520
20150614 - 16:32:08 - SyncStart - 85483520
20150614 - 16:32:20 - SyncSuccd - 0
20150614 - 16:32:21 - SyncCompt - 85483520
20150615 - 06:32:07 - SyncStart - 85483520
20150615 - 06:32:26 - SyncSuccd - 0
20150615 - 06:32:27 - SyncCompt - 85483520
20150615 - 16:32:10 - SyncStart - 85483520
20150615 - 16:32:58 - SyncSuccd - 0
20150615 - 16:32:59 - SyncCompt - 85516288
20150616 - 06:32:09 - SyncStart - 85516288
20150616 - 06:33:00 - SyncSuccd - 0
20150616 - 06:33:01 - SyncCompt - 85520384
20150616 - 16:32:10 - SyncStart - 85520384
20150616 - 16:32:54 - SyncSuccd - 0
20150616 - 16:32:55 - SyncCompt - 85532672
20150617 - 06:32:08 - SyncStart - 85532672
20150617 - 06:33:57 - SyncSuccd - 0
20150617 - 06:33:58 - SyncCompt - 85538816
20150617 - 16:32:10 - SyncStart - 85538816
20150617 - 16:32:47 - SyncSuccd - 0
20150617 - 16:32:47 - SyncCompt - 85535744
20150618 - 06:32:07 - SyncStart - 85535744
20150618 - 06:33:38 - SyncSuccd - 0
20150618 - 06:33:39 - SyncCompt - 85543936
20150618 - 16:32:14 - SyncStart - 85543936
20150618 - 16:32:40 - SyncSuccd - 0
20150618 - 16:32:41 - SyncCompt - 85543936
20150619 - 06:32:08 - SyncStart - 85543936
20150619 - 06:32:45 - SyncSuccd - 0
20150619 - 06:32:46 - SyncCompt - 85549056
20150619 - 16:32:08 - SyncStart - 85549056
20150619 - 16:32:32 - SyncSuccd - 0
20150619 - 16:32:33 - SyncCompt - 85549056
20150620 - 06:32:08 - SyncStart - 85549056
20150620 - 06:34:40 - SyncSuccd - 0
20150620 - 06:34:41 - SyncCompt - 85555200
20150620 - 16:32:08 - SyncStart - 85555200
20150620 - 16:32:39 - SyncSuccd - 0
20150620 - 16:32:40 - SyncCompt - 85555200
20150621 - 06:32:08 - SyncStart - 85555200
20150621 - 06:33:13 - SyncSuccd - 0
20150621 - 06:33:13 - SyncCompt - 85639168
20150621 - 16:32:09 - SyncStart - 85639168
20150621 - 16:32:20 - SyncSuccd - 0
20150621 - 16:32:21 - SyncCompt - 85639168
20150622 - 06:32:08 - SyncStart - 85639168
20150622 - 06:33:09 - SyncSuccd - 0
20150622 - 06:33:10 - SyncCompt - 85655552
20150622 - 16:32:15 - SyncStart - 85655552
20150622 - 16:32:50 - SyncSuccd - 0
20150622 - 16:32:51 - SyncCompt - 85655552
20150623 - 06:32:08 - SyncStart - 85655552
20150623 - 06:32:40 - SyncSuccd - 0
20150623 - 06:32:41 - SyncCompt - 85649408
20150623 - 16:32:11 - SyncStart - 85649408
20150623 - 16:33:49 - SyncSuccd - 0
20150623 - 16:33:49 - SyncCompt - 85699584
20150624 - 06:32:08 - SyncStart - 85699584
20150624 - 06:32:54 - SyncSuccd - 0
20150624 - 06:32:54 - SyncCompt - 85707776
20150624 - 16:32:08 - SyncStart - 85707776
20150624 - 16:32:49 - SyncSuccd - 0
20150624 - 16:32:49 - SyncCompt - 85714944
20150625 - 06:32:11 - SyncStart - 85714944
20150625 - 06:32:42 - SyncSuccd - 0
20150625 - 06:32:42 - SyncCompt - 85727232
20150625 - 16:32:09 - SyncStart - 85727232
20150625 - 16:32:50 - SyncSuccd - 0
20150625 - 16:32:52 - SyncCompt - 85730304
20150626 - 06:32:09 - SyncStart - 85730304
20150626 - 06:32:43 - SyncSuccd - 0
20150626 - 06:32:44 - SyncCompt - 85726208
20150626 - 16:32:10 - SyncStart - 85726208
20150626 - 16:32:40 - SyncSuccd - 0
20150626 - 16:32:41 - SyncCompt - 85747712
20150627 - 06:32:08 - SyncStart - 85747712
20150627 - 06:32:24 - SyncSuccd - 0
20150627 - 06:32:25 - SyncCompt - 85750784
20150627 - 16:32:11 - SyncStart - 85750784
20150627 - 16:34:11 - SyncSuccd - 0
20150627 - 16:34:12 - SyncCompt - 86226944
20150628 - 06:32:08 - SyncStart - 86226944
20150628 - 06:32:12 - SyncError - 10
20150628 - 06:33:13 - SyncCompt - 86226944
20150628 - 06:33:13 - SyncStart - 86226944
20150628 - 06:33:17 - SyncError - 10
20150628 - 06:34:17 - SyncCompt - 86226944
20150628 - 06:34:18 - SyncStart - 86226944
20150628 - 06:34:21 - SyncError - 10
20150628 - 06:35:22 - SyncCompt - 86226944
20150628 - 06:35:23 - SyncStart - 86226944
20150628 - 06:35:26 - SyncError - 10
20150628 - 06:36:27 - SyncCompt - 86226944
20150628 - 06:36:27 - SyncStart - 86226944
20150628 - 06:36:30 - SyncError - 10
20150628 - 06:37:31 - SyncCompt - 86226944
20150628 - 16:32:08 - SyncStart - 86226944
20150628 - 16:32:11 - SyncError - 10
20150628 - 16:33:12 - SyncCompt - 86226944
20150628 - 16:33:13 - SyncStart - 86226944
20150628 - 16:33:16 - SyncError - 10
20150628 - 16:34:17 - SyncCompt - 86226944
20150628 - 16:34:18 - SyncStart - 86226944
20150628 - 16:34:21 - SyncError - 10
20150628 - 16:35:21 - SyncCompt - 86226944
20150628 - 16:35:22 - SyncStart - 86226944
20150628 - 16:35:25 - SyncError - 10
20150628 - 16:36:26 - SyncCompt - 86226944
20150628 - 16:36:27 - SyncStart - 86226944
20150628 - 16:36:30 - SyncError - 10
20150628 - 16:37:31 - SyncCompt - 86226944
20150629 - 06:32:09 - SyncStart - 86226944
20150629 - 06:32:12 - SyncError - 10
20150629 - 06:33:12 - SyncCompt - 86226944
20150629 - 06:33:13 - SyncStart - 86226944
20150629 - 06:33:16 - SyncError - 10
20150629 - 06:34:17 - SyncCompt - 86226944
20150629 - 06:34:18 - SyncStart - 86226944
20150629 - 06:34:21 - SyncError - 10
20150629 - 06:35:22 - SyncCompt - 86226944
20150629 - 06:35:22 - SyncStart - 86226944
20150629 - 06:35:26 - SyncError - 10
20150629 - 06:36:26 - SyncCompt - 86226944
20150629 - 06:36:27 - SyncStart - 86226944
20150629 - 06:36:30 - SyncError - 10
20150629 - 06:37:31 - SyncCompt - 86226944
20150629 - 16:32:12 - SyncStart - 86226944
20150629 - 16:32:34 - SyncSuccd - 0
20150629 - 16:32:35 - SyncCompt - 86226944
20150630 - 06:32:09 - SyncStart - 86226944
20150630 - 06:37:08 - SyncSuccd - 0
20150630 - 06:37:09 - SyncCompt - 86483968
20150630 - 16:32:09 - SyncStart - 86483968
20150630 - 16:33:12 - SyncSuccd - 0
20150630 - 16:33:13 - SyncCompt - 86491136
20150701 - 06:32:09 - SyncStart - 86491136
20150701 - 06:33:25 - SyncSuccd - 0
20150701 - 06:33:26 - SyncCompt - 86564864
20150701 - 16:32:12 - SyncStart - 86564864
20150701 - 16:32:21 - SyncSuccd - 0
20150701 - 16:32:22 - SyncCompt - 86564864
20150702 - 06:32:08 - SyncStart - 86564864
20150702 - 06:32:18 - SyncSuccd - 0
20150702 - 06:32:18 - SyncCompt - 86564864
20150702 - 16:32:09 - SyncStart - 86564864
20150702 - 16:44:30 - SyncSuccd - 0
20150702 - 16:44:31 - SyncCompt - 86567936
20150703 - 06:32:12 - SyncStart - 86567936
20150703 - 06:33:00 - SyncSuccd - 0
20150703 - 06:33:01 - SyncCompt - 86566912
20150703 - 16:32:11 - SyncStart - 86566912
20150703 - 16:51:10 - SyncSuccd - 0
20150703 - 16:51:12 - SyncCompt - 86968320
20150704 - 06:32:11 - SyncStart - 86968320
20150704 - 06:34:23 - SyncSuccd - 0
20150704 - 06:34:24 - SyncCompt - 86971392
20150704 - 16:32:11 - SyncStart - 86971392
20150704 - 16:32:46 - SyncSuccd - 0
20150704 - 16:32:47 - SyncCompt - 86967296
20150705 - 16:32:02 - SyncStart - 49459928
20150705 - 16:54:41 - SyncSuccd - 0
20150705 - 16:54:41 - SyncCompt - 49475228
20150706 - 06:32:03 - SyncStart - 49475228
20150706 - 06:32:49 - SyncSuccd - 0
20150706 - 06:32:49 - SyncCompt - 49475696
20150706 - 16:32:03 - SyncStart - 49475696
20150706 - 16:32:37 - SyncSuccd - 0
20150706 - 16:32:38 - SyncCompt - 49475724
20150707 - 06:32:05 - SyncStart - 49475724
20150707 - 06:32:51 - SyncSuccd - 0
20150707 - 06:32:51 - SyncCompt - 49475532
20150707 - 16:32:06 - SyncStart - 49475532
20150707 - 16:33:39 - SyncSuccd - 0
20150707 - 16:33:39 - SyncCompt - 49476460
20150708 - 06:32:05 - SyncStart - 49476460
20150708 - 06:32:06 - SyncError - 12
20150708 - 06:33:06 - SyncCompt - 49476460
20150708 - 06:33:07 - SyncStart - 49476460
20150708 - 06:33:07 - SyncError - 12
20150708 - 06:34:07 - SyncCompt - 49476460
20150708 - 06:34:08 - SyncStart - 49476460
20150708 - 06:34:08 - SyncError - 12
20150708 - 06:35:09 - SyncCompt - 49476460
20150708 - 06:35:09 - SyncStart - 49476460
20150708 - 06:35:09 - SyncError - 12
20150708 - 06:36:10 - SyncCompt - 49476460
20150708 - 06:36:10 - SyncStart - 49476460
20150708 - 06:36:11 - SyncError - 12
20150708 - 06:37:11 - SyncCompt - 49476460
20150708 - 16:32:05 - SyncStart - 49476460
20150708 - 16:33:38 - SyncSuccd - 0
20150708 - 16:33:38 - SyncCompt - 49445424
20150709 - 06:32:05 - SyncStart - 49445424
20150709 - 06:33:01 - SyncSuccd - 0
20150709 - 06:33:01 - SyncCompt - 49445440
20150709 - 16:32:05 - SyncStart - 49445440
20150709 - 16:33:03 - SyncSuccd - 0
20150709 - 16:33:03 - SyncCompt - 49445584
20150710 - 06:32:05 - SyncStart - 49445584
20150710 - 06:32:49 - SyncSuccd - 0
20150710 - 06:32:49 - SyncCompt - 49447156
20150710 - 16:32:04 - SyncStart - 49447156
20150710 - 16:34:02 - SyncSuccd - 0
20150710 - 16:34:03 - SyncCompt - 49443872
20150711 - 06:32:03 - SyncStart - 49443872
20150711 - 06:33:44 - SyncSuccd - 0
20150711 - 06:33:44 - SyncCompt - 49441952
20150711 - 16:32:05 - SyncStart - 49441952
20150711 - 16:32:57 - SyncSuccd - 0
20150711 - 16:32:58 - SyncCompt - 49441768
20150712 - 06:32:07 - SyncStart - 49441768
20150712 - 06:33:59 - SyncSuccd - 0
20150712 - 06:33:59 - SyncCompt - 49431476
20150712 - 16:32:07 - SyncStart - 49431476
20150712 - 16:33:12 - SyncSuccd - 0
20150712 - 16:33:12 - SyncCompt - 49431184
20150713 - 06:32:14 - SyncStart - 49431184
20150713 - 06:33:24 - SyncSuccd - 0
20150713 - 06:33:24 - SyncCompt - 49429560
20150713 - 16:32:07 - SyncStart - 49429560
20150713 - 16:33:46 - SyncSuccd - 0
20150713 - 16:33:46 - SyncCompt - 49429788
20150714 - 06:32:08 - SyncStart - 49429788
20150714 - 06:33:42 - SyncSuccd - 0
20150714 - 06:33:43 - SyncCompt - 49431552
20150714 - 16:32:07 - SyncStart - 49431552
20150714 - 16:34:24 - SyncSuccd - 0
20150714 - 16:34:24 - SyncCompt - 49431508
20150715 - 06:32:08 - SyncStart - 49431508
20150715 - 06:34:14 - SyncSuccd - 0
20150715 - 06:34:14 - SyncCompt - 49498560
20150715 - 16:32:07 - SyncStart - 49498560
20150715 - 16:33:07 - SyncSuccd - 0
20150715 - 16:33:08 - SyncCompt - 49501716
20150716 - 06:32:08 - SyncStart - 49501716
20150716 - 06:34:10 - SyncSuccd - 0
20150716 - 06:34:10 - SyncCompt - 49496968
20150716 - 16:32:06 - SyncStart - 49496968
20150716 - 16:33:24 - SyncSuccd - 0
20150716 - 16:33:24 - SyncCompt - 49497528
20150717 - 06:32:08 - SyncStart - 49497528
20150717 - 06:33:37 - SyncSuccd - 0
20150717 - 06:33:37 - SyncCompt - 49500480
20150717 - 16:32:07 - SyncStart - 49500480
20150717 - 16:34:15 - SyncSuccd - 0
20150717 - 16:34:15 - SyncCompt - 49582304
20150718 - 06:32:08 - SyncStart - 49582304
20150718 - 06:33:40 - SyncSuccd - 0
20150718 - 06:33:40 - SyncCompt - 49582716
20150718 - 16:32:07 - SyncStart - 49582716
20150718 - 16:33:02 - SyncSuccd - 0
20150718 - 16:33:02 - SyncCompt - 49582820
20150719 - 06:32:07 - SyncStart - 49582820
20150719 - 06:33:43 - SyncSuccd - 0
20150719 - 06:33:43 - SyncCompt - 49587224
20150719 - 16:32:06 - SyncStart - 49587224
20150719 - 16:33:24 - SyncSuccd - 0
20150719 - 16:33:24 - SyncCompt - 49589132
20150720 - 06:32:07 - SyncStart - 49589132
20150720 - 06:34:52 - SyncSuccd - 0
20150720 - 06:34:53 - SyncCompt - 49564512
20150720 - 16:32:07 - SyncStart - 49564512
20150720 - 16:33:43 - SyncSuccd - 0
20150720 - 16:33:43 - SyncCompt - 49566880
20150721 - 06:32:07 - SyncStart - 49566880
20150721 - 06:33:04 - SyncSuccd - 0
20150721 - 06:33:04 - SyncCompt - 49566952
20150721 - 16:32:06 - SyncStart - 49566952
20150721 - 16:33:23 - SyncSuccd - 0
20150721 - 16:33:23 - SyncCompt - 49568260
20150722 - 06:32:08 - SyncStart - 49568260
20150722 - 06:33:39 - SyncSuccd - 0
20150722 - 06:33:39 - SyncCompt - 49572740
20150722 - 16:32:08 - SyncStart - 49572740
20150722 - 16:34:17 - SyncSuccd - 0
20150722 - 16:34:18 - SyncCompt - 49572840
20150723 - 06:32:11 - SyncStart - 49572840
20150723 - 06:34:22 - SyncSuccd - 0
20150723 - 06:34:23 - SyncCompt - 49565000
20150723 - 16:32:07 - SyncStart - 49565000
20150723 - 16:33:47 - SyncSuccd - 0
20150723 - 16:33:47 - SyncCompt - 49565352
20150724 - 06:32:10 - SyncStart - 49565352
20150724 - 06:34:06 - SyncSuccd - 0
20150724 - 06:34:06 - SyncCompt - 49571220
20150724 - 16:32:08 - SyncStart - 49571220
20150724 - 16:33:32 - SyncSuccd - 0
20150724 - 16:33:33 - SyncCompt - 49573068
20150725 - 06:32:08 - SyncStart - 49573068
20150725 - 06:33:46 - SyncSuccd - 0
20150725 - 06:33:46 - SyncCompt - 49562924
20150725 - 16:32:05 - SyncStart - 49562924
20150725 - 16:33:29 - SyncSuccd - 0
20150725 - 16:33:29 - SyncCompt - 49562792
20150726 - 06:32:08 - SyncStart - 49562792
20150726 - 06:34:05 - SyncSuccd - 0
20150726 - 06:34:05 - SyncCompt - 49570452
20150726 - 16:32:07 - SyncStart - 49570452
20150726 - 16:33:02 - SyncSuccd - 0
20150726 - 16:33:03 - SyncCompt - 49570520
20150727 - 06:32:05 - SyncStart - 49570520
20150727 - 06:33:01 - SyncSuccd - 0
20150727 - 06:33:01 - SyncCompt - 49570632
20150727 - 16:32:07 - SyncStart - 49570632
20150727 - 16:33:39 - SyncSuccd - 0
20150727 - 16:33:39 - SyncCompt - 49572048
20150728 - 06:32:05 - SyncStart - 49572048
20150728 - 06:33:39 - SyncSuccd - 0
20150728 - 06:33:39 - SyncCompt - 49572268
20150728 - 16:32:08 - SyncStart - 49572268
20150728 - 16:33:27 - SyncSuccd - 0
20150728 - 16:33:27 - SyncCompt - 49572748
20150730 - 16:32:06 - SyncStart - 49572748
20150730 - 16:34:51 - SyncSuccd - 0
20150730 - 16:34:51 - SyncCompt - 49577640
20150731 - 06:32:07 - SyncStart - 49577640
20150731 - 06:33:38 - SyncSuccd - 0
20150731 - 06:33:38 - SyncCompt - 49577860
20150731 - 16:32:06 - SyncStart - 49577860
20150731 - 16:34:35 - SyncSuccd - 0
20150731 - 16:34:35 - SyncCompt - 49578668
20150801 - 06:32:09 - SyncStart - 49578668
20150801 - 06:33:52 - SyncSuccd - 0
20150801 - 06:33:52 - SyncCompt - 49582376
20150801 - 16:32:05 - SyncStart - 49582376
20150801 - 16:57:28 - SyncSuccd - 0
20150801 - 16:57:28 - SyncCompt - 57177256
20150802 - 06:32:06 - SyncStart - 57177256
20150802 - 07:08:03 - SyncSuccd - 0
20150802 - 07:08:04 - SyncCompt - 60995956
20150802 - 16:32:07 - SyncStart - 60995956
20150802 - 16:32:51 - SyncSuccd - 0
20150802 - 16:32:52 - SyncCompt - 60996100
20150803 - 06:36:01 - SyncSuccd - 0
20150803 - 06:40:11 - SyncCompt - 60992072
20150803 - 16:32:07 - SyncStart - 60992072
20150803 - 16:33:16 - SyncSuccd - 0
20150803 - 16:33:16 - SyncCompt - 60998716
20150804 - 14:32:07 - SyncStart - 60998716
20150804 - 14:34:14 - SyncSuccd - 0
20150804 - 14:34:14 - SyncCompt - 61000556
20150805 - 04:32:06 - SyncStart - 61000556
20150805 - 04:58:48 - SyncSuccd - 0
20150805 - 04:58:48 - SyncCompt - 61015760
20150805 - 14:32:03 - SyncStart - 61015760
20150805 - 14:35:00 - SyncSuccd - 0
20150805 - 14:35:01 - SyncCompt - 60913000
20150806 - 04:32:07 - SyncStart - 60913000
20150806 - 04:32:57 - SyncSuccd - 0
20150806 - 04:32:57 - SyncCompt - 60913660
20150806 - 14:32:07 - SyncStart - 60913660
20150806 - 14:33:45 - SyncSuccd - 0
20150806 - 14:33:45 - SyncCompt - 60925216
20150807 - 04:32:10 - SyncStart - 60925216
20150807 - 04:34:27 - SyncSuccd - 0
20150807 - 04:34:28 - SyncCompt - 60941616
20150807 - 14:32:08 - SyncStart - 60941616
20150807 - 14:33:54 - SyncSuccd - 0
20150807 - 14:33:54 - SyncCompt - 60944428
20150808 - 04:32:06 - SyncStart - 60944428
20150808 - 04:34:01 - SyncSuccd - 0
20150808 - 04:34:01 - SyncCompt - 60950148
20150808 - 14:32:06 - SyncStart - 60950148
20150808 - 14:33:06 - SyncSuccd - 0
20150808 - 14:33:06 - SyncCompt - 60955580
20150809 - 04:32:06 - SyncStart - 60955580
20150809 - 04:33:00 - SyncSuccd - 0
20150809 - 04:33:00 - SyncCompt - 60971592
20150809 - 14:32:06 - SyncStart - 60971592
20150809 - 14:38:24 - SyncSuccd - 0
20150809 - 14:38:25 - SyncCompt - 61008728
20150810 - 04:32:07 - SyncStart - 61008728
20150810 - 04:36:55 - SyncSuccd - 0
20150810 - 04:36:55 - SyncCompt - 61021296
20150810 - 14:32:07 - SyncStart - 61021296
20150810 - 14:33:37 - SyncSuccd - 0
20150810 - 14:33:38 - SyncCompt - 61021192
20150811 - 04:32:06 - SyncStart - 61021200
20150811 - 04:33:24 - SyncSuccd - 0
20150811 - 04:33:24 - SyncCompt - 61021488
20150811 - 14:32:06 - SyncStart - 61021488
20150811 - 14:33:45 - SyncSuccd - 0
20150811 - 14:33:46 - SyncCompt - 61021032
