20150118 - 10:39:55 - SyncStart - 
20150118 - 10:43:59 - SyncStart - 179932	/www/mirrors/ArchLinux-cn/
20150118 - 11:02:25 - SyncSuccd - 0
20150118 - 11:02:25 - SyncCompt - 14749244	/www/mirrors/ArchLinux-cn/
20150118 - 11:54:33 - SyncStart - 14749244
20150118 - 11:54:38 - SyncSuccd - 0
20150118 - 11:54:38 - SyncCompt - 14749244	/www/mirrors/ArchLinux-cn/
20150118 - 11:57:36 - SyncStart - 14749244
20150118 - 11:57:42 - SyncSuccd - 0
20150118 - 11:57:42 - SyncCompt - 14749244
20150119 - 03:00:01 - SyncStart - 14749244
20150119 - 03:00:54 - SyncSuccd - 0
20150119 - 03:00:54 - SyncCompt - 14750148
20150120 - 03:00:01 - SyncStart - 14750148
20150120 - 03:00:41 - SyncSuccd - 0
20150120 - 03:00:41 - SyncCompt - 14750316
20150121 - 02:52:01 - SyncStart - 14750316
20150121 - 03:00:26 - SyncSuccd - 0
20150121 - 03:00:26 - SyncCompt - 14750368
20150122 - 02:52:01 - SyncStart - 14750368
20150122 - 02:53:13 - SyncSuccd - 0
20150122 - 02:53:13 - SyncCompt - 14777556
20150123 - 02:52:02 - SyncStart - 14777556
20150123 - 02:53:07 - SyncSuccd - 0
20150123 - 02:53:07 - SyncCompt - 15188752
20150124 - 02:52:01 - SyncStart - 15188752
20150124 - 02:52:34 - SyncSuccd - 0
20150124 - 02:52:34 - SyncCompt - 14777800
20150124 - 12:52:01 - SyncStart - 14777800
20150124 - 12:52:42 - SyncSuccd - 0
20150124 - 12:52:42 - SyncCompt - 14935388
20150125 - 02:52:01 - SyncStart - 14935388
20150125 - 02:52:36 - SyncSuccd - 0
20150125 - 02:52:36 - SyncCompt - 15088752
20150125 - 12:52:01 - SyncStart - 15088752
20150125 - 12:52:33 - SyncSuccd - 0
20150125 - 12:52:33 - SyncCompt - 14801944
20150126 - 02:52:01 - SyncStart - 14801944
20150126 - 02:52:21 - SyncSuccd - 0
20150126 - 02:52:21 - SyncCompt - 14801980
20150126 - 12:52:01 - SyncStart - 14801980
20150126 - 12:52:16 - SyncSuccd - 0
20150126 - 12:52:16 - SyncCompt - 14802004
20150127 - 02:52:01 - SyncStart - 14802004
20150127 - 02:52:45 - SyncSuccd - 0
20150127 - 02:52:45 - SyncCompt - 14979228
20150127 - 12:52:01 - SyncStart - 14979228
20150127 - 12:52:10 - SyncSuccd - 0
20150127 - 12:52:10 - SyncCompt - 14801956
20150128 - 02:52:01 - SyncStart - 14801956
20150128 - 02:52:58 - SyncSuccd - 0
20150128 - 02:52:58 - SyncCompt - 15313380
20150128 - 12:52:01 - SyncStart - 15313380
20150128 - 12:52:11 - SyncSuccd - 0
20150128 - 12:52:11 - SyncCompt - 14804292
20150129 - 02:52:01 - SyncStart - 14804292
20150129 - 02:52:05 - SyncError - 10
20150129 - 02:52:05 - SyncCompt - 14804292
20150129 - 12:52:01 - SyncStart - 14804292
20150129 - 12:52:45 - SyncSuccd - 0
20150129 - 12:52:45 - SyncCompt - 14788828
20150130 - 02:52:01 - SyncStart - 14788828
20150130 - 02:52:36 - SyncSuccd - 0
20150130 - 02:52:36 - SyncCompt - 15013984
20150130 - 12:52:01 - SyncStart - 15013984
20150130 - 12:52:47 - SyncSuccd - 0
20150130 - 12:52:47 - SyncCompt - 14906996
20150131 - 02:52:01 - SyncStart - 14906996
20150131 - 02:52:36 - SyncSuccd - 0
20150131 - 02:52:36 - SyncCompt - 14774140
20150131 - 12:52:01 - SyncStart - 14774140
20150131 - 12:52:38 - SyncSuccd - 0
20150131 - 12:52:38 - SyncCompt - 14951116
20150201 - 02:52:01 - SyncStart - 14951116
20150201 - 02:52:20 - SyncSuccd - 0
20150201 - 02:52:20 - SyncCompt - 14810920
20150201 - 12:52:01 - SyncStart - 14810920
20150201 - 12:52:12 - SyncSuccd - 0
20150201 - 12:52:12 - SyncCompt - 14810920
20150202 - 02:52:01 - SyncStart - 14810920
20150202 - 02:52:26 - SyncSuccd - 0
20150202 - 02:52:26 - SyncCompt - 14882520
20150202 - 12:52:01 - SyncStart - 14882520
20150202 - 12:52:16 - SyncSuccd - 0
20150202 - 12:52:16 - SyncCompt - 14882520
20150203 - 02:52:01 - SyncStart - 14882520
20150203 - 02:52:33 - SyncSuccd - 0
20150203 - 02:52:33 - SyncCompt - 14867244
20150203 - 12:52:01 - SyncStart - 14867248
20150203 - 12:52:25 - SyncSuccd - 0
20150203 - 12:52:25 - SyncCompt - 14903076
20150204 - 02:52:01 - SyncStart - 14903080
20150204 - 02:53:04 - SyncSuccd - 0
20150204 - 02:53:04 - SyncCompt - 15263688
20150204 - 12:52:01 - SyncStart - 15263688
20150204 - 12:52:29 - SyncSuccd - 0
20150204 - 12:52:29 - SyncCompt - 14906880
20150205 - 02:52:01 - SyncStart - 14906880
20150205 - 02:52:52 - SyncSuccd - 0
20150205 - 02:52:52 - SyncCompt - 14929688
20150205 - 12:52:01 - SyncStart - 14929688
20150205 - 12:52:35 - SyncSuccd - 0
20150205 - 12:52:35 - SyncCompt - 15087036
20150206 - 02:52:01 - SyncStart - 15087036
20150206 - 02:52:37 - SyncSuccd - 0
20150206 - 02:52:37 - SyncCompt - 14892076
20150206 - 12:52:01 - SyncStart - 14892080
20150206 - 12:52:34 - SyncSuccd - 0
20150206 - 12:52:34 - SyncCompt - 14928824
20150207 - 02:52:01 - SyncStart - 14928824
20150207 - 02:52:02 - SyncError - 10
20150207 - 02:52:02 - SyncCompt - 14928824
20150207 - 10:58:27 - SyncStart - 14928824
20150207 - 10:59:11 - SyncSuccd - 0
20150207 - 10:59:11 - SyncCompt - 15117960
20150207 - 12:52:01 - SyncStart - 15117960
20150207 - 12:52:12 - SyncSuccd - 0
20150207 - 12:52:12 - SyncCompt - 15117960
20150208 - 02:52:01 - SyncStart - 15117960
20150208 - 02:52:35 - SyncSuccd - 0
20150208 - 02:52:35 - SyncCompt - 14931108
20150208 - 12:52:01 - SyncStart - 14931108
20150208 - 12:52:48 - SyncSuccd - 0
20150208 - 12:52:48 - SyncCompt - 15059084
20150209 - 02:52:01 - SyncStart - 15059084
20150209 - 02:52:44 - SyncSuccd - 0
20150209 - 02:52:44 - SyncCompt - 14898036
20150209 - 12:52:01 - SyncStart - 14898036
20150209 - 12:52:29 - SyncSuccd - 0
20150209 - 12:52:29 - SyncCompt - 14937836
20150209 - 18:01:33 - SyncStart - 14937836
20150209 - 18:01:39 - SyncError - 10
20150209 - 18:01:39 - SyncCompt - 14937836
20150209 - 18:01:42 - SyncStart - 14937836
20150209 - 18:01:56 - SyncSuccd - 0
20150209 - 18:01:56 - SyncCompt - 14937952
20150209 - 18:02:52 - SyncStart - 14937952
20150209 - 18:02:57 - SyncSuccd - 0
20150209 - 18:02:57 - SyncCompt - 14937952
20150209 - 18:03:40 - SyncStart - 14937952
20150209 - 18:03:45 - SyncSuccd - 0
20150209 - 18:03:45 - SyncCompt - 14937952
20150209 - 18:05:15 - SyncStart - 14937952
20150209 - 18:05:21 - SyncSuccd - 0
20150209 - 18:05:21 - SyncCompt - 14937952
20150209 - 18:05:37 - SyncStart - 14937952
20150209 - 18:05:43 - SyncSuccd - 0
20150209 - 18:05:43 - SyncCompt - 14937952
20150209 - 18:06:45 - SyncStart - 14937952
20150209 - 18:06:52 - SyncSuccd - 0
20150209 - 18:06:52 - SyncCompt - 14937952
20150209 - 18:07:48 - SyncStart - 14937952
20150209 - 18:07:54 - SyncSuccd - 0
20150209 - 18:07:54 - SyncCompt - 14937952
20150209 - 18:08:54 - SyncStart - 14937952
20150209 - 18:09:00 - SyncSuccd - 0
20150209 - 18:09:00 - SyncCompt - 14937952
20150209 - 18:09:48 - SyncStart - 14937952
20150209 - 18:09:55 - SyncSuccd - 0
20150209 - 18:09:55 - SyncCompt - 14937952
20150209 - 18:10:54 - SyncStart - 14937952
20150209 - 18:11:00 - SyncSuccd - 0
20150209 - 18:11:00 - SyncCompt - 14937952
20150209 - 18:13:18 - SyncStart - 14937952
20150209 - 18:13:18 - SyncStart - 14937952
20150209 - 18:13:24 - SyncSuccd - 0
20150209 - 18:13:24 - SyncCompt - 14937952
20150209 - 18:13:24 - SyncSuccd - 0
20150209 - 18:13:24 - SyncCompt - 14937952
20150209 - 18:15:10 - SyncStart - 14937952
20150209 - 18:15:10 - SyncStart - 14937952
20150209 - 18:15:16 - SyncSuccd - 0
20150209 - 18:15:16 - SyncCompt - 14937952
20150209 - 18:15:17 - SyncSuccd - 0
20150209 - 18:15:17 - SyncCompt - 14937952
20150209 - 18:16:13 - SyncStart - 14937952
20150209 - 18:16:19 - SyncSuccd - 0
20150209 - 18:16:19 - SyncCompt - 14937952
20150209 - 18:17:33 - SyncStart - 14937952
20150209 - 18:17:39 - SyncSuccd - 0
20150209 - 18:17:39 - SyncCompt - 14937952
20150209 - 18:17:39 - SyncStart - 14937952
20150209 - 18:17:45 - SyncSuccd - 0
20150209 - 18:17:45 - SyncCompt - 14937952
20150209 - 18:19:21 - SyncStart - 14937952
20150209 - 18:19:27 - SyncSuccd - 0
20150209 - 18:19:27 - SyncCompt - 14937952
20150209 - 18:25:52 - SyncStart - 14937952
20150209 - 18:25:58 - SyncSuccd - 0
20150209 - 18:25:58 - SyncCompt - 14937952
20150209 - 18:30:55 - SyncStart - 14937952
20150209 - 18:30:56 - SyncStart - 14937952
20150209 - 18:31:01 - SyncSuccd - 0
20150209 - 18:31:01 - SyncCompt - 14937952
20150209 - 18:31:02 - SyncSuccd - 0
20150209 - 18:31:02 - SyncCompt - 14937952
20150209 - 18:31:07 - SyncStart - 14937952
20150209 - 18:31:13 - SyncSuccd - 0
20150209 - 18:31:13 - SyncCompt - 14937952
20150209 - 18:31:35 - SyncStart - 14937952
20150209 - 18:31:35 - SyncStart - 14937952
20150209 - 18:31:41 - SyncSuccd - 0
20150209 - 18:31:41 - SyncCompt - 14937952
20150209 - 18:31:41 - SyncSuccd - 0
20150209 - 18:31:41 - SyncCompt - 14937952
20150209 - 18:33:18 - SyncStart - 14937952
20150209 - 18:33:24 - SyncSuccd - 0
20150209 - 18:33:24 - SyncCompt - 14937952
20150209 - 18:33:32 - SyncStart - 14937952
20150209 - 18:33:38 - SyncSuccd - 0
20150209 - 18:33:38 - SyncCompt - 14937952
20150209 - 18:33:47 - SyncStart - 14937952
20150209 - 18:33:53 - SyncSuccd - 0
20150209 - 18:33:53 - SyncCompt - 14937952
20150209 - 18:35:35 - SyncStart - 14937952
20150209 - 18:35:35 - SyncStart - 14937952
20150209 - 18:35:35 - SyncStart - 14937952
20150209 - 18:35:41 - SyncSuccd - 0
20150209 - 18:35:41 - SyncCompt - 14937952
20150209 - 18:35:41 - SyncSuccd - 0
20150209 - 18:35:41 - SyncSuccd - 0
20150209 - 18:35:41 - SyncCompt - 14937952
20150209 - 18:35:41 - SyncCompt - 14937952
20150209 - 18:37:24 - SyncStart - 14937952
20150209 - 18:37:24 - SyncStart - 14937952
20150209 - 18:37:25 - SyncStart - 14937952
20150209 - 18:37:26 - SyncStart - 14937952
20150209 - 18:37:30 - SyncSuccd - 0
20150209 - 18:37:30 - SyncCompt - 14937952
20150209 - 18:37:30 - SyncSuccd - 0
20150209 - 18:37:30 - SyncCompt - 14937952
20150209 - 18:37:31 - SyncSuccd - 0
20150209 - 18:37:31 - SyncCompt - 14937952
20150209 - 18:37:32 - SyncSuccd - 0
20150209 - 18:37:32 - SyncCompt - 14937952
20150209 - 18:42:20 - SyncStart - 14937952
20150209 - 18:42:20 - SyncStart - 14937952
20150209 - 18:42:20 - SyncStart - 14937952
20150209 - 18:42:26 - SyncSuccd - 0
20150209 - 18:42:26 - SyncCompt - 14937952
20150209 - 18:42:27 - SyncSuccd - 0
20150209 - 18:42:27 - SyncCompt - 14937952
20150209 - 18:42:27 - SyncSuccd - 0
20150209 - 18:42:27 - SyncCompt - 14937952
20150209 - 18:43:03 - SyncStart - 14937952
20150209 - 18:43:09 - SyncSuccd - 0
20150209 - 18:43:09 - SyncCompt - 14937952
20150209 - 18:48:56 - SyncStart - 14937952
20150209 - 18:49:02 - SyncSuccd - 0
20150209 - 18:49:03 - SyncCompt - 14937952
20150209 - 18:49:41 - SyncStart - 14937952
20150209 - 18:49:47 - SyncSuccd - 0
20150209 - 18:49:47 - SyncCompt - 14937952
20150210 - 02:52:01 - SyncStart - 14937952
20150210 - 02:52:42 - SyncSuccd - 0
20150210 - 02:52:42 - SyncCompt - 15149724
20150210 - 12:52:01 - SyncStart - 15149728
20150210 - 12:52:08 - SyncSuccd - 0
20150210 - 12:52:08 - SyncCompt - 14898492
20150211 - 02:52:01 - SyncStart - 14898492
20150211 - 02:52:33 - SyncSuccd - 0
20150211 - 02:52:33 - SyncCompt - 15028736
20150211 - 12:52:01 - SyncStart - 15028736
20150211 - 12:52:30 - SyncSuccd - 0
20150211 - 12:52:30 - SyncCompt - 14937616
20150212 - 02:52:01 - SyncStart - 14937616
20150212 - 02:52:44 - SyncSuccd - 0
20150212 - 02:52:44 - SyncCompt - 14958492
20150212 - 12:52:01 - SyncStart - 14958496
20150212 - 12:54:16 - SyncSuccd - 0
20150212 - 12:54:16 - SyncCompt - 16345028
20150213 - 02:52:01 - SyncStart - 16345028
20150213 - 02:52:31 - SyncSuccd - 0
20150213 - 02:52:31 - SyncCompt - 14985144
20150213 - 12:52:02 - SyncStart - 14985144
20150213 - 12:52:33 - SyncSuccd - 0
20150213 - 12:52:33 - SyncCompt - 15148212
20150214 - 02:52:01 - SyncStart - 15148216
20150214 - 02:52:43 - SyncSuccd - 0
20150214 - 02:52:43 - SyncCompt - 14987624
20150214 - 12:52:01 - SyncStart - 14987624
20150214 - 12:52:25 - SyncSuccd - 0
20150214 - 12:52:25 - SyncCompt - 15045844
20150215 - 02:52:01 - SyncStart - 15045844
20150215 - 02:52:06 - SyncError - 10
20150215 - 02:52:06 - SyncCompt - 15045844
20150215 - 12:52:01 - SyncStart - 15045844
20150215 - 12:53:14 - SyncSuccd - 0
20150215 - 12:53:14 - SyncCompt - 15166812
20150216 - 02:52:02 - SyncStart - 15166812
20150216 - 02:53:21 - SyncSuccd - 0
20150216 - 02:53:21 - SyncCompt - 15703728
20150216 - 12:52:01 - SyncStart - 15703728
20150216 - 12:52:31 - SyncSuccd - 0
20150216 - 12:52:31 - SyncCompt - 15062132
20150217 - 02:52:01 - SyncStart - 15062132
20150217 - 02:52:39 - SyncSuccd - 0
20150217 - 02:52:39 - SyncCompt - 15206740
20150217 - 12:52:02 - SyncStart - 15206740
20150217 - 12:52:33 - SyncSuccd - 0
20150217 - 12:52:33 - SyncCompt - 15002892
20150218 - 02:52:01 - SyncStart - 15002892
20150218 - 02:52:37 - SyncSuccd - 0
20150218 - 02:52:37 - SyncCompt - 15137544
20150218 - 12:52:01 - SyncStart - 15137552
20150218 - 12:53:01 - SyncSuccd - 0
20150218 - 12:53:01 - SyncCompt - 15004384
20150219 - 02:52:01 - SyncStart - 15004384
20150219 - 02:52:33 - SyncSuccd - 0
20150219 - 02:52:33 - SyncCompt - 15139760
20150219 - 12:52:01 - SyncStart - 15139760
20150219 - 12:52:53 - SyncSuccd - 0
20150219 - 12:52:53 - SyncCompt - 15054576
20150220 - 02:52:01 - SyncStart - 15054576
20150220 - 02:52:35 - SyncSuccd - 0
20150220 - 02:52:35 - SyncCompt - 15028896
20150220 - 12:52:01 - SyncStart - 15028900
20150220 - 12:52:49 - SyncSuccd - 0
20150220 - 12:52:49 - SyncCompt - 15302836
20150221 - 02:52:01 - SyncStart - 15302836
20150221 - 02:53:07 - SyncSuccd - 0
20150221 - 02:53:07 - SyncCompt - 14984660
20150221 - 12:52:01 - SyncStart - 14984664
20150221 - 12:52:11 - SyncSuccd - 0
20150221 - 12:52:11 - SyncCompt - 14984664
20150222 - 02:52:01 - SyncStart - 14984664
20150222 - 02:52:53 - SyncSuccd - 0
20150222 - 02:52:53 - SyncCompt - 15174344
20150222 - 12:52:01 - SyncStart - 15174344
20150222 - 12:52:40 - SyncSuccd - 0
20150222 - 12:52:40 - SyncCompt - 15210372
20150223 - 02:52:01 - SyncStart - 15210372
20150223 - 02:52:38 - SyncSuccd - 0
20150223 - 02:52:38 - SyncCompt - 15035380
20150223 - 12:52:02 - SyncStart - 15035380
20150223 - 12:52:28 - SyncSuccd - 0
20150223 - 12:52:28 - SyncCompt - 15084096
20150224 - 02:52:01 - SyncStart - 15084096
20150224 - 02:52:29 - SyncSuccd - 0
20150224 - 02:52:29 - SyncCompt - 15041856
20150224 - 12:52:01 - SyncStart - 15041856
20150224 - 12:53:10 - SyncSuccd - 0
20150224 - 12:53:10 - SyncCompt - 15589504
20150225 - 02:52:01 - SyncStart - 15589508
20150225 - 02:52:38 - SyncSuccd - 0
20150225 - 02:52:38 - SyncCompt - 15740264
20150225 - 12:52:01 - SyncStart - 15740264
20150225 - 12:52:32 - SyncSuccd - 0
20150225 - 12:52:32 - SyncCompt - 15168252
20150226 - 02:52:01 - SyncStart - 15168252
20150226 - 02:52:22 - SyncSuccd - 0
20150226 - 02:52:22 - SyncCompt - 15026232
20150226 - 12:52:01 - SyncStart - 15026232
20150226 - 13:05:09 - SyncSuccd - 0
20150226 - 13:05:09 - SyncCompt - 15336992
20150227 - 02:52:01 - SyncStart - 15337000
20150227 - 02:52:28 - SyncSuccd - 0
20150227 - 02:52:28 - SyncCompt - 15078680
20150227 - 12:52:01 - SyncStart - 15078680
20150227 - 12:52:44 - SyncSuccd - 0
20150227 - 12:52:44 - SyncCompt - 15350840
20150228 - 02:52:01 - SyncStart - 15350856
20150228 - 02:52:39 - SyncSuccd - 0
20150228 - 02:52:39 - SyncCompt - 15083568
20150228 - 12:52:01 - SyncStart - 15083572
20150228 - 12:52:32 - SyncSuccd - 0
20150228 - 12:52:32 - SyncCompt - 15159056
20150301 - 02:52:01 - SyncStart - 15159056
20150301 - 02:52:25 - SyncSuccd - 0
20150301 - 02:52:25 - SyncCompt - 15092604
20150301 - 12:52:01 - SyncStart - 15092604
20150301 - 12:52:36 - SyncSuccd - 0
20150301 - 12:52:36 - SyncCompt - 15308604
20150302 - 02:52:01 - SyncStart - 15308604
20150302 - 02:52:19 - SyncSuccd - 0
20150302 - 02:52:19 - SyncCompt - 15094180
20150302 - 12:52:01 - SyncStart - 15094180
20150302 - 12:52:12 - SyncSuccd - 0
20150302 - 12:52:12 - SyncCompt - 15094180
20150303 - 02:52:02 - SyncStart - 15094180
20150303 - 02:52:31 - SyncSuccd - 0
20150303 - 02:52:31 - SyncCompt - 15102108
20150303 - 12:52:01 - SyncStart - 15102108
20150303 - 12:52:24 - SyncSuccd - 0
20150303 - 12:52:24 - SyncCompt - 15135580
20150304 - 02:52:01 - SyncStart - 15135580
20150304 - 02:52:58 - SyncSuccd - 0
20150304 - 02:52:58 - SyncCompt - 15105356
20150304 - 12:52:01 - SyncStart - 15105356
20150304 - 12:52:32 - SyncSuccd - 0
20150304 - 12:52:32 - SyncCompt - 15155040
20150305 - 02:52:01 - SyncStart - 15155044
20150305 - 02:53:02 - SyncSuccd - 0
20150305 - 02:53:02 - SyncCompt - 15553872
20150305 - 12:52:01 - SyncStart - 15553876
20150305 - 12:52:40 - SyncSuccd - 0
20150305 - 12:52:40 - SyncCompt - 15163636
20150306 - 02:52:01 - SyncStart - 15163636
20150306 - 02:52:46 - SyncSuccd - 0
20150306 - 02:52:46 - SyncCompt - 15207904
20150306 - 12:52:01 - SyncStart - 15207920
20150306 - 12:52:06 - SyncError - 10
20150306 - 12:52:06 - SyncCompt - 15207920
20150306 - 21:30:26 - SyncStart - 15207920
20150306 - 21:30:49 - SyncSuccd - 0
20150306 - 21:30:49 - SyncCompt - 15208188
20150306 - 21:30:58 - SyncStart - 15208188
20150306 - 21:31:11 - SyncSuccd - 0
20150306 - 21:31:11 - SyncCompt - 15208188
20150307 - 02:52:01 - SyncStart - 15208188
20150307 - 02:52:01 - SyncError - 10
20150307 - 02:52:01 - SyncCompt - 15208188
20150307 - 11:05:04 - SyncStart - 15208188
20150307 - 11:05:05 - SyncError - 10
20150307 - 11:05:05 - SyncCompt - 15208188
20150307 - 11:05:13 - SyncStart - 15208188
20150307 - 11:06:37 - SyncSuccd - 0
20150307 - 11:06:37 - SyncCompt - 15551412
20150307 - 12:52:01 - SyncStart - 15551412
20150307 - 12:52:16 - SyncSuccd - 0
20150307 - 12:52:16 - SyncCompt - 15551412
20150308 - 02:52:02 - SyncStart - 15551412
20150308 - 02:52:43 - SyncSuccd - 0
20150308 - 02:52:43 - SyncCompt - 15313036
20150308 - 12:52:01 - SyncStart - 15313044
20150308 - 12:52:33 - SyncSuccd - 0
20150308 - 12:52:33 - SyncCompt - 15354244
20150309 - 02:52:01 - SyncStart - 15354244
20150309 - 02:52:37 - SyncSuccd - 0
20150309 - 02:52:37 - SyncCompt - 15299100
20150309 - 12:52:01 - SyncStart - 15299104
20150309 - 12:52:28 - SyncSuccd - 0
20150309 - 12:52:28 - SyncCompt - 15367456
20150310 - 02:52:01 - SyncStart - 15367460
20150310 - 02:52:43 - SyncSuccd - 0
20150310 - 02:52:43 - SyncCompt - 15257172
20150310 - 12:52:01 - SyncStart - 15257172
20150310 - 12:52:49 - SyncSuccd - 0
20150310 - 12:52:49 - SyncCompt - 15473348
20150311 - 02:52:01 - SyncStart - 15473360
20150311 - 02:52:53 - SyncSuccd - 0
20150311 - 02:52:53 - SyncCompt - 15314984
20150311 - 12:52:01 - SyncStart - 15314984
20150311 - 12:52:07 - SyncSuccd - 0
20150311 - 12:52:07 - SyncCompt - 15314984
20150312 - 02:52:01 - SyncStart - 15314984
20150312 - 02:53:01 - SyncSuccd - 0
20150312 - 02:53:01 - SyncCompt - 15318132
20150312 - 12:52:01 - SyncStart - 15318132
20150312 - 12:52:08 - SyncSuccd - 0
20150312 - 12:52:08 - SyncCompt - 15318132
20150313 - 02:52:01 - SyncStart - 15318132
20150313 - 02:52:49 - SyncSuccd - 0
20150313 - 02:52:49 - SyncCompt - 15370796
20150313 - 12:52:01 - SyncStart - 15370804
20150313 - 12:52:34 - SyncSuccd - 0
20150313 - 12:52:34 - SyncCompt - 15452868
20150314 - 02:52:01 - SyncStart - 15452868
20150314 - 02:52:39 - SyncSuccd - 0
20150314 - 02:52:39 - SyncCompt - 15306120
20150314 - 12:52:01 - SyncStart - 15306120
20150314 - 12:52:24 - SyncSuccd - 0
20150314 - 12:52:24 - SyncCompt - 15342228
20150315 - 02:52:01 - SyncStart - 15342228
20150315 - 02:52:55 - SyncSuccd - 0
20150315 - 02:52:55 - SyncCompt - 15312816
20150315 - 12:52:01 - SyncStart - 15312816
20150315 - 12:52:08 - SyncSuccd - 0
20150315 - 12:52:08 - SyncCompt - 15312816
20150316 - 02:52:01 - SyncStart - 15312816
20150316 - 02:52:48 - SyncSuccd - 0
20150316 - 02:52:48 - SyncCompt - 15306824
20150316 - 12:52:02 - SyncStart - 15306828
20150316 - 12:52:31 - SyncSuccd - 0
20150316 - 12:52:31 - SyncCompt - 15345316
20150317 - 02:52:01 - SyncStart - 15345316
20150317 - 02:52:30 - SyncSuccd - 0
20150317 - 02:52:30 - SyncCompt - 15295384
20150317 - 12:52:01 - SyncStart - 15295384
20150317 - 12:52:08 - SyncSuccd - 0
20150317 - 12:52:08 - SyncCompt - 15295384
20150318 - 02:52:01 - SyncStart - 15295384
20150318 - 02:53:14 - SyncSuccd - 0
20150318 - 02:53:14 - SyncCompt - 15148152
20150318 - 12:52:01 - SyncStart - 15148152
20150318 - 12:53:09 - SyncSuccd - 0
20150318 - 12:53:09 - SyncCompt - 15234852
20150319 - 02:52:01 - SyncStart - 15234852
20150319 - 02:52:50 - SyncSuccd - 0
20150319 - 02:52:50 - SyncCompt - 15459264
20150319 - 12:52:01 - SyncStart - 15459276
20150319 - 12:52:20 - SyncSuccd - 0
20150319 - 12:52:20 - SyncCompt - 15005116
20150320 - 02:52:01 - SyncStart - 15005116
20150320 - 02:52:50 - SyncSuccd - 0
20150320 - 02:52:50 - SyncCompt - 15069368
20150320 - 12:52:01 - SyncStart - 15069372
20150320 - 12:52:33 - SyncSuccd - 0
20150320 - 12:52:33 - SyncCompt - 15197236
20150321 - 02:52:01 - SyncStart - 15197240
20150321 - 02:52:38 - SyncSuccd - 0
20150321 - 02:52:38 - SyncCompt - 15180300
20150321 - 12:52:01 - SyncStart - 15180300
20150321 - 12:52:46 - SyncSuccd - 0
20150321 - 12:52:46 - SyncCompt - 15366004
20150322 - 02:52:01 - SyncStart - 15366004
20150322 - 02:52:46 - SyncSuccd - 0
20150322 - 02:52:46 - SyncCompt - 15133860
20150322 - 12:52:01 - SyncStart - 15133868
20150322 - 12:52:14 - SyncSuccd - 0
20150322 - 12:52:14 - SyncCompt - 15134284
20150323 - 02:52:01 - SyncStart - 15134284
20150323 - 02:52:26 - SyncSuccd - 0
20150323 - 02:52:26 - SyncCompt - 15133864
20150323 - 12:52:01 - SyncStart - 15133864
20150323 - 12:52:08 - SyncSuccd - 0
20150323 - 12:52:08 - SyncCompt - 15133864
20150324 - 02:52:01 - SyncStart - 15133864
20150324 - 02:52:42 - SyncSuccd - 0
20150324 - 02:52:42 - SyncCompt - 15203772
20150324 - 12:52:01 - SyncStart - 15203772
20150324 - 12:52:19 - SyncSuccd - 0
20150324 - 12:52:19 - SyncCompt - 15207528
20150325 - 02:52:01 - SyncStart - 15207528
20150325 - 02:52:34 - SyncSuccd - 0
20150325 - 02:52:34 - SyncCompt - 15237692
20150325 - 12:52:01 - SyncStart - 15237692
20150325 - 12:52:08 - SyncSuccd - 0
20150325 - 12:52:08 - SyncCompt - 15237692
20150326 - 02:52:01 - SyncStart - 15237692
20150326 - 02:52:44 - SyncSuccd - 0
20150326 - 02:52:44 - SyncCompt - 15485232
20150326 - 12:52:01 - SyncStart - 15485248
20150326 - 12:52:24 - SyncSuccd - 0
20150326 - 12:52:24 - SyncCompt - 15215288
20150327 - 02:52:01 - SyncStart - 15215288
20150327 - 02:52:42 - SyncSuccd - 0
20150327 - 02:52:42 - SyncCompt - 15169708
20150327 - 12:52:01 - SyncStart - 15169716
20150327 - 12:52:27 - SyncSuccd - 0
20150327 - 12:52:27 - SyncCompt - 15241236
20150328 - 02:52:01 - SyncStart - 15241236
20150328 - 02:52:42 - SyncSuccd - 0
20150328 - 02:52:42 - SyncCompt - 15252948
20150328 - 12:52:01 - SyncStart - 15252948
20150328 - 12:52:08 - SyncSuccd - 0
20150328 - 12:52:08 - SyncCompt - 15252948
20150329 - 02:52:01 - SyncStart - 15252948
20150329 - 02:52:31 - SyncSuccd - 0
20150329 - 02:52:31 - SyncCompt - 15222820
20150329 - 12:52:01 - SyncStart - 15222820
20150329 - 12:52:08 - SyncSuccd - 0
20150329 - 12:52:08 - SyncCompt - 15222820
20150330 - 02:52:01 - SyncStart - 15222820
20150330 - 02:52:30 - SyncSuccd - 0
20150330 - 02:52:30 - SyncCompt - 15199956
20150330 - 12:52:01 - SyncStart - 15199956
20150330 - 12:52:47 - SyncSuccd - 0
20150330 - 12:52:47 - SyncCompt - 15200160
20150331 - 02:52:01 - SyncStart - 15200160
20150331 - 02:52:26 - SyncSuccd - 0
20150331 - 02:52:26 - SyncCompt - 15223300
20150331 - 12:52:01 - SyncStart - 15223300
20150331 - 12:52:08 - SyncSuccd - 0
20150331 - 12:52:08 - SyncCompt - 15223300
20150401 - 02:52:01 - SyncStart - 15223300
20150401 - 02:52:35 - SyncSuccd - 0
20150401 - 02:52:35 - SyncCompt - 15323460
20150401 - 12:52:02 - SyncStart - 15323460
20150401 - 12:52:08 - SyncSuccd - 0
20150401 - 12:52:08 - SyncCompt - 15323460
20150402 - 02:52:01 - SyncStart - 15323460
20150402 - 02:52:49 - SyncSuccd - 0
20150402 - 02:52:49 - SyncCompt - 15199920
20150402 - 12:52:01 - SyncStart - 15199920
20150402 - 12:52:09 - SyncSuccd - 0
20150402 - 12:52:09 - SyncCompt - 15199920
20150403 - 02:52:01 - SyncStart - 15199920
20150403 - 02:52:35 - SyncSuccd - 0
20150403 - 02:52:35 - SyncCompt - 15171616
20150403 - 12:52:01 - SyncStart - 15171620
20150403 - 12:52:29 - SyncSuccd - 0
20150403 - 12:52:29 - SyncCompt - 15212648
20150404 - 02:52:01 - SyncStart - 15212648
20150404 - 02:52:24 - SyncSuccd - 0
20150404 - 02:52:24 - SyncCompt - 15218108
20150404 - 12:52:01 - SyncStart - 15218108
20150404 - 12:52:17 - SyncSuccd - 0
20150404 - 12:52:17 - SyncCompt - 15223580
20150405 - 02:52:01 - SyncStart - 15223580
20150405 - 02:52:43 - SyncSuccd - 0
20150405 - 02:52:43 - SyncCompt - 15217528
20150405 - 12:52:01 - SyncStart - 15217528
20150405 - 12:52:27 - SyncSuccd - 0
20150405 - 12:52:27 - SyncCompt - 15217704
20150406 - 02:52:01 - SyncStart - 15217704
20150406 - 02:52:33 - SyncSuccd - 0
20150406 - 02:52:33 - SyncCompt - 15173152
20150406 - 12:52:01 - SyncStart - 15173156
20150406 - 12:52:07 - SyncSuccd - 0
20150406 - 12:52:07 - SyncCompt - 15173156
20150407 - 02:52:01 - SyncStart - 15173156
20150407 - 02:52:47 - SyncSuccd - 0
20150407 - 02:52:47 - SyncCompt - 15487084
20150407 - 12:52:01 - SyncStart - 15487084
20150407 - 12:57:33 - SyncSuccd - 0
20150407 - 12:57:33 - SyncCompt - 15606044
20150408 - 02:52:01 - SyncStart - 15606044
20150408 - 02:53:07 - SyncSuccd - 0
20150408 - 02:53:07 - SyncCompt - 15478236
20150408 - 12:52:01 - SyncStart - 15478236
20150408 - 12:52:19 - SyncSuccd - 0
20150408 - 12:52:19 - SyncCompt - 15482508
20150409 - 02:52:01 - SyncStart - 15482508
20150409 - 02:52:42 - SyncSuccd - 0
20150409 - 02:52:42 - SyncCompt - 15542588
20150409 - 12:52:02 - SyncStart - 15542592
20150409 - 12:52:35 - SyncSuccd - 0
20150409 - 12:52:35 - SyncCompt - 15623868
20150410 - 02:52:01 - SyncStart - 15623868
20150410 - 02:52:49 - SyncSuccd - 0
20150410 - 02:52:49 - SyncCompt - 15590780
20150410 - 12:52:01 - SyncStart - 15590788
20150410 - 12:52:29 - SyncSuccd - 0
20150410 - 12:52:29 - SyncCompt - 15660292
20150411 - 02:52:01 - SyncStart - 15660292
20150411 - 02:52:41 - SyncSuccd - 0
20150411 - 02:52:41 - SyncCompt - 15506488
20150411 - 12:52:01 - SyncStart - 15506496
20150411 - 12:52:08 - SyncSuccd - 0
20150411 - 12:52:08 - SyncCompt - 15506496
20150412 - 02:52:01 - SyncStart - 15506496
20150412 - 02:52:11 - SyncSuccd - 0
20150412 - 02:52:11 - SyncCompt - 15505604
20150412 - 12:52:01 - SyncStart - 15505604
20150412 - 12:52:17 - SyncSuccd - 0
20150412 - 12:52:17 - SyncCompt - 15506364
20150413 - 02:52:01 - SyncStart - 15506364
20150413 - 02:52:07 - SyncSuccd - 0
20150413 - 02:52:07 - SyncCompt - 15506364
20150413 - 12:52:01 - SyncStart - 15506364
20150413 - 12:52:08 - SyncSuccd - 0
20150413 - 12:52:08 - SyncCompt - 15506364
20150414 - 02:52:01 - SyncStart - 15506364
20150414 - 02:52:07 - SyncSuccd - 0
20150414 - 02:52:07 - SyncCompt - 15506364
20150414 - 12:52:01 - SyncStart - 15506364
20150414 - 12:52:16 - SyncSuccd - 0
20150414 - 12:52:16 - SyncCompt - 15506624
20150415 - 02:52:01 - SyncStart - 15506624
20150415 - 02:52:17 - SyncSuccd - 0
20150415 - 02:52:17 - SyncCompt - 15506732
20150415 - 12:52:01 - SyncStart - 15506732
20150415 - 12:52:38 - SyncSuccd - 0
20150415 - 12:52:38 - SyncCompt - 15642452
20150416 - 02:52:01 - SyncStart - 15642452
20150416 - 02:52:21 - SyncSuccd - 0
20150416 - 02:52:21 - SyncCompt - 15505116
20150416 - 12:52:01 - SyncStart - 15505116
20150416 - 12:52:31 - SyncSuccd - 0
20150416 - 12:52:31 - SyncCompt - 15572772
20150417 - 02:52:01 - SyncStart - 15572772
20150417 - 02:52:11 - SyncSuccd - 0
20150417 - 02:52:11 - SyncCompt - 15504348
20150417 - 12:52:01 - SyncStart - 15504348
20150417 - 12:52:02 - SyncError - 10
20150417 - 12:52:02 - SyncCompt - 15504348
20150418 - 02:52:01 - SyncStart - 15504348
20150418 - 02:52:01 - SyncError - 10
20150418 - 02:52:02 - SyncCompt - 15504348
20150418 - 12:52:01 - SyncStart - 15504348
20150418 - 12:52:02 - SyncError - 10
20150418 - 12:52:02 - SyncCompt - 15504348
20150419 - 02:52:01 - SyncStart - 15504348
20150419 - 02:52:01 - SyncError - 10
20150419 - 02:52:02 - SyncCompt - 15504348
20150419 - 09:00:53 - SyncStart - 15504348
20150419 - 09:00:54 - SyncError - 10
20150419 - 09:00:54 - SyncCompt - 15504348
20150419 - 09:01:07 - SyncStart - 15504348
20150419 - 09:01:08 - SyncError - 10
20150419 - 09:01:08 - SyncCompt - 15504348
20150419 - 12:52:01 - SyncStart - 15504348
20150419 - 12:52:02 - SyncError - 10
20150419 - 12:52:02 - SyncCompt - 15504348
20150419 - 15:59:23 - SyncStart - 15504348
20150419 - 16:04:33 - SyncSuccd - 0
20150419 - 16:04:33 - SyncCompt - 15771432
20150420 - 02:52:01 - SyncStart - 15771432
20150420 - 02:54:10 - SyncSuccd - 0
20150420 - 02:54:10 - SyncCompt - 15885368
20150420 - 12:52:01 - SyncStart - 15885368
20150420 - 12:53:34 - SyncSuccd - 0
20150420 - 12:53:34 - SyncCompt - 15936488
20150421 - 02:52:01 - SyncStart - 15936488
20150421 - 02:52:41 - SyncSuccd - 0
20150421 - 02:52:41 - SyncCompt - 15938732
20150421 - 12:52:01 - SyncStart - 15938736
20150421 - 12:52:33 - SyncSuccd - 0
20150421 - 12:52:33 - SyncCompt - 15981288
20150422 - 02:52:01 - SyncStart - 15981288
20150422 - 02:52:35 - SyncSuccd - 0
20150422 - 02:52:35 - SyncCompt - 16000248
20150422 - 12:52:01 - SyncStart - 16000248
20150422 - 12:52:08 - SyncSuccd - 0
20150422 - 12:52:08 - SyncCompt - 16000248
20150423 - 02:52:01 - SyncStart - 16000248
20150423 - 02:52:53 - SyncSuccd - 0
20150423 - 02:52:53 - SyncCompt - 16094124
20150423 - 12:52:01 - SyncStart - 16094128
20150423 - 12:52:09 - SyncSuccd - 0
20150423 - 12:52:09 - SyncCompt - 16094128
20150424 - 02:52:01 - SyncStart - 16094128
20150424 - 02:55:19 - SyncSuccd - 0
20150424 - 02:55:19 - SyncCompt - 15987268
20150424 - 12:52:01 - SyncStart - 15987268
20150424 - 12:53:36 - SyncSuccd - 0
20150424 - 12:53:36 - SyncCompt - 16107280
20150425 - 02:52:01 - SyncStart - 16107280
20150425 - 02:52:19 - SyncSuccd - 0
20150425 - 02:52:19 - SyncCompt - 16002104
20150425 - 12:52:01 - SyncStart - 16002104
20150425 - 12:52:22 - SyncSuccd - 0
20150425 - 12:52:22 - SyncCompt - 16043728
20150426 - 02:52:01 - SyncStart - 16043728
20150426 - 02:53:20 - SyncSuccd - 0
20150426 - 02:53:20 - SyncCompt - 16159372
20150426 - 12:52:02 - SyncStart - 16159376
20150426 - 12:52:10 - SyncSuccd - 0
20150426 - 12:52:10 - SyncCompt - 16159376
20150427 - 02:52:01 - SyncStart - 16159376
20150427 - 02:52:33 - SyncSuccd - 0
20150427 - 02:52:33 - SyncCompt - 16241952
20150427 - 12:52:01 - SyncStart - 16241952
20150427 - 12:52:22 - SyncSuccd - 0
20150427 - 12:52:22 - SyncCompt - 16283600
20150428 - 02:52:01 - SyncStart - 16283600
20150428 - 02:52:23 - SyncSuccd - 0
20150428 - 02:52:23 - SyncCompt - 16159296
20150428 - 12:52:01 - SyncStart - 16159296
20150428 - 12:52:08 - SyncSuccd - 0
20150428 - 12:52:08 - SyncCompt - 16159296
20150429 - 02:52:01 - SyncStart - 16159296
20150429 - 02:53:20 - SyncSuccd - 0
20150429 - 02:53:20 - SyncCompt - 16162908
20150429 - 12:52:01 - SyncStart - 16162908
20150429 - 12:52:17 - SyncSuccd - 0
20150429 - 12:52:17 - SyncCompt - 16163520
20150430 - 02:52:01 - SyncStart - 16163520
20150430 - 02:55:16 - SyncSuccd - 0
20150430 - 02:55:16 - SyncCompt - 16090616
20150430 - 12:52:01 - SyncStart - 16090616
20150430 - 12:52:09 - SyncSuccd - 0
20150430 - 12:52:09 - SyncCompt - 16090616
20150501 - 02:52:01 - SyncStart - 16090616
20150501 - 02:52:06 - SyncSuccd - 0
20150501 - 02:52:06 - SyncCompt - 16090616
20150501 - 12:52:01 - SyncStart - 16090616
20150501 - 12:52:06 - SyncSuccd - 0
20150501 - 12:52:06 - SyncCompt - 16090616
20150502 - 02:52:01 - SyncStart - 16090616
20150502 - 02:52:33 - SyncSuccd - 0
20150502 - 02:52:33 - SyncCompt - 16087504
20150502 - 12:52:01 - SyncStart - 16087504
20150502 - 12:52:32 - SyncSuccd - 0
20150502 - 12:52:32 - SyncCompt - 16223632
20150503 - 02:52:01 - SyncStart - 16223632
20150503 - 02:52:32 - SyncSuccd - 0
20150503 - 02:52:32 - SyncCompt - 16351996
20150503 - 12:52:01 - SyncStart - 16351996
20150503 - 12:52:07 - SyncSuccd - 0
20150503 - 12:52:07 - SyncCompt - 16095780
20150504 - 02:52:01 - SyncStart - 16095780
20150504 - 02:52:59 - SyncSuccd - 0
20150504 - 02:52:59 - SyncCompt - 16106172
20150504 - 12:52:01 - SyncStart - 16106172
20150504 - 12:52:12 - SyncSuccd - 0
20150504 - 12:52:12 - SyncCompt - 16106860
20150505 - 02:52:01 - SyncStart - 16106860
20150505 - 02:52:08 - SyncSuccd - 0
20150505 - 02:52:08 - SyncCompt - 16106860
20150505 - 12:52:01 - SyncStart - 16106860
20150505 - 12:52:07 - SyncSuccd - 0
20150505 - 12:52:08 - SyncCompt - 16106176
20150506 - 02:52:01 - SyncStart - 16106176
20150506 - 02:52:08 - SyncSuccd - 0
20150506 - 02:52:08 - SyncCompt - 16106176
20150506 - 12:52:01 - SyncStart - 16106176
20150506 - 12:52:07 - SyncSuccd - 0
20150506 - 12:52:07 - SyncCompt - 16106176
20150507 - 02:52:01 - SyncStart - 16106176
20150507 - 02:52:30 - SyncSuccd - 0
20150507 - 02:52:30 - SyncCompt - 16106324
20150507 - 12:52:01 - SyncStart - 16106324
20150507 - 12:52:08 - SyncSuccd - 0
20150507 - 12:52:08 - SyncCompt - 16106324
20150508 - 02:52:02 - SyncStart - 16106324
20150508 - 02:52:54 - SyncSuccd - 0
20150508 - 02:52:54 - SyncCompt - 15917720
20150508 - 12:52:01 - SyncStart - 15917720
20150508 - 12:52:30 - SyncSuccd - 0
20150508 - 12:52:30 - SyncCompt - 16050372
20150509 - 02:52:01 - SyncStart - 16050372
20150509 - 02:52:49 - SyncSuccd - 0
20150509 - 02:52:49 - SyncCompt - 15556104
20150509 - 12:52:01 - SyncStart - 15556112
20150509 - 12:52:16 - SyncSuccd - 0
20150509 - 12:52:16 - SyncCompt - 15557476
20150510 - 02:52:01 - SyncStart - 15557476
20150510 - 02:52:52 - SyncSuccd - 0
20150510 - 02:52:52 - SyncCompt - 15897204
20150510 - 12:52:01 - SyncStart - 15897216
20150510 - 12:52:06 - SyncSuccd - 0
20150510 - 12:52:06 - SyncCompt - 15605276
20150511 - 02:52:01 - SyncStart - 15605276
20150511 - 02:52:33 - SyncSuccd - 0
20150511 - 02:52:33 - SyncCompt - 15605892
20150511 - 12:52:01 - SyncStart - 15605892
20150511 - 12:52:52 - SyncSuccd - 0
20150511 - 12:52:52 - SyncCompt - 15764244
20150512 - 02:52:01 - SyncStart - 15764248
20150512 - 02:52:37 - SyncSuccd - 0
20150512 - 02:52:37 - SyncCompt - 15615160
20150512 - 12:52:01 - SyncStart - 15615164
20150512 - 12:52:28 - SyncSuccd - 0
20150512 - 12:52:28 - SyncCompt - 15663668
20150513 - 02:52:01 - SyncStart - 15663668
20150513 - 02:52:47 - SyncSuccd - 0
20150513 - 02:52:47 - SyncCompt - 15614824
20150513 - 12:52:01 - SyncStart - 15614828
20150513 - 12:52:41 - SyncSuccd - 0
20150513 - 12:52:41 - SyncCompt - 15886924
20150514 - 02:52:01 - SyncStart - 15886928
20150514 - 02:52:55 - SyncSuccd - 0
20150514 - 02:52:55 - SyncCompt - 16262888
20150514 - 12:52:01 - SyncStart - 16262888
20150514 - 12:52:31 - SyncSuccd - 0
20150514 - 12:52:31 - SyncCompt - 15753784
20150515 - 02:52:01 - SyncStart - 15753784
20150515 - 02:52:27 - SyncSuccd - 0
20150515 - 02:52:27 - SyncCompt - 15622216
20150515 - 12:52:01 - SyncStart - 15622216
20150515 - 12:52:33 - SyncSuccd - 0
20150515 - 12:52:33 - SyncCompt - 15758640
20150516 - 02:52:01 - SyncStart - 15758640
20150516 - 02:53:07 - SyncSuccd - 0
20150516 - 02:53:07 - SyncCompt - 15713636
20150516 - 12:52:01 - SyncStart - 15713636
20150516 - 12:52:37 - SyncSuccd - 0
20150516 - 12:52:37 - SyncCompt - 15844904
20150517 - 02:52:01 - SyncStart - 15844904
20150517 - 02:52:41 - SyncSuccd - 0
20150517 - 02:52:41 - SyncCompt - 15685464
20150517 - 12:52:01 - SyncStart - 15685464
20150517 - 12:52:14 - SyncSuccd - 0
20150517 - 12:52:14 - SyncCompt - 15690464
20150518 - 02:52:01 - SyncStart - 15690464
20150518 - 02:52:23 - SyncSuccd - 0
20150518 - 02:52:23 - SyncCompt - 15686524
20150518 - 12:52:01 - SyncStart - 15686524
20150518 - 12:52:25 - SyncSuccd - 0
20150518 - 12:52:25 - SyncCompt - 15730396
20150519 - 02:52:01 - SyncStart - 15730396
20150519 - 02:52:22 - SyncSuccd - 0
20150519 - 02:52:22 - SyncCompt - 15597532
20150519 - 12:52:01 - SyncStart - 15597532
20150519 - 12:52:33 - SyncSuccd - 0
20150519 - 12:52:33 - SyncCompt - 15674744
20150520 - 02:52:01 - SyncStart - 15674748
20150520 - 02:52:37 - SyncSuccd - 0
20150520 - 02:52:37 - SyncCompt - 15602716
20150520 - 12:52:01 - SyncStart - 15602728
20150520 - 12:52:36 - SyncSuccd - 0
20150520 - 12:52:36 - SyncCompt - 15754516
20150521 - 02:52:01 - SyncStart - 15754520
20150521 - 02:52:39 - SyncSuccd - 0
20150521 - 02:52:39 - SyncCompt - 15301444
20150521 - 12:52:01 - SyncStart - 15301444
20150521 - 12:52:28 - SyncSuccd - 0
20150521 - 12:52:29 - SyncCompt - 15397664
20150522 - 02:52:01 - SyncStart - 15397668
20150522 - 02:52:31 - SyncSuccd - 0
20150522 - 02:52:31 - SyncCompt - 15303232
20150522 - 12:52:01 - SyncStart - 15303232
20150522 - 12:52:25 - SyncSuccd - 0
20150522 - 12:52:25 - SyncCompt - 15393536
20150523 - 02:52:01 - SyncStart - 15393540
20150523 - 02:52:26 - SyncSuccd - 0
20150523 - 02:52:27 - SyncCompt - 15306372
20150523 - 12:52:01 - SyncStart - 15306372
20150523 - 12:52:15 - SyncSuccd - 0
20150523 - 12:52:15 - SyncCompt - 15326040
20150524 - 02:52:02 - SyncStart - 15326040
20150524 - 02:52:41 - SyncSuccd - 0
20150524 - 02:52:41 - SyncCompt - 15305900
20150524 - 12:52:01 - SyncStart - 15305900
20150524 - 12:52:24 - SyncSuccd - 0
20150524 - 12:52:24 - SyncCompt - 15343760
20150525 - 02:52:01 - SyncStart - 15343760
20150525 - 02:52:42 - SyncSuccd - 0
20150525 - 02:52:42 - SyncCompt - 15306040
20150525 - 12:52:01 - SyncStart - 15306040
20150525 - 12:52:18 - SyncSuccd - 0
20150525 - 12:52:18 - SyncCompt - 15344908
20150526 - 02:52:01 - SyncStart - 15344908
20150526 - 02:52:12 - SyncSuccd - 0
20150526 - 02:52:12 - SyncCompt - 15300764
20150526 - 12:52:01 - SyncStart - 15300764
20150526 - 12:52:25 - SyncSuccd - 0
20150526 - 12:52:25 - SyncCompt - 15339160
20150527 - 02:52:02 - SyncStart - 15339160
20150527 - 02:52:52 - SyncSuccd - 0
20150527 - 02:52:52 - SyncCompt - 15372124
20150527 - 12:52:02 - SyncStart - 15372124
20150527 - 12:52:26 - SyncSuccd - 0
20150527 - 12:52:26 - SyncCompt - 15411456
20150528 - 02:52:01 - SyncStart - 15411456
20150528 - 02:52:26 - SyncSuccd - 0
20150528 - 02:52:26 - SyncCompt - 15372604
20150528 - 12:52:01 - SyncStart - 15372604
20150528 - 12:52:20 - SyncSuccd - 0
20150528 - 12:52:20 - SyncCompt - 15412064
20150529 - 02:52:01 - SyncStart - 15412064
20150529 - 04:17:09 - SyncSuccd - 0
20150529 - 04:17:10 - SyncCompt - 15375224
20150529 - 12:52:01 - SyncStart - 15375224
20150529 - 13:45:39 - SyncSuccd - 0
20150529 - 13:45:39 - SyncCompt - 15423620
20150530 - 02:52:01 - SyncStart - 15423620
20150530 - 02:52:27 - SyncSuccd - 0
20150530 - 02:52:27 - SyncCompt - 15373472
20150530 - 12:52:01 - SyncStart - 15373476
20150530 - 12:52:20 - SyncSuccd - 0
20150530 - 12:52:20 - SyncCompt - 15417244
20150531 - 02:52:02 - SyncStart - 15417244
20150531 - 02:52:36 - SyncSuccd - 0
20150531 - 02:52:36 - SyncCompt - 15364616
20150531 - 12:52:01 - SyncStart - 15364616
20150531 - 12:52:19 - SyncSuccd - 0
20150531 - 12:52:19 - SyncCompt - 15404680
20150601 - 02:52:01 - SyncStart - 15404680
20150601 - 02:52:16 - SyncSuccd - 0
20150601 - 02:52:16 - SyncCompt - 15366332
20150601 - 12:52:01 - SyncStart - 15366332
20150601 - 12:52:35 - SyncSuccd - 0
20150601 - 12:52:35 - SyncCompt - 15496316
20150602 - 02:52:01 - SyncStart - 15496316
20150602 - 02:52:34 - SyncSuccd - 0
20150602 - 02:52:34 - SyncCompt - 15370552
20150602 - 12:52:01 - SyncStart - 15370552
20150602 - 12:52:31 - SyncSuccd - 0
20150602 - 12:52:31 - SyncCompt - 15415200
20150603 - 02:52:01 - SyncStart - 15415200
20150603 - 02:52:38 - SyncSuccd - 0
20150603 - 02:52:38 - SyncCompt - 15409056
20150603 - 12:52:01 - SyncStart - 15409056
20150603 - 12:52:08 - SyncSuccd - 0
20150603 - 12:52:08 - SyncCompt - 15409056
20150604 - 02:52:01 - SyncStart - 15409056
20150604 - 02:52:27 - SyncSuccd - 0
20150604 - 02:52:27 - SyncCompt - 15370792
20150604 - 12:52:01 - SyncStart - 15370800
20150604 - 12:52:28 - SyncSuccd - 0
20150604 - 12:52:28 - SyncCompt - 15410628
20150605 - 02:52:01 - SyncStart - 15410628
20150605 - 02:52:34 - SyncSuccd - 0
20150605 - 02:52:34 - SyncCompt - 15380932
20150605 - 12:52:01 - SyncStart - 15380932
20150605 - 12:52:34 - SyncSuccd - 0
20150605 - 12:52:34 - SyncCompt - 15484692
20150606 - 02:52:01 - SyncStart - 15484692
20150606 - 02:52:32 - SyncSuccd - 0
20150606 - 02:52:32 - SyncCompt - 15394092
20150606 - 12:52:01 - SyncStart - 15394092
20150606 - 12:52:30 - SyncSuccd - 0
20150606 - 12:52:30 - SyncCompt - 15445164
20150607 - 02:52:02 - SyncStart - 15445168
20150607 - 02:52:40 - SyncSuccd - 0
20150607 - 02:52:40 - SyncCompt - 15410868
20150607 - 12:52:01 - SyncStart - 15410872
20150607 - 12:52:30 - SyncSuccd - 0
20150607 - 12:52:30 - SyncCompt - 15475180
20150608 - 02:52:01 - SyncStart - 15475180
20150608 - 02:52:25 - SyncSuccd - 0
20150608 - 02:52:25 - SyncCompt - 15342528
20150608 - 12:52:01 - SyncStart - 15342528
20150608 - 12:52:23 - SyncSuccd - 0
20150608 - 12:52:23 - SyncCompt - 15384104
20150609 - 02:52:01 - SyncStart - 15384108
20150609 - 02:52:36 - SyncSuccd - 0
20150609 - 02:52:36 - SyncCompt - 15345576
20150609 - 12:52:01 - SyncStart - 15345576
20150609 - 12:52:28 - SyncSuccd - 0
20150609 - 12:52:28 - SyncCompt - 15403436
20150610 - 02:52:01 - SyncStart - 15403436
20150610 - 02:52:38 - SyncSuccd - 0
20150610 - 02:52:38 - SyncCompt - 15343924
20150610 - 12:52:01 - SyncStart - 15343924
20150610 - 12:52:28 - SyncSuccd - 0
20150610 - 12:52:28 - SyncCompt - 15401596
20150611 - 02:52:01 - SyncStart - 15401596
20150611 - 02:52:38 - SyncSuccd - 0
20150611 - 02:52:38 - SyncCompt - 15346292
20150611 - 12:52:01 - SyncStart - 15346296
20150611 - 12:52:25 - SyncSuccd - 0
20150611 - 12:52:25 - SyncCompt - 15415360
20150612 - 02:52:01 - SyncStart - 15415364
20150612 - 02:52:52 - SyncSuccd - 0
20150612 - 02:52:52 - SyncCompt - 15452408
20150612 - 12:52:01 - SyncStart - 15452412
20150612 - 12:52:06 - SyncSuccd - 0
20150612 - 12:52:06 - SyncCompt - 15452412
20150613 - 02:52:01 - SyncStart - 15452412
20150613 - 02:52:33 - SyncSuccd - 0
20150613 - 02:52:33 - SyncCompt - 15349840
20150613 - 12:52:01 - SyncStart - 15349840
20150613 - 12:52:37 - SyncSuccd - 0
20150613 - 12:52:37 - SyncCompt - 15489720
20150614 - 02:52:02 - SyncStart - 15489724
20150614 - 02:52:59 - SyncSuccd - 0
20150614 - 02:52:59 - SyncCompt - 15355500
20150614 - 12:52:01 - SyncStart - 15355504
20150614 - 12:52:32 - SyncSuccd - 0
20150614 - 12:52:32 - SyncCompt - 15497264
20150615 - 02:52:01 - SyncStart - 15497268
20150615 - 02:52:32 - SyncSuccd - 0
20150615 - 02:52:32 - SyncCompt - 15354420
20150615 - 12:52:02 - SyncStart - 15354420
20150615 - 12:52:32 - SyncSuccd - 0
20150615 - 12:52:32 - SyncCompt - 15393068
20150616 - 02:52:01 - SyncStart - 15393072
20150616 - 02:53:48 - SyncSuccd - 0
20150616 - 02:53:48 - SyncCompt - 15403204
20150616 - 12:52:01 - SyncStart - 15403208
20150616 - 12:52:52 - SyncSuccd - 0
20150616 - 12:52:52 - SyncCompt - 15599024
20150617 - 02:52:02 - SyncStart - 15599032
20150617 - 02:52:35 - SyncSuccd - 0
20150617 - 02:52:35 - SyncCompt - 15490000
20150617 - 12:52:01 - SyncStart - 15490008
20150617 - 12:52:08 - SyncSuccd - 0
20150617 - 12:52:08 - SyncCompt - 15490008
20150618 - 02:52:02 - SyncStart - 15490008
20150618 - 02:52:33 - SyncSuccd - 0
20150618 - 02:52:33 - SyncCompt - 15451136
20150618 - 12:52:01 - SyncStart - 15451144
20150618 - 12:52:08 - SyncSuccd - 0
20150618 - 12:52:08 - SyncCompt - 15451144
20150619 - 02:52:01 - SyncStart - 15451144
20150619 - 02:52:43 - SyncSuccd - 0
20150619 - 02:52:43 - SyncCompt - 15439960
20150619 - 12:52:01 - SyncStart - 15439964
20150619 - 12:52:29 - SyncSuccd - 0
20150619 - 12:52:29 - SyncCompt - 15493164
20150620 - 02:52:01 - SyncStart - 15493168
20150620 - 02:52:18 - SyncSuccd - 0
20150620 - 02:52:18 - SyncCompt - 15444032
20150620 - 12:52:01 - SyncStart - 15444032
20150620 - 12:52:35 - SyncSuccd - 0
20150620 - 12:52:35 - SyncCompt - 15568884
20150621 - 02:52:01 - SyncStart - 15568896
20150621 - 02:52:35 - SyncSuccd - 0
20150621 - 02:52:35 - SyncCompt - 15451504
20150621 - 12:52:01 - SyncStart - 15451512
20150621 - 12:52:08 - SyncSuccd - 0
20150621 - 12:52:08 - SyncCompt - 15451512
20150622 - 02:52:02 - SyncStart - 15451512
20150622 - 02:52:17 - SyncSuccd - 0
20150622 - 02:52:17 - SyncCompt - 15445324
20150622 - 12:52:02 - SyncStart - 15445324
20150622 - 12:52:33 - SyncSuccd - 0
20150622 - 12:52:33 - SyncCompt - 15588452
20150623 - 02:52:02 - SyncStart - 15588452
20150623 - 02:53:02 - SyncSuccd - 0
20150623 - 02:53:02 - SyncCompt - 15512176
20150623 - 12:52:01 - SyncStart - 15512184
20150623 - 12:52:06 - SyncSuccd - 0
20150623 - 12:52:06 - SyncCompt - 15512184
20150624 - 02:52:01 - SyncStart - 15512184
20150624 - 02:52:38 - SyncSuccd - 0
20150624 - 02:52:38 - SyncCompt - 15262020
20150624 - 12:52:02 - SyncStart - 15262024
20150624 - 12:52:42 - SyncSuccd - 0
20150624 - 12:52:42 - SyncCompt - 15428548
20150625 - 02:52:01 - SyncStart - 15428564
20150625 - 02:53:00 - SyncSuccd - 0
20150625 - 02:53:00 - SyncCompt - 15303300
20150625 - 12:52:01 - SyncStart - 15303308
20150625 - 12:52:10 - SyncSuccd - 0
20150625 - 12:52:10 - SyncCompt - 15303628
20150626 - 02:52:01 - SyncStart - 15303628
20150626 - 02:52:23 - SyncSuccd - 0
20150626 - 02:52:23 - SyncCompt - 15265708
20150626 - 12:52:01 - SyncStart - 15265708
20150626 - 12:52:36 - SyncSuccd - 0
20150626 - 12:52:36 - SyncCompt - 15414060
20150627 - 02:52:02 - SyncStart - 15414064
20150627 - 02:52:15 - SyncSuccd - 0
20150627 - 02:52:15 - SyncCompt - 15269440
20150627 - 12:52:02 - SyncStart - 15269440
20150627 - 12:52:43 - SyncSuccd - 0
20150627 - 12:52:43 - SyncCompt - 15314708
20150628 - 02:52:02 - SyncStart - 15314708
20150628 - 02:52:36 - SyncSuccd - 0
20150628 - 02:52:36 - SyncCompt - 15319424
20150628 - 12:52:01 - SyncStart - 15319428
20150628 - 12:52:09 - SyncSuccd - 0
20150628 - 12:52:09 - SyncCompt - 15319428
20150629 - 02:52:01 - SyncStart - 15319428
20150629 - 02:52:21 - SyncSuccd - 0
20150629 - 02:52:21 - SyncCompt - 15336572
20150629 - 12:52:02 - SyncStart - 15336572
20150629 - 12:52:24 - SyncSuccd - 0
20150629 - 12:52:24 - SyncCompt - 15310620
20150630 - 02:52:02 - SyncStart - 15310620
20150630 - 02:52:33 - SyncSuccd - 0
20150630 - 02:52:33 - SyncCompt - 15271296
20150630 - 12:52:02 - SyncStart - 15271300
20150630 - 12:52:39 - SyncSuccd - 0
20150630 - 12:52:39 - SyncCompt - 15415832
20150701 - 02:52:01 - SyncStart - 15415844
20150701 - 03:18:36 - SyncSuccd - 0
20150701 - 03:18:36 - SyncCompt - 15860548
20150701 - 12:52:01 - SyncStart - 15860548
20150701 - 13:47:20 - SyncSuccd - 0
20150701 - 13:47:20 - SyncCompt - 16000812
20150702 - 02:52:02 - SyncStart - 16000812
20150702 - 02:54:02 - SyncSuccd - 0
20150702 - 02:54:02 - SyncCompt - 15312352
20150702 - 12:52:01 - SyncStart - 15312352
20150702 - 12:52:07 - SyncSuccd - 0
20150702 - 12:52:07 - SyncCompt - 15312352
20150703 - 02:52:01 - SyncStart - 15312352
20150703 - 02:52:18 - SyncSuccd - 0
20150703 - 02:52:18 - SyncCompt - 15197516
20150703 - 12:52:02 - SyncStart - 15197516
20150703 - 12:53:05 - SyncSuccd - 0
20150703 - 12:53:05 - SyncCompt - 15344804
20150704 - 02:52:02 - SyncStart - 15344804
20150704 - 02:52:58 - SyncSuccd - 0
20150704 - 02:52:58 - SyncCompt - 15355532
20150704 - 12:52:02 - SyncStart - 15355536
20150704 - 12:52:09 - SyncSuccd - 0
20150704 - 12:52:09 - SyncCompt - 15355536
20150705 - 02:52:01 - SyncStart - 15355536
20150705 - 02:52:22 - SyncSuccd - 0
20150705 - 02:52:22 - SyncCompt - 15304664
20150705 - 12:52:01 - SyncStart - 15304664
20150705 - 12:52:42 - SyncSuccd - 0
20150705 - 12:52:42 - SyncCompt - 15456980
20150706 - 02:52:01 - SyncStart - 15456984
20150706 - 02:53:04 - SyncSuccd - 0
20150706 - 02:53:04 - SyncCompt - 15311576
20150706 - 12:52:01 - SyncStart - 15311584
20150706 - 12:52:10 - SyncSuccd - 0
20150706 - 12:52:10 - SyncCompt - 15311584
20150707 - 02:52:01 - SyncStart - 15311584
20150707 - 02:52:35 - SyncSuccd - 0
20150707 - 02:52:35 - SyncCompt - 15303376
20150707 - 12:52:01 - SyncStart - 15303380
20150707 - 12:52:34 - SyncSuccd - 0
20150707 - 12:52:34 - SyncCompt - 15441624
20150708 - 02:52:01 - SyncStart - 15441632
20150708 - 02:52:41 - SyncSuccd - 0
20150708 - 02:52:41 - SyncCompt - 15303616
20150708 - 12:52:02 - SyncStart - 15303624
20150708 - 12:52:38 - SyncSuccd - 0
20150708 - 12:52:38 - SyncCompt - 15441568
20150709 - 02:52:01 - SyncStart - 15441580
20150709 - 02:52:33 - SyncSuccd - 0
20150709 - 02:52:33 - SyncCompt - 15343100
20150709 - 12:52:01 - SyncStart - 15343108
20150709 - 12:52:06 - SyncSuccd - 0
20150709 - 12:52:06 - SyncCompt - 15343108
20150710 - 02:52:01 - SyncStart - 15343108
20150710 - 02:52:36 - SyncSuccd - 0
20150710 - 02:52:36 - SyncCompt - 15308800
20150710 - 12:52:02 - SyncStart - 15308808
20150710 - 12:52:41 - SyncSuccd - 0
20150710 - 12:52:41 - SyncCompt - 15353496
20150711 - 02:52:02 - SyncStart - 15353504
20150711 - 02:52:34 - SyncSuccd - 0
20150711 - 02:52:34 - SyncCompt - 15410096
20150711 - 12:52:02 - SyncStart - 15410108
20150711 - 12:52:25 - SyncSuccd - 0
20150711 - 12:52:25 - SyncCompt - 15331624
20150712 - 02:52:01 - SyncStart - 15331624
20150712 - 02:53:55 - SyncSuccd - 0
20150712 - 02:53:55 - SyncCompt - 15391568
20150712 - 12:52:01 - SyncStart - 15391572
20150712 - 12:52:08 - SyncSuccd - 0
20150712 - 12:52:08 - SyncCompt - 15391572
20150713 - 02:52:01 - SyncStart - 15391572
20150713 - 02:52:27 - SyncSuccd - 0
20150713 - 02:52:27 - SyncCompt - 15391860
20150713 - 12:52:02 - SyncStart - 15391868
20150713 - 12:52:06 - SyncSuccd - 0
20150713 - 12:52:06 - SyncCompt - 15391868
20150714 - 02:52:02 - SyncStart - 15391868
20150714 - 02:52:34 - SyncSuccd - 0
20150714 - 02:52:34 - SyncCompt - 15352552
20150714 - 12:52:01 - SyncStart - 15352552
20150714 - 12:52:29 - SyncSuccd - 0
20150714 - 12:52:29 - SyncCompt - 15483404
20150715 - 02:52:01 - SyncStart - 15483412
20150715 - 02:52:44 - SyncSuccd - 0
20150715 - 02:52:44 - SyncCompt - 15353604
20150715 - 12:52:02 - SyncStart - 15353616
20150715 - 12:53:10 - SyncSuccd - 0
20150715 - 12:53:10 - SyncCompt - 15529036
20150716 - 02:52:01 - SyncStart - 15529040
20150716 - 02:52:48 - SyncSuccd - 0
20150716 - 02:52:48 - SyncCompt - 15359028
20150716 - 12:52:01 - SyncStart - 15359040
20150716 - 12:52:08 - SyncSuccd - 0
20150716 - 12:52:08 - SyncCompt - 15359040
20150717 - 02:52:02 - SyncStart - 15359040
20150717 - 02:52:31 - SyncSuccd - 0
20150717 - 02:52:31 - SyncCompt - 15361976
20150717 - 12:52:01 - SyncStart - 15361980
20150717 - 12:52:08 - SyncSuccd - 0
20150717 - 12:52:08 - SyncCompt - 15361980
20150718 - 02:52:01 - SyncStart - 15361980
20150718 - 02:52:29 - SyncSuccd - 0
20150718 - 02:52:29 - SyncCompt - 15381728
20150718 - 12:52:01 - SyncStart - 15381728
20150718 - 12:52:22 - SyncSuccd - 0
20150718 - 12:52:22 - SyncCompt - 15384020
20150719 - 02:52:02 - SyncStart - 15384020
20150719 - 02:52:23 - SyncSuccd - 0
20150719 - 02:52:23 - SyncCompt - 15361480
20150719 - 12:52:01 - SyncStart - 15361480
20150719 - 12:52:31 - SyncSuccd - 0
20150719 - 12:52:31 - SyncCompt - 15509424
20150720 - 02:52:01 - SyncStart - 15509436
20150720 - 02:52:28 - SyncSuccd - 0
20150720 - 02:52:28 - SyncCompt - 15365876
20150720 - 12:52:02 - SyncStart - 15365880
20150720 - 12:52:38 - SyncSuccd - 0
20150720 - 12:52:38 - SyncCompt - 15496100
20150721 - 02:52:02 - SyncStart - 15496108
20150721 - 02:52:18 - SyncSuccd - 0
20150721 - 02:52:18 - SyncCompt - 15356088
20150721 - 12:52:02 - SyncStart - 15356088
20150721 - 12:52:35 - SyncSuccd - 0
20150721 - 12:52:35 - SyncCompt - 15499656
20150722 - 02:52:01 - SyncStart - 15499656
20150722 - 02:52:24 - SyncSuccd - 0
20150722 - 02:52:24 - SyncCompt - 15439868
20150722 - 12:52:02 - SyncStart - 15439880
20150722 - 12:52:13 - SyncSuccd - 0
20150722 - 12:52:13 - SyncCompt - 15440212
20150723 - 02:52:02 - SyncStart - 15440212
20150723 - 02:52:26 - SyncSuccd - 0
20150723 - 02:52:26 - SyncCompt - 15365300
20150723 - 12:52:02 - SyncStart - 15365300
20150723 - 12:52:41 - SyncSuccd - 0
20150723 - 12:52:41 - SyncCompt - 15496684
20150724 - 02:52:01 - SyncStart - 15496688
20150724 - 02:53:29 - SyncSuccd - 0
20150724 - 02:53:29 - SyncCompt - 15431768
20150724 - 12:52:02 - SyncStart - 15431780
20150724 - 12:52:08 - SyncSuccd - 0
20150724 - 12:52:08 - SyncCompt - 15431780
20150725 - 02:52:02 - SyncStart - 15431780
20150725 - 02:52:37 - SyncSuccd - 0
20150725 - 02:52:37 - SyncCompt - 15370520
20150725 - 12:52:01 - SyncStart - 15370524
20150725 - 12:52:07 - SyncSuccd - 0
20150725 - 12:52:07 - SyncCompt - 15370524
20150726 - 02:52:01 - SyncStart - 15370524
20150726 - 02:52:42 - SyncSuccd - 0
20150726 - 02:52:42 - SyncCompt - 15440916
20150726 - 12:52:01 - SyncStart - 15440928
20150726 - 12:52:27 - SyncSuccd - 0
20150726 - 12:52:27 - SyncCompt - 15571604
20150727 - 02:52:01 - SyncStart - 15571612
20150727 - 02:52:19 - SyncSuccd - 0
20150727 - 02:52:19 - SyncCompt - 15440396
20150727 - 12:52:01 - SyncStart - 15440396
20150727 - 12:52:36 - SyncSuccd - 0
20150727 - 12:52:36 - SyncCompt - 15584176
20150728 - 02:52:01 - SyncStart - 15584184
20150728 - 02:52:44 - SyncSuccd - 0
20150728 - 02:52:44 - SyncCompt - 15495996
20150728 - 12:52:01 - SyncStart - 15496000
20150728 - 12:52:09 - SyncSuccd - 0
20150728 - 12:52:09 - SyncCompt - 15496000
20150729 - 02:52:01 - SyncStart - 15496000
20150729 - 02:52:24 - SyncSuccd - 0
20150729 - 02:52:24 - SyncCompt - 15524240
20150729 - 12:52:01 - SyncStart - 15524248
20150729 - 12:52:35 - SyncSuccd - 0
20150729 - 12:52:35 - SyncCompt - 15669940
20150730 - 02:52:02 - SyncStart - 15669952
20150730 - 02:52:28 - SyncSuccd - 0
20150730 - 02:52:28 - SyncCompt - 15813584
20150730 - 12:52:01 - SyncStart - 15813600
20150730 - 12:52:14 - SyncSuccd - 0
20150730 - 12:52:14 - SyncCompt - 15814444
20150731 - 02:52:02 - SyncStart - 15814444
20150731 - 02:52:57 - SyncSuccd - 0
20150731 - 02:52:57 - SyncCompt - 15580328
20150731 - 12:52:01 - SyncStart - 15580332
20150731 - 12:52:45 - SyncSuccd - 0
20150731 - 12:52:45 - SyncCompt - 15716376
20150801 - 02:52:02 - SyncStart - 15716400
20150801 - 02:52:26 - SyncSuccd - 0
20150801 - 02:52:26 - SyncCompt - 15525988
20150801 - 12:52:02 - SyncStart - 15525992
20150801 - 12:52:39 - SyncError - 12
20150801 - 12:52:39 - SyncCompt - 15534912
20150802 - 02:52:02 - SyncStart - 15534912
20150802 - 02:52:37 - SyncSuccd - 0
20150802 - 02:52:37 - SyncCompt - 15525996
20150802 - 12:52:02 - SyncStart - 15525996
20150802 - 12:52:07 - SyncError - 12
20150802 - 12:52:07 - SyncCompt - 15526004
20150803 - 02:52:01 - SyncStart - 15526004
20150803 - 02:52:06 - SyncError - 12
20150803 - 02:52:06 - SyncCompt - 15526012
20150803 - 12:52:01 - SyncStart - 15526012
20150803 - 12:52:57 - SyncSuccd - 0
20150803 - 12:52:57 - SyncCompt - 15524516
20150804 - 02:52:01 - SyncStart - 15524516
20150804 - 02:52:07 - SyncError - 12
20150804 - 02:52:07 - SyncCompt - 15524516
20150804 - 06:05:05 - SyncStart - 15524208
20150804 - 06:06:05 - SyncSuccd - 0
20150804 - 06:06:05 - SyncCompt - 15856580
20150804 - 06:06:15 - SyncStart - 15856580
20150804 - 06:06:33 - SyncSuccd - 0
20150804 - 06:06:33 - SyncCompt - 15856580
20150808 - 11:43:05 - SyncStart - 15856580
20150808 - 11:44:52 - SyncSuccd - 0
20150808 - 11:44:52 - SyncCompt - 15646576
20150808 - 14:52:01 - SyncStart - 15646576
20150808 - 14:52:20 - SyncSuccd - 0
20150808 - 14:52:20 - SyncCompt - 15646576
20150809 - 04:52:01 - SyncStart - 15646576
20150809 - 04:52:22 - SyncSuccd - 0
20150809 - 04:52:22 - SyncCompt - 15646576
20150809 - 14:52:01 - SyncStart - 15646576
20150809 - 14:53:03 - SyncSuccd - 0
20150809 - 14:53:03 - SyncCompt - 15954872
20150810 - 04:52:01 - SyncStart - 15954872
20150810 - 04:53:04 - SyncSuccd - 0
20150810 - 04:53:04 - SyncCompt - 15606224
20150810 - 14:52:01 - SyncStart - 15606224
20150810 - 14:52:27 - SyncSuccd - 0
20150810 - 14:52:27 - SyncCompt - 15606924
20150811 - 04:52:01 - SyncStart - 15606924
20150811 - 04:52:50 - SyncSuccd - 0
20150811 - 04:52:50 - SyncCompt - 15630244
20150811 - 14:52:01 - SyncStart - 15630244
20150811 - 14:52:39 - SyncSuccd - 0
20150811 - 14:52:39 - SyncCompt - 15710748
