20141021 - 23:33:28 - SyncStart - NULL
20141021 - 23:33:43 - SyncError - 0
20141021 - 23:33:43 - SyncCompt - NULL
20141021 - 23:37:13 - SyncStart - NULL
20141021 - 23:37:28 - SyncSuccd - 0
20141021 - 23:37:28 - SyncCompt - NULL
20141022 - 03:00:02 - SyncStart - NULL
20141022 - 03:05:32 - SyncSuccd - 0
20141022 - 03:05:32 - SyncCompt - NULL
20141023 - 03:00:01 - SyncStart - NULL
20141023 - 03:00:42 - SyncSuccd - 0
20141023 - 03:00:42 - SyncCompt - NULL
20141024 - 02:18:01 - SyncStart - NULL
20141024 - 02:18:03 - SyncError - 10
20141024 - 02:18:03 - SyncCompt - NULL
20141025 - 02:18:01 - SyncStart - NULL
20141025 - 02:18:51 - SyncSuccd - 0
20141025 - 02:18:51 - SyncCompt - NULL
20141026 - 02:18:01 - SyncStart - NULL
20141026 - 02:18:22 - SyncSuccd - 0
20141026 - 02:18:22 - SyncCompt - NULL
20141027 - 17:31:50 - SyncStart - NULL
20141027 - 17:31:50 - SyncError - 10
20141027 - 17:31:50 - SyncCompt - NULL
20141027 - 17:32:44 - SyncStart - NULL
20141027 - 17:33:01 - SyncSuccd - 0
20141027 - 17:33:01 - SyncCompt - NULL
20141027 - 17:41:42 - SyncStart - NULL
20141027 - 17:41:57 - SyncSuccd - 0
20141027 - 17:41:57 - SyncCompt - NULL
20141028 - 02:18:01 - SyncStart - NULL
20141028 - 02:55:37 - SyncError - 12
20141028 - 02:55:37 - SyncCompt - NULL
20141029 - 00:59:03 - SyncStart - NULL
20141029 - 02:18:01 - SyncStart - NULL
20141029 - 02:18:17 - SyncSuccd - 0
20141029 - 02:18:17 - SyncCompt - NULL
20141030 - 02:18:01 - SyncStart - NULL
20141030 - 02:18:20 - SyncSuccd - 0
20141030 - 02:18:20 - SyncCompt - NULL
20141031 - 00:31:51 - SyncStart - NULL
20141031 - 02:18:01 - SyncStart - NULL
20141031 - 02:18:21 - SyncSuccd - 0
20141031 - 02:18:21 - SyncCompt - NULL
20141101 - 02:18:02 - SyncStart - NULL
20141101 - 02:18:42 - SyncSuccd - 0
20141101 - 02:18:42 - SyncCompt - NULL
20141102 - 02:18:01 - SyncStart - NULL
20141102 - 02:18:19 - SyncSuccd - 0
20141102 - 02:18:19 - SyncCompt - NULL
20141102 - 12:04:25 - SyncStart - 133854780	/back/mirrors/CentOS/
20141102 - 12:04:30 - SyncStart - 133854780	/back/mirrors/CentOS/
20141102 - 12:04:47 - SyncSuccd - 0
20141102 - 12:04:47 - SyncCompt - 133854780	/back/mirrors/CentOS/
20141103 - 02:18:01 - SyncStart - 133854780	/back/mirrors/CentOS/
20141103 - 02:18:20 - SyncSuccd - 0
20141103 - 02:18:21 - SyncCompt - 133854780	/back/mirrors/CentOS/
20141103 - 21:56:59 - SyncStart - 133854780
20141103 - 21:57:17 - SyncSuccd - 0
20141103 - 21:57:17 - SyncCompt - 133854780
20141104 - 02:18:01 - SyncStart - 133854780
20141104 - 02:18:27 - SyncSuccd - 0
20141104 - 02:18:27 - SyncCompt - 133858568
20141105 - 02:18:03 - SyncStart - 133858568
20141105 - 02:19:12 - SyncSuccd - 0
20141105 - 02:19:12 - SyncCompt - 134072440
20141106 - 02:18:02 - SyncStart - 134072440
20141106 - 02:18:52 - SyncSuccd - 0
20141106 - 02:18:52 - SyncCompt - 134349232
20141107 - 02:18:02 - SyncStart - 134349232
20141107 - 02:18:26 - SyncSuccd - 0
20141107 - 02:18:26 - SyncCompt - 134373188
20141108 - 02:18:01 - SyncStart - 134373188
20141108 - 02:19:53 - SyncSuccd - 0
20141108 - 02:19:53 - SyncCompt - 134738248
20141109 - 00:04:29 - SyncStart - 134738248
20141109 - 00:04:29 - SyncError - 10
20141109 - 00:04:29 - SyncCompt - 134738248
20141109 - 00:04:44 - SyncStart - 134738248
20141109 - 00:05:03 - SyncSuccd - 0
20141109 - 00:05:03 - SyncCompt - 134738248
20141109 - 02:18:03 - SyncStart - 134738248
20141109 - 02:18:22 - SyncSuccd - 0
20141109 - 02:18:22 - SyncCompt - 134738248
20141110 - 02:18:02 - SyncStart - 134738248
20141110 - 02:18:21 - SyncSuccd - 0
20141110 - 02:18:21 - SyncCompt - 134738248
20141111 - 02:18:01 - SyncStart - 134738248
20141111 - 02:18:21 - SyncSuccd - 0
20141111 - 02:18:21 - SyncCompt - 134738248
20141112 - 02:18:01 - SyncStart - 134738248
20141112 - 02:18:27 - SyncSuccd - 0
20141112 - 02:18:27 - SyncCompt - 134738248
20141113 - 02:18:08 - SyncStart - 134738248
20141113 - 02:21:13 - SyncSuccd - 0
20141113 - 02:21:13 - SyncCompt - 135980484
20141114 - 02:18:02 - SyncStart - 135980484
20141114 - 02:18:31 - SyncSuccd - 0
20141114 - 02:18:31 - SyncCompt - 135988048
20141115 - 02:18:02 - SyncStart - 135988048
20141115 - 02:18:24 - SyncSuccd - 0
20141115 - 02:18:25 - SyncCompt - 135988048
20141116 - 02:18:02 - SyncStart - 135988048
20141116 - 02:18:24 - SyncSuccd - 0
20141116 - 02:18:25 - SyncCompt - 135988048
20141117 - 02:18:02 - SyncStart - 135988048
20141117 - 02:18:25 - SyncSuccd - 0
20141117 - 02:18:25 - SyncCompt - 135988048
20141118 - 02:18:03 - SyncStart - 135988048
20141118 - 02:18:56 - SyncSuccd - 0
20141118 - 02:18:56 - SyncCompt - 136174240
20141119 - 02:18:02 - SyncStart - 136174240
20141119 - 02:18:39 - SyncSuccd - 0
20141119 - 02:18:40 - SyncCompt - 136191400
20141120 - 02:18:02 - SyncStart - 136191400
20141120 - 02:18:02 - SyncError - 10
20141120 - 02:18:02 - SyncCompt - 136191400
20141121 - 02:18:02 - SyncStart - 136191400
20141121 - 02:18:48 - SyncSuccd - 0
20141121 - 02:18:48 - SyncCompt - 136312716
20141122 - 02:18:01 - SyncStart - 136312716
20141122 - 02:18:44 - SyncSuccd - 0
20141122 - 02:18:44 - SyncCompt - 136410060
20141123 - 02:18:01 - SyncStart - 136410060
20141123 - 02:18:25 - SyncSuccd - 0
20141123 - 02:18:25 - SyncCompt - 136410056
20141124 - 02:18:01 - SyncStart - 136410056
20141124 - 02:18:22 - SyncSuccd - 0
20141124 - 02:18:23 - SyncCompt - 136410056
20141125 - 02:18:02 - SyncStart - 136410056
20141125 - 02:18:37 - SyncSuccd - 0
20141125 - 02:18:37 - SyncCompt - 136423176
20141126 - 02:18:24 - SyncStart - 136423176
20141126 - 02:18:49 - SyncSuccd - 0
20141126 - 02:18:49 - SyncCompt - 136427152
20141127 - 02:18:05 - SyncStart - 136427152
20141127 - 02:18:52 - SyncSuccd - 0
20141127 - 02:18:52 - SyncCompt - 136508828
20141128 - 02:18:02 - SyncStart - 136508828
20141128 - 02:18:24 - SyncSuccd - 0
20141128 - 02:18:24 - SyncCompt - 136508828
20141129 - 02:18:02 - SyncStart - 136508828
20141129 - 02:18:24 - SyncSuccd - 0
20141129 - 02:18:24 - SyncCompt - 136508828
20141130 - 02:18:02 - SyncStart - 136508828
20141130 - 02:18:24 - SyncSuccd - 0
20141130 - 02:18:24 - SyncCompt - 136508828
20141201 - 02:18:02 - SyncStart - 136508828
20141201 - 02:18:25 - SyncSuccd - 0
20141201 - 02:18:26 - SyncCompt - 136508828
20141202 - 02:18:06 - SyncStart - 136508828
20141202 - 02:18:06 - SyncError - 10
20141202 - 02:18:06 - SyncCompt - 136508828
20141203 - 02:18:16 - SyncStart - 136591492
20141203 - 02:18:36 - SyncSuccd - 0
20141203 - 02:18:36 - SyncCompt - 136595096
20141203 - 13:01:28 - SyncStart - 136595096
20141203 - 13:01:55 - SyncSuccd - 0
20141203 - 13:01:56 - SyncCompt - 136595176
20141204 - 02:18:02 - SyncStart - 136595176
20141204 - 02:18:23 - SyncSuccd - 0
20141204 - 02:18:23 - SyncCompt - 136595176
20141205 - 02:18:02 - SyncStart - 136595176
20141205 - 02:20:12 - SyncSuccd - 0
20141205 - 02:20:12 - SyncCompt - 137513396
20141206 - 02:18:02 - SyncStart - 137513396
20141206 - 02:19:17 - SyncSuccd - 0
20141206 - 02:19:17 - SyncCompt - 137906300
20141207 - 02:18:01 - SyncStart - 137906300
20141207 - 02:18:23 - SyncSuccd - 0
20141207 - 02:18:23 - SyncCompt - 137906300
20141208 - 02:18:02 - SyncStart - 137906300
20141208 - 02:18:22 - SyncSuccd - 0
20141208 - 02:18:22 - SyncCompt - 137906300
20141208 - 16:34:07 - SyncStart - 137906300
20141208 - 16:34:26 - SyncSuccd - 0
20141208 - 16:34:26 - SyncCompt - 137906300
20141209 - 02:18:01 - SyncStart - 137906300
20141209 - 02:18:44 - SyncSuccd - 0
20141209 - 02:18:44 - SyncCompt - 138000108
20141210 - 02:18:02 - SyncStart - 138000108
20141210 - 02:18:38 - SyncSuccd - 0
20141210 - 02:18:38 - SyncCompt - 138037956
20141211 - 02:18:02 - SyncStart - 138037956
20141211 - 02:19:10 - SyncSuccd - 0
20141211 - 02:19:10 - SyncCompt - 138333152
20141212 - 02:18:01 - SyncStart - 138333152
20141212 - 02:18:35 - SyncSuccd - 0
20141212 - 02:18:36 - SyncCompt - 138430596
20141213 - 02:18:01 - SyncStart - 138430596
20141213 - 02:18:52 - SyncSuccd - 0
20141213 - 02:18:52 - SyncCompt - 138572164
20141214 - 02:18:01 - SyncStart - 138572164
20141214 - 02:18:21 - SyncSuccd - 0
20141214 - 02:18:21 - SyncCompt - 138572164
20141215 - 02:18:01 - SyncStart - 138572164
20141215 - 02:18:22 - SyncSuccd - 0
20141215 - 02:18:22 - SyncCompt - 138572164
20141215 - 23:09:21 - SyncStart - 138572164
20141216 - 02:18:13 - SyncStart - 138572164
20141216 - 02:18:17 - SyncError - 10
20141216 - 02:18:17 - SyncCompt - 138572164
20141216 - 10:32:31 - SyncStart - 138594956
20141216 - 10:32:51 - SyncSuccd - 0
20141216 - 10:32:51 - SyncCompt - 138594956
20141217 - 02:18:01 - SyncStart - 138594956
20141217 - 02:18:36 - SyncSuccd - 0
20141217 - 02:18:36 - SyncCompt - 138667408
20141218 - 02:18:11 - SyncStart - 138667408
20141218 - 02:20:14 - SyncSuccd - 0
20141218 - 02:20:14 - SyncCompt - 139516832
20141219 - 02:18:04 - SyncStart - 139516832
20141219 - 02:19:54 - SyncSuccd - 0
20141219 - 02:19:54 - SyncCompt - 140251584
20141220 - 02:18:02 - SyncStart - 140251584
20141220 - 02:18:03 - SyncError - 10
20141220 - 02:18:03 - SyncCompt - 140251584
20141221 - 02:18:02 - SyncStart - 140251584
20141221 - 02:19:25 - SyncSuccd - 0
20141221 - 02:19:25 - SyncCompt - 140641224
20141222 - 02:18:01 - SyncStart - 140641224
20141222 - 02:18:21 - SyncSuccd - 0
20141222 - 02:18:22 - SyncCompt - 140641224
20141223 - 02:18:02 - SyncStart - 140641224
20141223 - 02:19:17 - SyncSuccd - 0
20141223 - 02:19:17 - SyncCompt - 141094972
20141224 - 02:18:02 - SyncStart - 141094972
20141224 - 02:18:22 - SyncSuccd - 0
20141224 - 02:18:22 - SyncCompt - 141094972
20141225 - 02:18:02 - SyncStart - 141094972
20141225 - 02:18:33 - SyncSuccd - 0
20141225 - 02:18:33 - SyncCompt - 141094972
20141226 - 02:18:02 - SyncStart - 141094972
20141226 - 02:18:21 - SyncSuccd - 0
20141226 - 02:18:22 - SyncCompt - 141094972
20141227 - 02:18:01 - SyncStart - 141094972
20141227 - 02:18:23 - SyncSuccd - 0
20141227 - 02:18:23 - SyncCompt - 141094972
20141228 - 02:18:04 - SyncStart - 141094972
20141228 - 02:18:24 - SyncSuccd - 0
20141228 - 02:18:24 - SyncCompt - 141094972
20141229 - 02:18:04 - SyncStart - 141094972
20141229 - 02:18:24 - SyncSuccd - 0
20141229 - 02:18:24 - SyncCompt - 141094972
20141230 - 02:18:02 - SyncStart - 141094972
20141230 - 02:19:12 - SyncSuccd - 0
20141230 - 02:19:12 - SyncCompt - 141094972
20141231 - 02:18:01 - SyncStart - 141094972
20141231 - 02:19:28 - SyncSuccd - 0
20141231 - 02:19:29 - SyncCompt - 141094972
20150101 - 02:18:01 - SyncStart - 141094972
20150101 - 02:19:47 - SyncSuccd - 0
20150101 - 02:19:47 - SyncCompt - 141094972
20150102 - 02:18:02 - SyncStart - 141094972
20150102 - 02:21:12 - SyncSuccd - 0
20150102 - 02:21:12 - SyncCompt - 141094972
20150103 - 02:18:02 - SyncStart - 141094972
20150103 - 02:18:21 - SyncSuccd - 0
20150103 - 02:18:21 - SyncCompt - 141094972
20150104 - 02:18:02 - SyncStart - 141094972
20150104 - 02:18:22 - SyncSuccd - 0
20150104 - 02:18:23 - SyncCompt - 141094972
20150105 - 02:18:01 - SyncStart - 141094972
20150105 - 02:18:21 - SyncSuccd - 0
20150105 - 02:18:21 - SyncCompt - 141094972
20150106 - 02:18:02 - SyncStart - 141094972
20150106 - 02:18:53 - SyncSuccd - 0
20150106 - 02:18:53 - SyncCompt - 88354464
20150107 - 02:18:02 - SyncStart - 88354464
20150107 - 02:18:02 - SyncError - 10
20150107 - 02:18:02 - SyncCompt - 88354464
20150107 - 10:01:01 - SyncStart - 88380152
20150107 - 10:01:14 - SyncSuccd - 0
20150107 - 10:01:14 - SyncCompt - 88380152
20150108 - 02:18:01 - SyncStart - 88380152
20150108 - 02:18:44 - SyncSuccd - 0
20150108 - 02:18:44 - SyncCompt - 88577872
20150109 - 02:18:02 - SyncStart - 88577872
20150109 - 02:18:40 - SyncSuccd - 0
20150109 - 02:18:40 - SyncCompt - 88653112
20150110 - 02:18:02 - SyncStart - 88653112
20150110 - 02:18:16 - SyncSuccd - 0
20150110 - 02:18:17 - SyncCompt - 88653112
20150111 - 02:18:01 - SyncStart - 88653112
20150111 - 02:18:01 - SyncError - 10
20150111 - 02:18:01 - SyncCompt - 88653112
20150111 - 08:40:27 - SyncStart - 88653112
20150111 - 08:40:42 - SyncSuccd - 0
20150111 - 08:40:42 - SyncCompt - 88653112
20150112 - 02:18:02 - SyncStart - 88653112
20150112 - 02:18:16 - SyncSuccd - 0
20150112 - 02:18:16 - SyncCompt - 88653112
20150113 - 02:18:02 - SyncStart - 88653112
20150113 - 02:18:28 - SyncSuccd - 0
20150113 - 02:18:28 - SyncCompt - 88667184
20150114 - 09:40:22 - SyncStart - 88466296
20150114 - 09:40:36 - SyncSuccd - 0
20150114 - 09:40:36 - SyncCompt - 88466296
20150115 - 02:18:02 - SyncStart - 116348928
20150115 - 02:18:05 - SyncError - 10
20150115 - 02:18:06 - SyncCompt - 116348928
20150115 - 08:40:57 - SyncStart - 116348928
20150115 - 08:43:43 - SyncSuccd - 0
20150115 - 08:43:44 - SyncCompt - 117776384
20150116 - 02:18:02 - SyncStart - 117775360
20150116 - 02:18:26 - SyncSuccd - 0
20150116 - 02:18:26 - SyncCompt - 117775360
20150116 - 22:02:23 - SyncStart - 117775360
20150116 - 22:02:26 - SyncError - 10
20150116 - 22:02:27 - SyncCompt - 117775360
20150117 - 02:18:03 - SyncStart - 117775360
20150117 - 02:18:07 - SyncError - 10
20150117 - 02:18:08 - SyncCompt - 117775360
20150117 - 10:58:00 - SyncStart - 117775360
20150117 - 10:58:27 - SyncSuccd - 0
20150117 - 10:58:28 - SyncCompt - 117775360
20150117 - 11:12:11 - SyncStart - 117775360
20150117 - 11:12:38 - SyncSuccd - 0
20150117 - 11:12:39 - SyncCompt - 117775360
20150118 - 02:18:04 - SyncStart - 117775360
20150118 - 02:18:05 - SyncError - 10
20150118 - 02:18:05 - SyncCompt - 117775360
20150118 - 10:47:52 - SyncStart - 117775360
20150118 - 10:48:06 - SyncError - 22
20150118 - 10:48:07 - SyncCompt - 117775360
20150118 - 10:48:39 - SyncStart - 117775360
20150118 - 10:48:57 - SyncError - 23
20150118 - 10:48:58 - SyncCompt - 117774336
20150118 - 10:51:14 - SyncStart - 117774336
20150118 - 10:51:40 - SyncSuccd - 0
20150118 - 10:51:41 - SyncCompt - 117775360
20150118 - 11:31:57 - SyncStart - 117775360
20150118 - 11:36:05 - SyncStart - 117775360
20150118 - 11:36:07 - SyncError - 10
20150118 - 11:36:08 - SyncCompt - 117775360
20150118 - 11:59:22 - SyncStart - 117775360
20150118 - 11:59:47 - SyncError - 23
20150118 - 11:59:47 - SyncCompt - 117756928
20150118 - 12:01:51 - SyncStart - 117756928
20150118 - 12:02:14 - SyncSuccd - 0
20150118 - 12:02:14 - SyncCompt - 117775360
20150119 - 02:12:04 - SyncStart - 117775360
20150119 - 02:12:28 - SyncError - 2
20150119 - 02:12:28 - SyncCompt - 117775360
20150119 - 11:29:06 - SyncStart - 117775360
20150119 - 11:29:07 - SyncError - 10
20150119 - 11:29:08 - SyncCompt - 117775360
20150119 - 11:29:22 - SyncStart - 117775360
20150119 - 11:29:43 - SyncSuccd - 0
20150119 - 11:29:43 - SyncCompt - 117775360
20150120 - 02:12:03 - SyncStart - 117775360
20150120 - 02:12:03 - SyncError - 10
20150120 - 02:12:04 - SyncCompt - 117775360
20150120 - 10:09:16 - SyncStart - 117775360
20150120 - 10:09:40 - SyncSuccd - 0
20150120 - 10:09:41 - SyncCompt - 117775360
20150121 - 02:12:02 - SyncStart - 117775360
20150121 - 02:12:21 - SyncSuccd - 0
20150121 - 02:12:22 - SyncCompt - 117775360
20150122 - 02:12:03 - SyncStart - 117775360
20150122 - 02:43:22 - SyncSuccd - 0
20150122 - 02:43:23 - SyncCompt - 118671360
20150123 - 02:12:04 - SyncStart - 118671360
20150123 - 02:12:41 - SyncSuccd - 0
20150123 - 02:12:42 - SyncCompt - 118679552
20150124 - 02:12:05 - SyncStart - 118679552
20150124 - 02:13:21 - SyncSuccd - 0
20150124 - 02:13:22 - SyncCompt - 118969344
20150124 - 12:12:03 - SyncStart - 118969344
20150124 - 12:12:04 - SyncError - 10
20150124 - 12:12:04 - SyncCompt - 118969344
20150124 - 12:30:37 - SyncStart - 118969344
20150124 - 12:46:01 - SyncSuccd - 0
20150124 - 12:46:01 - SyncCompt - 119315456
20150125 - 02:12:04 - SyncStart - 119315456
20150125 - 02:12:24 - SyncSuccd - 0
20150125 - 02:12:25 - SyncCompt - 119315456
20150125 - 12:12:04 - SyncStart - 119315456
20150125 - 12:12:20 - SyncSuccd - 0
20150125 - 12:12:21 - SyncCompt - 119315456
20150126 - 02:12:03 - SyncStart - 119315456
20150126 - 02:12:22 - SyncSuccd - 0
20150126 - 02:12:22 - SyncCompt - 119315456
20150126 - 12:12:04 - SyncStart - 119315456
20150126 - 12:12:31 - SyncSuccd - 0
20150126 - 12:12:32 - SyncCompt - 119315456
20150127 - 02:12:04 - SyncStart - 119315456
20150127 - 02:12:41 - SyncError - 23
20150127 - 02:12:41 - SyncCompt - 119263232
20150127 - 12:12:04 - SyncStart - 119263232
20150127 - 12:21:17 - SyncSuccd - 0
20150127 - 12:21:18 - SyncCompt - 123287552
20150128 - 02:12:04 - SyncStart - 123287552
20150128 - 02:12:55 - SyncError - 23
20150128 - 02:12:56 - SyncCompt - 120462336
20150128 - 12:12:04 - SyncStart - 120462336
20150128 - 12:13:20 - SyncSuccd - 0
20150128 - 12:13:21 - SyncCompt - 120792064
20150129 - 02:12:04 - SyncStart - 120792064
20150129 - 02:12:25 - SyncSuccd - 0
20150129 - 02:12:26 - SyncCompt - 120792064
20150129 - 12:12:04 - SyncStart - 120792064
20150129 - 12:14:48 - SyncError - 12
20150129 - 12:14:49 - SyncCompt - 121552896
20150129 - 13:57:52 - SyncStart - 121552896
20150129 - 14:15:32 - SyncSuccd - 0
20150129 - 14:15:33 - SyncCompt - 122340352
20150130 - 02:12:04 - SyncStart - 122340352
20150130 - 02:12:54 - SyncSuccd - 0
20150130 - 02:12:55 - SyncCompt - 122508288
20150130 - 12:12:04 - SyncStart - 122508288
20150130 - 12:17:15 - SyncSuccd - 0
20150130 - 12:17:16 - SyncCompt - 126154752
20150131 - 02:12:09 - SyncStart - 126154752
20150131 - 02:12:37 - SyncSuccd - 0
20150131 - 02:12:40 - SyncCompt - 122978304
20150131 - 12:12:09 - SyncStart - 122978304
20150131 - 12:12:34 - SyncSuccd - 0
20150131 - 12:12:35 - SyncCompt - 122978304
20150201 - 02:12:04 - SyncStart - 122978304
20150201 - 02:12:26 - SyncSuccd - 0
20150201 - 02:12:27 - SyncCompt - 122978304
20150201 - 12:12:03 - SyncStart - 122978304
20150201 - 12:12:07 - SyncError - 10
20150201 - 12:12:08 - SyncCompt - 122978304
20150201 - 15:32:51 - SyncStart - 122978304
20150201 - 15:33:18 - SyncSuccd - 0
20150201 - 15:33:19 - SyncCompt - 122978304
20150202 - 02:12:04 - SyncStart - 122978304
20150202 - 02:12:21 - SyncSuccd - 0
20150202 - 02:12:21 - SyncCompt - 122978304
20150202 - 12:12:03 - SyncStart - 122978304
20150202 - 12:39:23 - SyncSuccd - 0
20150202 - 12:39:23 - SyncCompt - 126154752
20150203 - 02:12:08 - SyncStart - 126154752
20150203 - 02:12:28 - SyncSuccd - 0
20150203 - 02:12:29 - SyncCompt - 122978304
20150203 - 12:12:06 - SyncStart - 122978304
20150203 - 12:12:24 - SyncSuccd - 0
20150203 - 12:12:25 - SyncCompt - 122978304
20150204 - 02:12:06 - SyncStart - 122978304
20150204 - 12:12:05 - SyncStart - 122978304
20150204 - 12:12:27 - SyncSuccd - 0
20150204 - 12:12:27 - SyncCompt - 122978304
20150205 - 02:12:05 - SyncStart - 122978304
20150205 - 02:12:25 - SyncSuccd - 0
20150205 - 02:12:26 - SyncCompt - 122978304
20150205 - 12:12:01 - SyncStart - 4
20150205 - 14:25:57 - SyncError - 12
20150205 - 14:25:57 - SyncCompt - 52172124
20150205 - 16:23:46 - SyncStart - 122978304
20150205 - 16:24:05 - SyncSuccd - 0
20150205 - 16:24:06 - SyncCompt - 122978304
20150206 - 02:12:06 - SyncStart - 122978304
20150206 - 02:13:29 - SyncError - 134
20150206 - 02:13:30 - SyncCompt - 122976256
20150206 - 12:12:03 - SyncStart - 122976256
20150206 - 12:13:10 - SyncSuccd - 0
20150206 - 12:13:11 - SyncCompt - 123500544
20150207 - 02:12:09 - SyncStart - 123500544
20150207 - 02:12:31 - SyncError - 12
20150207 - 02:12:32 - SyncCompt - 123497472
20150207 - 10:59:42 - SyncStart - 123497472
20150207 - 11:00:10 - SyncError - 22
20150207 - 11:00:10 - SyncCompt - 123499520
20150207 - 11:04:57 - SyncStart - 123499520
20150207 - 11:05:51 - SyncError - 12
20150207 - 11:05:51 - SyncCompt - 123474944
20150207 - 11:08:46 - SyncStart - 123474944
20150207 - 11:11:47 - SyncError - 12
20150207 - 11:11:47 - SyncCompt - 123463680
20150207 - 11:42:41 - SyncStart - 123463680
20150207 - 11:42:47 - SyncError - 12
20150207 - 11:42:48 - SyncCompt - 123461632
20150207 - 11:45:01 - SyncStart - 123461632
20150207 - 11:47:41 - SyncError - 12
20150207 - 11:47:42 - SyncCompt - 123483136
20150207 - 12:12:02 - SyncStart - 123518976
20150207 - 12:50:44 - SyncSuccd - 0
20150207 - 12:50:46 - SyncCompt - 123751424
20150207 - 13:05:51 - SyncStart - 123751424
20150207 - 13:06:14 - SyncSuccd - 0
20150207 - 13:06:15 - SyncCompt - 123751424
20150207 - 15:32:24 - SyncStart - 123751424
20150207 - 15:32:50 - SyncError - 22
20150207 - 15:33:52 - SyncCompt - 123747328
20150207 - 15:33:52 - SyncStart - 123747328
20150207 - 15:34:30 - SyncError - 23
20150207 - 15:35:31 - SyncCompt - 123747328
20150207 - 15:35:32 - SyncStart - 123747328
20150207 - 15:36:14 - SyncError - 23
20150207 - 15:37:16 - SyncCompt - 123748352
20150207 - 15:37:17 - SyncStart - 123748352
20150207 - 15:38:01 - SyncError - 23
20150207 - 15:43:23 - SyncStart - 123746304
20150207 - 15:45:43 - SyncSuccd - 0
20150207 - 15:45:44 - SyncCompt - 123751424
20150208 - 02:12:04 - SyncStart - 123751424
20150208 - 02:16:05 - SyncError - 12
20150208 - 02:17:06 - SyncCompt - 123750400
20150208 - 02:17:07 - SyncStart - 123750400
20150208 - 02:27:39 - SyncSuccd - 0
20150208 - 02:27:40 - SyncCompt - 123751424
20150208 - 12:12:07 - SyncStart - 123751424
20150208 - 12:13:12 - SyncSuccd - 0
20150208 - 12:13:13 - SyncCompt - 123751424
20150209 - 02:12:07 - SyncStart - 123751424
20150209 - 02:12:39 - SyncSuccd - 0
20150209 - 02:12:40 - SyncCompt - 123751424
20150209 - 12:12:04 - SyncStart - 123751424
20150209 - 12:12:29 - SyncSuccd - 0
20150209 - 12:12:30 - SyncCompt - 123751424
20150209 - 18:00:06 - SyncStart - 123751424
20150209 - 18:00:34 - SyncSuccd - 0
20150209 - 18:00:35 - SyncCompt - 123751424
20150209 - 18:01:02 - SyncStart - 123751424
20150209 - 18:01:22 - SyncSuccd - 0
20150209 - 18:01:23 - SyncCompt - 123751424
20150209 - 18:02:06 - SyncStart - 123751424
20150209 - 18:02:29 - SyncSuccd - 0
20150209 - 18:02:31 - SyncCompt - 123751424
20150209 - 18:03:03 - SyncStart - 123751424
20150209 - 18:03:27 - SyncSuccd - 0
20150209 - 18:03:27 - SyncCompt - 123751424
20150209 - 18:04:02 - SyncStart - 123751424
20150209 - 18:04:55 - SyncSuccd - 0
20150209 - 18:04:56 - SyncCompt - 123751424
20150209 - 18:05:02 - SyncStart - 123751424
20150209 - 18:05:24 - SyncSuccd - 0
20150209 - 18:05:25 - SyncCompt - 123751424
20150209 - 18:06:03 - SyncStart - 123751424
20150209 - 18:06:25 - SyncSuccd - 0
20150209 - 18:06:26 - SyncCompt - 123751424
20150209 - 18:07:03 - SyncStart - 123751424
20150209 - 18:07:27 - SyncSuccd - 0
20150209 - 18:07:28 - SyncCompt - 123751424
20150209 - 18:08:03 - SyncStart - 123751424
20150209 - 18:08:33 - SyncSuccd - 0
20150209 - 18:08:34 - SyncCompt - 123751424
20150209 - 18:09:03 - SyncStart - 123751424
20150209 - 18:09:24 - SyncSuccd - 0
20150209 - 18:09:25 - SyncCompt - 123751424
20150209 - 18:10:03 - SyncStart - 123751424
20150209 - 18:10:32 - SyncSuccd - 0
20150209 - 18:10:33 - SyncCompt - 123751424
20150209 - 18:11:03 - SyncStart - 123751424
20150209 - 18:12:13 - SyncStart - 123751424
20150209 - 18:12:50 - SyncSuccd - 0
20150209 - 18:12:51 - SyncCompt - 123751424
20150209 - 18:12:53 - SyncSuccd - 0
20150209 - 18:12:55 - SyncCompt - 123751424
20150209 - 18:13:03 - SyncStart - 123751424
20150209 - 18:14:03 - SyncStart - 123751424
20150209 - 18:14:45 - SyncSuccd - 0
20150209 - 18:14:46 - SyncCompt - 123751424
20150209 - 18:14:55 - SyncSuccd - 0
20150209 - 18:14:56 - SyncCompt - 123751424
20150209 - 18:15:03 - SyncStart - 123751424
20150209 - 18:15:50 - SyncSuccd - 0
20150209 - 18:15:51 - SyncCompt - 123751424
20150209 - 18:16:03 - SyncStart - 123751424
20150209 - 18:17:03 - SyncStart - 123751424
20150209 - 18:17:15 - SyncSuccd - 0
20150209 - 18:17:17 - SyncCompt - 123751424
20150209 - 18:17:25 - SyncSuccd - 0
20150209 - 18:17:27 - SyncCompt - 123751424
20150209 - 18:18:24 - SyncStart - 123751424
20150209 - 18:18:47 - SyncSuccd - 0
20150209 - 18:18:49 - SyncCompt - 123751424
20150209 - 18:19:04 - SyncStart - 123751424
20150209 - 18:20:03 - SyncStart - 123751424
20150209 - 18:21:25 - SyncStart - 123751424
20150209 - 18:22:04 - SyncStart - 123463680
20150209 - 18:23:21 - SyncStart - 123465728
20150209 - 18:23:40 - SyncSuccd - 0
20150209 - 18:23:42 - SyncCompt - 123465728
20150209 - 18:24:03 - SyncStart - 123466752
20150209 - 18:25:03 - SyncStart - 123507712
20150209 - 18:26:06 - SyncStart - 123543552
20150209 - 18:27:14 - SyncStart - 123594752
20150209 - 18:28:42 - SyncStart - 123748352
20150209 - 18:28:45 - SyncError - 12
20150209 - 18:29:04 - SyncStart - 123756544
20150209 - 18:29:42 - SyncError - 22
20150209 - 18:29:48 - SyncCompt - 123776000
20150209 - 18:29:51 - SyncStart - 123751424
20150209 - 18:30:03 - SyncError - 23
20150209 - 18:30:03 - SyncSuccd - 0
20150209 - 18:30:04 - SyncStart - 123751424
20150209 - 18:30:04 - SyncError - 23
20150209 - 18:30:04 - SyncSuccd - 0
20150209 - 18:30:05 - SyncSuccd - 0
20150209 - 18:30:06 - SyncCompt - 123751424
20150209 - 18:30:07 - SyncCompt - 123751424
20150209 - 18:30:08 - SyncCompt - 123751424
20150209 - 18:30:18 - SyncSuccd - 0
20150209 - 18:30:39 - SyncCompt - 123752448
20150209 - 18:30:50 - SyncSuccd - 0
20150209 - 18:30:53 - SyncCompt - 123756544
20150209 - 18:30:54 - SyncCompt - 123756544
20150209 - 18:30:56 - SyncStart - 123756544
20150209 - 18:31:06 - SyncStart - 123759616
20150209 - 18:31:08 - SyncCompt - 123760640
20150209 - 18:31:08 - SyncCompt - 123760640
20150209 - 18:31:37 - SyncStart - 123763712
20150209 - 18:32:12 - SyncStart - 123761664
20150209 - 18:32:12 - SyncStart - 123761664
20150209 - 18:32:17 - SyncSuccd - 0
20150209 - 18:32:22 - SyncSuccd - 0
20150209 - 18:32:22 - SyncCompt - 123782144
20150209 - 18:33:14 - SyncCompt - 123751424
20150209 - 18:33:14 - SyncStart - 123751424
20150209 - 18:33:30 - SyncError - 23
20150209 - 18:33:30 - SyncSuccd - 0
20150209 - 18:33:33 - SyncCompt - 123752448
20150209 - 18:34:05 - SyncStart - 123751424
20150209 - 18:34:32 - SyncCompt - 123751424
20150209 - 18:34:34 - SyncStart - 123751424
20150209 - 18:34:40 - SyncError - 23
20150209 - 18:34:42 - SyncSuccd - 0
20150209 - 18:34:43 - SyncSuccd - 0
20150209 - 18:34:43 - SyncSuccd - 0
20150209 - 18:34:45 - SyncCompt - 123751424
20150209 - 18:34:47 - SyncCompt - 123751424
20150209 - 18:34:47 - SyncCompt - 123751424
20150209 - 18:35:09 - SyncStart - 123751424
20150209 - 18:35:29 - SyncError - 23
20150209 - 18:35:43 - SyncCompt - 123751424
20150209 - 18:35:46 - SyncStart - 123751424
20150209 - 18:36:03 - SyncStart - 123751424
20150209 - 18:36:25 - SyncSuccd - 0
20150209 - 18:36:26 - SyncSuccd - 0
20150209 - 18:36:26 - SyncSuccd - 0
20150209 - 18:36:27 - SyncSuccd - 0
20150209 - 18:36:50 - SyncCompt - 123751424
20150209 - 18:36:51 - SyncCompt - 123751424
20150209 - 18:37:12 - SyncCompt - 123751424
20150209 - 18:37:12 - SyncCompt - 123751424
20150209 - 18:37:13 - SyncCompt - 123751424
20150209 - 18:37:13 - SyncStart - 123751424
20150209 - 18:37:15 - SyncStart - 123751424
20150209 - 18:38:06 - SyncStart - 123751424
20150209 - 18:40:02 - SyncStart - 123751424
20150209 - 18:40:05 - SyncStart - 123751424
20150209 - 18:41:03 - SyncStart - 123751424
20150209 - 18:41:35 - SyncSuccd - 0
20150209 - 18:41:35 - SyncSuccd - 0
20150209 - 18:41:35 - SyncSuccd - 0
20150209 - 18:41:35 - SyncSuccd - 0
20150209 - 18:41:41 - SyncCompt - 123751424
20150209 - 18:41:41 - SyncCompt - 123751424
20150209 - 18:41:42 - SyncCompt - 123751424
20150209 - 18:42:25 - SyncCompt - 123751424
20150209 - 18:42:26 - SyncStart - 123751424
20150209 - 18:44:02 - SyncStart - 123751424
20150209 - 18:44:06 - SyncStart - 123751424
20150209 - 18:46:05 - SyncStart - 123751424
20150209 - 18:46:06 - SyncStart - 123751424
20150209 - 18:48:02 - SyncStart - 123751424
20150209 - 18:48:31 - SyncSuccd - 0
20150209 - 18:48:32 - SyncCompt - 123751424
20150209 - 18:49:02 - SyncStart - 123751424
20150209 - 18:49:29 - SyncSuccd - 0
20150209 - 18:49:29 - SyncCompt - 123751424
20150210 - 02:12:05 - SyncStart - 123751424
20150210 - 02:12:16 - SyncError - 22
20150210 - 02:13:17 - SyncCompt - 123751424
20150210 - 02:13:18 - SyncStart - 123751424
20150210 - 02:13:42 - SyncSuccd - 0
20150210 - 02:13:42 - SyncCompt - 123751424
20150210 - 12:12:05 - SyncStart - 123751424
20150210 - 12:12:52 - SyncSuccd - 0
20150210 - 12:12:53 - SyncCompt - 123751424
20150211 - 02:12:07 - SyncStart - 123751424
20150211 - 02:12:47 - SyncSuccd - 0
20150211 - 02:12:48 - SyncCompt - 123784192
20150211 - 12:12:07 - SyncStart - 123784192
20150211 - 12:38:30 - SyncSuccd - 0
20150211 - 12:38:31 - SyncCompt - 123895808
20150212 - 02:12:06 - SyncStart - 123895808
20150212 - 03:31:13 - SyncSuccd - 0
20150212 - 03:31:14 - SyncCompt - 124283904
20150212 - 12:12:06 - SyncStart - 124283904
20150212 - 12:12:35 - SyncSuccd - 0
20150212 - 12:12:36 - SyncCompt - 124283904
20150213 - 02:12:05 - SyncStart - 124283904
20150213 - 02:12:36 - SyncError - 12
20150213 - 02:13:36 - SyncCompt - 124283904
20150213 - 02:13:37 - SyncStart - 124283904
20150213 - 02:13:46 - SyncError - 12
20150213 - 02:14:47 - SyncCompt - 124283904
20150213 - 02:14:47 - SyncStart - 124283904
20150213 - 02:15:18 - SyncSuccd - 0
20150213 - 02:15:19 - SyncCompt - 124283904
20150213 - 12:12:06 - SyncStart - 124283904
20150213 - 12:12:35 - SyncSuccd - 0
20150213 - 12:12:36 - SyncCompt - 124283904
20150214 - 02:12:05 - SyncStart - 124283904
20150214 - 12:12:05 - SyncStart - 124283904
20150214 - 12:12:36 - SyncSuccd - 0
20150214 - 12:12:37 - SyncCompt - 124283904
20150215 - 02:12:04 - SyncStart - 124283904
20150215 - 02:12:29 - SyncSuccd - 0
20150215 - 02:12:30 - SyncCompt - 124283904
20150215 - 12:12:05 - SyncStart - 124283904
20150215 - 12:12:29 - SyncSuccd - 0
20150215 - 12:12:30 - SyncCompt - 124283904
20150216 - 02:12:04 - SyncStart - 124283904
20150216 - 02:12:41 - SyncSuccd - 0
20150216 - 02:12:42 - SyncCompt - 124283904
20150216 - 12:12:04 - SyncStart - 124283904
20150216 - 12:12:29 - SyncSuccd - 0
20150216 - 12:12:30 - SyncCompt - 124283904
20150217 - 02:12:04 - SyncStart - 124283904
20150217 - 02:12:31 - SyncError - 23
20150217 - 02:13:32 - SyncCompt - 124295168
20150217 - 02:13:33 - SyncStart - 124295168
20150217 - 02:13:40 - SyncError - 22
20150217 - 02:14:40 - SyncCompt - 124295168
20150217 - 02:14:41 - SyncStart - 124295168
20150217 - 02:15:36 - SyncSuccd - 0
20150217 - 02:15:36 - SyncCompt - 124296192
20150217 - 12:12:05 - SyncStart - 124296192
20150217 - 12:12:46 - SyncSuccd - 0
20150217 - 12:12:47 - SyncCompt - 124300288
20150218 - 02:12:05 - SyncStart - 124300288
20150218 - 02:12:28 - SyncSuccd - 0
20150218 - 02:12:29 - SyncCompt - 124300288
20150218 - 12:12:03 - SyncStart - 124300288
20150218 - 12:12:25 - SyncSuccd - 0
20150218 - 12:12:26 - SyncCompt - 124300288
20150219 - 02:12:04 - SyncStart - 124300288
20150219 - 02:12:35 - SyncSuccd - 0
20150219 - 02:12:36 - SyncCompt - 124316672
20150219 - 12:12:03 - SyncStart - 124316672
20150219 - 12:12:29 - SyncSuccd - 0
20150219 - 12:12:30 - SyncCompt - 124300288
20150220 - 02:12:05 - SyncStart - 124300288
20150220 - 02:14:01 - SyncSuccd - 0
20150220 - 02:14:02 - SyncCompt - 124568576
20150220 - 12:12:03 - SyncStart - 124568576
20150220 - 12:12:24 - SyncSuccd - 0
20150220 - 12:12:25 - SyncCompt - 124568576
20150221 - 02:12:06 - SyncStart - 124568576
20150221 - 02:12:24 - SyncError - 12
20150221 - 02:13:25 - SyncCompt - 124568576
20150221 - 02:13:26 - SyncStart - 124568576
20150221 - 02:13:41 - SyncError - 22
20150221 - 02:14:42 - SyncCompt - 124568576
20150221 - 02:14:43 - SyncStart - 124568576
20150221 - 02:15:37 - SyncError - 12
20150221 - 02:16:38 - SyncCompt - 124489728
20150221 - 02:16:39 - SyncStart - 124489728
20150221 - 02:17:22 - SyncSuccd - 0
20150221 - 02:17:23 - SyncCompt - 124572672
20150221 - 12:12:03 - SyncStart - 124572672
20150221 - 12:14:03 - SyncSuccd - 0
20150221 - 12:14:04 - SyncCompt - 124572672
20150222 - 02:12:04 - SyncStart - 124572672
20150222 - 02:13:28 - SyncSuccd - 0
20150222 - 02:13:29 - SyncCompt - 124572672
20150222 - 12:12:03 - SyncStart - 124572672
20150222 - 12:12:28 - SyncSuccd - 0
20150222 - 12:12:29 - SyncCompt - 124572672
20150223 - 02:12:05 - SyncStart - 124572672
20150223 - 02:12:31 - SyncSuccd - 0
20150223 - 02:12:32 - SyncCompt - 124572672
20150223 - 12:12:03 - SyncStart - 124572672
20150223 - 12:12:30 - SyncSuccd - 0
20150223 - 12:12:30 - SyncCompt - 124572672
20150224 - 02:12:05 - SyncStart - 124572672
20150224 - 02:33:35 - SyncError - 12
20150224 - 02:34:36 - SyncCompt - 124578816
20150224 - 02:34:37 - SyncStart - 124578816
20150224 - 02:43:05 - SyncError - 12
20150224 - 02:44:06 - SyncCompt - 124589056
20150224 - 02:44:06 - SyncStart - 124589056
20150224 - 02:46:41 - SyncSuccd - 0
20150224 - 02:46:42 - SyncCompt - 125535232
20150224 - 12:12:03 - SyncStart - 125535232
20150224 - 12:12:29 - SyncSuccd - 0
20150224 - 12:12:29 - SyncCompt - 125519872
20150225 - 02:12:03 - SyncStart - 125519872
20150225 - 02:12:31 - SyncSuccd - 0
20150225 - 02:12:32 - SyncCompt - 125519872
20150225 - 12:12:05 - SyncStart - 125519872
20150225 - 12:57:58 - SyncSuccd - 0
20150225 - 12:57:59 - SyncCompt - 126266368
20150226 - 02:12:05 - SyncStart - 126266368
20150226 - 02:12:30 - SyncSuccd - 0
20150226 - 02:12:31 - SyncCompt - 126266368
20150226 - 12:12:06 - SyncStart - 126266368
20150226 - 12:33:44 - SyncSuccd - 0
20150226 - 12:33:45 - SyncCompt - 126775296
20150227 - 02:12:04 - SyncStart - 126775296
20150227 - 02:12:35 - SyncSuccd - 0
20150227 - 02:12:36 - SyncCompt - 126775296
20150227 - 12:12:05 - SyncStart - 126775296
20150227 - 12:13:12 - SyncSuccd - 0
20150227 - 12:13:13 - SyncCompt - 126775296
20150228 - 02:12:07 - SyncStart - 126775296
20150228 - 02:12:40 - SyncSuccd - 0
20150228 - 02:12:41 - SyncCompt - 126775296
20150228 - 12:12:05 - SyncStart - 126775296
20150228 - 12:12:39 - SyncError - 22
20150228 - 12:13:40 - SyncCompt - 126775296
20150228 - 12:13:41 - SyncStart - 126775296
20150228 - 12:14:42 - SyncSuccd - 0
20150228 - 12:14:43 - SyncCompt - 126775296
20150301 - 02:12:04 - SyncStart - 126775296
20150301 - 02:12:33 - SyncSuccd - 0
20150301 - 02:12:34 - SyncCompt - 126775296
20150301 - 12:12:05 - SyncStart - 126775296
20150301 - 12:14:53 - SyncSuccd - 0
20150301 - 12:14:54 - SyncCompt - 126775296
20150302 - 02:12:05 - SyncStart - 126775296
20150302 - 02:12:33 - SyncSuccd - 0
20150302 - 02:12:34 - SyncCompt - 126775296
20150302 - 12:12:05 - SyncStart - 126775296
20150302 - 12:12:35 - SyncSuccd - 0
20150302 - 12:12:35 - SyncCompt - 126775296
20150303 - 02:12:05 - SyncStart - 126775296
20150303 - 02:13:09 - SyncSuccd - 0
20150303 - 02:13:10 - SyncCompt - 126977024
20150303 - 12:12:05 - SyncStart - 126977024
20150303 - 12:12:45 - SyncSuccd - 0
20150303 - 12:12:46 - SyncCompt - 126977024
20150304 - 02:12:06 - SyncStart - 126977024
20150304 - 02:12:29 - SyncSuccd - 0
20150304 - 02:12:30 - SyncCompt - 126977024
20150304 - 12:12:06 - SyncStart - 126977024
20150304 - 12:12:28 - SyncError - 12
20150304 - 12:13:29 - SyncCompt - 126978048
20150304 - 12:13:30 - SyncStart - 126978048
20150304 - 12:13:56 - SyncSuccd - 0
20150304 - 12:13:57 - SyncCompt - 126977024
20150305 - 02:12:08 - SyncStart - 126977024
20150305 - 02:12:39 - SyncSuccd - 0
20150305 - 02:12:40 - SyncCompt - 126977024
20150305 - 12:12:09 - SyncStart - 126977024
20150305 - 12:16:48 - SyncError - 23
20150305 - 12:17:49 - SyncCompt - 126910464
20150305 - 12:17:50 - SyncStart - 126910464
20150305 - 12:22:05 - SyncError - 23
20150305 - 12:23:07 - SyncCompt - 126910464
20150305 - 12:23:08 - SyncStart - 126910464
20150305 - 12:23:27 - SyncError - 12
20150305 - 12:24:29 - SyncCompt - 126910464
20150305 - 12:24:31 - SyncStart - 126910464
20150305 - 12:25:55 - SyncSuccd - 0
20150305 - 12:25:57 - SyncCompt - 126978048
20150306 - 02:12:08 - SyncStart - 126978048
20150306 - 02:12:10 - SyncError - 10
20150306 - 02:13:11 - SyncCompt - 126978048
20150306 - 02:13:12 - SyncStart - 126978048
20150306 - 02:13:26 - SyncError - 22
20150306 - 02:14:27 - SyncCompt - 126978048
20150306 - 02:14:28 - SyncStart - 126978048
20150306 - 02:15:30 - SyncError - 12
20150306 - 02:16:30 - SyncCompt - 122607616
20150306 - 02:16:31 - SyncStart - 122607616
20150306 - 02:22:50 - SyncSuccd - 0
20150306 - 02:22:51 - SyncCompt - 126978048
20150306 - 12:12:07 - SyncStart - 126978048
20150306 - 21:35:37 - SyncStart - 126977024
20150306 - 21:36:09 - SyncSuccd - 0
20150306 - 21:36:10 - SyncCompt - 126977024
20150307 - 02:12:08 - SyncStart - 126977024
20150307 - 02:12:36 - SyncSuccd - 0
20150307 - 02:12:37 - SyncCompt - 126977024
20150307 - 12:12:07 - SyncStart - 126977024
20150307 - 12:12:38 - SyncSuccd - 0
20150307 - 12:12:39 - SyncCompt - 126977024
20150308 - 02:12:08 - SyncStart - 126977024
20150308 - 02:12:30 - SyncSuccd - 0
20150308 - 02:12:31 - SyncCompt - 126977024
20150308 - 12:12:07 - SyncStart - 126977024
20150308 - 12:12:38 - SyncSuccd - 0
20150308 - 12:12:39 - SyncCompt - 126977024
20150309 - 02:12:07 - SyncStart - 126977024
20150309 - 02:12:29 - SyncSuccd - 0
20150309 - 02:12:29 - SyncCompt - 126977024
20150309 - 12:12:08 - SyncStart - 126977024
20150309 - 12:12:39 - SyncSuccd - 0
20150309 - 12:12:40 - SyncCompt - 126977024
20150310 - 02:12:08 - SyncStart - 126977024
20150310 - 02:12:36 - SyncSuccd - 0
20150310 - 02:12:37 - SyncCompt - 126977024
20150310 - 12:12:07 - SyncStart - 126977024
20150310 - 12:12:38 - SyncSuccd - 0
20150310 - 12:12:39 - SyncCompt - 126977024
20150311 - 02:12:10 - SyncStart - 126977024
20150311 - 02:12:47 - SyncSuccd - 0
20150311 - 02:12:48 - SyncCompt - 127169536
20150311 - 12:12:09 - SyncStart - 127169536
20150311 - 12:12:50 - SyncError - 23
20150311 - 12:13:51 - SyncCompt - 127167488
20150311 - 12:13:52 - SyncStart - 127167488
20150311 - 12:14:24 - SyncSuccd - 0
20150311 - 12:14:25 - SyncCompt - 127169536
20150312 - 02:12:05 - SyncStart - 127169536
20150312 - 02:12:45 - SyncSuccd - 0
20150312 - 02:12:46 - SyncCompt - 127566848
20150312 - 12:12:10 - SyncStart - 127566848
20150312 - 12:12:43 - SyncSuccd - 0
20150312 - 12:12:44 - SyncCompt - 127566848
20150313 - 02:12:08 - SyncStart - 127566848
20150313 - 02:13:11 - SyncError - 12
20150313 - 02:14:12 - SyncCompt - 127562752
20150313 - 02:14:13 - SyncStart - 127562752
20150313 - 02:14:30 - SyncError - 12
20150313 - 02:15:31 - SyncCompt - 127562752
20150313 - 02:15:32 - SyncStart - 127562752
20150313 - 02:18:00 - SyncSuccd - 0
20150313 - 02:18:01 - SyncCompt - 128505856
20150313 - 12:12:09 - SyncStart - 128505856
20150313 - 12:13:29 - SyncError - 12
20150313 - 12:14:31 - SyncCompt - 128506880
20150313 - 12:14:32 - SyncStart - 128506880
20150313 - 12:16:09 - SyncSuccd - 0
20150313 - 12:16:11 - SyncCompt - 129468416
20150314 - 02:12:08 - SyncStart - 129468416
20150314 - 02:12:25 - SyncSuccd - 0
20150314 - 02:12:26 - SyncCompt - 129468416
20150314 - 12:12:06 - SyncStart - 129468416
20150314 - 12:12:33 - SyncSuccd - 0
20150314 - 12:12:34 - SyncCompt - 129468416
20150315 - 02:12:06 - SyncStart - 129468416
20150315 - 02:12:34 - SyncSuccd - 0
20150315 - 02:12:35 - SyncCompt - 129468416
20150315 - 12:12:06 - SyncStart - 129468416
20150315 - 12:12:39 - SyncSuccd - 0
20150315 - 12:12:40 - SyncCompt - 129468416
20150316 - 02:12:06 - SyncStart - 129468416
20150316 - 02:16:33 - SyncSuccd - 0
20150316 - 02:16:34 - SyncCompt - 132644864
20150316 - 12:12:06 - SyncStart - 132644864
20150316 - 12:12:30 - SyncSuccd - 0
20150316 - 12:12:31 - SyncCompt - 129468416
20150317 - 02:12:11 - SyncStart - 138341376
20150317 - 02:17:44 - SyncSuccd - 0
20150317 - 02:17:50 - SyncCompt - 138434560
20150317 - 12:12:10 - SyncStart - 138434560
20150317 - 12:12:30 - SyncError - 12
20150317 - 12:13:37 - SyncCompt - 138425344
20150317 - 12:13:45 - SyncStart - 138425344
20150317 - 12:15:24 - SyncError - 23
20150317 - 12:16:31 - SyncCompt - 138425344
20150317 - 12:16:39 - SyncStart - 138425344
20150317 - 12:18:11 - SyncSuccd - 0
20150317 - 12:18:19 - SyncCompt - 138434560
20150318 - 02:12:10 - SyncStart - 138434560
20150318 - 02:19:54 - SyncSuccd - 0
20150318 - 02:20:00 - SyncCompt - 145902592
20150318 - 12:12:11 - SyncStart - 145902592
20150318 - 12:13:49 - SyncSuccd - 0
20150318 - 12:13:57 - SyncCompt - 145902592
20150319 - 02:12:11 - SyncStart - 145902592
20150319 - 02:13:43 - SyncError - 23
20150319 - 02:14:50 - SyncCompt - 145897472
20150319 - 02:14:56 - SyncStart - 145897472
20150319 - 02:16:27 - SyncSuccd - 0
20150319 - 02:16:34 - SyncCompt - 145902592
20150319 - 12:12:11 - SyncStart - 145902592
20150319 - 12:22:29 - SyncSuccd - 0
20150319 - 12:22:37 - SyncCompt - 146452480
20150320 - 02:12:06 - SyncStart - 137554944
20150320 - 02:12:33 - SyncSuccd - 0
20150320 - 02:12:34 - SyncCompt - 137554944
20150320 - 12:12:04 - SyncStart - 137554944
20150320 - 12:18:40 - SyncError - 23
20150320 - 12:19:42 - SyncCompt - 140083200
20150320 - 12:19:43 - SyncStart - 140083200
20150320 - 12:20:28 - SyncSuccd - 0
20150320 - 12:20:29 - SyncCompt - 137607168
20150321 - 02:12:08 - SyncStart - 137607168
20150321 - 02:12:32 - SyncSuccd - 0
20150321 - 02:12:33 - SyncCompt - 137684992
20150321 - 12:12:04 - SyncStart - 137684992
20150321 - 12:12:30 - SyncError - 23
20150321 - 12:13:32 - SyncCompt - 137648128
20150321 - 12:13:33 - SyncStart - 137648128
20150321 - 12:14:05 - SyncSuccd - 0
20150321 - 12:14:06 - SyncCompt - 137684992
20150322 - 02:12:05 - SyncStart - 137684992
20150322 - 02:12:36 - SyncSuccd - 0
20150322 - 02:12:37 - SyncCompt - 137684992
20150322 - 12:12:03 - SyncStart - 137684992
20150322 - 12:12:31 - SyncSuccd - 0
20150322 - 12:12:33 - SyncCompt - 137684992
20150323 - 02:12:06 - SyncStart - 137684992
20150323 - 02:12:37 - SyncSuccd - 0
20150323 - 02:12:38 - SyncCompt - 137683968
20150323 - 12:12:04 - SyncStart - 137683968
20150323 - 12:12:34 - SyncSuccd - 0
20150323 - 12:12:35 - SyncCompt - 137684992
20150324 - 02:12:06 - SyncStart - 137684992
20150324 - 02:12:10 - SyncError - 2
20150324 - 02:13:11 - SyncCompt - 137684992
20150324 - 02:13:12 - SyncStart - 137684992
20150324 - 02:13:34 - SyncError - 12
20150324 - 02:14:35 - SyncCompt - 127945728
20150324 - 02:14:36 - SyncStart - 127945728
20150324 - 02:16:07 - SyncError - 12
20150324 - 02:17:08 - SyncCompt - 128313344
20150324 - 02:17:09 - SyncStart - 128313344
20150324 - 02:27:14 - SyncSuccd - 0
20150324 - 02:27:16 - SyncCompt - 137774080
20150324 - 12:12:04 - SyncStart - 137774080
20150324 - 12:12:54 - SyncSuccd - 0
20150324 - 12:12:55 - SyncCompt - 137974784
20150325 - 02:12:07 - SyncStart - 137974784
20150325 - 02:14:26 - SyncSuccd - 0
20150325 - 02:14:27 - SyncCompt - 138140672
20150325 - 12:12:03 - SyncStart - 138140672
20150325 - 12:12:35 - SyncSuccd - 0
20150325 - 12:12:36 - SyncCompt - 138140672
20150326 - 02:12:06 - SyncStart - 138140672
20150326 - 02:13:00 - SyncSuccd - 0
20150326 - 02:13:01 - SyncCompt - 138267648
20150326 - 12:12:04 - SyncStart - 138267648
20150326 - 12:13:01 - SyncError - 12
20150326 - 12:14:02 - SyncCompt - 138260480
20150326 - 12:14:03 - SyncStart - 138260480
20150326 - 12:14:12 - SyncError - 22
20150326 - 12:15:13 - SyncCompt - 138260480
20150326 - 12:15:14 - SyncStart - 138260480
20150326 - 12:16:51 - SyncSuccd - 0
20150326 - 12:16:52 - SyncCompt - 138691584
20150327 - 02:12:05 - SyncStart - 138691584
20150327 - 02:12:50 - SyncError - 23
20150327 - 02:13:51 - SyncCompt - 138690560
20150327 - 02:13:52 - SyncStart - 138690560
20150327 - 02:14:22 - SyncSuccd - 0
20150327 - 02:14:23 - SyncCompt - 138691584
20150327 - 12:12:06 - SyncStart - 138691584
20150327 - 12:18:49 - SyncSuccd - 0
20150327 - 12:18:51 - SyncCompt - 139725824
20150328 - 02:12:08 - SyncStart - 139725824
20150328 - 02:12:52 - SyncSuccd - 0
20150328 - 02:12:53 - SyncCompt - 139744256
20150328 - 12:12:04 - SyncStart - 139744256
20150328 - 12:12:45 - SyncSuccd - 0
20150328 - 12:12:46 - SyncCompt - 139744256
20150329 - 02:12:06 - SyncStart - 139744256
20150329 - 02:12:35 - SyncSuccd - 0
20150329 - 02:12:36 - SyncCompt - 139744256
20150329 - 12:12:04 - SyncStart - 139744256
20150329 - 12:12:33 - SyncSuccd - 0
20150329 - 12:12:34 - SyncCompt - 139744256
20150330 - 02:12:05 - SyncStart - 139744256
20150330 - 02:12:10 - SyncError - 134
20150330 - 02:13:11 - SyncCompt - 139744256
20150330 - 02:13:12 - SyncStart - 139744256
20150330 - 02:13:13 - SyncError - 5
20150330 - 02:14:14 - SyncCompt - 139744256
20150330 - 02:14:16 - SyncStart - 139744256
20150330 - 02:14:22 - SyncError - 12
20150330 - 02:15:23 - SyncCompt - 139743232
20150330 - 02:15:24 - SyncStart - 139743232
20150330 - 02:15:49 - SyncSuccd - 0
20150330 - 02:15:50 - SyncCompt - 139744256
20150330 - 12:12:15 - SyncStart - 148724736
20150330 - 12:13:46 - SyncSuccd - 0
20150330 - 12:13:53 - SyncCompt - 148724736
20150331 - 02:12:11 - SyncStart - 148724736
20150331 - 02:30:06 - SyncError - 12
20150331 - 02:31:12 - SyncCompt - 148724736
20150331 - 02:31:18 - SyncStart - 148724736
20150331 - 02:31:50 - SyncError - 12
20150331 - 02:32:57 - SyncCompt - 148718592
20150331 - 02:33:04 - SyncStart - 148718592
20150331 - 02:33:12 - SyncError - 12
20150331 - 02:34:18 - SyncCompt - 148717568
20150331 - 02:34:25 - SyncStart - 148717568
20150331 - 03:06:17 - SyncSuccd - 0
20150331 - 03:06:34 - SyncCompt - 177490944
20150331 - 12:12:22 - SyncStart - 177490944
20150331 - 12:16:55 - SyncSuccd - 0
20150331 - 12:17:20 - SyncCompt - 177490944
20150401 - 02:12:24 - SyncStart - 177490944
20150401 - 02:20:53 - SyncError - 12
20150401 - 02:22:12 - SyncCompt - 177494016
20150401 - 02:22:30 - SyncStart - 177494016
20150401 - 02:25:44 - SyncError - 12
20150401 - 02:27:02 - SyncCompt - 177494016
20150401 - 02:27:20 - SyncStart - 177494016
20150401 - 02:29:37 - SyncError - 12
20150401 - 02:30:54 - SyncCompt - 176084992
20150401 - 02:31:11 - SyncStart - 176084992
20150401 - 02:31:41 - SyncError - 22
20150401 - 02:32:59 - SyncCompt - 176084992
20150401 - 02:33:17 - SyncStart - 176084992
20150401 - 02:42:50 - SyncError - 12
20150401 - 02:44:06 - SyncCompt - 174587904
20150401 - 12:12:25 - SyncStart - 193457152
20150401 - 12:24:04 - SyncError - 12
20150401 - 12:25:26 - SyncCompt - 193457152
20150401 - 12:25:47 - SyncStart - 193457152
20150401 - 12:25:52 - SyncError - 134
20150401 - 12:27:12 - SyncCompt - 193457152
20150401 - 12:27:33 - SyncStart - 193457152
20150401 - 12:27:37 - SyncError - 12
20150401 - 12:28:59 - SyncCompt - 193457152
20150401 - 12:29:18 - SyncStart - 193457152
20150401 - 12:35:37 - SyncSuccd - 0
20150401 - 12:36:01 - SyncCompt - 193660928
20150402 - 02:12:25 - SyncStart - 193660928
20150402 - 02:18:43 - SyncError - 0
20150402 - 02:20:03 - SyncCompt - 194942976
20150402 - 02:20:20 - SyncStart - 194942976
20150402 - 02:24:43 - SyncSuccd - 0
20150402 - 02:25:01 - SyncCompt - 194831360
20150402 - 12:12:29 - SyncStart - 194831360
20150402 - 12:17:54 - SyncSuccd - 0
20150402 - 12:18:18 - SyncCompt - 194942976
20150403 - 02:12:26 - SyncStart - 194942976
20150403 - 02:16:45 - SyncSuccd - 0
20150403 - 02:17:05 - SyncCompt - 194942976
20150403 - 12:12:26 - SyncStart - 194942976
20150403 - 12:12:46 - SyncError - 12
20150403 - 12:14:05 - SyncCompt - 194942976
20150403 - 12:14:26 - SyncStart - 194942976
20150403 - 12:18:52 - SyncSuccd - 0
20150403 - 12:19:11 - SyncCompt - 194942976
20150404 - 02:12:30 - SyncStart - 194942976
20150404 - 02:16:48 - SyncSuccd - 0
20150404 - 02:17:06 - SyncCompt - 194987008
20150404 - 12:12:29 - SyncStart - 194987008
20150404 - 12:12:37 - SyncError - 22
20150404 - 12:13:57 - SyncCompt - 194987008
20150404 - 12:14:16 - SyncStart - 194987008
20150404 - 12:14:40 - SyncError - 12
20150404 - 12:16:00 - SyncCompt - 194982912
20150404 - 12:16:20 - SyncStart - 194982912
20150404 - 12:21:01 - SyncSuccd - 0
20150404 - 12:21:21 - SyncCompt - 194987008
20150405 - 02:12:28 - SyncStart - 194987008
20150405 - 02:16:27 - SyncSuccd - 0
20150405 - 02:16:44 - SyncCompt - 194987008
20150405 - 12:12:28 - SyncStart - 194987008
20150405 - 12:17:01 - SyncSuccd - 0
20150405 - 12:17:20 - SyncCompt - 194987008
20150406 - 02:12:28 - SyncStart - 194987008
20150406 - 02:16:43 - SyncSuccd - 0
20150406 - 02:17:02 - SyncCompt - 194987008
20150406 - 12:12:31 - SyncStart - 194987008
20150406 - 12:12:54 - SyncError - 12
20150406 - 12:14:15 - SyncCompt - 194987008
20150406 - 12:14:36 - SyncStart - 194987008
20150406 - 12:19:21 - SyncError - 23
20150406 - 12:20:42 - SyncCompt - 194985984
20150406 - 12:21:02 - SyncStart - 194985984
20150406 - 12:25:46 - SyncSuccd - 0
20150406 - 12:26:09 - SyncCompt - 194987008
20150407 - 02:12:26 - SyncStart - 194987008
20150407 - 02:12:35 - SyncError - 12
20150407 - 02:13:53 - SyncCompt - 194987008
20150407 - 02:14:11 - SyncStart - 194987008
20150407 - 12:12:20 - SyncStart - 194985984
20150407 - 12:16:44 - SyncSuccd - 0
20150407 - 12:17:04 - SyncCompt - 194987008
20150408 - 02:12:28 - SyncStart - 194987008
20150408 - 02:12:29 - SyncError - 5
20150408 - 02:13:48 - SyncCompt - 194987008
20150408 - 02:14:06 - SyncStart - 194987008
20150408 - 02:17:33 - SyncError - 23
20150408 - 02:18:39 - SyncCompt - 143275008
20150408 - 02:18:46 - SyncStart - 143275008
20150408 - 02:20:18 - SyncSuccd - 0
20150408 - 02:20:24 - SyncCompt - 143410176
20150408 - 12:12:12 - SyncStart - 143410176
20150408 - 12:12:15 - SyncError - 2
20150408 - 12:13:22 - SyncCompt - 143410176
20150408 - 12:13:30 - SyncStart - 143410176
20150408 - 12:15:38 - SyncSuccd - 0
20150408 - 12:15:45 - SyncCompt - 143628288
20150409 - 02:12:13 - SyncStart - 143628288
20150409 - 02:12:26 - SyncError - 12
20150409 - 02:13:32 - SyncCompt - 143628288
20150409 - 02:13:38 - SyncStart - 143628288
20150409 - 02:19:39 - SyncSuccd - 0
20150409 - 02:19:45 - SyncCompt - 146989056
20150409 - 12:12:11 - SyncStart - 146989056
20150409 - 12:12:26 - SyncError - 12
20150409 - 12:13:33 - SyncCompt - 146989056
20150409 - 12:13:40 - SyncStart - 146989056
20150409 - 12:15:07 - SyncSuccd - 0
20150409 - 12:15:15 - SyncCompt - 143812608
20150410 - 02:12:12 - SyncStart - 143812608
20150410 - 02:13:36 - SyncError - 12
20150410 - 02:14:43 - SyncCompt - 143735808
20150410 - 02:14:50 - SyncStart - 143735808
20150410 - 02:17:29 - SyncError - 23
20150410 - 02:18:36 - SyncCompt - 143738880
20150410 - 02:18:43 - SyncStart - 143738880
20150410 - 02:20:14 - SyncError - 12
20150410 - 02:21:21 - SyncCompt - 143738880
20150410 - 02:21:27 - SyncStart - 143738880
20150410 - 02:23:15 - SyncSuccd - 0
20150410 - 02:23:21 - SyncCompt - 143876096
20150410 - 12:12:11 - SyncStart - 143876096
20150410 - 12:13:52 - SyncSuccd - 0
20150410 - 12:14:00 - SyncCompt - 143876096
20150411 - 02:12:14 - SyncStart - 143876096
20150411 - 02:13:04 - SyncError - 12
20150411 - 02:14:11 - SyncCompt - 142692352
20150411 - 02:14:17 - SyncStart - 142692352
20150411 - 02:14:21 - SyncError - 12
20150411 - 02:15:28 - SyncCompt - 142692352
20150411 - 02:15:35 - SyncStart - 142692352
20150411 - 02:16:44 - SyncError - 12
20150411 - 02:17:51 - SyncCompt - 142735360
20150411 - 02:17:58 - SyncStart - 142735360
20150411 - 02:21:25 - SyncSuccd - 0
20150411 - 02:21:32 - SyncCompt - 144013312
20150411 - 12:12:14 - SyncStart - 144013312
20150411 - 12:13:53 - SyncSuccd - 0
20150411 - 12:14:00 - SyncCompt - 144013312
20150412 - 02:12:14 - SyncStart - 144013312
20150412 - 02:13:35 - SyncError - 23
20150412 - 02:14:43 - SyncCompt - 143945728
20150412 - 02:14:50 - SyncStart - 143945728
20150412 - 02:20:48 - SyncSuccd - 0
20150412 - 02:20:56 - SyncCompt - 147189760
20150412 - 12:12:10 - SyncStart - 147189760
20150412 - 12:13:37 - SyncSuccd - 0
20150412 - 12:13:45 - SyncCompt - 144013312
20150413 - 02:12:14 - SyncStart - 144013312
20150413 - 02:13:45 - SyncSuccd - 0
20150413 - 02:13:53 - SyncCompt - 144013312
20150413 - 12:12:13 - SyncStart - 144013312
20150413 - 12:13:57 - SyncSuccd - 0
20150413 - 12:14:07 - SyncCompt - 144013312
20150414 - 02:12:11 - SyncStart - 144013312
20150414 - 02:15:49 - SyncSuccd - 0
20150414 - 02:15:56 - SyncCompt - 144082944
20150414 - 12:12:10 - SyncStart - 144082944
20150414 - 12:13:40 - SyncSuccd - 0
20150414 - 12:13:48 - SyncCompt - 144082944
20150415 - 02:12:10 - SyncStart - 144082944
20150415 - 02:12:42 - SyncError - 12
20150415 - 02:13:48 - SyncCompt - 144082944
20150415 - 02:13:54 - SyncStart - 144082944
20150415 - 02:14:15 - SyncError - 12
20150415 - 02:15:21 - SyncCompt - 144082944
20150415 - 02:15:27 - SyncStart - 144082944
20150415 - 02:21:34 - SyncSuccd - 0
20150415 - 02:21:41 - SyncCompt - 147275776
20150415 - 12:12:14 - SyncStart - 147275776
20150415 - 12:13:47 - SyncSuccd - 0
20150415 - 12:13:55 - SyncCompt - 144099328
20150416 - 02:12:12 - SyncStart - 144099328
20150416 - 02:17:04 - SyncSuccd - 0
20150416 - 02:17:12 - SyncCompt - 145966080
20150416 - 12:12:09 - SyncStart - 145966080
20150416 - 12:13:37 - SyncSuccd - 0
20150416 - 12:13:44 - SyncCompt - 145966080
20150417 - 02:12:11 - SyncStart - 145966080
20150417 - 02:13:36 - SyncError - 23
20150417 - 02:14:42 - SyncCompt - 145957888
20150417 - 02:14:49 - SyncStart - 145957888
20150417 - 12:12:10 - SyncStart - 145952768
20150417 - 12:14:16 - SyncSuccd - 0
20150417 - 12:14:23 - SyncCompt - 146073600
20150418 - 02:12:12 - SyncStart - 146073600
20150418 - 12:12:10 - SyncStart - 146072576
20150418 - 12:14:39 - SyncError - 12
20150418 - 12:15:47 - SyncCompt - 145986560
20150418 - 12:15:55 - SyncStart - 145986560
20150418 - 12:44:35 - SyncSuccd - 0
20150418 - 12:44:43 - SyncCompt - 146125824
20150419 - 02:12:11 - SyncStart - 146125824
20150419 - 02:13:13 - SyncError - 12
20150419 - 02:14:20 - SyncCompt - 146125824
20150419 - 02:14:27 - SyncStart - 146125824
20150419 - 02:15:52 - SyncError - 12
20150419 - 02:16:58 - SyncCompt - 146125824
20150419 - 02:17:05 - SyncStart - 146125824
20150419 - 02:18:31 - SyncSuccd - 0
20150419 - 02:18:38 - SyncCompt - 146126848
20150419 - 12:12:12 - SyncStart - 146126848
20150419 - 12:14:36 - SyncSuccd - 0
20150419 - 12:14:44 - SyncCompt - 146125824
20150420 - 02:12:13 - SyncStart - 146125824
20150420 - 02:13:40 - SyncSuccd - 0
20150420 - 02:13:47 - SyncCompt - 146125824
20150420 - 12:12:13 - SyncStart - 146125824
20150420 - 12:13:38 - SyncSuccd - 0
20150420 - 12:13:46 - SyncCompt - 146125824
20150421 - 02:12:11 - SyncStart - 146125824
20150421 - 02:17:46 - SyncSuccd - 0
20150421 - 02:17:53 - SyncCompt - 149302272
20150421 - 12:12:12 - SyncStart - 149302272
20150421 - 12:13:41 - SyncSuccd - 0
20150421 - 12:13:47 - SyncCompt - 146125824
20150422 - 02:12:10 - SyncStart - 146125824
20150422 - 02:13:46 - SyncSuccd - 0
20150422 - 02:13:52 - SyncCompt - 146313216
20150422 - 12:12:12 - SyncStart - 146313216
20150422 - 12:15:17 - SyncError - 22
20150422 - 12:16:25 - SyncCompt - 146586624
20150422 - 12:16:33 - SyncStart - 146586624
20150422 - 12:18:56 - SyncError - 23
20150422 - 12:20:04 - SyncCompt - 134590464
20150422 - 12:20:11 - SyncStart - 134590464
20150422 - 12:20:49 - SyncError - 12
20150422 - 12:21:56 - SyncCompt - 134589440
20150422 - 12:22:05 - SyncStart - 134589440
20150422 - 12:24:37 - SyncSuccd - 0
20150422 - 12:24:45 - SyncCompt - 134746112
20150423 - 02:12:10 - SyncStart - 134746112
20150423 - 02:14:02 - SyncError - 12
20150423 - 02:15:09 - SyncCompt - 134711296
20150423 - 02:15:16 - SyncStart - 134711296
20150423 - 02:15:48 - SyncError - 22
20150423 - 02:16:55 - SyncCompt - 134713344
20150423 - 02:17:01 - SyncStart - 134713344
20150423 - 02:18:31 - SyncError - 12
20150423 - 02:19:38 - SyncCompt - 134713344
20150423 - 02:19:45 - SyncStart - 134713344
20150423 - 02:22:28 - SyncSuccd - 0
20150423 - 02:22:34 - SyncCompt - 135870464
20150423 - 12:12:10 - SyncStart - 135870464
20150423 - 12:13:37 - SyncSuccd - 0
20150423 - 12:13:44 - SyncCompt - 135870464
20150424 - 02:12:10 - SyncStart - 135870464
20150424 - 02:13:37 - SyncSuccd - 0
20150424 - 02:13:44 - SyncCompt - 135870464
20150424 - 12:12:11 - SyncStart - 135870464
20150424 - 12:12:42 - SyncError - 2
20150424 - 12:13:49 - SyncCompt - 135870464
20150424 - 12:13:55 - SyncStart - 135870464
20150424 - 12:15:19 - SyncSuccd - 0
20150424 - 12:15:26 - SyncCompt - 135870464
20150425 - 02:12:13 - SyncStart - 135870464
20150425 - 02:13:26 - SyncSuccd - 0
20150425 - 02:13:33 - SyncCompt - 135870464
20150425 - 12:12:14 - SyncStart - 135870464
20150425 - 12:14:30 - SyncSuccd - 0
20150425 - 12:14:42 - SyncCompt - 135870464
20150426 - 02:12:11 - SyncStart - 135870464
20150426 - 02:13:32 - SyncSuccd - 0
20150426 - 02:13:38 - SyncCompt - 135870464
20150426 - 12:12:12 - SyncStart - 135870464
20150426 - 12:13:42 - SyncSuccd - 0
20150426 - 12:13:50 - SyncCompt - 135870464
20150427 - 02:12:11 - SyncStart - 135870464
20150427 - 02:13:38 - SyncError - 23
20150427 - 02:14:45 - SyncCompt - 135866368
20150427 - 02:14:52 - SyncStart - 135866368
20150427 - 02:16:17 - SyncError - 23
20150427 - 02:17:24 - SyncCompt - 135864320
20150427 - 02:17:31 - SyncStart - 135864320
20150427 - 02:18:56 - SyncSuccd - 0
20150427 - 02:19:02 - SyncCompt - 135870464
20150427 - 12:12:09 - SyncStart - 135870464
20150427 - 12:13:44 - SyncSuccd - 0
20150427 - 12:13:51 - SyncCompt - 135870464
20150428 - 02:12:09 - SyncStart - 135870464
20150428 - 02:13:16 - SyncSuccd - 0
20150428 - 02:13:21 - SyncCompt - 135870464
20150428 - 12:12:11 - SyncStart - 135870464
20150428 - 12:13:39 - SyncSuccd - 0
20150428 - 12:13:46 - SyncCompt - 135870464
20150429 - 02:12:11 - SyncStart - 135870464
20150429 - 02:13:40 - SyncSuccd - 0
20150429 - 02:13:47 - SyncCompt - 135870464
20150429 - 12:12:11 - SyncStart - 135870464
20150429 - 12:15:30 - SyncError - 12
20150429 - 12:16:39 - SyncCompt - 135751680
20150429 - 12:16:47 - SyncStart - 135751680
20150429 - 12:19:28 - SyncError - 12
20150429 - 12:20:37 - SyncCompt - 135755776
20150429 - 12:20:46 - SyncStart - 135755776
20150429 - 12:23:00 - SyncSuccd - 0
20150429 - 12:23:09 - SyncCompt - 135942144
20150430 - 02:12:12 - SyncStart - 135942144
20150430 - 02:32:38 - SyncError - 12
20150430 - 02:33:45 - SyncCompt - 135942144
20150430 - 02:33:51 - SyncStart - 135942144
20150430 - 02:50:02 - SyncError - 12
20150430 - 02:51:08 - SyncCompt - 135942144
20150430 - 02:51:15 - SyncStart - 135942144
20150430 - 02:56:27 - SyncError - 12
20150430 - 02:57:34 - SyncCompt - 135950336
20150430 - 02:57:41 - SyncStart - 135950336
20150430 - 02:58:59 - SyncError - 12
20150430 - 03:00:06 - SyncCompt - 135912448
20150430 - 03:00:13 - SyncStart - 135912448
20150430 - 03:03:32 - SyncSuccd - 0
20150430 - 03:03:39 - SyncCompt - 136178688
20150430 - 12:12:12 - SyncStart - 136178688
20150430 - 12:13:44 - SyncSuccd - 0
20150430 - 12:13:51 - SyncCompt - 136178688
20150501 - 02:12:12 - SyncStart - 136178688
20150501 - 02:13:42 - SyncSuccd - 0
20150501 - 02:13:50 - SyncCompt - 136178688
20150501 - 12:12:12 - SyncStart - 136178688
20150501 - 12:13:58 - SyncSuccd - 0
20150501 - 12:14:05 - SyncCompt - 136178688
20150502 - 02:12:14 - SyncStart - 136178688
20150502 - 02:13:46 - SyncSuccd - 0
20150502 - 02:13:53 - SyncCompt - 136178688
20150502 - 12:12:09 - SyncStart - 136178688
20150502 - 12:13:40 - SyncSuccd - 0
20150502 - 12:13:47 - SyncCompt - 136178688
20150503 - 02:12:12 - SyncStart - 136178688
20150503 - 02:13:39 - SyncSuccd - 0
20150503 - 02:13:46 - SyncCompt - 136178688
20150503 - 12:12:10 - SyncStart - 136178688
20150503 - 12:13:35 - SyncSuccd - 0
20150503 - 12:13:42 - SyncCompt - 136178688
20150504 - 02:12:13 - SyncStart - 136178688
20150504 - 02:13:30 - SyncSuccd - 0
20150504 - 02:13:36 - SyncCompt - 136178688
20150504 - 12:12:12 - SyncStart - 136178688
20150504 - 12:13:42 - SyncError - 12
20150504 - 12:14:49 - SyncCompt - 136178688
20150504 - 12:14:57 - SyncStart - 136178688
20150504 - 12:15:12 - SyncError - 134
20150504 - 12:16:20 - SyncCompt - 136172544
20150504 - 12:16:28 - SyncStart - 136172544
20150504 - 12:18:06 - SyncSuccd - 0
20150504 - 12:18:14 - SyncCompt - 136178688
20150505 - 02:12:12 - SyncStart - 136178688
20150505 - 02:13:36 - SyncSuccd - 0
20150505 - 02:13:43 - SyncCompt - 136178688
20150505 - 12:12:14 - SyncStart - 136178688
20150505 - 12:13:46 - SyncSuccd - 0
20150505 - 12:13:52 - SyncCompt - 136178688
20150506 - 02:12:14 - SyncStart - 136178688
20150506 - 02:14:20 - SyncSuccd - 0
20150506 - 02:14:28 - SyncCompt - 136359936
20150506 - 12:12:14 - SyncStart - 136359936
20150506 - 12:13:54 - SyncSuccd - 0
20150506 - 12:14:03 - SyncCompt - 136359936
20150507 - 02:12:14 - SyncStart - 136359936
20150507 - 02:16:34 - SyncError - 12
20150507 - 02:17:42 - SyncCompt - 136325120
20150507 - 02:17:51 - SyncStart - 136325120
20150507 - 02:19:45 - SyncSuccd - 0
20150507 - 02:19:54 - SyncCompt - 136522752
20150507 - 12:12:14 - SyncStart - 136522752
20150507 - 12:13:44 - SyncSuccd - 0
20150507 - 12:13:52 - SyncCompt - 136522752
20150508 - 02:12:12 - SyncStart - 136522752
20150508 - 02:13:36 - SyncSuccd - 0
20150508 - 02:13:43 - SyncCompt - 136522752
20150508 - 12:12:10 - SyncStart - 136522752
20150508 - 12:13:52 - SyncSuccd - 0
20150508 - 12:13:59 - SyncCompt - 136522752
20150509 - 02:12:17 - SyncStart - 136522752
20150509 - 02:14:05 - SyncSuccd - 0
20150509 - 02:14:13 - SyncCompt - 136535040
20150509 - 12:12:11 - SyncStart - 136535040
20150509 - 12:13:59 - SyncSuccd - 0
20150509 - 12:14:07 - SyncCompt - 136535040
20150510 - 02:12:17 - SyncStart - 136535040
20150510 - 02:13:37 - SyncSuccd - 0
20150510 - 02:13:46 - SyncCompt - 136535040
20150510 - 12:12:11 - SyncStart - 136535040
20150510 - 12:13:55 - SyncSuccd - 0
20150510 - 12:14:04 - SyncCompt - 136535040
20150511 - 02:12:16 - SyncStart - 136535040
20150511 - 02:13:34 - SyncSuccd - 0
20150511 - 02:13:40 - SyncCompt - 136535040
20150511 - 12:12:10 - SyncStart - 136535040
20150511 - 12:13:29 - SyncSuccd - 0
20150511 - 12:13:36 - SyncCompt - 136535040
20150512 - 02:12:14 - SyncStart - 136535040
20150512 - 02:12:54 - SyncError - 12
20150512 - 02:14:01 - SyncCompt - 136531968
20150512 - 02:14:07 - SyncStart - 136531968
20150512 - 02:15:50 - SyncError - 12
20150512 - 02:16:57 - SyncCompt - 136450048
20150512 - 02:17:04 - SyncStart - 136450048
20150512 - 02:17:10 - SyncError - 12
20150512 - 02:18:17 - SyncCompt - 136450048
20150512 - 02:18:24 - SyncStart - 136450048
20150512 - 02:20:21 - SyncSuccd - 0
20150512 - 02:20:28 - SyncCompt - 136660992
20150512 - 12:12:16 - SyncStart - 136660992
20150512 - 12:13:56 - SyncSuccd - 0
20150512 - 12:14:03 - SyncCompt - 136660992
20150513 - 02:12:13 - SyncStart - 136660992
20150513 - 02:13:35 - SyncSuccd - 0
20150513 - 02:13:41 - SyncCompt - 136660992
20150513 - 12:12:11 - SyncStart - 136660992
20150513 - 12:15:06 - SyncSuccd - 0
20150513 - 12:15:15 - SyncCompt - 137654272
20150514 - 02:12:16 - SyncStart - 137654272
20150514 - 02:15:13 - SyncError - 12
20150514 - 02:16:21 - SyncCompt - 137656320
20150514 - 02:16:29 - SyncStart - 137656320
20150514 - 03:18:28 - SyncError - 12
20150514 - 03:19:36 - SyncCompt - 137554944
20150514 - 03:19:44 - SyncStart - 137554944
20150514 - 03:25:28 - SyncError - 12
20150514 - 03:26:34 - SyncCompt - 137870336
20150514 - 03:26:41 - SyncStart - 137870336
20150514 - 03:27:46 - SyncError - 12
20150514 - 03:28:53 - SyncCompt - 137870336
20150514 - 03:29:00 - SyncStart - 137870336
20150514 - 03:33:22 - SyncError - 22
20150514 - 03:34:30 - SyncCompt - 137875456
20150514 - 12:12:14 - SyncStart - 137875456
20150514 - 12:16:10 - SyncSuccd - 0
20150514 - 12:16:19 - SyncCompt - 139016192
20150515 - 02:12:12 - SyncStart - 139016192
20150515 - 02:15:00 - SyncError - 12
20150515 - 02:16:07 - SyncCompt - 138968064
20150515 - 02:16:14 - SyncStart - 138968064
20150515 - 02:19:13 - SyncError - 23
20150515 - 02:20:20 - SyncCompt - 139313152
20150515 - 02:20:27 - SyncStart - 139313152
20150515 - 02:22:34 - SyncSuccd - 0
20150515 - 02:22:41 - SyncCompt - 139487232
20150515 - 12:12:10 - SyncStart - 139487232
20150515 - 12:12:34 - SyncError - 12
20150515 - 12:13:41 - SyncCompt - 139487232
20150515 - 12:13:48 - SyncStart - 139487232
20150515 - 12:15:23 - SyncSuccd - 0
20150515 - 12:15:30 - SyncCompt - 139487232
20150516 - 02:12:16 - SyncStart - 139487232
20150516 - 02:14:38 - SyncSuccd - 0
20150516 - 02:14:48 - SyncCompt - 139487232
20150516 - 12:12:14 - SyncStart - 139487232
20150516 - 12:13:52 - SyncSuccd - 0
20150516 - 12:14:00 - SyncCompt - 139487232
20150517 - 02:12:12 - SyncStart - 139487232
20150517 - 02:13:48 - SyncSuccd - 0
20150517 - 02:13:54 - SyncCompt - 139487232
20150517 - 12:12:12 - SyncStart - 139487232
20150517 - 12:13:49 - SyncSuccd - 0
20150517 - 12:13:57 - SyncCompt - 139487232
20150518 - 02:12:12 - SyncStart - 139487232
20150518 - 02:13:35 - SyncSuccd - 0
20150518 - 02:13:42 - SyncCompt - 139487232
20150518 - 12:12:14 - SyncStart - 139487232
20150518 - 12:13:42 - SyncSuccd - 0
20150518 - 12:13:49 - SyncCompt - 139487232
20150519 - 02:12:11 - SyncStart - 139487232
20150519 - 02:17:33 - SyncError - 23
20150519 - 02:18:40 - SyncCompt - 139339776
20150519 - 02:18:47 - SyncStart - 139339776
20150519 - 02:21:33 - SyncSuccd - 0
20150519 - 02:21:40 - SyncCompt - 139971584
20150519 - 12:12:12 - SyncStart - 139971584
20150519 - 12:13:42 - SyncSuccd - 0
20150519 - 12:13:49 - SyncCompt - 139971584
20150520 - 02:12:11 - SyncStart - 139971584
20150520 - 02:22:17 - SyncError - 23
20150520 - 02:23:24 - SyncCompt - 142340096
20150520 - 02:23:31 - SyncStart - 142340096
20150520 - 02:25:29 - SyncSuccd - 0
20150520 - 02:25:35 - SyncCompt - 140177408
20150520 - 12:12:13 - SyncStart - 140177408
20150520 - 12:14:26 - SyncSuccd - 0
20150520 - 12:14:34 - SyncCompt - 140238848
20150521 - 02:12:10 - SyncStart - 140238848
20150521 - 02:13:58 - SyncError - 12
20150521 - 02:15:05 - SyncCompt - 140240896
20150521 - 02:15:11 - SyncStart - 140240896
20150521 - 02:16:57 - SyncSuccd - 0
20150521 - 02:17:03 - SyncCompt - 140396544
20150521 - 12:12:11 - SyncStart - 140396544
20150521 - 12:14:14 - SyncSuccd - 0
20150521 - 12:14:20 - SyncCompt - 141434880
20150522 - 02:12:12 - SyncStart - 141434880
20150522 - 02:13:41 - SyncSuccd - 0
20150522 - 02:13:48 - SyncCompt - 141434880
20150522 - 12:12:12 - SyncStart - 141434880
20150522 - 12:13:36 - SyncSuccd - 0
20150522 - 12:13:45 - SyncCompt - 141434880
20150523 - 02:12:14 - SyncStart - 141434880
20150523 - 02:14:10 - SyncSuccd - 0
20150523 - 02:14:17 - SyncCompt - 141434880
20150523 - 12:12:13 - SyncStart - 141434880
20150523 - 12:13:45 - SyncSuccd - 0
20150523 - 12:13:52 - SyncCompt - 141434880
20150524 - 02:12:12 - SyncStart - 141434880
20150524 - 02:13:46 - SyncSuccd - 0
20150524 - 02:13:52 - SyncCompt - 141434880
20150524 - 12:12:13 - SyncStart - 141434880
20150524 - 12:13:35 - SyncSuccd - 0
20150524 - 12:13:41 - SyncCompt - 141434880
20150525 - 02:12:14 - SyncStart - 141434880
20150525 - 02:12:30 - SyncError - 12
20150525 - 02:13:37 - SyncCompt - 141434880
20150525 - 02:13:44 - SyncStart - 141434880
20150525 - 02:15:18 - SyncSuccd - 0
20150525 - 02:15:25 - SyncCompt - 141434880
20150525 - 12:12:15 - SyncStart - 141434880
20150525 - 12:14:03 - SyncSuccd - 0
20150525 - 12:14:11 - SyncCompt - 141434880
20150526 - 02:12:14 - SyncStart - 141434880
20150526 - 02:35:11 - SyncSuccd - 0
20150526 - 02:35:18 - SyncCompt - 141907968
20150526 - 12:12:14 - SyncStart - 141907968
20150526 - 12:13:52 - SyncSuccd - 0
20150526 - 12:14:00 - SyncCompt - 141907968
20150527 - 02:12:13 - SyncStart - 141907968
20150527 - 02:13:33 - SyncSuccd - 0
20150527 - 02:13:39 - SyncCompt - 141907968
20150527 - 12:12:14 - SyncStart - 141907968
20150527 - 12:13:45 - SyncSuccd - 0
20150527 - 12:13:51 - SyncCompt - 141907968
20150528 - 02:12:09 - SyncStart - 141907968
20150528 - 02:14:07 - SyncSuccd - 0
20150528 - 02:14:13 - SyncCompt - 142102528
20150528 - 12:12:11 - SyncStart - 142102528
20150528 - 12:13:43 - SyncSuccd - 0
20150528 - 12:13:50 - SyncCompt - 142102528
20150529 - 02:12:12 - SyncStart - 142102528
20150529 - 02:12:21 - SyncError - 5
20150529 - 02:13:28 - SyncCompt - 142102528
20150529 - 02:13:34 - SyncStart - 142102528
20150529 - 02:14:19 - SyncError - 10
20150529 - 02:15:26 - SyncCompt - 142102528
20150529 - 02:15:32 - SyncStart - 142102528
20150529 - 02:15:58 - SyncError - 10
20150529 - 02:17:04 - SyncCompt - 142102528
20150529 - 02:17:11 - SyncStart - 142102528
20150529 - 02:17:51 - SyncError - 10
20150529 - 02:18:58 - SyncCompt - 142102528
20150529 - 02:19:04 - SyncStart - 142102528
20150529 - 02:19:31 - SyncError - 5
20150529 - 02:20:38 - SyncCompt - 142102528
20150529 - 12:12:15 - SyncStart - 142102528
20150529 - 12:12:18 - SyncError - 5
20150529 - 12:13:25 - SyncCompt - 142102528
20150529 - 12:13:32 - SyncStart - 142102528
20150529 - 12:13:33 - SyncError - 5
20150529 - 12:14:41 - SyncCompt - 142102528
20150529 - 12:14:48 - SyncStart - 142102528
20150529 - 12:14:49 - SyncError - 5
20150529 - 12:15:56 - SyncCompt - 142102528
20150529 - 12:16:03 - SyncStart - 142102528
20150529 - 12:16:06 - SyncError - 5
20150529 - 12:17:14 - SyncCompt - 142102528
20150529 - 12:17:22 - SyncStart - 142102528
20150529 - 12:17:26 - SyncError - 5
20150529 - 12:18:33 - SyncCompt - 142102528
20150530 - 02:12:14 - SyncStart - 142102528
20150530 - 02:13:47 - SyncSuccd - 0
20150530 - 02:13:54 - SyncCompt - 142102528
20150530 - 12:12:09 - SyncStart - 142102528
20150530 - 12:13:42 - SyncSuccd - 0
20150530 - 12:13:49 - SyncCompt - 142102528
20150531 - 02:12:12 - SyncStart - 142102528
20150531 - 02:13:35 - SyncSuccd - 0
20150531 - 02:13:42 - SyncCompt - 142102528
20150531 - 12:12:09 - SyncStart - 142102528
20150531 - 12:13:35 - SyncSuccd - 0
20150531 - 12:13:41 - SyncCompt - 142102528
20150601 - 02:12:11 - SyncStart - 142102528
20150601 - 02:13:35 - SyncSuccd - 0
20150601 - 02:13:42 - SyncCompt - 142102528
20150601 - 12:12:17 - SyncStart - 142102528
20150601 - 12:14:04 - SyncSuccd - 0
20150601 - 12:14:13 - SyncCompt - 142102528
20150602 - 02:12:15 - SyncStart - 142102528
20150602 - 02:13:31 - SyncSuccd - 0
20150602 - 02:13:39 - SyncCompt - 142102528
20150602 - 12:12:12 - SyncStart - 142102528
20150602 - 12:13:45 - SyncSuccd - 0
20150602 - 12:13:52 - SyncCompt - 142102528
20150603 - 02:12:11 - SyncStart - 142102528
20150603 - 02:27:49 - SyncSuccd - 0
20150603 - 02:27:55 - SyncCompt - 142241792
20150603 - 12:12:15 - SyncStart - 142241792
20150603 - 12:13:58 - SyncSuccd - 0
20150603 - 12:14:05 - SyncCompt - 142430208
20150604 - 02:12:15 - SyncStart - 142430208
20150604 - 02:14:06 - SyncSuccd - 0
20150604 - 02:14:13 - SyncCompt - 142626816
20150604 - 12:12:11 - SyncStart - 142626816
20150604 - 12:13:36 - SyncSuccd - 0
20150604 - 12:13:43 - SyncCompt - 142626816
20150605 - 02:12:12 - SyncStart - 142626816
20150605 - 02:13:37 - SyncSuccd - 0
20150605 - 02:13:44 - SyncCompt - 142626816
20150605 - 12:12:17 - SyncStart - 142626816
20150605 - 12:22:00 - SyncSuccd - 0
20150605 - 12:22:10 - SyncCompt - 142822400
20150606 - 02:12:17 - SyncStart - 142822400
20150606 - 02:13:35 - SyncSuccd - 0
20150606 - 02:13:41 - SyncCompt - 142792704
20150606 - 12:12:11 - SyncStart - 142792704
20150606 - 12:13:44 - SyncSuccd - 0
20150606 - 12:13:52 - SyncCompt - 142792704
20150607 - 02:12:15 - SyncStart - 142792704
20150607 - 02:13:36 - SyncSuccd - 0
20150607 - 02:13:43 - SyncCompt - 142792704
20150607 - 12:12:10 - SyncStart - 142792704
20150607 - 12:13:35 - SyncSuccd - 0
20150607 - 12:13:41 - SyncCompt - 142792704
20150608 - 02:12:16 - SyncStart - 142792704
20150608 - 02:13:54 - SyncSuccd - 0
20150608 - 02:14:00 - SyncCompt - 142792704
20150608 - 12:12:19 - SyncStart - 142792704
20150608 - 12:12:23 - SyncError - 10
20150608 - 12:13:33 - SyncCompt - 142792704
20150608 - 12:13:43 - SyncStart - 142792704
20150608 - 12:15:34 - SyncSuccd - 0
20150608 - 12:15:43 - SyncCompt - 142792704
20150609 - 02:12:14 - SyncStart - 142792704
20150609 - 02:14:42 - SyncSuccd - 0
20150609 - 02:14:49 - SyncCompt - 142822400
20150609 - 12:12:18 - SyncStart - 142822400
20150609 - 12:13:56 - SyncSuccd - 0
20150609 - 12:14:05 - SyncCompt - 142792704
20150610 - 02:12:14 - SyncStart - 142792704
20150610 - 02:13:41 - SyncSuccd - 0
20150610 - 02:13:47 - SyncCompt - 142874624
20150610 - 12:12:12 - SyncStart - 142874624
20150610 - 12:13:56 - SyncSuccd - 0
20150610 - 12:14:03 - SyncCompt - 142874624
20150611 - 02:12:13 - SyncStart - 142874624
20150611 - 02:16:49 - SyncSuccd - 0
20150611 - 02:16:56 - SyncCompt - 144648192
20150611 - 12:12:14 - SyncStart - 144648192
20150611 - 12:14:10 - SyncSuccd - 0
20150611 - 12:14:19 - SyncCompt - 144648192
20150612 - 02:12:16 - SyncStart - 144648192
20150612 - 02:14:03 - SyncSuccd - 0
20150612 - 02:14:10 - SyncCompt - 144754688
20150612 - 12:12:14 - SyncStart - 144754688
20150612 - 12:13:46 - SyncSuccd - 0
20150612 - 12:13:53 - SyncCompt - 144754688
20150613 - 02:12:15 - SyncStart - 144754688
20150613 - 02:13:45 - SyncSuccd - 0
20150613 - 02:13:51 - SyncCompt - 144754688
20150613 - 12:12:12 - SyncStart - 144754688
20150613 - 12:13:53 - SyncSuccd - 0
20150613 - 12:14:01 - SyncCompt - 144754688
20150614 - 02:12:11 - SyncStart - 144754688
20150614 - 02:13:40 - SyncSuccd - 0
20150614 - 02:13:46 - SyncCompt - 144754688
20150614 - 12:12:11 - SyncStart - 144754688
20150614 - 12:13:41 - SyncSuccd - 0
20150614 - 12:13:47 - SyncCompt - 144754688
20150615 - 02:12:12 - SyncStart - 144754688
20150615 - 02:17:47 - SyncSuccd - 0
20150615 - 02:17:55 - SyncCompt - 147931136
20150615 - 12:12:15 - SyncStart - 147931136
20150615 - 12:13:57 - SyncSuccd - 0
20150615 - 12:14:04 - SyncCompt - 144754688
20150616 - 02:12:12 - SyncStart - 144754688
20150616 - 02:13:48 - SyncSuccd - 0
20150616 - 02:13:55 - SyncCompt - 144760832
20150616 - 12:12:13 - SyncStart - 144760832
20150616 - 12:18:33 - SyncSuccd - 0
20150616 - 12:18:42 - SyncCompt - 148246528
20150617 - 02:12:12 - SyncStart - 148246528
20150617 - 02:16:56 - SyncSuccd - 0
20150617 - 02:17:03 - SyncCompt - 145106944
20150617 - 12:12:13 - SyncStart - 145106944
20150617 - 12:13:40 - SyncSuccd - 0
20150617 - 12:13:47 - SyncCompt - 145106944
20150618 - 02:12:12 - SyncStart - 145106944
20150618 - 02:13:50 - SyncSuccd - 0
20150618 - 02:13:57 - SyncCompt - 145114112
20150618 - 12:12:12 - SyncStart - 145114112
20150618 - 12:13:44 - SyncSuccd - 0
20150618 - 12:13:52 - SyncCompt - 145114112
20150619 - 02:12:12 - SyncStart - 145114112
20150619 - 02:19:50 - SyncSuccd - 0
20150619 - 02:19:57 - SyncCompt - 145413120
20150619 - 12:12:21 - SyncStart - 145413120
20150619 - 12:13:57 - SyncSuccd - 0
20150619 - 12:14:05 - SyncCompt - 145413120
20150620 - 02:12:16 - SyncStart - 145413120
20150620 - 02:14:15 - SyncSuccd - 0
20150620 - 02:14:23 - SyncCompt - 145472512
20150620 - 12:12:11 - SyncStart - 145472512
20150620 - 12:13:46 - SyncSuccd - 0
20150620 - 12:13:53 - SyncCompt - 145472512
20150621 - 02:12:14 - SyncStart - 145472512
20150621 - 02:13:55 - SyncSuccd - 0
20150621 - 02:14:03 - SyncCompt - 145472512
20150621 - 12:12:14 - SyncStart - 145472512
20150621 - 12:13:46 - SyncSuccd - 0
20150621 - 12:13:54 - SyncCompt - 145472512
20150622 - 02:12:14 - SyncStart - 145472512
20150622 - 02:13:47 - SyncSuccd - 0
20150622 - 02:13:53 - SyncCompt - 145472512
20150622 - 12:12:12 - SyncStart - 145472512
20150622 - 12:13:45 - SyncSuccd - 0
20150622 - 12:13:53 - SyncCompt - 145472512
20150623 - 02:12:13 - SyncStart - 145472512
20150623 - 02:20:55 - SyncSuccd - 0
20150623 - 02:21:04 - SyncCompt - 145943552
20150623 - 12:12:17 - SyncStart - 145943552
20150623 - 12:14:06 - SyncSuccd - 0
20150623 - 12:14:15 - SyncCompt - 145943552
20150624 - 02:12:13 - SyncStart - 145943552
20150624 - 02:15:18 - SyncSuccd - 0
20150624 - 02:15:25 - SyncCompt - 161917952
20150624 - 12:12:23 - SyncStart - 161917952
20150624 - 12:44:02 - SyncSuccd - 0
20150624 - 12:44:12 - SyncCompt - 163508224
20150625 - 02:12:20 - SyncStart - 163508224
20150625 - 02:14:58 - SyncSuccd - 0
20150625 - 02:15:07 - SyncCompt - 163514368
20150625 - 12:12:23 - SyncStart - 163514368
20150625 - 12:14:43 - SyncSuccd - 0
20150625 - 12:14:53 - SyncCompt - 163514368
20150626 - 02:12:20 - SyncStart - 163514368
20150626 - 02:29:53 - SyncSuccd - 0
20150626 - 02:30:01 - SyncCompt - 164105216
20150626 - 12:12:20 - SyncStart - 164105216
20150626 - 12:14:07 - SyncSuccd - 0
20150626 - 12:14:17 - SyncCompt - 164105216
20150627 - 02:12:23 - SyncStart - 164105216
20150627 - 02:14:11 - SyncSuccd - 0
20150627 - 02:14:19 - SyncCompt - 164112384
20150627 - 12:12:19 - SyncStart - 164112384
20150627 - 12:14:13 - SyncSuccd - 0
20150627 - 12:14:21 - SyncCompt - 164112384
20150628 - 02:12:19 - SyncStart - 164112384
20150628 - 02:14:38 - SyncSuccd - 0
20150628 - 02:14:46 - SyncCompt - 164114432
20150628 - 12:12:24 - SyncStart - 164114432
20150628 - 12:14:20 - SyncSuccd - 0
20150628 - 12:14:28 - SyncCompt - 164114432
20150629 - 02:12:17 - SyncStart - 164114432
20150629 - 02:13:56 - SyncSuccd - 0
20150629 - 02:14:04 - SyncCompt - 164114432
20150629 - 12:12:20 - SyncStart - 164114432
20150629 - 12:12:23 - SyncError - 5
20150629 - 12:13:34 - SyncCompt - 164114432
20150629 - 12:13:44 - SyncStart - 164114432
20150629 - 12:13:46 - SyncError - 5
20150629 - 12:14:56 - SyncCompt - 164114432
20150629 - 12:15:06 - SyncStart - 164114432
20150629 - 12:17:09 - SyncSuccd - 0
20150629 - 12:17:18 - SyncCompt - 164114432
20150630 - 02:12:18 - SyncStart - 164114432
20150630 - 02:14:39 - SyncSuccd - 0
20150630 - 02:14:46 - SyncCompt - 164619264
20150630 - 12:12:20 - SyncStart - 164619264
20150630 - 12:12:22 - SyncError - 5
20150630 - 12:13:31 - SyncCompt - 164619264
20150630 - 12:13:38 - SyncStart - 164619264
20150630 - 12:16:05 - SyncSuccd - 0
20150630 - 12:16:13 - SyncCompt - 164619264
20150701 - 02:12:18 - SyncStart - 164619264
20150701 - 02:14:15 - SyncSuccd - 0
20150701 - 02:14:23 - SyncCompt - 164619264
20150701 - 12:12:20 - SyncStart - 164619264
20150701 - 12:14:44 - SyncSuccd - 0
20150701 - 12:14:53 - SyncCompt - 164619264
20150702 - 02:12:25 - SyncStart - 164619264
20150702 - 02:14:36 - SyncSuccd - 0
20150702 - 02:14:47 - SyncCompt - 164619264
20150702 - 12:12:19 - SyncStart - 164619264
20150702 - 12:14:44 - SyncSuccd - 0
20150702 - 12:14:55 - SyncCompt - 164619264
20150703 - 02:12:21 - SyncStart - 164619264
20150703 - 02:22:44 - SyncSuccd - 0
20150703 - 02:22:52 - SyncCompt - 164697088
20150703 - 12:12:24 - SyncStart - 164697088
20150703 - 12:15:45 - SyncSuccd - 0
20150703 - 12:15:56 - SyncCompt - 164697088
20150704 - 02:12:26 - SyncStart - 164697088
20150704 - 02:14:29 - SyncSuccd - 0
20150704 - 02:14:38 - SyncCompt - 164697088
20150704 - 12:12:26 - SyncStart - 164697088
20150704 - 12:37:24 - SyncSuccd - 0
20150704 - 12:37:34 - SyncCompt - 164697088
20150705 - 00:07:02 - SyncStart - 112376320
20150705 - 00:07:25 - SyncError - 5
20150705 - 00:08:25 - SyncCompt - 112376320
20150705 - 00:08:25 - SyncStart - 112376320
20150705 - 00:08:43 - SyncError - 5
20150705 - 00:09:43 - SyncCompt - 112376320
20150705 - 02:12:01 - SyncStart - 112376320
20150705 - 02:12:18 - SyncError - 5
20150705 - 02:13:18 - SyncCompt - 112376320
20150705 - 02:13:19 - SyncStart - 112376320
20150705 - 02:13:45 - SyncError - 5
20150705 - 02:14:45 - SyncCompt - 112376320
20150705 - 02:14:45 - SyncStart - 112376320
20150705 - 02:14:58 - SyncError - 5
20150705 - 02:15:58 - SyncCompt - 112376320
20150705 - 02:15:58 - SyncStart - 112376320
20150705 - 02:16:06 - SyncError - 5
20150705 - 02:17:06 - SyncCompt - 112376320
20150705 - 02:17:07 - SyncStart - 112376320
20150705 - 02:17:17 - SyncError - 5
20150705 - 02:18:17 - SyncCompt - 112376320
20150705 - 12:12:01 - SyncStart - 112376320
20150705 - 12:12:27 - SyncError - 5
20150705 - 12:13:27 - SyncCompt - 112376320
20150705 - 12:13:28 - SyncStart - 112376320
20150705 - 12:13:35 - SyncError - 5
20150705 - 12:14:35 - SyncCompt - 112376320
20150705 - 12:14:36 - SyncStart - 112376320
20150705 - 12:16:08 - SyncError - 5
20150705 - 12:17:10 - SyncCompt - 112376320
20150705 - 12:17:10 - SyncStart - 112376320
20150705 - 12:17:30 - SyncError - 5
20150705 - 12:18:32 - SyncCompt - 112376320
20150705 - 12:18:32 - SyncStart - 112376320
20150705 - 12:18:47 - SyncError - 5
20150705 - 12:19:48 - SyncCompt - 112376320
20150706 - 02:12:03 - SyncStart - 112376320
20150706 - 02:12:25 - SyncError - 5
20150706 - 02:13:25 - SyncCompt - 112376320
20150706 - 02:13:25 - SyncStart - 112376320
20150706 - 02:13:47 - SyncError - 5
20150706 - 02:14:47 - SyncCompt - 112376320
20150706 - 02:14:48 - SyncStart - 112376320
20150706 - 02:15:03 - SyncError - 5
20150706 - 02:16:03 - SyncCompt - 112376320
20150706 - 02:16:03 - SyncStart - 112376320
20150706 - 02:16:16 - SyncError - 5
20150706 - 02:17:16 - SyncCompt - 112376320
20150706 - 02:17:16 - SyncStart - 112376320
20150706 - 02:17:30 - SyncError - 5
20150706 - 02:18:30 - SyncCompt - 112376320
20150706 - 12:12:02 - SyncStart - 112376320
20150706 - 12:12:22 - SyncError - 5
20150706 - 12:13:23 - SyncCompt - 112376320
20150706 - 12:13:24 - SyncStart - 112376320
20150706 - 12:13:46 - SyncError - 5
20150706 - 12:14:47 - SyncCompt - 112376320
20150706 - 12:14:47 - SyncStart - 112376320
20150706 - 12:15:05 - SyncError - 5
20150706 - 12:16:05 - SyncCompt - 112376320
20150706 - 12:16:06 - SyncStart - 112376320
20150706 - 12:16:21 - SyncError - 5
20150706 - 12:17:21 - SyncCompt - 112376320
20150706 - 12:17:22 - SyncStart - 112376320
20150706 - 12:17:44 - SyncError - 5
20150706 - 12:18:45 - SyncCompt - 112376320
20150706 - 19:13:53 - SyncStart - 106494672
20150706 - 19:14:35 - SyncSuccd - 0
20150706 - 19:14:35 - SyncCompt - 106494672
20150707 - 02:12:05 - SyncStart - 106494672
20150707 - 10:47:19 - SyncStart - 107037480
20150707 - 10:48:10 - SyncSuccd - 0
20150707 - 10:48:10 - SyncCompt - 107037480
20150707 - 12:12:01 - SyncStart - 107037480
20150707 - 12:12:49 - SyncSuccd - 0
20150707 - 12:12:49 - SyncCompt - 107037480
20150708 - 02:12:05 - SyncStart - 107037480
20150708 - 02:12:45 - SyncSuccd - 0
20150708 - 02:12:45 - SyncCompt - 107037480
20150708 - 12:12:03 - SyncStart - 107037480
20150708 - 12:13:00 - SyncSuccd - 0
20150708 - 12:13:00 - SyncCompt - 107037480
20150709 - 02:12:04 - SyncStart - 107037480
20150709 - 03:09:28 - SyncSuccd - 0
20150709 - 03:09:29 - SyncCompt - 107038844
20150709 - 12:12:05 - SyncStart - 107038844
20150709 - 12:12:56 - SyncSuccd - 0
20150709 - 12:12:56 - SyncCompt - 107038624
20150710 - 02:12:05 - SyncStart - 107038624
20150710 - 02:12:59 - SyncSuccd - 0
20150710 - 02:12:59 - SyncCompt - 107038624
20150710 - 12:12:04 - SyncStart - 107038624
20150710 - 12:13:59 - SyncSuccd - 0
20150710 - 12:13:59 - SyncCompt - 107115584
20150711 - 02:12:07 - SyncStart - 107115584
20150711 - 02:13:15 - SyncSuccd - 0
20150711 - 02:13:15 - SyncCompt - 107115584
20150711 - 12:12:04 - SyncStart - 107115584
20150711 - 12:12:42 - SyncSuccd - 0
20150711 - 12:12:42 - SyncCompt - 107115584
20150712 - 02:12:05 - SyncStart - 107115584
20150712 - 02:13:05 - SyncSuccd - 0
20150712 - 02:13:05 - SyncCompt - 107115584
20150712 - 12:12:04 - SyncStart - 107115584
20150712 - 12:12:46 - SyncSuccd - 0
20150712 - 12:12:46 - SyncCompt - 107115584
20150713 - 02:12:07 - SyncStart - 107115584
20150713 - 02:13:35 - SyncSuccd - 0
20150713 - 02:13:35 - SyncCompt - 107115584
20150713 - 12:12:06 - SyncStart - 107115584
20150713 - 12:13:14 - SyncSuccd - 0
20150713 - 12:13:14 - SyncCompt - 107115584
20150714 - 02:12:08 - SyncStart - 107115584
20150714 - 02:13:02 - SyncSuccd - 0
20150714 - 02:13:02 - SyncCompt - 107115584
20150714 - 12:12:07 - SyncStart - 107115584
20150714 - 12:12:51 - SyncSuccd - 0
20150714 - 12:12:52 - SyncCompt - 107115584
20150715 - 02:12:06 - SyncStart - 107115584
20150715 - 02:14:57 - SyncSuccd - 0
20150715 - 02:14:58 - SyncCompt - 107119092
20150715 - 12:12:05 - SyncStart - 107119092
20150715 - 12:12:49 - SyncSuccd - 0
20150715 - 12:12:50 - SyncCompt - 107119092
20150716 - 02:12:06 - SyncStart - 107119092
20150716 - 02:21:21 - SyncSuccd - 0
20150716 - 02:21:21 - SyncCompt - 109619784
20150716 - 12:12:03 - SyncStart - 109619784
20150716 - 12:12:45 - SyncSuccd - 0
20150716 - 12:12:45 - SyncCompt - 109619784
20150717 - 02:12:08 - SyncStart - 109619784
20150717 - 02:12:43 - SyncSuccd - 0
20150717 - 02:12:43 - SyncCompt - 109619784
20150717 - 12:12:05 - SyncStart - 109619784
20150717 - 12:12:47 - SyncSuccd - 0
20150717 - 12:12:47 - SyncCompt - 109619784
20150718 - 02:12:07 - SyncStart - 109619784
20150718 - 02:12:49 - SyncSuccd - 0
20150718 - 02:12:49 - SyncCompt - 109619784
20150718 - 12:12:08 - SyncStart - 109619784
20150718 - 12:13:07 - SyncSuccd - 0
20150718 - 12:13:07 - SyncCompt - 109655672
20150719 - 02:12:08 - SyncStart - 109655672
20150719 - 02:12:52 - SyncSuccd - 0
20150719 - 02:12:53 - SyncCompt - 109619784
20150719 - 12:12:06 - SyncStart - 109619784
20150719 - 12:13:05 - SyncSuccd - 0
20150719 - 12:13:06 - SyncCompt - 109619784
20150720 - 02:12:07 - SyncStart - 109619784
20150720 - 02:13:06 - SyncSuccd - 0
20150720 - 02:13:06 - SyncCompt - 109619784
20150720 - 12:12:06 - SyncStart - 109619784
20150720 - 12:12:50 - SyncSuccd - 0
20150720 - 12:12:50 - SyncCompt - 109619784
20150721 - 02:12:08 - SyncStart - 109619784
20150721 - 02:13:05 - SyncSuccd - 0
20150721 - 02:13:05 - SyncCompt - 109619784
20150721 - 12:12:07 - SyncStart - 109619784
20150721 - 12:15:34 - SyncSuccd - 0
20150721 - 12:15:35 - SyncCompt - 110199644
20150722 - 02:12:06 - SyncStart - 110199644
20150722 - 02:13:16 - SyncSuccd - 0
20150722 - 02:13:17 - SyncCompt - 110199644
20150722 - 12:12:10 - SyncStart - 110199644
20150722 - 12:13:25 - SyncSuccd - 0
20150722 - 12:13:26 - SyncCompt - 110235532
20150723 - 02:12:06 - SyncStart - 110235532
20150723 - 02:12:53 - SyncSuccd - 0
20150723 - 02:12:54 - SyncCompt - 110199644
20150723 - 12:12:05 - SyncStart - 110199644
20150723 - 13:08:23 - SyncSuccd - 0
20150723 - 13:08:24 - SyncCompt - 110200504
20150724 - 02:12:08 - SyncStart - 110200504
20150724 - 02:12:50 - SyncSuccd - 0
20150724 - 02:12:51 - SyncCompt - 110200504
20150724 - 12:12:04 - SyncStart - 110200504
20150724 - 12:13:22 - SyncSuccd - 0
20150724 - 12:13:23 - SyncCompt - 110200504
20150725 - 02:12:05 - SyncStart - 110200504
20150725 - 02:13:11 - SyncSuccd - 0
20150725 - 02:13:11 - SyncCompt - 110201968
20150725 - 12:12:05 - SyncStart - 110201968
20150725 - 12:13:18 - SyncSuccd - 0
20150725 - 12:13:18 - SyncCompt - 110201968
20150726 - 02:12:04 - SyncStart - 110201968
20150726 - 02:12:59 - SyncSuccd - 0
20150726 - 02:12:59 - SyncCompt - 110201968
20150726 - 12:12:06 - SyncStart - 110201968
20150726 - 12:12:50 - SyncSuccd - 0
20150726 - 12:12:50 - SyncCompt - 110201968
20150727 - 02:12:06 - SyncStart - 110201968
20150727 - 02:54:05 - SyncSuccd - 0
20150727 - 02:54:05 - SyncCompt - 117501408
20150727 - 12:12:07 - SyncStart - 117501408
20150727 - 12:13:07 - SyncSuccd - 0
20150727 - 12:13:08 - SyncCompt - 117376836
20150728 - 02:12:07 - SyncStart - 117376836
20150728 - 02:14:18 - SyncSuccd - 0
20150728 - 02:14:18 - SyncCompt - 117741608
20150728 - 12:12:08 - SyncStart - 117741608
20150728 - 12:12:59 - SyncSuccd - 0
20150728 - 12:12:59 - SyncCompt - 117741608
20150729 - 02:12:06 - SyncStart - 117741608
20150729 - 02:13:49 - SyncSuccd - 0
20150729 - 02:13:50 - SyncCompt - 117709404
20150730 - 12:12:06 - SyncStart - 117709404
20150730 - 12:13:25 - SyncSuccd - 0
20150730 - 12:13:26 - SyncCompt - 117777916
20150731 - 02:12:06 - SyncStart - 117777916
20150731 - 02:13:07 - SyncSuccd - 0
20150731 - 02:13:07 - SyncCompt - 117777916
20150731 - 12:12:07 - SyncStart - 117777916
20150731 - 12:15:10 - SyncSuccd - 0
20150731 - 12:15:11 - SyncCompt - 118437792
20150801 - 02:12:09 - SyncStart - 118437792
20150801 - 02:13:01 - SyncSuccd - 0
20150801 - 02:13:01 - SyncCompt - 118437792
20150801 - 12:12:06 - SyncStart - 118437792
20150801 - 12:12:55 - SyncSuccd - 0
20150801 - 12:12:56 - SyncCompt - 118437792
20150802 - 02:12:04 - SyncStart - 125124216
20150802 - 03:12:16 - SyncSuccd - 0
20150802 - 03:12:17 - SyncCompt - 118437972
20150802 - 12:12:03 - SyncStart - 118437972
20150802 - 12:16:02 - SyncSuccd - 0
20150802 - 12:16:03 - SyncCompt - 118437972
20150803 - 02:12:08 - SyncStart - 118437972
20150803 - 02:13:12 - SyncSuccd - 0
20150803 - 02:14:41 - SyncCompt - 118437972
20150803 - 12:12:04 - SyncStart - 118437972
20150803 - 12:12:51 - SyncSuccd - 0
20150803 - 12:12:51 - SyncCompt - 118437972
20150804 - 02:12:10 - SyncStart - 118437972
20150804 - 03:27:40 - SyncSuccd - 0
20150804 - 03:27:41 - SyncCompt - 118498692
20150804 - 12:12:02 - SyncStart - 118498692
20150804 - 12:12:58 - SyncSuccd - 0
20150804 - 12:12:59 - SyncCompt - 118498692
20150805 - 02:12:10 - SyncStart - 118498692
20150805 - 02:13:09 - SyncSuccd - 0
20150805 - 02:13:10 - SyncCompt - 118498692
20150805 - 12:12:04 - SyncStart - 118498692
20150805 - 12:13:01 - SyncSuccd - 0
20150805 - 12:13:02 - SyncCompt - 118498692
20150806 - 02:12:10 - SyncStart - 118498692
20150806 - 02:12:50 - SyncSuccd - 0
20150806 - 02:12:51 - SyncCompt - 118498712
20150806 - 12:12:08 - SyncStart - 118498712
20150806 - 12:12:59 - SyncSuccd - 0
20150806 - 12:12:59 - SyncCompt - 118536340
20150807 - 02:12:10 - SyncStart - 118536340
20150807 - 04:06:39 - SyncSuccd - 0
20150807 - 04:06:40 - SyncCompt - 132934676
20150807 - 12:12:04 - SyncStart - 132934676
20150807 - 12:13:34 - SyncSuccd - 0
20150807 - 12:13:34 - SyncCompt - 133093808
20150808 - 02:12:08 - SyncStart - 133093808
20150808 - 02:13:02 - SyncSuccd - 0
20150808 - 02:13:02 - SyncCompt - 133118928
20150808 - 12:12:08 - SyncStart - 133118928
20150808 - 12:12:48 - SyncSuccd - 0
20150808 - 12:12:48 - SyncCompt - 133118928
20150809 - 02:12:07 - SyncStart - 133118928
20150809 - 02:16:29 - SyncSuccd - 0
20150809 - 02:16:29 - SyncCompt - 133724160
20150809 - 12:12:09 - SyncStart - 133724160
20150809 - 12:13:15 - SyncSuccd - 0
20150809 - 12:13:15 - SyncCompt - 133652148
20150810 - 02:12:07 - SyncStart - 133652148
20150810 - 02:12:59 - SyncSuccd - 0
20150810 - 02:12:59 - SyncCompt - 133652148
20150810 - 12:12:07 - SyncStart - 133652148
20150810 - 12:12:57 - SyncSuccd - 0
20150810 - 12:12:58 - SyncCompt - 133652152
20150811 - 02:12:08 - SyncStart - 133652152
20150811 - 02:29:37 - SyncSuccd - 0
20150811 - 02:29:38 - SyncCompt - 138937032
20150811 - 12:12:08 - SyncStart - 138937032
20150811 - 12:13:56 - SyncSuccd - 0
20150811 - 12:13:57 - SyncCompt - 139243892
