20150121 - 11:35:40 - SyncStart - 102012
20150121 - 11:35:45 - SyncStart - 102012
20150121 - 11:35:46 - SyncError - 12
20150121 - 11:35:46 - SyncCompt - 102012
20150121 - 11:35:45 - SyncStart - 102012
20150121 - 20:17:26 - SyncStart - 10136888
20150122 - 22:55:58 - SyncStart - 441401344
20150122 - 23:01:25 - SyncError - 23
20150122 - 23:01:38 - SyncCompt - 444384256
20150122 - 23:17:19 - SyncStart - 444384256
20150122 - 23:22:42 - SyncError - 23
20150122 - 23:22:56 - SyncCompt - 444394496
20150122 - 23:51:00 - SyncStart - 444394496
20150122 - 23:55:53 - SyncError - 23
20150122 - 23:56:04 - SyncCompt - 444440576
20150123 - 07:12:17 - SyncStart - 444440576
20150123 - 07:17:17 - SyncError - 23
20150123 - 07:17:26 - SyncCompt - 444610560
20150124 - 07:12:49 - SyncStart - 444610560
20150124 - 07:18:29 - SyncError - 23
20150124 - 07:18:38 - SyncCompt - 444971008
20150125 - 07:12:48 - SyncStart - 444971008
20150125 - 07:18:08 - SyncError - 23
20150125 - 07:18:18 - SyncCompt - 445110272
20150126 - 07:12:43 - SyncStart - 445110272
20150126 - 07:17:48 - SyncError - 23
20150126 - 07:17:55 - SyncCompt - 445340672
20150127 - 07:12:43 - SyncStart - 445340672
20150127 - 07:19:09 - SyncError - 23
20150127 - 07:19:17 - SyncCompt - 445792256
20150128 - 07:12:49 - SyncStart - 445792256
20150128 - 07:18:38 - SyncError - 23
20150128 - 07:18:49 - SyncCompt - 446198784
20150129 - 07:12:49 - SyncStart - 446198784
20150129 - 07:18:43 - SyncError - 23
20150129 - 07:18:53 - SyncCompt - 446508032
20150130 - 07:12:43 - SyncStart - 446508032
20150130 - 07:18:18 - SyncError - 23
20150130 - 07:18:26 - SyncCompt - 446851072
20150131 - 07:13:28 - SyncStart - 446851072
20150131 - 07:19:22 - SyncError - 23
20150131 - 07:19:32 - SyncCompt - 447048704
20150201 - 07:12:48 - SyncStart - 447048704
20150201 - 07:18:47 - SyncError - 23
20150201 - 07:18:57 - SyncCompt - 447271936
20150202 - 07:12:50 - SyncStart - 447271936
20150202 - 07:18:31 - SyncError - 23
20150202 - 07:18:41 - SyncCompt - 447558656
20150203 - 07:12:56 - SyncStart - 447558656
20150203 - 07:18:37 - SyncError - 23
20150203 - 07:18:49 - SyncCompt - 447800320
20150204 - 07:12:49 - SyncStart - 447800320
20150204 - 07:43:12 - SyncError - 23
20150204 - 07:43:24 - SyncCompt - 448247808
20150205 - 07:13:13 - SyncStart - 448247808
20150205 - 07:13:15 - freeze - 10
20150205 - 07:13:25 - SyncCompt - 448247808
20150219 - 20:11:55 - SyncStart - 452125696
20150219 - 20:17:06 - SyncError - 23
20150219 - 20:18:19 - SyncCompt - 452125696
20150219 - 20:18:30 - SyncStart - 452125696
20150219 - 20:23:41 - SyncError - 23
20150219 - 20:24:55 - SyncCompt - 452125696
20150219 - 20:25:07 - SyncStart - 17825792
20150219 - 20:30:22 - freeze - 23
20150219 - 20:31:35 - SyncCompt - 17825792
20150705 - 09:22:41 - SyncStart - 20220972
20150705 - 09:27:17 - SyncSuccd - 0
20150705 - 09:27:19 - SyncCompt - 20224580
20150705 - 17:12:15 - SyncStart - 20224580
20150705 - 17:18:58 - SyncSuccd - 0
20150705 - 17:19:01 - SyncCompt - 20233268
20150706 - 07:12:11 - SyncStart - 20233268
20150706 - 07:16:44 - SyncSuccd - 0
20150706 - 07:16:47 - SyncCompt - 20232784
20150706 - 17:12:29 - SyncStart - 20232784
20150706 - 17:19:09 - SyncSuccd - 0
20150706 - 17:19:12 - SyncCompt - 20240564
20150707 - 07:12:43 - SyncStart - 20240564
20150707 - 07:18:25 - SyncSuccd - 0
20150707 - 07:18:28 - SyncCompt - 20259024
20150707 - 17:12:48 - SyncStart - 20259024
20150707 - 17:19:46 - SyncSuccd - 0
20150707 - 17:19:51 - SyncCompt - 20261968
20150708 - 07:12:43 - SyncStart - 20261968
20150708 - 07:18:30 - SyncSuccd - 0
20150708 - 07:18:35 - SyncCompt - 20279024
20150708 - 17:13:00 - SyncStart - 20279024
20150708 - 17:18:55 - SyncSuccd - 0
20150708 - 17:18:57 - SyncCompt - 20281588
20150709 - 07:12:48 - SyncStart - 20281588
20150709 - 07:19:04 - SyncSuccd - 0
20150709 - 07:19:08 - SyncCompt - 20296892
20150709 - 17:12:41 - SyncStart - 20296892
20150709 - 17:19:28 - SyncSuccd - 0
20150709 - 17:19:31 - SyncCompt - 20288804
20150710 - 07:12:44 - SyncStart - 20288804
20150710 - 07:19:27 - SyncSuccd - 0
20150710 - 07:19:29 - SyncCompt - 20279024
20150710 - 17:12:35 - SyncStart - 20279024
20150710 - 17:19:39 - SyncSuccd - 0
20150710 - 17:19:41 - SyncCompt - 20277672
20150711 - 07:12:47 - SyncStart - 20277672
20150711 - 07:19:09 - SyncSuccd - 0
20150711 - 07:19:12 - SyncCompt - 20296496
20150711 - 17:12:42 - SyncStart - 20296496
20150711 - 17:19:00 - SyncSuccd - 0
20150711 - 17:19:03 - SyncCompt - 20291708
20150712 - 07:12:53 - SyncStart - 20291708
20150712 - 07:18:44 - SyncSuccd - 0
20150712 - 07:18:48 - SyncCompt - 20323880
20150712 - 17:12:52 - SyncStart - 20323880
20150712 - 17:18:48 - SyncSuccd - 0
20150712 - 17:18:50 - SyncCompt - 20341424
20150713 - 07:12:56 - SyncStart - 20341424
20150713 - 07:18:49 - SyncSuccd - 0
20150713 - 07:18:51 - SyncCompt - 20335156
20150713 - 17:12:53 - SyncStart - 20335156
20150713 - 17:19:10 - SyncSuccd - 0
20150713 - 17:19:13 - SyncCompt - 20335600
20150714 - 07:12:56 - SyncStart - 20335600
20150714 - 07:19:21 - SyncSuccd - 0
20150714 - 07:19:24 - SyncCompt - 20369104
20150714 - 17:12:51 - SyncStart - 20369104
20150714 - 17:19:39 - SyncSuccd - 0
20150714 - 17:19:42 - SyncCompt - 20391208
20150715 - 07:13:05 - SyncStart - 20391208
20150715 - 07:18:57 - SyncSuccd - 0
20150715 - 07:18:59 - SyncCompt - 20383776
20150715 - 17:12:47 - SyncStart - 20383776
20150715 - 17:19:12 - SyncSuccd - 0
20150715 - 17:19:15 - SyncCompt - 20386552
20150716 - 07:12:53 - SyncStart - 20386552
20150716 - 07:19:42 - SyncSuccd - 0
20150716 - 07:19:45 - SyncCompt - 20409788
20150716 - 17:12:43 - SyncStart - 20409788
20150716 - 17:18:31 - SyncSuccd - 0
20150716 - 17:18:34 - SyncCompt - 20410184
20150717 - 07:13:00 - SyncStart - 20410184
20150717 - 07:19:45 - SyncSuccd - 0
20150717 - 07:19:48 - SyncCompt - 20422932
20150717 - 17:12:50 - SyncStart - 20422932
20150717 - 17:18:51 - SyncSuccd - 0
20150717 - 17:18:54 - SyncCompt - 20424012
20150718 - 07:13:01 - SyncStart - 20424012
20150718 - 07:20:02 - SyncSuccd - 0
20150718 - 07:20:04 - SyncCompt - 20444564
20150718 - 17:12:49 - SyncStart - 20444564
20150718 - 17:18:44 - SyncSuccd - 0
20150718 - 17:18:47 - SyncCompt - 20446388
20150719 - 07:12:51 - SyncStart - 20446388
20150719 - 07:19:15 - SyncSuccd - 0
20150719 - 07:19:17 - SyncCompt - 20443892
20150719 - 17:12:53 - SyncStart - 20443892
20150719 - 17:19:59 - SyncSuccd - 0
20150719 - 17:20:04 - SyncCompt - 20443968
20150720 - 07:12:56 - SyncStart - 20443968
20150720 - 07:18:50 - SyncSuccd - 0
20150720 - 07:18:53 - SyncCompt - 20444044
20150720 - 17:12:53 - SyncStart - 20444044
20150720 - 17:19:05 - SyncSuccd - 0
20150720 - 17:19:08 - SyncCompt - 20445532
20150721 - 07:13:03 - SyncStart - 20445532
20150721 - 07:20:19 - SyncSuccd - 0
20150721 - 07:20:21 - SyncCompt - 20520824
20150721 - 17:12:54 - SyncStart - 20520824
20150721 - 17:19:36 - SyncSuccd - 0
20150721 - 17:19:41 - SyncCompt - 20542996
20150722 - 07:12:54 - SyncStart - 20542996
20150722 - 07:19:01 - SyncSuccd - 0
20150722 - 07:19:03 - SyncCompt - 20545604
20150722 - 17:13:00 - SyncStart - 20545604
20150722 - 17:19:52 - SyncSuccd - 0
20150722 - 17:19:55 - SyncCompt - 20578056
20150723 - 07:13:05 - SyncStart - 20578056
20150723 - 07:19:13 - SyncSuccd - 0
20150723 - 07:19:17 - SyncCompt - 20585872
20150723 - 17:12:53 - SyncStart - 20585872
20150723 - 17:20:44 - SyncSuccd - 0
20150723 - 17:20:49 - SyncCompt - 20602700
20150724 - 07:12:56 - SyncStart - 20602700
20150724 - 07:18:45 - SyncSuccd - 0
20150724 - 07:18:49 - SyncCompt - 20601348
20150724 - 17:12:59 - SyncStart - 20601348
20150724 - 17:19:36 - SyncSuccd - 0
20150724 - 17:19:39 - SyncCompt - 20590660
20150725 - 07:12:57 - SyncStart - 20590660
20150725 - 07:19:04 - SyncSuccd - 0
20150725 - 07:19:07 - SyncCompt - 20585288
20150725 - 17:12:38 - SyncStart - 20585288
20150725 - 17:18:23 - SyncSuccd - 0
20150725 - 17:18:25 - SyncCompt - 20586172
20150726 - 07:12:55 - SyncStart - 20586172
20150726 - 07:19:13 - SyncSuccd - 0
20150726 - 07:19:16 - SyncCompt - 20602660
20150726 - 17:12:52 - SyncStart - 20602660
20150726 - 17:18:44 - SyncSuccd - 0
20150726 - 17:18:48 - SyncCompt - 20601484
20150727 - 07:12:44 - SyncStart - 20601484
20150727 - 07:18:34 - SyncSuccd - 0
20150727 - 07:18:37 - SyncCompt - 20607256
20150727 - 17:12:59 - SyncStart - 20607256
20150727 - 17:19:14 - SyncSuccd - 0
20150727 - 17:19:19 - SyncCompt - 20608924
20150728 - 07:12:58 - SyncStart - 20608924
20150728 - 07:19:05 - SyncSuccd - 0
20150728 - 07:19:09 - SyncCompt - 20626472
20150728 - 17:12:55 - SyncStart - 20626472
20150728 - 17:20:07 - SyncSuccd - 0
20150728 - 17:20:11 - SyncCompt - 20630724
20150730 - 07:12:36 - SyncStart - 20630724
20150730 - 07:18:28 - SyncSuccd - 0
20150730 - 07:18:30 - SyncCompt - 20655700
20150730 - 17:12:40 - SyncStart - 20655700
20150730 - 17:18:29 - SyncSuccd - 0
20150730 - 17:18:31 - SyncCompt - 20658136
20150731 - 07:13:13 - SyncStart - 20658136
20150731 - 07:19:34 - SyncSuccd - 0
20150731 - 07:19:37 - SyncCompt - 20654396
20150731 - 17:13:02 - SyncStart - 20654396
20150731 - 17:19:40 - SyncSuccd - 0
20150731 - 17:19:43 - SyncCompt - 20819344
20150801 - 07:12:59 - SyncStart - 20819344
20150801 - 07:19:04 - SyncSuccd - 0
20150801 - 07:19:07 - SyncCompt - 20810072
20150801 - 17:12:38 - SyncStart - 20810072
20150801 - 17:18:53 - SyncSuccd - 0
20150801 - 17:18:56 - SyncCompt - 20807224
20150802 - 07:12:24 - SyncStart - 20807224
20150802 - 07:18:22 - SyncSuccd - 0
20150802 - 07:18:25 - SyncCompt - 20799892
20150802 - 17:12:46 - SyncStart - 20799892
20150802 - 17:18:43 - SyncSuccd - 0
20150802 - 17:18:45 - SyncCompt - 20800240
20150803 - 07:12:31 - SyncStart - 20800240
20150803 - 07:18:42 - SyncSuccd - 0
20150803 - 07:21:13 - SyncCompt - 20804516
20150803 - 17:12:43 - SyncStart - 20804516
20150803 - 17:19:00 - SyncSuccd - 0
20150803 - 17:19:03 - SyncCompt - 20807996
20150804 - 07:32:41 - SyncStart - 20807996
20150804 - 07:38:29 - SyncSuccd - 0
20150804 - 07:38:32 - SyncCompt - 20809244
20150804 - 17:32:46 - SyncStart - 20809244
20150804 - 17:39:24 - SyncSuccd - 0
20150804 - 17:39:27 - SyncCompt - 20812900
20150805 - 07:32:37 - SyncStart - 20812900
20150805 - 07:38:19 - SyncSuccd - 0
20150805 - 07:38:22 - SyncCompt - 20816676
20150805 - 17:32:47 - SyncStart - 20816676
20150805 - 17:38:54 - SyncSuccd - 0
20150805 - 17:38:58 - SyncCompt - 20819216
20150806 - 07:32:43 - SyncStart - 20819216
20150806 - 07:38:29 - SyncSuccd - 0
20150806 - 07:38:32 - SyncCompt - 20821712
20150806 - 17:32:55 - SyncStart - 20821712
20150806 - 17:39:13 - SyncSuccd - 0
20150806 - 17:39:17 - SyncCompt - 20825132
20150807 - 07:32:57 - SyncStart - 20825132
20150807 - 07:39:14 - SyncSuccd - 0
20150807 - 07:39:17 - SyncCompt - 20835876
20150807 - 17:32:51 - SyncStart - 20835876
20150807 - 17:38:56 - SyncSuccd - 0
20150807 - 17:39:02 - SyncCompt - 20838148
20150808 - 07:32:39 - SyncStart - 20838148
20150808 - 07:38:30 - SyncSuccd - 0
20150808 - 07:38:33 - SyncCompt - 20843336
20150808 - 17:32:40 - SyncStart - 20843336
20150808 - 17:38:31 - SyncSuccd - 0
20150808 - 17:38:35 - SyncCompt - 20844568
20150809 - 07:32:39 - SyncStart - 20844568
20150809 - 07:39:12 - SyncSuccd - 0
20150809 - 07:39:14 - SyncCompt - 20877664
20150809 - 17:32:38 - SyncStart - 20877664
20150809 - 17:38:23 - SyncSuccd - 0
20150809 - 17:38:26 - SyncCompt - 20877552
20150810 - 07:32:40 - SyncStart - 20877552
20150810 - 07:38:44 - SyncSuccd - 0
20150810 - 07:38:46 - SyncCompt - 20879300
20150810 - 17:32:46 - SyncStart - 20879300
20150810 - 17:38:58 - SyncSuccd - 0
20150810 - 17:39:01 - SyncCompt - 20908472
20150811 - 07:32:38 - SyncStart - 20908472
20150811 - 07:38:40 - SyncSuccd - 0
20150811 - 07:38:43 - SyncCompt - 20925540
20150811 - 17:32:43 - SyncStart - 20925540
20150811 - 17:39:38 - SyncSuccd - 0
20150811 - 17:39:40 - SyncCompt - 20947196
