20150709 - 03:15:26 - SyncCompt - 507620076
20150709 - 12:32:04 - SyncStart - 507620076
20150709 - 12:32:44 - SyncSuccd - 0
20150709 - 12:32:46 - SyncCompt - 507128828
20150710 - 02:32:17 - SyncStart - 507128828
20150710 - 02:42:04 - SyncSuccd - 0
20150710 - 02:42:05 - SyncCompt - 503110608
20150710 - 12:32:08 - SyncStart - 4121060
20150711 - 11:19:24 - SyncStart - 52587980
20150711 - 11:19:47 - SyncSuccd - 0
20150711 - 11:19:47 - SyncCompt - 52587980
20150711 - 20:06:30 - SyncStart - 58099608
20150711 - 20:06:56 - SyncSuccd - 0
20150711 - 20:06:57 - SyncCompt - 58099608
20150712 - 13:52:01 - SyncStart - 58099608
20150712 - 13:52:28 - SyncSuccd - 0
20150712 - 13:52:29 - SyncCompt - 58099608
20150713 - 03:52:03 - SyncStart - 58099608
20150713 - 03:52:34 - SyncSuccd - 0
20150713 - 03:52:35 - SyncCompt - 58099608
20150713 - 13:52:05 - SyncStart - 58099608
20150713 - 13:52:35 - SyncSuccd - 0
20150713 - 13:52:35 - SyncCompt - 58099608
20150714 - 03:52:05 - SyncStart - 58099608
20150714 - 03:52:35 - SyncSuccd - 0
20150714 - 03:52:36 - SyncCompt - 58099608
20150714 - 13:52:04 - SyncStart - 58099608
20150714 - 13:53:00 - SyncSuccd - 0
20150714 - 13:53:01 - SyncCompt - 58099608
20150715 - 03:52:05 - SyncStart - 58099608
20150715 - 03:52:31 - SyncSuccd - 0
20150715 - 03:52:31 - SyncCompt - 58099608
20150715 - 13:52:05 - SyncStart - 58099608
20150715 - 13:52:35 - SyncSuccd - 0
20150715 - 13:52:35 - SyncCompt - 58099608
20150716 - 03:52:04 - SyncStart - 58099608
20150716 - 03:52:37 - SyncSuccd - 0
20150716 - 03:52:38 - SyncCompt - 58099608
20150716 - 13:52:03 - SyncStart - 58099608
20150716 - 13:52:32 - SyncSuccd - 0
20150716 - 13:52:33 - SyncCompt - 58099608
20150717 - 03:52:04 - SyncStart - 58099608
20150717 - 03:52:33 - SyncSuccd - 0
20150717 - 03:52:34 - SyncCompt - 58099608
20150717 - 13:52:03 - SyncStart - 58099608
20150717 - 13:52:33 - SyncSuccd - 0
20150717 - 13:52:33 - SyncCompt - 58099608
20150718 - 03:52:04 - SyncStart - 58099608
20150718 - 03:52:33 - SyncSuccd - 0
20150718 - 03:52:34 - SyncCompt - 58099608
20150718 - 13:52:03 - SyncStart - 58099608
20150718 - 13:52:32 - SyncSuccd - 0
20150718 - 13:52:32 - SyncCompt - 58099608
20150719 - 03:52:04 - SyncStart - 58099608
20150719 - 03:53:18 - SyncSuccd - 0
20150719 - 03:53:18 - SyncCompt - 58450544
20150719 - 13:52:04 - SyncStart - 58450544
20150719 - 13:52:33 - SyncSuccd - 0
20150719 - 13:52:33 - SyncCompt - 58450544
20150720 - 03:52:04 - SyncStart - 58450544
20150720 - 03:52:37 - SyncSuccd - 0
20150720 - 03:52:37 - SyncCompt - 58452324
20150720 - 13:52:04 - SyncStart - 58452324
20150720 - 13:52:47 - SyncSuccd - 0
20150720 - 13:52:47 - SyncCompt - 58614592
20150721 - 03:52:04 - SyncStart - 58614592
20150721 - 03:52:30 - SyncSuccd - 0
20150721 - 03:52:30 - SyncCompt - 58614592
20150721 - 13:52:04 - SyncStart - 58614592
20150721 - 13:52:29 - SyncSuccd - 0
20150721 - 13:52:29 - SyncCompt - 58614592
20150722 - 03:52:04 - SyncStart - 58614592
20150722 - 03:52:32 - SyncSuccd - 0
20150722 - 03:52:33 - SyncCompt - 58614592
20150722 - 13:52:03 - SyncStart - 58614592
20150722 - 13:52:32 - SyncSuccd - 0
20150722 - 13:52:32 - SyncCompt - 58614592
20150723 - 03:52:03 - SyncStart - 58614592
20150723 - 03:52:29 - SyncSuccd - 0
20150723 - 03:52:29 - SyncCompt - 58618800
20150723 - 13:52:03 - SyncStart - 58618800
20150723 - 13:52:28 - SyncSuccd - 0
20150723 - 13:52:28 - SyncCompt - 58618800
20150724 - 03:52:04 - SyncStart - 58618800
20150724 - 03:58:27 - SyncSuccd - 0
20150724 - 03:58:27 - SyncCompt - 61040312
20150724 - 13:52:04 - SyncStart - 61040312
20150724 - 13:52:33 - SyncSuccd - 0
20150724 - 13:52:33 - SyncCompt - 61040312
20150725 - 03:52:03 - SyncStart - 61040312
20150725 - 03:57:23 - SyncSuccd - 0
20150725 - 03:57:23 - SyncCompt - 62624424
20150725 - 13:52:03 - SyncStart - 62624424
20150725 - 13:52:32 - SyncSuccd - 0
20150725 - 13:52:32 - SyncCompt - 62624424
20150726 - 03:52:05 - SyncStart - 62624424
20150726 - 03:54:59 - SyncSuccd - 0
20150726 - 03:55:00 - SyncCompt - 64007316
20150726 - 13:52:04 - SyncStart - 64007316
20150726 - 13:52:33 - SyncSuccd - 0
20150726 - 13:52:33 - SyncCompt - 64007316
20150727 - 03:52:03 - SyncStart - 64007316
20150727 - 03:52:37 - SyncSuccd - 0
20150727 - 03:52:37 - SyncCompt - 64011660
20150727 - 13:52:04 - SyncStart - 64011660
20150727 - 13:52:28 - SyncSuccd - 0
20150727 - 13:52:28 - SyncCompt - 64011660
20150728 - 03:52:04 - SyncStart - 64011660
20150728 - 03:53:05 - SyncSuccd - 0
20150728 - 03:53:05 - SyncCompt - 64011660
20150728 - 13:52:04 - SyncStart - 64011660
20150728 - 13:52:33 - SyncSuccd - 0
20150728 - 13:52:33 - SyncCompt - 64011660
20150729 - 03:52:01 - SyncStart - 
20150729 - 03:52:14 - SyncError - 11
20150729 - 03:52:14 - SyncCompt - 
20150730 - 13:52:03 - SyncStart - 64011660
20150730 - 13:53:04 - SyncSuccd - 0
20150730 - 13:53:04 - SyncCompt - 61967720
20150731 - 03:52:03 - SyncStart - 61967720
20150731 - 03:55:10 - SyncSuccd - 0
20150731 - 03:55:10 - SyncCompt - 46527780
20150731 - 13:52:03 - SyncStart - 46527780
20150731 - 13:52:31 - SyncSuccd - 0
20150731 - 13:52:31 - SyncCompt - 46541744
20150801 - 03:52:03 - SyncStart - 46541744
20150801 - 03:52:31 - SyncSuccd - 0
20150801 - 03:52:31 - SyncCompt - 46508324
20150801 - 13:52:03 - SyncStart - 46508324
20150801 - 13:52:32 - SyncSuccd - 0
20150801 - 13:52:32 - SyncCompt - 46508324
20150802 - 03:52:04 - SyncStart - 46508324
20150802 - 03:55:20 - SyncSuccd - 0
20150802 - 03:55:20 - SyncCompt - 46647220
20150802 - 13:52:03 - SyncStart - 46647220
20150802 - 13:53:07 - SyncSuccd - 0
20150802 - 13:53:08 - SyncCompt - 46685132
20150803 - 03:52:03 - SyncStart - 46685132
20150803 - 03:53:02 - SyncSuccd - 0
20150803 - 03:53:02 - SyncCompt - 46683288
20150803 - 13:52:02 - SyncStart - 46683288
20150803 - 13:52:26 - SyncSuccd - 0
20150803 - 13:52:26 - SyncCompt - 46683288
20150804 - 03:52:04 - SyncStart - 46683288
20150804 - 03:52:32 - SyncSuccd - 0
20150804 - 03:52:32 - SyncCompt - 46683288
20150804 - 13:52:03 - SyncStart - 46683288
20150804 - 13:52:52 - SyncSuccd - 0
20150804 - 13:52:52 - SyncCompt - 46759928
20150805 - 03:52:03 - SyncStart - 46759928
20150805 - 03:53:18 - SyncSuccd - 0
20150805 - 03:53:19 - SyncCompt - 45057732
20150805 - 13:52:01 - SyncStart - 45057732
20150805 - 13:52:28 - SyncSuccd - 0
20150805 - 13:52:28 - SyncCompt - 45057732
20150806 - 03:52:04 - SyncStart - 45057732
20150806 - 03:52:30 - SyncSuccd - 0
20150806 - 03:52:30 - SyncCompt - 45057732
20150806 - 13:52:03 - SyncStart - 45057732
20150806 - 13:52:32 - SyncSuccd - 0
20150806 - 13:52:32 - SyncCompt - 45057732
20150807 - 03:52:03 - SyncStart - 45057732
20150807 - 03:52:32 - SyncSuccd - 0
20150807 - 03:52:32 - SyncCompt - 45057732
20150807 - 13:52:04 - SyncStart - 45057732
20150807 - 13:52:33 - SyncSuccd - 0
20150807 - 13:52:33 - SyncCompt - 45057732
20150808 - 03:52:04 - SyncStart - 45057732
20150808 - 04:27:16 - SyncSuccd - 0
20150808 - 04:27:17 - SyncCompt - 47628900
20150808 - 13:52:03 - SyncStart - 47628900
20150808 - 13:53:08 - SyncSuccd - 0
20150808 - 13:53:08 - SyncCompt - 47653536
20150809 - 03:52:03 - SyncStart - 47653536
20150809 - 03:52:33 - SyncSuccd - 0
20150809 - 03:52:33 - SyncCompt - 47647980
20150809 - 13:52:03 - SyncStart - 47647980
20150809 - 13:52:27 - SyncSuccd - 0
20150809 - 13:52:27 - SyncCompt - 47647980
20150810 - 03:52:03 - SyncStart - 47647980
20150810 - 03:52:30 - SyncSuccd - 0
20150810 - 03:52:30 - SyncCompt - 47647980
20150810 - 13:52:04 - SyncStart - 47647980
20150810 - 13:52:27 - SyncSuccd - 0
20150810 - 13:52:27 - SyncCompt - 47647980
20150811 - 03:52:03 - SyncStart - 47647980
20150811 - 03:52:42 - SyncSuccd - 0
20150811 - 03:52:42 - SyncCompt - 45117556
20150811 - 13:52:04 - SyncStart - 45117556
20150811 - 13:52:27 - SyncSuccd - 0
20150811 - 13:52:27 - SyncCompt - 45117556
