20141024 - 05:18:01 - SyncStart - NULL
20141024 - 05:26:43 - SyncSuccd - 0
20141024 - 05:26:43 - SyncCompt - NULL
20141025 - 05:18:01 - SyncStart - NULL
20141025 - 05:18:01 - SyncError - 10
20141025 - 05:18:01 - SyncCompt - NULL
20141025 - 13:15:59 - SyncStart - NULL
20141025 - 13:16:03 - SyncSuccd - 0
20141025 - 13:16:03 - SyncCompt - NULL
20141026 - 05:38:01 - SyncStart - NULL
20141026 - 05:38:02 - SyncSuccd - 0
20141026 - 05:38:02 - SyncCompt - NULL
20141026 - 11:15:37 - SyncStart - NULL
20141026 - 11:18:10 - SyncSuccd - 0
20141026 - 11:18:10 - SyncCompt - NULL
20141026 - 11:34:09 - SyncStart - NULL
20141026 - 11:34:09 - SyncError - 10
20141026 - 11:34:09 - SyncCompt - NULL
20141027 - 17:33:55 - SyncStart - NULL
20141027 - 17:33:55 - SyncError - 10
20141027 - 17:33:55 - SyncCompt - NULL
20141028 - 05:38:01 - SyncStart - NULL
20141028 - 05:38:02 - SyncSuccd - 0
20141028 - 05:38:02 - SyncCompt - NULL
20141029 - 05:38:01 - SyncStart - NULL
20141029 - 06:34:18 - SyncSuccd - 0
20141029 - 06:34:18 - SyncCompt - NULL
20141030 - 05:38:01 - SyncStart - NULL
20141030 - 05:38:03 - SyncSuccd - 0
20141030 - 05:38:03 - SyncCompt - NULL
20141031 - 05:38:01 - SyncStart - NULL
20141031 - 05:38:02 - SyncSuccd - 0
20141031 - 05:38:02 - SyncCompt - NULL
20141101 - 05:38:01 - SyncStart - NULL
20141101 - 05:38:03 - SyncSuccd - 0
20141101 - 05:38:03 - SyncCompt - NULL
20141102 - 05:38:01 - SyncStart - NULL
20141102 - 05:38:02 - SyncSuccd - 0
20141102 - 05:38:02 - SyncCompt - NULL
20141103 - 05:38:01 - SyncStart - 29796468	/back/mirrors/Deepin/
20141103 - 05:38:02 - SyncSuccd - 0
20141103 - 05:38:02 - SyncCompt - 29796468	/back/mirrors/Deepin/
20141103 - 21:57:50 - SyncStart - 29796468
20141103 - 21:57:52 - SyncSuccd - 0
20141103 - 21:57:52 - SyncCompt - 29796468
20141104 - 05:38:01 - SyncStart - 29796468
20141104 - 05:38:02 - SyncSuccd - 0
20141104 - 05:38:02 - SyncCompt - 29796468
20141105 - 05:38:02 - SyncStart - 29796468
20141105 - 05:38:03 - SyncSuccd - 0
20141105 - 05:38:03 - SyncCompt - 29796468
20141106 - 05:38:01 - SyncStart - 29796468
20141106 - 05:38:03 - SyncSuccd - 0
20141106 - 05:38:03 - SyncCompt - 29796468
20141107 - 05:38:01 - SyncStart - 29796468
20141107 - 05:38:02 - SyncSuccd - 0
20141107 - 05:38:02 - SyncCompt - 29796468
20141108 - 05:38:01 - SyncStart - 29796468
20141108 - 05:38:03 - SyncSuccd - 0
20141108 - 05:38:03 - SyncCompt - 29796468
20141109 - 05:38:05 - SyncStart - 29796468
20141109 - 05:38:07 - SyncSuccd - 0
20141109 - 05:38:07 - SyncCompt - 29796468
20141110 - 05:38:01 - SyncStart - 29796468
20141110 - 05:38:02 - SyncSuccd - 0
20141110 - 05:38:02 - SyncCompt - 29796468
20141111 - 05:38:01 - SyncStart - 29796468
20141111 - 05:38:02 - SyncSuccd - 0
20141111 - 05:38:02 - SyncCompt - 29796468
20141112 - 05:38:02 - SyncStart - 29796468
20141112 - 05:38:03 - SyncSuccd - 0
20141112 - 05:38:03 - SyncCompt - 29796468
20141113 - 05:38:02 - SyncStart - 29796468
20141113 - 08:05:56 - SyncSuccd - 0
20141113 - 08:05:56 - SyncCompt - 31733384
20141114 - 05:38:01 - SyncStart - 31733384
20141114 - 05:45:41 - SyncSuccd - 0
20141114 - 05:45:41 - SyncCompt - 31735000
20141115 - 05:38:01 - SyncStart - 31735000
20141115 - 05:38:04 - SyncSuccd - 0
20141115 - 05:38:04 - SyncCompt - 31735000
20141116 - 05:38:01 - SyncStart - 31735000
20141116 - 05:38:03 - SyncSuccd - 0
20141116 - 05:38:03 - SyncCompt - 31735000
20141117 - 05:38:01 - SyncStart - 31735000
20141117 - 05:38:02 - SyncSuccd - 0
20141117 - 05:38:02 - SyncCompt - 31735000
20141118 - 05:38:02 - SyncStart - 31735000
20141118 - 05:38:03 - SyncSuccd - 0
20141118 - 05:38:03 - SyncCompt - 31735000
20141119 - 05:38:01 - SyncStart - 31735000
20141119 - 05:38:02 - SyncSuccd - 0
20141119 - 05:38:02 - SyncCompt - 31735000
20141120 - 05:38:01 - SyncStart - 31735000
20141120 - 05:38:02 - SyncSuccd - 0
20141120 - 05:38:02 - SyncCompt - 31735000
20141121 - 05:38:01 - SyncStart - 31735000
20141121 - 05:38:03 - SyncSuccd - 0
20141121 - 05:38:03 - SyncCompt - 31735000
20141122 - 05:38:01 - SyncStart - 31735000
20141122 - 05:38:02 - SyncSuccd - 0
20141122 - 05:38:02 - SyncCompt - 31735000
20141123 - 05:38:01 - SyncStart - 31735000
20141123 - 05:38:03 - SyncSuccd - 0
20141123 - 05:38:03 - SyncCompt - 31735000
20141124 - 05:38:01 - SyncStart - 31735000
20141124 - 05:38:03 - SyncSuccd - 0
20141124 - 05:38:03 - SyncCompt - 31735000
20141125 - 05:38:01 - SyncStart - 31735000
20141125 - 05:38:09 - SyncSuccd - 0
20141125 - 05:38:09 - SyncCompt - 31735000
20141126 - 05:38:03 - SyncStart - 31735000
20141126 - 05:38:05 - SyncSuccd - 0
20141126 - 05:38:05 - SyncCompt - 31735000
20141127 - 05:38:01 - SyncStart - 31735000
20141127 - 05:38:03 - SyncSuccd - 0
20141127 - 05:38:03 - SyncCompt - 31735000
20141128 - 05:38:01 - SyncStart - 31735000
20141128 - 05:38:02 - SyncSuccd - 0
20141128 - 05:38:03 - SyncCompt - 31735000
20141129 - 05:38:01 - SyncStart - 31735000
20141129 - 05:38:02 - SyncSuccd - 0
20141129 - 05:38:03 - SyncCompt - 31735000
20141130 - 05:38:01 - SyncStart - 31735000
20141130 - 05:38:03 - SyncSuccd - 0
20141130 - 05:38:03 - SyncCompt - 31735000
20141201 - 05:38:01 - SyncStart - 31735000
20141201 - 05:38:02 - SyncSuccd - 0
20141201 - 05:38:03 - SyncCompt - 31735000
20141202 - 05:38:01 - SyncStart - 31735000
20141202 - 05:38:03 - SyncSuccd - 0
20141202 - 05:38:03 - SyncCompt - 31735000
20141203 - 05:38:02 - SyncStart - 31735000
20141203 - 05:38:05 - SyncSuccd - 0
20141203 - 05:38:05 - SyncCompt - 31735000
20141204 - 05:38:01 - SyncStart - 31735000
20141204 - 05:38:03 - SyncSuccd - 0
20141204 - 05:38:03 - SyncCompt - 31735000
20141205 - 05:38:01 - SyncStart - 31735000
20141205 - 05:38:02 - SyncSuccd - 0
20141205 - 05:38:02 - SyncCompt - 31735000
20141206 - 05:38:01 - SyncStart - 31735000
20141206 - 05:38:02 - SyncSuccd - 0
20141206 - 05:38:02 - SyncCompt - 31735000
20141207 - 05:38:01 - SyncStart - 31735000
20141207 - 05:38:02 - SyncSuccd - 0
20141207 - 05:38:02 - SyncCompt - 31735000
20141208 - 05:38:02 - SyncStart - 31735000
20141208 - 05:38:03 - SyncSuccd - 0
20141208 - 05:38:03 - SyncCompt - 31735000
20141209 - 05:38:01 - SyncStart - 31735000
20141209 - 05:38:02 - SyncSuccd - 0
20141209 - 05:38:02 - SyncCompt - 31735000
20141210 - 05:38:01 - SyncStart - 31735000
20141210 - 05:38:03 - SyncSuccd - 0
20141210 - 05:38:03 - SyncCompt - 31735000
20141211 - 05:38:02 - SyncStart - 31735000
20141211 - 05:38:03 - SyncSuccd - 0
20141211 - 05:38:03 - SyncCompt - 31735000
20141212 - 05:38:01 - SyncStart - 31735000
20141212 - 05:38:02 - SyncSuccd - 0
20141212 - 05:38:02 - SyncCompt - 31735000
20141213 - 05:38:02 - SyncStart - 31735000
20141213 - 05:38:03 - SyncSuccd - 0
20141213 - 05:38:03 - SyncCompt - 31735000
20141214 - 05:38:01 - SyncStart - 31735000
20141214 - 05:38:04 - SyncSuccd - 0
20141214 - 05:38:04 - SyncCompt - 31735000
20141215 - 05:38:01 - SyncStart - 31735000
20141215 - 05:38:02 - SyncSuccd - 0
20141215 - 05:38:02 - SyncCompt - 31735000
20141216 - 05:38:02 - SyncStart - 31735000
20141216 - 05:38:07 - SyncSuccd - 0
20141216 - 05:38:07 - SyncCompt - 31735000
20141217 - 05:38:01 - SyncStart - 31735000
20141217 - 05:38:05 - SyncSuccd - 0
20141217 - 05:38:05 - SyncCompt - 31735000
20141218 - 05:38:03 - SyncStart - 31735000
20141218 - 05:38:04 - SyncSuccd - 0
20141218 - 05:38:04 - SyncCompt - 31735000
20141219 - 05:38:02 - SyncStart - 31735000
20141219 - 05:38:04 - SyncSuccd - 0
20141219 - 05:38:04 - SyncCompt - 31735000
20141220 - 05:38:01 - SyncStart - 31735000
20141220 - 05:38:03 - SyncSuccd - 0
20141220 - 05:38:03 - SyncCompt - 31735000
20141221 - 05:38:01 - SyncStart - 31735000
20141221 - 05:38:04 - SyncSuccd - 0
20141221 - 05:38:04 - SyncCompt - 31735000
20141222 - 05:38:01 - SyncStart - 31735000
20141222 - 05:38:03 - SyncSuccd - 0
20141222 - 05:38:03 - SyncCompt - 31735000
20141223 - 05:38:01 - SyncStart - 31735000
20141223 - 05:38:02 - SyncSuccd - 0
20141223 - 05:38:02 - SyncCompt - 31735000
20141224 - 05:38:01 - SyncStart - 31735000
20141224 - 05:38:03 - SyncSuccd - 0
20141224 - 05:38:03 - SyncCompt - 31735000
20141225 - 05:38:02 - SyncStart - 31735000
20141225 - 05:38:02 - SyncError - 10
20141225 - 05:38:02 - SyncCompt - 31735000
20141225 - 13:04:07 - SyncStart - 31735000
20141225 - 13:04:18 - SyncSuccd - 0
20141225 - 13:04:18 - SyncCompt - 31735000
20141226 - 05:38:01 - SyncStart - 31735000
20141226 - 05:38:04 - SyncSuccd - 0
20141226 - 05:38:04 - SyncCompt - 31735000
20141227 - 05:38:01 - SyncStart - 31735000
20141227 - 05:38:04 - SyncSuccd - 0
20141227 - 05:38:04 - SyncCompt - 31735000
20141228 - 05:38:01 - SyncStart - 31735000
20141228 - 05:38:03 - SyncSuccd - 0
20141228 - 05:38:03 - SyncCompt - 31735000
20141229 - 05:38:01 - SyncStart - 31735000
20141229 - 05:38:03 - SyncSuccd - 0
20141229 - 05:38:03 - SyncCompt - 31735000
20141230 - 05:38:01 - SyncStart - 31735000
20141230 - 05:38:02 - SyncSuccd - 0
20141230 - 05:38:02 - SyncCompt - 31735000
20141231 - 05:38:01 - SyncStart - 31735000
20141231 - 07:59:31 - SyncSuccd - 0
20141231 - 07:59:31 - SyncCompt - 26599584
20150101 - 05:38:02 - SyncStart - 26599584
20150101 - 05:56:02 - SyncSuccd - 0
20150101 - 05:56:02 - SyncCompt - 26513420
20150102 - 05:38:01 - SyncStart - 26513420
20150102 - 05:38:02 - SyncSuccd - 0
20150102 - 05:38:02 - SyncCompt - 26513420
20150103 - 05:38:01 - SyncStart - 26513420
20150103 - 05:38:03 - SyncSuccd - 0
20150103 - 05:38:03 - SyncCompt - 26513420
20150104 - 05:38:03 - SyncStart - 26513420
20150104 - 05:38:06 - SyncSuccd - 0
20150104 - 05:38:06 - SyncCompt - 26513420
20150105 - 05:38:01 - SyncStart - 26513420
20150105 - 14:07:54 - SyncSuccd - 0
20150105 - 14:07:54 - SyncCompt - 33231480
20150106 - 05:38:02 - SyncStart - 33231480
20150106 - 05:38:03 - SyncSuccd - 0
20150106 - 05:38:03 - SyncCompt - 33231480
20150107 - 05:38:01 - SyncStart - 33231480
20150107 - 05:38:02 - SyncSuccd - 0
20150107 - 05:38:02 - SyncCompt - 33231480
20150108 - 05:38:01 - SyncStart - 33231480
20150108 - 05:38:03 - SyncSuccd - 0
20150108 - 05:38:03 - SyncCompt - 33231480
20150109 - 05:38:01 - SyncStart - 33231480
20150109 - 05:38:03 - SyncSuccd - 0
20150109 - 05:38:03 - SyncCompt - 33231480
20150110 - 05:38:01 - SyncStart - 33231480
20150110 - 05:38:03 - SyncSuccd - 0
20150110 - 05:38:03 - SyncCompt - 33231480
20150111 - 05:38:01 - SyncStart - 33231480
20150111 - 05:38:03 - SyncSuccd - 0
20150111 - 05:38:03 - SyncCompt - 33231480
20150112 - 05:38:02 - SyncStart - 33231480
20150112 - 05:38:04 - SyncSuccd - 0
20150112 - 05:38:04 - SyncCompt - 33231480
20150113 - 05:38:01 - SyncStart - 33231480
20150113 - 05:38:03 - SyncSuccd - 0
20150113 - 05:38:03 - SyncCompt - 33231480
20150115 - 05:38:02 - SyncStart - 33231148
20150115 - 05:38:03 - SyncSuccd - 0
20150115 - 05:38:03 - SyncCompt - 33231148
20150116 - 05:38:02 - SyncStart - 33231148
20150116 - 05:38:04 - SyncSuccd - 0
20150116 - 05:38:04 - SyncCompt - 33231148
20150117 - 05:38:02 - SyncStart - 33231148
20150117 - 05:38:04 - SyncSuccd - 0
20150117 - 05:38:04 - SyncCompt - 33231148
20150118 - 05:38:02 - SyncStart - 33231148
20150118 - 05:38:04 - SyncSuccd - 0
20150118 - 05:38:04 - SyncCompt - 33231148
20150119 - 04:12:02 - SyncStart - 33231148
20150119 - 04:12:04 - SyncSuccd - 0
20150119 - 04:12:04 - SyncCompt - 33231148
20150120 - 04:12:01 - SyncStart - 33231148
20150120 - 04:12:04 - SyncSuccd - 0
20150120 - 04:12:04 - SyncCompt - 33231148
20150121 - 04:12:01 - SyncStart - 33231148
20150121 - 04:12:02 - SyncSuccd - 0
20150121 - 04:12:02 - SyncCompt - 33231148
20150122 - 04:12:02 - SyncStart - 33231148
20150122 - 04:12:03 - SyncSuccd - 0
20150122 - 04:12:03 - SyncCompt - 33231148
20150123 - 04:12:02 - SyncStart - 33231148
20150123 - 04:12:04 - SyncSuccd - 0
20150123 - 04:12:04 - SyncCompt - 33231148
20150124 - 04:12:02 - SyncStart - 33231148
20150124 - 06:37:11 - SyncSuccd - 0
20150124 - 06:37:11 - SyncCompt - 27350804
20150124 - 14:12:04 - SyncStart - 27350804
20150124 - 14:12:07 - SyncSuccd - 0
20150124 - 14:12:07 - SyncCompt - 27350804
20150125 - 04:12:06 - SyncStart - 27350804
20150125 - 04:12:07 - SyncSuccd - 0
20150125 - 04:12:07 - SyncCompt - 27350804
20150125 - 14:12:05 - SyncStart - 27350804
20150125 - 14:12:06 - SyncSuccd - 0
20150125 - 14:12:06 - SyncCompt - 27350804
20150126 - 04:12:05 - SyncStart - 27350804
20150126 - 04:12:06 - SyncSuccd - 0
20150126 - 04:12:06 - SyncCompt - 27350804
20150126 - 14:12:04 - SyncStart - 27350804
20150126 - 14:12:06 - SyncSuccd - 0
20150126 - 14:12:06 - SyncCompt - 27350804
20150127 - 04:12:04 - SyncStart - 27350804
20150127 - 04:12:06 - SyncSuccd - 0
20150127 - 04:12:06 - SyncCompt - 27350804
20150127 - 14:12:04 - SyncStart - 27350804
20150127 - 14:12:07 - SyncSuccd - 0
20150127 - 14:12:07 - SyncCompt - 27350804
20150128 - 04:12:04 - SyncStart - 27350804
20150128 - 04:12:05 - SyncSuccd - 0
20150128 - 04:12:05 - SyncCompt - 27350804
20150128 - 14:12:02 - SyncStart - 27350804
20150128 - 14:12:05 - SyncSuccd - 0
20150128 - 14:12:05 - SyncCompt - 27350804
20150129 - 04:12:05 - SyncStart - 27350804
20150129 - 04:12:07 - SyncSuccd - 0
20150129 - 04:12:07 - SyncCompt - 27350804
20150129 - 14:12:04 - SyncStart - 27350804
20150129 - 14:12:07 - SyncSuccd - 0
20150129 - 14:12:07 - SyncCompt - 27350804
20150130 - 04:12:04 - SyncStart - 27350804
20150130 - 04:12:06 - SyncSuccd - 0
20150130 - 04:12:06 - SyncCompt - 27350804
20150130 - 14:12:04 - SyncStart - 27350804
20150130 - 14:12:07 - SyncSuccd - 0
20150130 - 14:12:07 - SyncCompt - 27350804
20150131 - 04:12:08 - SyncStart - 27350804
20150131 - 04:12:10 - SyncSuccd - 0
20150131 - 04:12:10 - SyncCompt - 27350804
20150131 - 14:12:07 - SyncStart - 27350804
20150131 - 14:12:08 - SyncSuccd - 0
20150131 - 14:12:08 - SyncCompt - 27350804
20150201 - 04:12:06 - SyncStart - 27350804
20150201 - 04:12:07 - SyncSuccd - 0
20150201 - 04:12:07 - SyncCompt - 27350804
20150201 - 14:12:01 - SyncStart - 27350804
20150201 - 14:12:03 - SyncSuccd - 0
20150201 - 14:12:03 - SyncCompt - 27350804
20150202 - 04:12:04 - SyncStart - 27350804
20150202 - 04:12:06 - SyncSuccd - 0
20150202 - 04:12:06 - SyncCompt - 27350804
20150202 - 14:12:03 - SyncStart - 27350804
20150202 - 14:12:08 - SyncSuccd - 0
20150202 - 14:12:08 - SyncCompt - 27350804
20150203 - 04:12:06 - SyncStart - 27350804
20150203 - 04:12:07 - SyncSuccd - 0
20150203 - 04:12:07 - SyncCompt - 27350804
20150203 - 14:12:02 - SyncStart - 27350804
20150203 - 14:12:05 - SyncSuccd - 0
20150203 - 14:12:05 - SyncCompt - 27350804
20150204 - 04:12:06 - SyncStart - 27350804
20150204 - 04:12:09 - SyncError - 10
20150204 - 04:12:09 - SyncCompt - 27350804
20150204 - 14:12:06 - SyncStart - 27350804
20150204 - 14:12:08 - SyncSuccd - 0
20150204 - 14:12:08 - SyncCompt - 27350804
20150205 - 04:12:06 - SyncStart - 27350804
20150205 - 04:12:07 - SyncSuccd - 0
20150205 - 04:12:07 - SyncCompt - 27350804
20150205 - 14:12:06 - SyncStart - 27350804
20150205 - 14:12:07 - SyncSuccd - 0
20150205 - 14:12:07 - SyncCompt - 27350804
20150206 - 04:12:06 - SyncStart - 27350804
20150206 - 04:12:08 - SyncSuccd - 0
20150206 - 04:12:08 - SyncCompt - 27350804
20150206 - 14:12:05 - SyncStart - 27350804
20150206 - 14:12:07 - SyncSuccd - 0
20150206 - 14:12:07 - SyncCompt - 27350804
20150207 - 04:12:06 - SyncStart - 27350804
20150207 - 04:12:08 - SyncSuccd - 0
20150207 - 04:12:08 - SyncCompt - 27350804
20150207 - 14:12:06 - SyncStart - 27350804
20150207 - 14:12:07 - SyncSuccd - 0
20150207 - 14:12:07 - SyncCompt - 27350804
20150208 - 04:12:05 - SyncStart - 27350804
20150208 - 04:12:07 - SyncSuccd - 0
20150208 - 04:12:07 - SyncCompt - 27350804
20150208 - 14:12:05 - SyncStart - 27350804
20150208 - 14:12:07 - SyncSuccd - 0
20150208 - 14:12:07 - SyncCompt - 27350804
20150209 - 04:12:04 - SyncStart - 27350804
20150209 - 04:12:06 - SyncSuccd - 0
20150209 - 04:12:06 - SyncCompt - 27350804
20150209 - 14:12:06 - SyncStart - 27350804
20150209 - 14:12:08 - SyncSuccd - 0
20150209 - 14:12:08 - SyncCompt - 27350804
20150209 - 18:20:21 - SyncStart - 27350804
20150209 - 18:20:23 - SyncSuccd - 0
20150209 - 18:20:23 - SyncCompt - 27350804
20150209 - 18:21:40 - SyncStart - 27350804
20150209 - 18:21:45 - SyncSuccd - 0
20150209 - 18:21:45 - SyncCompt - 27350804
20150209 - 18:28:08 - SyncStart - 27350804
20150209 - 18:28:11 - SyncSuccd - 0
20150209 - 18:28:11 - SyncCompt - 27350804
20150209 - 18:29:22 - SyncStart - 27350804
20150209 - 18:29:23 - SyncSuccd - 0
20150209 - 18:29:23 - SyncCompt - 27350804
20150209 - 18:31:43 - SyncStart - 27350804
20150209 - 18:31:52 - SyncSuccd - 0
20150209 - 18:31:53 - SyncCompt - 27350804
20150209 - 18:33:18 - SyncStart - 27350804
20150209 - 18:33:20 - SyncSuccd - 0
20150209 - 18:33:20 - SyncCompt - 27350804
20150209 - 18:35:40 - SyncStart - 27350804
20150209 - 18:35:41 - SyncSuccd - 0
20150209 - 18:35:41 - SyncCompt - 27350804
20150209 - 18:36:40 - SyncStart - 27350804
20150209 - 18:36:42 - SyncStart - 27350804
20150209 - 18:36:43 - SyncSuccd - 0
20150209 - 18:36:43 - SyncCompt - 27350804
20150209 - 18:36:43 - SyncSuccd - 0
20150209 - 18:36:43 - SyncCompt - 27350804
20150209 - 18:37:53 - SyncStart - 27350804
20150209 - 18:37:55 - SyncSuccd - 0
20150209 - 18:37:55 - SyncCompt - 27350804
20150209 - 18:40:33 - SyncStart - 27350804
20150209 - 18:40:34 - SyncSuccd - 0
20150209 - 18:40:34 - SyncCompt - 27350804
20150209 - 18:41:26 - SyncStart - 27350804
20150209 - 18:41:27 - SyncSuccd - 0
20150209 - 18:41:27 - SyncCompt - 27350804
20150209 - 18:44:18 - SyncStart - 27350804
20150209 - 18:44:20 - SyncSuccd - 0
20150209 - 18:44:20 - SyncCompt - 27350804
20150209 - 19:03:35 - SyncStart - 27350804
20150209 - 19:03:36 - SyncSuccd - 0
20150209 - 19:03:36 - SyncCompt - 27350804
20150209 - 19:11:22 - SyncStart - 27350804
20150209 - 19:11:23 - SyncSuccd - 0
20150209 - 19:11:23 - SyncCompt - 27350804
20150210 - 04:12:05 - SyncStart - 27350804
20150210 - 04:12:06 - SyncSuccd - 0
20150210 - 04:12:06 - SyncCompt - 27350804
20150210 - 14:12:04 - SyncStart - 27350804
20150210 - 14:12:06 - SyncSuccd - 0
20150210 - 14:12:06 - SyncCompt - 27350804
20150211 - 04:12:05 - SyncStart - 27350804
20150211 - 04:12:07 - SyncSuccd - 0
20150211 - 04:12:07 - SyncCompt - 27350804
20150211 - 14:12:06 - SyncStart - 27350804
20150211 - 14:12:07 - SyncSuccd - 0
20150211 - 14:12:08 - SyncCompt - 27350804
20150212 - 04:12:06 - SyncStart - 27350804
20150212 - 04:12:07 - SyncSuccd - 0
20150212 - 04:12:07 - SyncCompt - 27350804
20150212 - 14:12:05 - SyncStart - 27350804
20150212 - 21:44:01 - SyncStart - 33746888
20150212 - 21:44:03 - SyncSuccd - 0
20150212 - 21:44:03 - SyncCompt - 33746888
20150213 - 04:12:02 - SyncStart - 33746888
20150213 - 04:12:04 - SyncSuccd - 0
20150213 - 04:12:04 - SyncCompt - 33746888
20150213 - 14:12:02 - SyncStart - 33746888
20150213 - 14:12:05 - SyncSuccd - 0
20150213 - 14:12:05 - SyncCompt - 33746888
20150214 - 04:12:02 - SyncStart - 33746888
20150214 - 04:12:08 - SyncSuccd - 0
20150214 - 04:12:08 - SyncCompt - 33746888
20150214 - 14:12:02 - SyncStart - 33746888
20150214 - 14:12:03 - SyncSuccd - 0
20150214 - 14:12:03 - SyncCompt - 33746888
20150215 - 04:12:03 - SyncStart - 33746888
20150215 - 04:12:04 - SyncSuccd - 0
20150215 - 04:12:04 - SyncCompt - 33746888
20150215 - 14:12:03 - SyncStart - 33746888
20150215 - 14:12:04 - SyncSuccd - 0
20150215 - 14:12:04 - SyncCompt - 33746888
20150216 - 04:12:02 - SyncStart - 33746888
20150216 - 04:12:03 - SyncSuccd - 0
20150216 - 04:12:03 - SyncCompt - 33746888
20150216 - 14:12:02 - SyncStart - 33746888
20150216 - 14:12:04 - SyncSuccd - 0
20150216 - 14:12:04 - SyncCompt - 33746888
20150217 - 04:12:02 - SyncStart - 33746888
20150217 - 04:12:04 - SyncSuccd - 0
20150217 - 04:12:04 - SyncCompt - 33746888
20150217 - 14:12:03 - SyncStart - 33746888
20150217 - 14:12:04 - SyncSuccd - 0
20150217 - 14:12:04 - SyncCompt - 33746888
20150218 - 04:12:02 - SyncStart - 33746888
20150218 - 04:12:04 - SyncSuccd - 0
20150218 - 04:12:04 - SyncCompt - 33746888
20150218 - 14:12:03 - SyncStart - 33746888
20150218 - 14:12:04 - SyncSuccd - 0
20150218 - 14:12:04 - SyncCompt - 33746888
20150219 - 04:12:02 - SyncStart - 33746888
20150219 - 04:12:04 - SyncSuccd - 0
20150219 - 04:12:04 - SyncCompt - 33746888
20150219 - 14:12:02 - SyncStart - 33746888
20150219 - 14:12:04 - SyncSuccd - 0
20150219 - 14:12:04 - SyncCompt - 33746888
20150220 - 04:12:03 - SyncStart - 33746888
20150220 - 04:12:04 - SyncSuccd - 0
20150220 - 04:12:04 - SyncCompt - 33746888
20150220 - 14:12:01 - SyncStart - 33746888
20150220 - 14:12:03 - SyncSuccd - 0
20150220 - 14:12:03 - SyncCompt - 33746888
20150221 - 04:12:03 - SyncStart - 33746888
20150221 - 04:12:04 - SyncSuccd - 0
20150221 - 04:12:04 - SyncCompt - 33746888
20150221 - 14:12:01 - SyncStart - 33746888
20150221 - 14:12:02 - SyncSuccd - 0
20150221 - 14:12:02 - SyncCompt - 33746888
20150222 - 04:12:03 - SyncStart - 33746888
20150222 - 04:12:04 - SyncSuccd - 0
20150222 - 04:12:04 - SyncCompt - 33746888
20150222 - 14:12:03 - SyncStart - 33746888
20150222 - 14:12:04 - SyncSuccd - 0
20150222 - 14:12:04 - SyncCompt - 33746888
20150223 - 04:12:02 - SyncStart - 33746888
20150223 - 04:12:04 - SyncSuccd - 0
20150223 - 04:12:04 - SyncCompt - 33746888
20150223 - 14:12:02 - SyncStart - 33746888
20150223 - 14:12:03 - SyncSuccd - 0
20150223 - 14:12:04 - SyncCompt - 33746888
20150224 - 04:12:03 - SyncStart - 33746888
20150224 - 04:12:04 - SyncSuccd - 0
20150224 - 04:12:04 - SyncCompt - 33746888
20150224 - 14:12:02 - SyncStart - 33746888
20150224 - 14:12:03 - SyncSuccd - 0
20150224 - 14:12:03 - SyncCompt - 33746888
20150225 - 04:12:02 - SyncStart - 33746888
20150225 - 04:12:04 - SyncSuccd - 0
20150225 - 04:12:04 - SyncCompt - 33746888
20150225 - 14:12:02 - SyncStart - 33746888
20150225 - 14:12:04 - SyncSuccd - 0
20150225 - 14:12:04 - SyncCompt - 33746888
20150226 - 04:12:03 - SyncStart - 33746888
20150226 - 04:12:04 - SyncSuccd - 0
20150226 - 04:12:04 - SyncCompt - 33746888
20150226 - 14:12:02 - SyncStart - 33746888
20150226 - 14:12:04 - SyncSuccd - 0
20150226 - 14:12:04 - SyncCompt - 33746888
20150227 - 04:12:02 - SyncStart - 33746888
20150227 - 04:28:25 - SyncSuccd - 0
20150227 - 04:28:25 - SyncCompt - 33717468
20150227 - 14:12:02 - SyncStart - 33717472
20150227 - 14:12:03 - SyncSuccd - 0
20150227 - 14:12:03 - SyncCompt - 33717472
20150228 - 04:12:02 - SyncStart - 33717472
20150228 - 04:12:04 - SyncSuccd - 0
20150228 - 04:12:04 - SyncCompt - 33717472
20150228 - 14:12:03 - SyncStart - 33717472
20150228 - 14:12:04 - SyncSuccd - 0
20150228 - 14:12:04 - SyncCompt - 33717472
20150301 - 04:12:02 - SyncStart - 33717472
20150301 - 04:12:04 - SyncSuccd - 0
20150301 - 04:12:04 - SyncCompt - 33717472
20150301 - 14:12:02 - SyncStart - 33717472
20150301 - 14:12:04 - SyncSuccd - 0
20150301 - 14:12:04 - SyncCompt - 33717472
20150302 - 04:12:02 - SyncStart - 33717472
20150302 - 04:12:04 - SyncSuccd - 0
20150302 - 04:12:04 - SyncCompt - 33717472
20150302 - 14:12:02 - SyncStart - 33717472
20150302 - 14:12:04 - SyncSuccd - 0
20150302 - 14:12:04 - SyncCompt - 33717472
20150303 - 04:12:02 - SyncStart - 33717472
20150303 - 04:12:04 - SyncSuccd - 0
20150303 - 04:12:04 - SyncCompt - 33717472
20150303 - 14:12:02 - SyncStart - 33717472
20150303 - 14:12:06 - SyncSuccd - 0
20150303 - 14:12:06 - SyncCompt - 33717472
20150304 - 04:12:03 - SyncStart - 33717472
20150304 - 04:12:05 - SyncSuccd - 0
20150304 - 04:12:05 - SyncCompt - 33717472
20150304 - 14:12:02 - SyncStart - 33717472
20150304 - 14:12:04 - SyncSuccd - 0
20150304 - 14:12:04 - SyncCompt - 33717472
20150305 - 04:12:02 - SyncStart - 33717472
20150305 - 04:12:04 - SyncSuccd - 0
20150305 - 04:12:04 - SyncCompt - 33717472
20150305 - 14:12:02 - SyncStart - 33717472
20150305 - 14:12:04 - SyncSuccd - 0
20150305 - 14:12:04 - SyncCompt - 33717472
20150306 - 04:12:03 - SyncStart - 33717472
20150306 - 04:12:05 - SyncSuccd - 0
20150306 - 04:12:05 - SyncCompt - 33717472
20150306 - 14:12:02 - SyncStart - 33717472
20150306 - 14:12:06 - SyncSuccd - 0
20150306 - 14:12:06 - SyncCompt - 33717472
20150307 - 04:12:02 - SyncStart - 33717472
20150307 - 04:12:04 - SyncSuccd - 0
20150307 - 04:12:04 - SyncCompt - 33717472
20150307 - 14:12:03 - SyncStart - 33717472
20150307 - 14:12:06 - SyncSuccd - 0
20150307 - 14:12:06 - SyncCompt - 33717472
20150308 - 04:12:03 - SyncStart - 33717472
20150308 - 04:12:04 - SyncSuccd - 0
20150308 - 04:12:04 - SyncCompt - 33717472
20150308 - 14:12:02 - SyncStart - 33717472
20150308 - 14:12:04 - SyncSuccd - 0
20150308 - 14:12:04 - SyncCompt - 33717472
20150309 - 04:12:02 - SyncStart - 33717472
20150309 - 04:12:04 - SyncSuccd - 0
20150309 - 04:12:04 - SyncCompt - 33717472
20150309 - 14:12:03 - SyncStart - 33717472
20150309 - 14:12:05 - SyncSuccd - 0
20150309 - 14:12:05 - SyncCompt - 33717472
20150310 - 04:12:03 - SyncStart - 33717472
20150310 - 04:12:05 - SyncSuccd - 0
20150310 - 04:12:05 - SyncCompt - 33717472
20150310 - 14:12:03 - SyncStart - 33717472
20150310 - 14:12:05 - SyncSuccd - 0
20150310 - 14:12:05 - SyncCompt - 33717472
20150311 - 04:12:02 - SyncStart - 33717472
20150311 - 04:12:09 - SyncSuccd - 0
20150311 - 04:12:09 - SyncCompt - 33717472
20150311 - 14:12:02 - SyncStart - 33717472
20150311 - 14:12:12 - SyncError - 10
20150311 - 14:13:12 - SyncCompt - 33717472
20150311 - 14:13:12 - SyncStart - 33717472
20150311 - 14:13:15 - SyncSuccd - 0
20150311 - 14:13:15 - SyncCompt - 33717472
20150312 - 04:12:03 - SyncStart - 33717472
20150312 - 04:12:09 - SyncSuccd - 0
20150312 - 04:12:09 - SyncCompt - 33717472
20150312 - 14:12:03 - SyncStart - 33717472
20150312 - 14:12:09 - SyncSuccd - 0
20150312 - 14:12:09 - SyncCompt - 33717472
20150313 - 04:12:02 - SyncStart - 33717472
20150313 - 04:12:04 - SyncSuccd - 0
20150313 - 04:12:04 - SyncCompt - 33717472
20150313 - 14:12:02 - SyncStart - 33717472
20150313 - 14:12:06 - SyncSuccd - 0
20150313 - 14:12:06 - SyncCompt - 33717472
20150314 - 04:12:03 - SyncStart - 33717472
20150314 - 04:12:05 - SyncSuccd - 0
20150314 - 04:12:05 - SyncCompt - 33717472
20150314 - 14:12:02 - SyncStart - 33717472
20150314 - 14:12:05 - SyncSuccd - 0
20150314 - 14:12:05 - SyncCompt - 33717472
20150315 - 04:12:03 - SyncStart - 33717472
20150315 - 04:12:06 - SyncSuccd - 0
20150315 - 04:12:06 - SyncCompt - 33717472
20150315 - 14:12:02 - SyncStart - 33717472
20150315 - 14:12:12 - SyncSuccd - 0
20150315 - 14:12:12 - SyncCompt - 33717472
20150316 - 04:12:02 - SyncStart - 33717472
20150316 - 04:12:04 - SyncSuccd - 0
20150316 - 04:12:04 - SyncCompt - 33717472
20150316 - 14:12:02 - SyncStart - 33717472
20150316 - 14:12:07 - SyncSuccd - 0
20150316 - 14:12:07 - SyncCompt - 33717472
20150317 - 04:12:02 - SyncStart - 33717472
20150317 - 04:12:05 - SyncSuccd - 0
20150317 - 04:12:05 - SyncCompt - 33717472
20150317 - 14:12:01 - SyncStart - 33717472
20150317 - 14:12:06 - SyncSuccd - 0
20150317 - 14:12:06 - SyncCompt - 33717472
20150318 - 04:12:02 - SyncStart - 33717472
20150318 - 04:12:06 - SyncSuccd - 0
20150318 - 04:12:06 - SyncCompt - 33717472
20150318 - 14:12:02 - SyncStart - 33717472
20150318 - 14:12:05 - SyncSuccd - 0
20150318 - 14:12:06 - SyncCompt - 33717472
20150319 - 04:12:02 - SyncStart - 33717472
20150319 - 04:12:04 - SyncSuccd - 0
20150319 - 04:12:04 - SyncCompt - 33717472
20150319 - 14:12:01 - SyncStart - 33717472
20150319 - 14:12:08 - SyncSuccd - 0
20150319 - 14:12:08 - SyncCompt - 33717472
20150320 - 04:12:02 - SyncStart - 33717472
20150320 - 04:12:05 - SyncSuccd - 0
20150320 - 04:12:05 - SyncCompt - 33717472
20150320 - 14:12:01 - SyncStart - 33717472
20150320 - 14:12:03 - SyncSuccd - 0
20150320 - 14:12:03 - SyncCompt - 33717472
20150321 - 04:12:03 - SyncStart - 33717472
20150321 - 04:12:08 - SyncSuccd - 0
20150321 - 04:12:08 - SyncCompt - 33717472
20150321 - 14:12:01 - SyncStart - 33717472
20150321 - 14:12:02 - SyncSuccd - 0
20150321 - 14:12:02 - SyncCompt - 33717472
20150322 - 04:12:03 - SyncStart - 33717472
20150322 - 04:12:05 - SyncSuccd - 0
20150322 - 04:12:05 - SyncCompt - 33717472
20150322 - 14:12:02 - SyncStart - 33717472
20150322 - 14:12:06 - SyncSuccd - 0
20150322 - 14:12:06 - SyncCompt - 33717472
20150323 - 04:12:02 - SyncStart - 33717472
20150323 - 04:12:04 - SyncSuccd - 0
20150323 - 04:12:04 - SyncCompt - 33717472
20150323 - 14:12:01 - SyncStart - 33717472
20150323 - 14:12:05 - SyncSuccd - 0
20150323 - 14:12:05 - SyncCompt - 33717472
20150324 - 04:12:01 - SyncStart - 33717472
20150324 - 04:12:05 - SyncSuccd - 0
20150324 - 04:12:05 - SyncCompt - 33717472
20150324 - 14:12:01 - SyncStart - 33717472
20150324 - 14:12:08 - SyncSuccd - 0
20150324 - 14:12:08 - SyncCompt - 33717472
20150325 - 04:12:01 - SyncStart - 33717472
20150325 - 04:12:04 - SyncSuccd - 0
20150325 - 04:12:04 - SyncCompt - 33717472
20150325 - 14:12:01 - SyncStart - 33717472
20150325 - 14:12:03 - SyncSuccd - 0
20150325 - 14:12:03 - SyncCompt - 33717472
20150326 - 04:12:02 - SyncStart - 33717472
20150326 - 04:12:05 - SyncSuccd - 0
20150326 - 04:12:05 - SyncCompt - 33717472
20150326 - 14:12:02 - SyncStart - 33717472
20150326 - 14:12:06 - SyncSuccd - 0
20150326 - 14:12:06 - SyncCompt - 33717472
20150327 - 04:12:02 - SyncStart - 33717472
20150327 - 04:12:08 - SyncSuccd - 0
20150327 - 04:12:08 - SyncCompt - 33717472
20150327 - 14:12:02 - SyncStart - 33717472
20150327 - 14:12:13 - SyncSuccd - 0
20150327 - 14:12:13 - SyncCompt - 33717472
20150328 - 04:12:01 - SyncStart - 33717472
20150328 - 04:12:04 - SyncSuccd - 0
20150328 - 04:12:04 - SyncCompt - 33717472
20150328 - 14:12:01 - SyncStart - 33717472
20150328 - 14:12:06 - SyncSuccd - 0
20150328 - 14:12:06 - SyncCompt - 33717472
20150329 - 04:12:02 - SyncStart - 33717472
20150329 - 04:12:07 - SyncSuccd - 0
20150329 - 04:12:07 - SyncCompt - 33717472
20150329 - 14:12:01 - SyncStart - 33717472
20150329 - 14:12:02 - SyncSuccd - 0
20150329 - 14:12:02 - SyncCompt - 33717472
20150330 - 04:12:02 - SyncStart - 33717472
20150330 - 04:12:06 - SyncSuccd - 0
20150330 - 04:12:07 - SyncCompt - 33717472
20150330 - 14:12:01 - SyncStart - 33717472
20150330 - 14:12:10 - SyncSuccd - 0
20150330 - 14:12:10 - SyncCompt - 33717472
20150331 - 04:12:02 - SyncStart - 33717472
20150331 - 04:12:13 - SyncError - 10
20150331 - 04:13:13 - SyncCompt - 33717472
20150331 - 04:13:13 - SyncStart - 33717472
20150331 - 04:13:15 - SyncSuccd - 0
20150331 - 04:13:15 - SyncCompt - 33717472
20150331 - 14:12:01 - SyncStart - 33717472
20150331 - 14:12:11 - SyncSuccd - 0
20150331 - 14:12:11 - SyncCompt - 33717472
20150401 - 04:12:01 - SyncStart - 33717472
20150401 - 04:12:03 - SyncSuccd - 0
20150401 - 04:12:03 - SyncCompt - 33717472
20150401 - 14:12:01 - SyncStart - 33717472
20150401 - 14:12:02 - SyncSuccd - 0
20150401 - 14:12:02 - SyncCompt - 33717472
20150402 - 04:12:03 - SyncStart - 33717472
20150402 - 04:12:05 - SyncSuccd - 0
20150402 - 04:12:05 - SyncCompt - 33717472
20150402 - 14:12:01 - SyncStart - 33717472
20150402 - 14:12:02 - SyncSuccd - 0
20150402 - 14:12:02 - SyncCompt - 33717472
20150403 - 04:12:01 - SyncStart - 33717472
20150403 - 04:12:03 - SyncSuccd - 0
20150403 - 04:12:03 - SyncCompt - 33717472
20150403 - 14:12:01 - SyncStart - 33717472
20150403 - 14:12:03 - SyncSuccd - 0
20150403 - 14:12:03 - SyncCompt - 33717472
20150404 - 04:12:01 - SyncStart - 33717472
20150404 - 04:12:03 - SyncSuccd - 0
20150404 - 04:12:03 - SyncCompt - 33717472
20150404 - 14:12:01 - SyncStart - 33717472
20150404 - 14:12:11 - SyncSuccd - 0
20150404 - 14:12:11 - SyncCompt - 33717472
20150405 - 04:12:01 - SyncStart - 33717472
20150405 - 04:12:02 - SyncSuccd - 0
20150405 - 04:12:02 - SyncCompt - 33717472
20150405 - 14:12:03 - SyncStart - 33717472
20150405 - 14:12:04 - SyncSuccd - 0
20150405 - 14:12:04 - SyncCompt - 33717472
20150406 - 04:12:03 - SyncStart - 33717472
20150406 - 04:12:05 - SyncSuccd - 0
20150406 - 04:12:05 - SyncCompt - 33717472
20150406 - 14:12:02 - SyncStart - 33717472
20150406 - 14:12:05 - SyncSuccd - 0
20150406 - 14:12:06 - SyncCompt - 33717472
20150407 - 04:12:01 - SyncStart - 33717472
20150407 - 04:12:03 - SyncSuccd - 0
20150407 - 04:12:03 - SyncCompt - 33717472
20150407 - 14:12:02 - SyncStart - 33717472
20150407 - 14:12:06 - SyncSuccd - 0
20150407 - 14:12:06 - SyncCompt - 33717472
20150408 - 04:12:02 - SyncStart - 33717472
20150408 - 04:12:04 - SyncSuccd - 0
20150408 - 04:12:04 - SyncCompt - 33717472
20150408 - 14:12:01 - SyncStart - 33717472
20150408 - 14:12:06 - SyncSuccd - 0
20150408 - 14:12:06 - SyncCompt - 33717472
20150409 - 04:12:02 - SyncStart - 33717472
20150409 - 04:12:05 - SyncSuccd - 0
20150409 - 04:12:05 - SyncCompt - 33717472
20150409 - 14:12:01 - SyncStart - 33717472
20150409 - 14:12:09 - SyncSuccd - 0
20150409 - 14:12:09 - SyncCompt - 33717472
20150410 - 04:12:01 - SyncStart - 33717472
20150410 - 04:12:07 - SyncSuccd - 0
20150410 - 04:12:07 - SyncCompt - 33717472
20150410 - 14:12:01 - SyncStart - 33717472
20150410 - 14:12:03 - SyncSuccd - 0
20150410 - 14:12:03 - SyncCompt - 33717472
20150411 - 04:12:03 - SyncStart - 33717472
20150411 - 04:12:05 - SyncSuccd - 0
20150411 - 04:12:05 - SyncCompt - 33717472
20150411 - 14:12:01 - SyncStart - 33717472
20150411 - 14:12:03 - SyncSuccd - 0
20150411 - 14:12:03 - SyncCompt - 33717472
20150412 - 04:12:01 - SyncStart - 33717472
20150412 - 04:12:12 - SyncSuccd - 0
20150412 - 04:12:12 - SyncCompt - 33717472
20150412 - 14:12:03 - SyncStart - 33717472
20150412 - 14:12:09 - SyncSuccd - 0
20150412 - 14:12:09 - SyncCompt - 33717472
20150413 - 04:12:02 - SyncStart - 33717472
20150413 - 04:12:13 - SyncSuccd - 0
20150413 - 04:12:13 - SyncCompt - 33717472
20150413 - 14:12:01 - SyncStart - 33717472
20150413 - 14:12:10 - SyncSuccd - 0
20150413 - 14:12:10 - SyncCompt - 33717472
20150414 - 04:12:02 - SyncStart - 33717472
20150414 - 04:12:09 - SyncSuccd - 0
20150414 - 04:12:09 - SyncCompt - 33717472
20150414 - 14:12:01 - SyncStart - 33717472
20150414 - 14:12:19 - SyncSuccd - 0
20150414 - 14:12:19 - SyncCompt - 33717472
20150415 - 04:12:02 - SyncStart - 33717472
20150415 - 05:23:20 - SyncSuccd - 0
20150415 - 05:23:20 - SyncCompt - 27628308
20150415 - 14:12:02 - SyncStart - 27628308
20150415 - 14:12:06 - SyncSuccd - 0
20150415 - 14:12:06 - SyncCompt - 27628308
20150416 - 04:12:02 - SyncStart - 27628308
20150416 - 04:12:06 - SyncSuccd - 0
20150416 - 04:12:06 - SyncCompt - 27628308
20150416 - 14:12:01 - SyncStart - 27628308
20150416 - 14:12:07 - SyncSuccd - 0
20150416 - 14:12:07 - SyncCompt - 27628308
20150417 - 04:12:05 - SyncStart - 27628308
20150417 - 04:12:07 - SyncSuccd - 0
20150417 - 04:12:07 - SyncCompt - 27628308
20150417 - 14:12:01 - SyncStart - 27628308
20150417 - 15:52:30 - SyncSuccd - 0
20150417 - 15:52:30 - SyncCompt - 27626440
20150418 - 04:12:02 - SyncStart - 27626440
20150418 - 04:12:04 - SyncSuccd - 0
20150418 - 04:12:04 - SyncCompt - 27626440
20150418 - 14:12:02 - SyncStart - 27626440
20150418 - 14:12:12 - SyncSuccd - 0
20150418 - 14:12:12 - SyncCompt - 27626440
20150419 - 04:12:07 - SyncStart - 27626440
20150419 - 04:12:13 - SyncSuccd - 0
20150419 - 04:12:13 - SyncCompt - 27626440
20150419 - 14:12:02 - SyncStart - 27626440
20150419 - 14:12:06 - SyncSuccd - 0
20150419 - 14:12:06 - SyncCompt - 27626440
20150420 - 04:12:05 - SyncStart - 27626440
20150420 - 04:12:10 - SyncSuccd - 0
20150420 - 04:12:10 - SyncCompt - 27626440
20150420 - 14:12:03 - SyncStart - 27626440
20150420 - 14:12:11 - SyncSuccd - 0
20150420 - 14:12:11 - SyncCompt - 27626440
20150421 - 04:12:05 - SyncStart - 27626440
20150421 - 06:22:34 - SyncSuccd - 0
20150421 - 06:22:35 - SyncCompt - 28142736
20150421 - 14:12:01 - SyncStart - 28142736
20150421 - 14:12:11 - SyncSuccd - 0
20150421 - 14:12:11 - SyncCompt - 28142736
20150422 - 04:12:05 - SyncStart - 28142736
20150422 - 04:12:12 - SyncSuccd - 0
20150422 - 04:12:12 - SyncCompt - 28142736
20150422 - 14:12:01 - SyncStart - 28142736
20150422 - 14:12:10 - SyncSuccd - 0
20150422 - 14:12:10 - SyncCompt - 28142736
20150423 - 04:12:01 - SyncStart - 28142736
20150423 - 04:12:02 - SyncSuccd - 0
20150423 - 04:12:02 - SyncCompt - 28142736
20150423 - 14:12:02 - SyncStart - 28142736
20150423 - 14:12:07 - SyncSuccd - 0
20150423 - 14:12:07 - SyncCompt - 28142736
20150424 - 04:12:01 - SyncStart - 28142736
20150424 - 04:12:13 - SyncSuccd - 0
20150424 - 04:12:13 - SyncCompt - 28142736
20150424 - 14:12:01 - SyncStart - 28142736
20150424 - 21:21:47 - SyncError - 20
20150424 - 21:21:47 - SyncCompt - 28142736
20150425 - 04:12:02 - SyncStart - 30330896
20150425 - 10:36:15 - SyncSuccd - 0
20150425 - 10:36:16 - SyncCompt - 37820008
20150425 - 14:12:01 - SyncStart - 37820008
20150425 - 14:12:04 - SyncSuccd - 0
20150425 - 14:12:04 - SyncCompt - 37820008
20150426 - 04:12:01 - SyncStart - 37820008
20150426 - 04:12:03 - SyncSuccd - 0
20150426 - 04:12:03 - SyncCompt - 37820008
20150426 - 14:12:01 - SyncStart - 37820008
20150426 - 14:12:13 - SyncSuccd - 0
20150426 - 14:12:13 - SyncCompt - 37820008
20150427 - 04:12:01 - SyncStart - 37820008
20150427 - 04:12:04 - SyncSuccd - 0
20150427 - 04:12:04 - SyncCompt - 37820008
20150427 - 14:12:01 - SyncStart - 37820008
20150427 - 15:30:14 - SyncSuccd - 0
20150427 - 15:30:14 - SyncCompt - 38047980
20150428 - 04:12:01 - SyncStart - 38047980
20150428 - 04:12:14 - SyncSuccd - 0
20150428 - 04:12:14 - SyncCompt - 38047980
20150428 - 14:12:01 - SyncStart - 38047980
20150428 - 14:24:20 - SyncSuccd - 0
20150428 - 14:24:20 - SyncCompt - 38144644
20150429 - 04:12:01 - SyncStart - 38144644
20150429 - 04:12:15 - SyncSuccd - 0
20150429 - 04:12:15 - SyncCompt - 38144644
20150429 - 14:12:01 - SyncStart - 38144644
20150429 - 14:12:10 - SyncSuccd - 0
20150429 - 14:12:10 - SyncCompt - 38144644
20150430 - 04:12:01 - SyncStart - 38144644
20150430 - 04:12:04 - SyncSuccd - 0
20150430 - 04:12:04 - SyncCompt - 38144644
20150430 - 14:12:02 - SyncStart - 38144644
20150430 - 14:12:31 - SyncSuccd - 0
20150430 - 14:12:31 - SyncCompt - 38144644
20150501 - 04:12:01 - SyncStart - 38144644
20150501 - 04:12:04 - SyncSuccd - 0
20150501 - 04:12:04 - SyncCompt - 38144644
20150501 - 14:12:01 - SyncStart - 38144644
20150501 - 14:12:13 - SyncSuccd - 0
20150501 - 14:12:13 - SyncCompt - 38144644
20150502 - 04:12:01 - SyncStart - 38144644
20150502 - 04:12:04 - SyncSuccd - 0
20150502 - 04:12:04 - SyncCompt - 38144644
20150502 - 14:12:01 - SyncStart - 38144644
20150502 - 14:12:12 - SyncSuccd - 0
20150502 - 14:12:12 - SyncCompt - 38144644
20150503 - 04:12:01 - SyncStart - 38144644
20150503 - 04:12:09 - SyncSuccd - 0
20150503 - 04:12:09 - SyncCompt - 38144644
20150503 - 14:12:02 - SyncStart - 38144644
20150503 - 14:12:13 - SyncSuccd - 0
20150503 - 14:12:13 - SyncCompt - 38144644
20150504 - 04:12:01 - SyncStart - 38144644
20150504 - 04:12:06 - SyncSuccd - 0
20150504 - 04:12:06 - SyncCompt - 38144644
20150504 - 14:12:01 - SyncStart - 38144644
20150504 - 14:12:13 - SyncSuccd - 0
20150504 - 14:12:13 - SyncCompt - 38144644
20150505 - 04:12:01 - SyncStart - 38144644
20150505 - 04:12:05 - SyncSuccd - 0
20150505 - 04:12:05 - SyncCompt - 38144644
20150505 - 14:12:02 - SyncStart - 38144644
20150505 - 14:12:05 - SyncSuccd - 0
20150505 - 14:12:05 - SyncCompt - 38144644
20150506 - 04:12:01 - SyncStart - 38144644
20150506 - 04:12:04 - SyncSuccd - 0
20150506 - 04:12:04 - SyncCompt - 38144644
20150506 - 14:12:02 - SyncStart - 38144644
20150506 - 14:12:07 - SyncSuccd - 0
20150506 - 14:12:07 - SyncCompt - 38144644
20150507 - 04:12:02 - SyncStart - 38144644
20150507 - 04:12:04 - SyncSuccd - 0
20150507 - 04:12:04 - SyncCompt - 38144644
20150507 - 14:12:02 - SyncStart - 38144644
20150507 - 14:12:04 - SyncSuccd - 0
20150507 - 14:12:04 - SyncCompt - 38144644
20150508 - 04:12:03 - SyncStart - 38144644
20150508 - 04:12:14 - SyncSuccd - 0
20150508 - 04:12:14 - SyncCompt - 38144644
20150508 - 14:12:02 - SyncStart - 38144644
20150508 - 14:12:18 - SyncSuccd - 0
20150508 - 14:12:18 - SyncCompt - 38144644
20150509 - 04:12:01 - SyncStart - 38144644
20150509 - 04:12:03 - SyncSuccd - 0
20150509 - 04:12:03 - SyncCompt - 38144644
20150509 - 14:12:02 - SyncStart - 38144644
20150509 - 14:12:09 - SyncSuccd - 0
20150509 - 14:12:09 - SyncCompt - 38144644
20150510 - 04:12:02 - SyncStart - 38144644
20150510 - 04:12:08 - SyncSuccd - 0
20150510 - 04:12:08 - SyncCompt - 38144644
20150510 - 14:12:01 - SyncStart - 38144644
20150510 - 14:12:12 - SyncSuccd - 0
20150510 - 14:12:12 - SyncCompt - 38144644
20150511 - 04:12:02 - SyncStart - 38144644
20150511 - 04:12:03 - SyncSuccd - 0
20150511 - 04:12:03 - SyncCompt - 38144644
20150511 - 14:12:01 - SyncStart - 38144644
20150511 - 14:12:05 - SyncSuccd - 0
20150511 - 14:12:05 - SyncCompt - 38144644
20150512 - 04:12:02 - SyncStart - 38144644
20150512 - 04:12:04 - SyncSuccd - 0
20150512 - 04:12:04 - SyncCompt - 38144644
20150512 - 14:12:01 - SyncStart - 38144644
20150512 - 14:12:05 - SyncSuccd - 0
20150512 - 14:12:05 - SyncCompt - 38144644
20150513 - 04:12:03 - SyncStart - 38144644
20150513 - 04:12:06 - SyncSuccd - 0
20150513 - 04:12:06 - SyncCompt - 38144644
20150513 - 14:12:02 - SyncStart - 38144644
20150513 - 14:12:14 - SyncSuccd - 0
20150513 - 14:12:14 - SyncCompt - 38144644
20150514 - 04:12:01 - SyncStart - 38144644
20150514 - 04:12:07 - SyncSuccd - 0
20150514 - 04:12:07 - SyncCompt - 38144644
20150514 - 14:12:01 - SyncStart - 38144644
20150514 - 14:12:08 - SyncSuccd - 0
20150514 - 14:12:08 - SyncCompt - 38144644
20150515 - 04:12:02 - SyncStart - 38144644
20150515 - 04:12:03 - SyncSuccd - 0
20150515 - 04:12:03 - SyncCompt - 38144644
20150515 - 14:12:01 - SyncStart - 38144644
20150515 - 14:12:03 - SyncSuccd - 0
20150515 - 14:12:03 - SyncCompt - 38144644
20150516 - 04:12:02 - SyncStart - 38144644
20150516 - 04:12:05 - SyncSuccd - 0
20150516 - 04:12:05 - SyncCompt - 38144644
20150516 - 14:12:02 - SyncStart - 38144644
20150516 - 14:12:08 - SyncSuccd - 0
20150516 - 14:12:08 - SyncCompt - 38144644
20150517 - 04:12:03 - SyncStart - 38144644
20150517 - 04:12:05 - SyncSuccd - 0
20150517 - 04:12:05 - SyncCompt - 38144644
20150517 - 14:12:01 - SyncStart - 38144644
20150517 - 15:03:32 - SyncSuccd - 0
20150517 - 15:03:32 - SyncCompt - 39073596
20150518 - 04:12:01 - SyncStart - 39073596
20150518 - 04:12:03 - SyncSuccd - 0
20150518 - 04:12:03 - SyncCompt - 39073596
20150518 - 14:12:01 - SyncStart - 39073596
20150518 - 14:12:05 - SyncSuccd - 0
20150518 - 14:12:05 - SyncCompt - 39073596
20150519 - 04:12:02 - SyncStart - 39073596
20150519 - 04:12:04 - SyncSuccd - 0
20150519 - 04:12:04 - SyncCompt - 39073596
20150519 - 14:12:02 - SyncStart - 39073596
20150519 - 14:12:11 - SyncSuccd - 0
20150519 - 14:12:11 - SyncCompt - 39073596
20150520 - 04:12:01 - SyncStart - 39073596
20150520 - 04:12:07 - SyncSuccd - 0
20150520 - 04:12:07 - SyncCompt - 39073596
20150520 - 14:12:01 - SyncStart - 39073596
20150520 - 14:12:07 - SyncSuccd - 0
20150520 - 14:12:07 - SyncCompt - 39073596
20150521 - 04:12:02 - SyncStart - 39073596
20150521 - 04:12:05 - SyncSuccd - 0
20150521 - 04:12:05 - SyncCompt - 39073596
20150521 - 14:12:02 - SyncStart - 39073596
20150521 - 14:12:13 - SyncSuccd - 0
20150521 - 14:12:13 - SyncCompt - 39073596
20150522 - 04:12:02 - SyncStart - 39073596
20150522 - 04:25:19 - SyncSuccd - 0
20150522 - 04:25:19 - SyncCompt - 29740828
20150522 - 14:12:01 - SyncStart - 29740828
20150522 - 14:12:07 - SyncSuccd - 0
20150522 - 14:12:07 - SyncCompt - 29740828
20150523 - 04:12:07 - SyncStart - 29740828
20150523 - 04:12:11 - SyncSuccd - 0
20150523 - 04:12:11 - SyncCompt - 29740828
20150523 - 14:12:04 - SyncStart - 29740828
20150523 - 14:12:08 - SyncSuccd - 0
20150523 - 14:12:08 - SyncCompt - 29740828
20150524 - 04:12:06 - SyncStart - 29740828
20150524 - 04:12:09 - SyncSuccd - 0
20150524 - 04:12:09 - SyncCompt - 29740828
20150524 - 14:12:03 - SyncStart - 29740828
20150524 - 14:12:05 - SyncSuccd - 0
20150524 - 14:12:05 - SyncCompt - 29740828
20150525 - 04:12:06 - SyncStart - 29740828
20150525 - 04:12:09 - SyncSuccd - 0
20150525 - 04:12:09 - SyncCompt - 29740828
20150525 - 14:12:01 - SyncStart - 29740828
20150525 - 14:12:14 - SyncSuccd - 0
20150525 - 14:12:14 - SyncCompt - 29740828
20150526 - 04:12:06 - SyncStart - 29740828
20150526 - 04:12:11 - SyncSuccd - 0
20150526 - 04:12:11 - SyncCompt - 29740828
20150526 - 14:12:05 - SyncStart - 29740828
20150526 - 14:12:08 - SyncSuccd - 0
20150526 - 14:12:08 - SyncCompt - 29740828
20150527 - 04:12:05 - SyncStart - 29740828
20150527 - 04:12:09 - SyncSuccd - 0
20150527 - 04:12:09 - SyncCompt - 29740828
20150527 - 14:12:01 - SyncStart - 29740828
20150527 - 14:12:02 - SyncSuccd - 0
20150527 - 14:12:02 - SyncCompt - 29740828
20150528 - 04:12:01 - SyncStart - 29740828
20150528 - 04:12:07 - SyncSuccd - 0
20150528 - 04:12:07 - SyncCompt - 29740828
20150528 - 14:12:01 - SyncStart - 29740828
20150528 - 14:12:05 - SyncSuccd - 0
20150528 - 14:12:05 - SyncCompt - 29740828
20150529 - 04:12:07 - SyncStart - 29740828
20150529 - 04:12:14 - SyncSuccd - 0
20150529 - 04:12:14 - SyncCompt - 29740828
20150529 - 14:12:02 - SyncStart - 29740828
20150529 - 14:12:05 - SyncSuccd - 0
20150529 - 14:12:05 - SyncCompt - 29740828
20150530 - 04:12:07 - SyncStart - 29740828
20150530 - 04:12:11 - SyncSuccd - 0
20150530 - 04:12:11 - SyncCompt - 29740828
20150530 - 14:12:04 - SyncStart - 29740828
20150530 - 14:12:12 - SyncSuccd - 0
20150530 - 14:12:12 - SyncCompt - 29740828
20150531 - 04:12:09 - SyncStart - 29740828
20150531 - 04:12:11 - SyncSuccd - 0
20150531 - 04:12:11 - SyncCompt - 29740828
20150531 - 14:12:01 - SyncStart - 29740828
20150531 - 14:12:05 - SyncSuccd - 0
20150531 - 14:12:05 - SyncCompt - 29740828
20150601 - 04:12:05 - SyncStart - 29740828
20150601 - 04:12:08 - SyncSuccd - 0
20150601 - 04:12:08 - SyncCompt - 29740828
20150601 - 14:12:04 - SyncStart - 29740828
20150601 - 14:12:15 - SyncSuccd - 0
20150601 - 14:12:15 - SyncCompt - 29740828
20150602 - 04:12:02 - SyncStart - 29740828
20150602 - 04:12:06 - SyncSuccd - 0
20150602 - 04:12:06 - SyncCompt - 29740828
20150602 - 14:12:02 - SyncStart - 29740828
20150602 - 14:12:04 - SyncSuccd - 0
20150602 - 14:12:04 - SyncCompt - 29740828
20150603 - 04:12:01 - SyncStart - 29740828
20150603 - 04:12:04 - SyncSuccd - 0
20150603 - 04:12:04 - SyncCompt - 29740828
20150603 - 14:12:02 - SyncStart - 29740828
20150603 - 14:12:04 - SyncSuccd - 0
20150603 - 14:12:04 - SyncCompt - 29740828
20150604 - 04:12:05 - SyncStart - 29740828
20150604 - 04:12:07 - SyncSuccd - 0
20150604 - 04:12:08 - SyncCompt - 29740828
20150604 - 14:12:01 - SyncStart - 29740828
20150604 - 14:12:09 - SyncSuccd - 0
20150604 - 14:12:09 - SyncCompt - 29740828
20150605 - 04:12:07 - SyncStart - 29740828
20150605 - 04:12:10 - SyncSuccd - 0
20150605 - 04:12:10 - SyncCompt - 29740828
20150605 - 14:12:04 - SyncStart - 29740828
20150606 - 04:12:08 - SyncStart - 29740828
20150606 - 04:12:12 - SyncSuccd - 0
20150606 - 04:12:12 - SyncCompt - 29740828
20150606 - 14:12:03 - SyncStart - 29740828
20150606 - 14:12:11 - SyncSuccd - 0
20150606 - 14:12:11 - SyncCompt - 29740828
20150607 - 04:12:08 - SyncStart - 29740828
20150607 - 04:12:12 - SyncSuccd - 0
20150607 - 04:12:12 - SyncCompt - 29740828
20150607 - 14:12:01 - SyncStart - 29740828
20150607 - 14:12:03 - SyncSuccd - 0
20150607 - 14:12:03 - SyncCompt - 29740828
20150608 - 04:12:06 - SyncStart - 29740828
20150608 - 04:12:08 - SyncSuccd - 0
20150608 - 04:12:08 - SyncCompt - 29740828
20150608 - 14:12:05 - SyncStart - 29740828
20150608 - 14:12:14 - SyncSuccd - 0
20150608 - 14:12:14 - SyncCompt - 29740828
20150609 - 04:12:05 - SyncStart - 29740828
20150609 - 04:12:10 - SyncSuccd - 0
20150609 - 04:12:11 - SyncCompt - 29740828
20150609 - 14:12:01 - SyncStart - 29740828
20150609 - 14:12:21 - SyncSuccd - 0
20150609 - 14:12:21 - SyncCompt - 29740828
20150610 - 04:12:05 - SyncStart - 29740828
20150610 - 04:12:08 - SyncSuccd - 0
20150610 - 04:12:08 - SyncCompt - 29740828
20150610 - 14:12:05 - SyncStart - 29740828
20150610 - 14:12:08 - SyncSuccd - 0
20150610 - 14:12:08 - SyncCompt - 29740828
20150611 - 04:12:06 - SyncStart - 29740828
20150611 - 04:12:08 - SyncSuccd - 0
20150611 - 04:12:08 - SyncCompt - 29740828
20150611 - 14:12:02 - SyncStart - 29740828
20150611 - 14:12:10 - SyncSuccd - 0
20150611 - 14:12:10 - SyncCompt - 29740828
20150612 - 04:12:06 - SyncStart - 29740828
20150612 - 04:12:09 - SyncSuccd - 0
20150612 - 04:12:09 - SyncCompt - 29740828
20150612 - 14:12:04 - SyncStart - 29740828
20150612 - 14:12:11 - SyncSuccd - 0
20150612 - 14:12:11 - SyncCompt - 29740828
20150613 - 04:12:06 - SyncStart - 29740828
20150613 - 04:12:09 - SyncSuccd - 0
20150613 - 04:12:09 - SyncCompt - 29740828
20150613 - 14:12:05 - SyncStart - 29740828
20150613 - 14:12:29 - SyncSuccd - 0
20150613 - 14:12:29 - SyncCompt - 29740828
20150614 - 04:12:06 - SyncStart - 29740828
20150614 - 04:12:09 - SyncSuccd - 0
20150614 - 04:12:09 - SyncCompt - 29740828
20150614 - 14:12:04 - SyncStart - 29740828
20150614 - 14:12:09 - SyncSuccd - 0
20150614 - 14:12:09 - SyncCompt - 29740828
20150615 - 04:12:07 - SyncStart - 29740828
20150615 - 04:12:15 - SyncSuccd - 0
20150615 - 04:12:15 - SyncCompt - 29740828
20150615 - 14:12:05 - SyncStart - 29740828
20150615 - 14:12:12 - SyncSuccd - 0
20150615 - 14:12:12 - SyncCompt - 29740828
20150616 - 04:12:08 - SyncStart - 29740828
20150616 - 04:12:11 - SyncSuccd - 0
20150616 - 04:12:11 - SyncCompt - 29740828
20150616 - 14:12:05 - SyncStart - 29740828
20150616 - 14:12:07 - SyncSuccd - 0
20150616 - 14:12:08 - SyncCompt - 29740828
20150617 - 04:12:05 - SyncStart - 29740828
20150617 - 04:12:12 - SyncSuccd - 0
20150617 - 04:12:12 - SyncCompt - 29740828
20150617 - 14:12:04 - SyncStart - 29740828
20150617 - 14:12:09 - SyncSuccd - 0
20150617 - 14:12:09 - SyncCompt - 29740828
20150618 - 04:12:07 - SyncStart - 29740828
20150618 - 04:12:19 - SyncSuccd - 0
20150618 - 04:12:19 - SyncCompt - 29740828
20150618 - 14:12:05 - SyncStart - 29740828
20150618 - 14:12:15 - SyncSuccd - 0
20150618 - 14:12:15 - SyncCompt - 29740828
20150619 - 04:12:07 - SyncStart - 29740828
20150619 - 04:12:10 - SyncSuccd - 0
20150619 - 04:12:10 - SyncCompt - 29740828
20150619 - 14:12:03 - SyncStart - 29740828
20150619 - 14:12:06 - SyncSuccd - 0
20150619 - 14:12:06 - SyncCompt - 29740828
20150620 - 04:12:05 - SyncStart - 29740828
20150620 - 04:12:11 - SyncSuccd - 0
20150620 - 04:12:11 - SyncCompt - 29740828
20150620 - 14:12:05 - SyncStart - 29740828
20150620 - 14:12:09 - SyncSuccd - 0
20150620 - 14:12:09 - SyncCompt - 29740828
20150621 - 04:12:05 - SyncStart - 29740828
20150621 - 04:12:16 - SyncSuccd - 0
20150621 - 04:12:16 - SyncCompt - 29740828
20150621 - 14:12:01 - SyncStart - 29740828
20150621 - 14:12:04 - SyncSuccd - 0
20150621 - 14:12:04 - SyncCompt - 29740828
20150622 - 04:12:05 - SyncStart - 29740828
20150622 - 04:12:14 - SyncSuccd - 0
20150622 - 04:12:14 - SyncCompt - 29740828
20150622 - 14:12:07 - SyncStart - 29740828
20150622 - 14:12:18 - SyncSuccd - 0
20150622 - 14:12:18 - SyncCompt - 29740828
20150623 - 04:12:05 - SyncStart - 29740828
20150623 - 04:12:08 - SyncSuccd - 0
20150623 - 04:12:09 - SyncCompt - 29740828
20150623 - 14:12:05 - SyncStart - 29740828
20150623 - 14:12:11 - SyncSuccd - 0
20150623 - 14:12:11 - SyncCompt - 29740828
20150624 - 04:12:07 - SyncStart - 29740828
20150624 - 04:12:09 - SyncSuccd - 0
20150624 - 04:12:09 - SyncCompt - 29740828
20150624 - 14:12:04 - SyncStart - 29740828
20150624 - 14:12:07 - SyncSuccd - 0
20150624 - 14:12:07 - SyncCompt - 29740828
20150625 - 04:12:04 - SyncStart - 29740828
20150625 - 04:12:07 - SyncSuccd - 0
20150625 - 04:12:07 - SyncCompt - 29740828
20150625 - 14:12:05 - SyncStart - 29740828
20150625 - 14:12:06 - SyncSuccd - 0
20150625 - 14:12:06 - SyncCompt - 29740828
20150626 - 04:12:06 - SyncStart - 29740828
20150626 - 04:12:12 - SyncSuccd - 0
20150626 - 04:12:12 - SyncCompt - 29740828
20150626 - 14:12:05 - SyncStart - 29740828
20150626 - 14:12:10 - SyncSuccd - 0
20150626 - 14:12:10 - SyncCompt - 29740828
20150627 - 04:12:09 - SyncStart - 29740828
20150627 - 04:12:13 - SyncSuccd - 0
20150627 - 04:12:13 - SyncCompt - 29740828
20150627 - 14:12:05 - SyncStart - 29740828
20150627 - 14:12:12 - SyncSuccd - 0
20150627 - 14:12:12 - SyncCompt - 29740828
20150628 - 04:12:07 - SyncStart - 29740828
20150628 - 04:12:13 - SyncSuccd - 0
20150628 - 04:12:13 - SyncCompt - 29740828
20150628 - 14:12:01 - SyncStart - 29740828
20150628 - 14:12:06 - SyncSuccd - 0
20150628 - 14:12:06 - SyncCompt - 29740828
20150629 - 04:12:05 - SyncStart - 29740828
20150629 - 04:12:07 - SyncSuccd - 0
20150629 - 04:12:07 - SyncCompt - 29740828
20150629 - 14:12:04 - SyncStart - 29740828
20150629 - 14:12:06 - SyncSuccd - 0
20150629 - 14:12:06 - SyncCompt - 29740828
20150630 - 04:12:05 - SyncStart - 29740828
20150630 - 04:12:07 - SyncSuccd - 0
20150630 - 04:12:07 - SyncCompt - 29740828
20150630 - 14:12:05 - SyncStart - 29740828
20150630 - 14:12:11 - SyncSuccd - 0
20150630 - 14:12:11 - SyncCompt - 29740828
20150701 - 04:12:05 - SyncStart - 29740828
20150701 - 04:12:11 - SyncSuccd - 0
20150701 - 04:12:11 - SyncCompt - 29740828
20150701 - 14:12:05 - SyncStart - 29740828
20150701 - 14:12:09 - SyncSuccd - 0
20150701 - 14:12:09 - SyncCompt - 29740828
20150702 - 04:12:04 - SyncStart - 29740828
20150702 - 04:12:08 - SyncSuccd - 0
20150702 - 04:12:08 - SyncCompt - 29740828
20150702 - 14:12:05 - SyncStart - 29740828
20150702 - 14:12:07 - SyncSuccd - 0
20150702 - 14:12:07 - SyncCompt - 29740828
20150703 - 04:12:05 - SyncStart - 29740828
20150703 - 04:12:09 - SyncSuccd - 0
20150703 - 04:12:09 - SyncCompt - 29740828
20150703 - 14:12:06 - SyncStart - 29740828
20150703 - 14:12:10 - SyncSuccd - 0
20150703 - 14:12:10 - SyncCompt - 29740828
20150704 - 04:12:04 - SyncStart - 29740828
20150704 - 04:12:09 - SyncSuccd - 0
20150704 - 04:12:10 - SyncCompt - 29740828
20150704 - 13:12:26 - SyncStart - 29740828
20150704 - 13:12:42 - SyncSuccd - 0
20150704 - 13:12:42 - SyncCompt - 29740828
20150704 - 14:12:04 - SyncStart - 29740828
20150704 - 14:12:07 - SyncSuccd - 0
20150704 - 14:12:07 - SyncCompt - 29740828
20150705 - 04:12:07 - SyncStart - 29740828
20150705 - 04:12:23 - SyncSuccd - 0
20150705 - 04:12:24 - SyncCompt - 29740828
20150705 - 14:12:05 - SyncStart - 29740828
20150705 - 14:12:15 - SyncSuccd - 0
20150705 - 14:12:15 - SyncCompt - 29740828
20150706 - 04:12:07 - SyncStart - 29740828
20150706 - 04:12:21 - SyncSuccd - 0
20150706 - 04:12:21 - SyncCompt - 29740828
20150706 - 14:12:06 - SyncStart - 29740828
20150706 - 14:12:09 - SyncSuccd - 0
20150706 - 14:12:09 - SyncCompt - 29740828
20150707 - 04:12:07 - SyncStart - 29740828
20150707 - 04:12:10 - SyncSuccd - 0
20150707 - 04:12:10 - SyncCompt - 29740828
20150707 - 14:12:03 - SyncStart - 29740828
20150707 - 14:12:09 - SyncSuccd - 0
20150707 - 14:12:09 - SyncCompt - 29740828
20150708 - 04:12:05 - SyncStart - 29740828
20150708 - 04:12:08 - SyncSuccd - 0
20150708 - 04:12:08 - SyncCompt - 29740828
20150708 - 14:12:05 - SyncStart - 29740828
20150708 - 14:12:06 - SyncSuccd - 0
20150708 - 14:12:06 - SyncCompt - 29740828
20150709 - 04:12:05 - SyncStart - 29740828
20150709 - 04:12:12 - SyncSuccd - 0
20150709 - 04:12:12 - SyncCompt - 29740828
20150709 - 14:12:05 - SyncStart - 29740828
20150709 - 14:12:10 - SyncError - 10
20150709 - 14:13:11 - SyncCompt - 29740828
20150709 - 14:13:11 - SyncStart - 29740828
20150709 - 14:13:58 - SyncSuccd - 0
20150709 - 14:13:58 - SyncCompt - 29740828
20150710 - 04:12:06 - SyncStart - 29740828
20150710 - 04:12:10 - SyncSuccd - 0
20150710 - 04:12:10 - SyncCompt - 29740828
20150710 - 14:12:05 - SyncStart - 29740828
20150710 - 14:12:10 - SyncSuccd - 0
20150710 - 14:12:10 - SyncCompt - 29740828
20150711 - 04:12:05 - SyncStart - 29740828
20150711 - 04:12:09 - SyncSuccd - 0
20150711 - 04:12:09 - SyncCompt - 29740828
20150711 - 14:12:05 - SyncStart - 29740828
20150711 - 14:12:07 - SyncSuccd - 0
20150711 - 14:12:07 - SyncCompt - 29740828
20150712 - 04:12:06 - SyncStart - 29740828
20150712 - 04:12:10 - SyncSuccd - 0
20150712 - 04:12:10 - SyncCompt - 29740828
20150712 - 14:12:04 - SyncStart - 29740828
20150712 - 14:12:06 - SyncSuccd - 0
20150712 - 14:12:06 - SyncCompt - 29740828
20150713 - 04:12:04 - SyncStart - 29740828
20150713 - 04:12:15 - SyncSuccd - 0
20150713 - 04:12:15 - SyncCompt - 29740828
20150713 - 14:12:05 - SyncStart - 29740828
20150713 - 14:12:08 - SyncSuccd - 0
20150713 - 14:12:08 - SyncCompt - 29740828
20150714 - 04:12:04 - SyncStart - 29740828
20150714 - 04:12:08 - SyncSuccd - 0
20150714 - 04:12:08 - SyncCompt - 29740828
20150714 - 14:12:04 - SyncStart - 29740828
20150714 - 14:12:06 - SyncSuccd - 0
20150714 - 14:12:06 - SyncCompt - 29740828
20150715 - 04:12:04 - SyncStart - 29740828
20150715 - 04:12:07 - SyncSuccd - 0
20150715 - 04:12:07 - SyncCompt - 29740828
20150715 - 14:12:04 - SyncStart - 29740828
20150715 - 14:12:07 - SyncSuccd - 0
20150715 - 14:12:07 - SyncCompt - 29740828
20150716 - 04:12:05 - SyncStart - 29740828
20150716 - 04:12:06 - SyncSuccd - 0
20150716 - 04:12:06 - SyncCompt - 29740828
20150716 - 14:12:04 - SyncStart - 29740828
20150716 - 14:12:06 - SyncSuccd - 0
20150716 - 14:12:06 - SyncCompt - 29740828
20150717 - 04:12:05 - SyncStart - 29740828
20150717 - 04:12:09 - SyncSuccd - 0
20150717 - 04:12:09 - SyncCompt - 29740828
20150717 - 14:12:05 - SyncStart - 29740828
20150717 - 14:12:10 - SyncSuccd - 0
20150717 - 14:12:10 - SyncCompt - 29740828
20150718 - 04:12:05 - SyncStart - 29740828
20150718 - 04:12:06 - SyncSuccd - 0
20150718 - 04:12:06 - SyncCompt - 29740828
20150718 - 14:12:04 - SyncStart - 29740828
20150718 - 14:12:06 - SyncSuccd - 0
20150718 - 14:12:06 - SyncCompt - 29740828
20150719 - 04:12:07 - SyncStart - 29740828
20150719 - 04:12:09 - SyncSuccd - 0
20150719 - 04:12:09 - SyncCompt - 29740828
20150719 - 14:12:08 - SyncStart - 29740828
20150719 - 14:12:10 - SyncSuccd - 0
20150719 - 14:12:10 - SyncCompt - 29740828
20150720 - 04:12:05 - SyncStart - 29740828
20150720 - 04:12:06 - SyncSuccd - 0
20150720 - 04:12:06 - SyncCompt - 29740828
20150720 - 14:12:04 - SyncStart - 29740828
20150720 - 15:01:37 - SyncSuccd - 0
20150720 - 15:01:37 - SyncCompt - 29962040
20150721 - 04:12:05 - SyncStart - 29962044
20150721 - 04:13:41 - SyncSuccd - 0
20150721 - 04:13:41 - SyncCompt - 29993376
20150721 - 14:12:04 - SyncStart - 29993384
20150721 - 14:12:07 - SyncSuccd - 0
20150721 - 14:12:07 - SyncCompt - 29993384
20150722 - 04:12:04 - SyncStart - 29993384
20150722 - 04:12:06 - SyncSuccd - 0
20150722 - 04:12:06 - SyncCompt - 29993384
20150722 - 14:12:04 - SyncStart - 29993384
20150722 - 14:12:06 - SyncSuccd - 0
20150722 - 14:12:06 - SyncCompt - 29993384
20150723 - 04:12:05 - SyncStart - 29993384
20150723 - 04:12:16 - SyncSuccd - 0
20150723 - 04:12:16 - SyncCompt - 29993384
20150723 - 14:12:05 - SyncStart - 29993384
20150723 - 14:12:17 - SyncSuccd - 0
20150723 - 14:12:17 - SyncCompt - 29993384
20150724 - 04:12:05 - SyncStart - 29993384
20150724 - 04:12:11 - SyncSuccd - 0
20150724 - 04:12:11 - SyncCompt - 29993384
20150724 - 14:12:05 - SyncStart - 29993384
20150724 - 14:12:09 - SyncSuccd - 0
20150724 - 14:12:09 - SyncCompt - 29993384
20150725 - 04:12:06 - SyncStart - 29993384
20150725 - 04:12:11 - SyncSuccd - 0
20150725 - 04:12:11 - SyncCompt - 29993384
20150725 - 14:12:06 - SyncStart - 29993384
20150725 - 14:12:10 - SyncSuccd - 0
20150725 - 14:12:10 - SyncCompt - 29993384
20150726 - 04:12:07 - SyncStart - 29993384
20150726 - 04:12:13 - SyncSuccd - 0
20150726 - 04:12:13 - SyncCompt - 29993384
20150726 - 14:12:06 - SyncStart - 29993384
20150726 - 14:12:11 - SyncSuccd - 0
20150726 - 14:12:11 - SyncCompt - 29993384
20150727 - 04:12:05 - SyncStart - 29993384
20150727 - 04:12:10 - SyncSuccd - 0
20150727 - 04:12:10 - SyncCompt - 29993384
20150727 - 14:12:07 - SyncStart - 29993384
20150727 - 14:12:11 - SyncSuccd - 0
20150727 - 14:12:11 - SyncCompt - 29993384
20150728 - 04:12:05 - SyncStart - 29993384
20150728 - 04:12:10 - SyncSuccd - 0
20150728 - 04:12:11 - SyncCompt - 29993384
20150728 - 14:12:04 - SyncStart - 29993384
20150728 - 14:12:09 - SyncSuccd - 0
20150728 - 14:12:09 - SyncCompt - 29993384
20150729 - 04:12:05 - SyncStart - 29993384
20150729 - 04:12:08 - SyncSuccd - 0
20150729 - 04:12:08 - SyncCompt - 29993384
20150729 - 14:12:05 - SyncStart - 29993384
20150729 - 14:12:11 - SyncSuccd - 0
20150729 - 14:12:11 - SyncCompt - 29993384
20150730 - 04:12:05 - SyncStart - 29993384
20150730 - 04:12:08 - SyncSuccd - 0
20150730 - 04:12:08 - SyncCompt - 29993384
20150730 - 14:12:04 - SyncStart - 29993384
20150730 - 14:12:10 - SyncSuccd - 0
20150730 - 14:12:10 - SyncCompt - 29993384
20150731 - 04:12:05 - SyncStart - 29993384
20150731 - 04:12:09 - SyncSuccd - 0
20150731 - 04:12:09 - SyncCompt - 29993384
20150731 - 14:12:05 - SyncStart - 29993384
20150731 - 14:12:11 - SyncSuccd - 0
20150731 - 14:12:11 - SyncCompt - 29993384
20150801 - 04:12:05 - SyncStart - 29993384
20150801 - 04:12:08 - SyncSuccd - 0
20150801 - 04:12:08 - SyncCompt - 29993384
20150801 - 14:12:05 - SyncStart - 29993384
20150801 - 14:12:09 - SyncSuccd - 0
20150801 - 14:12:09 - SyncCompt - 29993384
20150802 - 04:12:06 - SyncStart - 29993384
20150802 - 04:12:09 - SyncSuccd - 0
20150802 - 04:12:10 - SyncCompt - 29993384
20150802 - 14:12:07 - SyncStart - 29993384
20150802 - 14:12:09 - SyncSuccd - 0
20150802 - 14:12:09 - SyncCompt - 29993384
20150803 - 04:12:05 - SyncStart - 29993384
20150803 - 04:12:17 - SyncSuccd - 0
20150803 - 04:12:17 - SyncCompt - 29993384
20150803 - 14:12:03 - SyncStart - 29993384
20150803 - 14:12:05 - SyncSuccd - 0
20150803 - 14:12:05 - SyncCompt - 29993384
20150804 - 04:12:06 - SyncStart - 29993384
20150804 - 04:12:10 - SyncSuccd - 0
20150804 - 04:12:10 - SyncCompt - 29993384
20150804 - 14:12:06 - SyncStart - 29993384
20150804 - 14:12:11 - SyncSuccd - 0
20150804 - 14:12:11 - SyncCompt - 29993384
20150805 - 04:12:05 - SyncStart - 29993384
20150805 - 04:12:07 - SyncSuccd - 0
20150805 - 04:12:07 - SyncCompt - 29993384
20150805 - 14:12:06 - SyncStart - 29993384
20150805 - 14:12:09 - SyncSuccd - 0
20150805 - 14:12:09 - SyncCompt - 29993384
20150806 - 04:12:05 - SyncStart - 29993384
20150806 - 04:12:11 - SyncSuccd - 0
20150806 - 04:12:11 - SyncCompt - 29993384
20150806 - 14:12:04 - SyncStart - 29993384
20150806 - 14:12:07 - SyncSuccd - 0
20150806 - 14:12:07 - SyncCompt - 29993384
20150807 - 04:12:05 - SyncStart - 29993384
20150807 - 04:12:07 - SyncSuccd - 0
20150807 - 04:12:07 - SyncCompt - 29993384
20150807 - 14:12:05 - SyncStart - 29993384
20150807 - 14:12:09 - SyncSuccd - 0
20150807 - 14:12:09 - SyncCompt - 29993384
20150808 - 04:12:05 - SyncStart - 29993384
20150808 - 04:12:08 - SyncSuccd - 0
20150808 - 04:12:08 - SyncCompt - 29993384
20150808 - 14:12:04 - SyncStart - 29993384
20150808 - 14:12:06 - SyncSuccd - 0
20150808 - 14:12:06 - SyncCompt - 29993384
20150809 - 04:12:07 - SyncStart - 29993384
20150809 - 04:12:10 - SyncSuccd - 0
20150809 - 04:12:10 - SyncCompt - 29993384
20150809 - 14:12:04 - SyncStart - 29993384
20150809 - 14:12:06 - SyncSuccd - 0
20150809 - 14:12:06 - SyncCompt - 29993384
20150810 - 04:12:05 - SyncStart - 29993384
20150810 - 04:12:09 - SyncSuccd - 0
20150810 - 04:12:09 - SyncCompt - 29993384
20150810 - 14:12:05 - SyncStart - 29993384
20150810 - 14:12:11 - SyncSuccd - 0
20150810 - 14:12:11 - SyncCompt - 29993384
20150811 - 04:12:04 - SyncStart - 29993384
20150811 - 04:12:12 - SyncSuccd - 0
20150811 - 04:12:12 - SyncCompt - 29993384
20150811 - 14:12:03 - SyncStart - 29993384
20150811 - 14:12:09 - SyncSuccd - 0
20150811 - 14:12:09 - SyncCompt - 29993384
