20141023 - 11:03:06 - SyncStart - NULL
20141023 - 12:49:37 - SyncStart - NULL
20141023 - 17:22:15 - SyncSuccd - 0
20141023 - 17:22:15 - SyncCompt - NULL
20141023 - 21:28:33 - SyncStart - NULL
20141023 - 21:28:35 - SyncError - 10
20141023 - 21:28:35 - SyncCompt - NULL
20141024 - 05:38:01 - SyncStart - NULL
20141024 - 05:38:02 - SyncSuccd - 0
20141024 - 05:38:02 - SyncCompt - NULL
20141025 - 05:38:01 - SyncStart - NULL
20141025 - 05:38:04 - SyncSuccd - 0
20141025 - 05:38:04 - SyncCompt - NULL
20141025 - 19:52:35 - SyncStart - NULL
20141025 - 19:52:46 - SyncSuccd - 0
20141025 - 19:52:46 - SyncCompt - NULL
20141026 - 06:18:02 - SyncStart - NULL
20141026 - 06:18:03 - SyncSuccd - 0
20141026 - 06:18:03 - SyncCompt - NULL
20141028 - 06:18:01 - SyncStart - NULL
20141028 - 06:18:01 - SyncSuccd - 0
20141028 - 06:18:01 - SyncCompt - NULL
20141029 - 06:18:01 - SyncStart - NULL
20141029 - 06:18:02 - SyncSuccd - 0
20141029 - 06:18:02 - SyncCompt - NULL
20141030 - 06:18:01 - SyncStart - NULL
20141030 - 06:18:02 - SyncSuccd - 0
20141030 - 06:18:02 - SyncCompt - NULL
20141031 - 06:18:01 - SyncStart - NULL
20141031 - 06:18:02 - SyncSuccd - 0
20141031 - 06:18:02 - SyncCompt - NULL
20141101 - 06:18:01 - SyncStart - NULL
20141101 - 06:18:02 - SyncSuccd - 0
20141101 - 06:18:02 - SyncCompt - NULL
20141102 - 06:18:01 - SyncStart - NULL
20141102 - 06:18:01 - SyncSuccd - 0
20141102 - 06:18:01 - SyncCompt - NULL
20141103 - 06:18:01 - SyncStart - 5989736	/back/mirrors/Deepin-cd/
20141103 - 06:18:02 - SyncSuccd - 0
20141103 - 06:18:02 - SyncCompt - 5989736	/back/mirrors/Deepin-cd/
20141103 - 21:58:01 - SyncStart - 5989736
20141103 - 21:58:01 - SyncSuccd - 0
20141103 - 21:58:01 - SyncCompt - 5989736
20141104 - 06:18:01 - SyncStart - 5989736
20141104 - 06:18:02 - SyncSuccd - 0
20141104 - 06:18:02 - SyncCompt - 5989736
20141105 - 06:18:01 - SyncStart - 5989736
20141105 - 06:18:02 - SyncSuccd - 0
20141105 - 06:18:02 - SyncCompt - 5989736
20141106 - 06:18:01 - SyncStart - 5989736
20141106 - 06:18:02 - SyncSuccd - 0
20141106 - 06:18:02 - SyncCompt - 5989736
20141107 - 06:18:01 - SyncStart - 5989736
20141107 - 06:18:02 - SyncSuccd - 0
20141107 - 06:18:02 - SyncCompt - 5989736
20141108 - 06:18:01 - SyncStart - 5989736
20141108 - 06:18:02 - SyncSuccd - 0
20141108 - 06:18:02 - SyncCompt - 5989736
20141109 - 06:18:01 - SyncStart - 5989736
20141109 - 06:18:02 - SyncSuccd - 0
20141109 - 06:18:02 - SyncCompt - 5989736
20141110 - 06:18:01 - SyncStart - 5989736
20141110 - 06:18:02 - SyncSuccd - 0
20141110 - 06:18:02 - SyncCompt - 5989736
20141111 - 06:18:02 - SyncStart - 5989736
20141111 - 06:18:02 - SyncSuccd - 0
20141111 - 06:18:02 - SyncCompt - 5989736
20141112 - 06:18:02 - SyncStart - 5989736
20141112 - 06:18:04 - SyncSuccd - 0
20141112 - 06:18:04 - SyncCompt - 5989736
20141113 - 06:18:01 - SyncStart - 5989736
20141113 - 06:18:02 - SyncSuccd - 0
20141113 - 06:18:02 - SyncCompt - 5989736
20141114 - 06:18:01 - SyncStart - 5989736
20141114 - 06:18:02 - SyncSuccd - 0
20141114 - 06:18:02 - SyncCompt - 5989736
20141115 - 06:18:01 - SyncStart - 5989736
20141115 - 06:18:01 - SyncSuccd - 0
20141115 - 06:18:01 - SyncCompt - 5989736
20141116 - 06:18:01 - SyncStart - 5989736
20141116 - 06:18:02 - SyncSuccd - 0
20141116 - 06:18:02 - SyncCompt - 5989736
20141117 - 06:18:01 - SyncStart - 5989736
20141117 - 06:18:01 - SyncSuccd - 0
20141117 - 06:18:01 - SyncCompt - 5989736
20141118 - 06:18:02 - SyncStart - 5989736
20141118 - 06:18:03 - SyncSuccd - 0
20141118 - 06:18:03 - SyncCompt - 5989736
20141119 - 06:18:01 - SyncStart - 5989736
20141119 - 06:18:02 - SyncSuccd - 0
20141119 - 06:18:02 - SyncCompt - 5989736
20141120 - 06:18:01 - SyncStart - 5989736
20141120 - 06:18:02 - SyncSuccd - 0
20141120 - 06:18:02 - SyncCompt - 5989736
20141121 - 06:18:01 - SyncStart - 5989736
20141121 - 06:18:02 - SyncSuccd - 0
20141121 - 06:18:02 - SyncCompt - 5989736
20141122 - 06:18:01 - SyncStart - 5989736
20141122 - 06:18:02 - SyncSuccd - 0
20141122 - 06:18:02 - SyncCompt - 5989736
20141123 - 06:18:01 - SyncStart - 5989736
20141123 - 06:18:02 - SyncSuccd - 0
20141123 - 06:18:02 - SyncCompt - 5989736
20141124 - 06:18:01 - SyncStart - 5989736
20141124 - 06:18:02 - SyncSuccd - 0
20141124 - 06:18:02 - SyncCompt - 5989736
20141125 - 06:18:01 - SyncStart - 5989736
20141125 - 06:18:02 - SyncSuccd - 0
20141125 - 06:18:02 - SyncCompt - 5989736
20141126 - 06:18:01 - SyncStart - 5989736
20141126 - 06:18:02 - SyncSuccd - 0
20141126 - 06:18:02 - SyncCompt - 5989736
20141127 - 06:18:01 - SyncStart - 5989736
20141127 - 06:18:02 - SyncSuccd - 0
20141127 - 06:18:02 - SyncCompt - 5989736
20141128 - 06:18:01 - SyncStart - 5989736
20141128 - 06:18:06 - SyncSuccd - 0
20141128 - 06:18:06 - SyncCompt - 5989736
20141129 - 06:18:01 - SyncStart - 5989736
20141129 - 06:18:01 - SyncSuccd - 0
20141129 - 06:18:01 - SyncCompt - 5989736
20141130 - 06:18:01 - SyncStart - 5989736
20141130 - 06:18:02 - SyncSuccd - 0
20141130 - 06:18:02 - SyncCompt - 5989736
20141201 - 06:18:01 - SyncStart - 5989736
20141201 - 06:18:01 - SyncSuccd - 0
20141201 - 06:18:01 - SyncCompt - 5989736
20141202 - 06:18:01 - SyncStart - 5989736
20141202 - 06:18:04 - SyncSuccd - 0
20141202 - 06:18:04 - SyncCompt - 5989736
20141203 - 06:18:01 - SyncStart - 5989736
20141203 - 06:18:02 - SyncError - 10
20141203 - 06:18:02 - SyncCompt - 5989736
20141204 - 06:18:01 - SyncStart - 5989736
20141204 - 06:18:01 - SyncSuccd - 0
20141204 - 06:18:01 - SyncCompt - 5989736
20141205 - 06:18:01 - SyncStart - 5989736
20141205 - 06:18:04 - SyncSuccd - 0
20141205 - 06:18:04 - SyncCompt - 5989736
20141206 - 06:18:01 - SyncStart - 5989736
20141206 - 06:18:02 - SyncSuccd - 0
20141206 - 06:18:02 - SyncCompt - 5989736
20141207 - 06:18:01 - SyncStart - 5989736
20141207 - 06:18:02 - SyncSuccd - 0
20141207 - 06:18:02 - SyncCompt - 5989736
20141208 - 06:18:01 - SyncStart - 5989736
20141208 - 06:18:01 - SyncSuccd - 0
20141208 - 06:18:01 - SyncCompt - 5989736
20141209 - 06:18:01 - SyncStart - 5989736
20141209 - 06:18:02 - SyncSuccd - 0
20141209 - 06:18:02 - SyncCompt - 5989736
20141210 - 06:18:01 - SyncStart - 5989736
20141210 - 06:18:01 - SyncError - 10
20141210 - 06:18:01 - SyncCompt - 5989736
20141210 - 09:57:06 - SyncStart - 5989736
20141210 - 09:57:06 - SyncSuccd - 0
20141210 - 09:57:06 - SyncCompt - 5989736
20141211 - 06:18:01 - SyncStart - 5989736
20141211 - 06:18:02 - SyncSuccd - 0
20141211 - 06:18:02 - SyncCompt - 5989736
20141212 - 06:18:01 - SyncStart - 5989736
20141212 - 06:18:02 - SyncSuccd - 0
20141212 - 06:18:02 - SyncCompt - 5989736
20141213 - 06:18:01 - SyncStart - 5989736
20141213 - 06:18:02 - SyncSuccd - 0
20141213 - 06:18:02 - SyncCompt - 5989736
20141214 - 06:18:01 - SyncStart - 5989736
20141214 - 06:18:01 - SyncError - 10
20141214 - 06:18:01 - SyncCompt - 5989736
20141215 - 06:18:01 - SyncStart - 5989736
20141215 - 06:18:02 - SyncSuccd - 0
20141215 - 06:18:02 - SyncCompt - 5989736
20141216 - 06:18:01 - SyncStart - 5989736
20141216 - 06:18:09 - SyncSuccd - 0
20141216 - 06:18:09 - SyncCompt - 5989736
20141217 - 06:18:01 - SyncStart - 5989736
20141217 - 06:18:04 - SyncSuccd - 0
20141217 - 06:18:04 - SyncCompt - 5989736
20141218 - 06:18:01 - SyncStart - 5989736
20141218 - 06:18:02 - SyncSuccd - 0
20141218 - 06:18:02 - SyncCompt - 5989736
20141219 - 06:18:01 - SyncStart - 5989736
20141219 - 06:18:01 - SyncError - 10
20141219 - 06:18:01 - SyncCompt - 5989736
20141220 - 06:18:01 - SyncStart - 5989736
20141220 - 03:44:50 - SyncSuccd - 0
20141220 - 03:44:50 - SyncCompt - 9636632
20141221 - 06:18:01 - SyncStart - 9636632
20141221 - 06:18:04 - SyncSuccd - 0
20141221 - 06:18:04 - SyncCompt - 9636632
20141222 - 06:18:01 - SyncStart - 9636632
20141222 - 06:18:02 - SyncSuccd - 0
20141222 - 06:18:02 - SyncCompt - 9636632
20141223 - 06:18:01 - SyncStart - 9636632
20141223 - 06:18:02 - SyncSuccd - 0
20141223 - 06:18:02 - SyncCompt - 9636632
20141224 - 06:18:01 - SyncStart - 9636632
20141224 - 06:18:02 - SyncSuccd - 0
20141224 - 06:18:02 - SyncCompt - 9636632
20141225 - 06:18:01 - SyncStart - 9636632
20141225 - 06:18:02 - SyncSuccd - 0
20141225 - 06:18:02 - SyncCompt - 9636632
20141226 - 06:18:01 - SyncStart - 9636632
20141226 - 06:18:02 - SyncSuccd - 0
20141226 - 06:18:02 - SyncCompt - 9636632
20141227 - 06:18:01 - SyncStart - 9636632
20141227 - 06:18:02 - SyncSuccd - 0
20141227 - 06:18:02 - SyncCompt - 9636632
20141228 - 06:18:01 - SyncStart - 9636632
20141228 - 06:18:02 - SyncSuccd - 0
20141228 - 06:18:02 - SyncCompt - 9636632
20141229 - 06:18:01 - SyncStart - 9636632
20141229 - 06:18:03 - SyncSuccd - 0
20141229 - 06:18:03 - SyncCompt - 9636632
20141230 - 06:18:01 - SyncStart - 9636632
20141230 - 06:18:27 - SyncSuccd - 0
20141230 - 06:18:27 - SyncCompt - 9636632
20141231 - 06:18:01 - SyncStart - 9636632
20141231 - 10:25:42 - SyncSuccd - 0
20141231 - 10:25:42 - SyncCompt - 13364008
20150101 - 06:18:01 - SyncStart - 13364008
20150101 - 06:18:02 - SyncSuccd - 0
20150101 - 06:18:02 - SyncCompt - 13364008
20150102 - 06:18:01 - SyncStart - 13364008
20150102 - 06:18:01 - SyncSuccd - 0
20150102 - 06:18:01 - SyncCompt - 13364008
20150103 - 06:18:01 - SyncStart - 13364008
20150103 - 06:18:02 - SyncSuccd - 0
20150103 - 06:18:02 - SyncCompt - 13364008
20150104 - 06:18:01 - SyncStart - 13364008
20150104 - 06:18:02 - SyncSuccd - 0
20150104 - 06:18:02 - SyncCompt - 13364008
20150105 - 06:18:01 - SyncStart - 13364008
20150105 - 06:18:02 - SyncSuccd - 0
20150105 - 06:18:02 - SyncCompt - 13364008
20150106 - 06:18:01 - SyncStart - 13364008
20150106 - 06:18:02 - SyncSuccd - 0
20150106 - 06:18:02 - SyncCompt - 13364008
20150107 - 06:18:01 - SyncStart - 13364008
20150107 - 06:18:02 - SyncSuccd - 0
20150107 - 06:18:02 - SyncCompt - 13364008
20150108 - 06:18:01 - SyncStart - 13364008
20150108 - 06:18:02 - SyncSuccd - 0
20150108 - 06:18:02 - SyncCompt - 13364008
20150109 - 06:18:01 - SyncStart - 13364008
20150109 - 06:18:02 - SyncSuccd - 0
20150109 - 06:18:02 - SyncCompt - 13364008
20150110 - 06:18:01 - SyncStart - 13364008
20150110 - 06:18:02 - SyncSuccd - 0
20150110 - 06:18:02 - SyncCompt - 13364008
20150111 - 06:18:01 - SyncStart - 13364008
20150111 - 06:18:02 - SyncSuccd - 0
20150111 - 06:18:02 - SyncCompt - 13364008
20150112 - 06:18:01 - SyncStart - 13364008
20150112 - 06:18:01 - SyncSuccd - 0
20150112 - 06:18:01 - SyncCompt - 13364008
20150113 - 06:18:01 - SyncStart - 13364008
20150113 - 06:18:02 - SyncSuccd - 0
20150113 - 06:18:02 - SyncCompt - 13364008
20150115 - 06:18:01 - SyncStart - 13354428
20150115 - 06:18:02 - SyncSuccd - 0
20150115 - 06:18:02 - SyncCompt - 13354428
20150116 - 06:18:01 - SyncStart - 13354428
20150116 - 06:18:02 - SyncSuccd - 0
20150116 - 06:18:02 - SyncCompt - 13354428
20150117 - 06:18:01 - SyncStart - 13354428
20150117 - 06:18:02 - SyncSuccd - 0
20150117 - 06:18:02 - SyncCompt - 13354428
20150118 - 06:18:01 - SyncStart - 13354428
20150118 - 06:18:02 - SyncSuccd - 0
20150118 - 06:18:02 - SyncCompt - 13354428
20150119 - 04:32:01 - SyncStart - 13354428
20150119 - 04:32:03 - SyncSuccd - 0
20150119 - 04:32:03 - SyncCompt - 13354428
20150120 - 04:32:01 - SyncStart - 13354428
20150120 - 04:32:01 - SyncSuccd - 0
20150120 - 04:32:01 - SyncCompt - 13354428
20150121 - 04:32:02 - SyncStart - 13354428
20150121 - 04:32:02 - SyncSuccd - 0
20150121 - 04:32:02 - SyncCompt - 13354428
20150122 - 04:32:01 - SyncStart - 13354428
20150122 - 04:32:02 - SyncSuccd - 0
20150122 - 04:32:02 - SyncCompt - 13354428
20150123 - 04:32:01 - SyncStart - 13354428
20150123 - 04:32:03 - SyncSuccd - 0
20150123 - 04:32:03 - SyncCompt - 13354428
20150124 - 04:32:01 - SyncStart - 13354428
20150124 - 04:32:04 - SyncSuccd - 0
20150124 - 04:32:04 - SyncCompt - 13354428
20150124 - 14:32:01 - SyncStart - 13354428
20150124 - 14:32:02 - SyncSuccd - 0
20150124 - 14:32:02 - SyncCompt - 13354428
20150125 - 04:32:01 - SyncStart - 13354428
20150125 - 04:32:02 - SyncSuccd - 0
20150125 - 04:32:02 - SyncCompt - 13354428
20150125 - 14:32:01 - SyncStart - 13354428
20150125 - 14:32:04 - SyncSuccd - 0
20150125 - 14:32:04 - SyncCompt - 13354428
20150126 - 04:32:01 - SyncStart - 13354428
20150126 - 04:32:02 - SyncSuccd - 0
20150126 - 04:32:02 - SyncCompt - 13354428
20150126 - 14:32:01 - SyncStart - 13354428
20150126 - 14:32:02 - SyncSuccd - 0
20150126 - 14:32:02 - SyncCompt - 13354428
20150127 - 04:32:01 - SyncStart - 13354428
20150127 - 04:32:02 - SyncSuccd - 0
20150127 - 04:32:02 - SyncCompt - 13354428
20150127 - 14:32:01 - SyncStart - 13354428
20150127 - 14:32:01 - SyncSuccd - 0
20150127 - 14:32:01 - SyncCompt - 13354428
20150128 - 04:32:01 - SyncStart - 13354428
20150128 - 04:32:02 - SyncSuccd - 0
20150128 - 04:32:02 - SyncCompt - 13354428
20150128 - 14:32:02 - SyncStart - 13354428
20150128 - 14:32:03 - SyncSuccd - 0
20150128 - 14:32:03 - SyncCompt - 13354428
20150129 - 04:32:02 - SyncStart - 13354428
20150129 - 04:32:02 - SyncSuccd - 0
20150129 - 04:32:02 - SyncCompt - 13354428
20150129 - 14:32:01 - SyncStart - 13354428
20150129 - 14:32:03 - SyncSuccd - 0
20150129 - 14:32:03 - SyncCompt - 13354428
20150130 - 04:32:01 - SyncStart - 13354428
20150130 - 04:32:02 - SyncSuccd - 0
20150130 - 04:32:02 - SyncCompt - 13354428
20150130 - 14:32:02 - SyncStart - 13354428
20150130 - 14:32:03 - SyncSuccd - 0
20150130 - 14:32:03 - SyncCompt - 13354428
20150131 - 04:32:01 - SyncStart - 13354428
20150131 - 04:32:02 - SyncSuccd - 0
20150131 - 04:32:02 - SyncCompt - 13354428
20150131 - 14:32:01 - SyncStart - 13354428
20150131 - 14:32:02 - SyncSuccd - 0
20150131 - 14:32:02 - SyncCompt - 13354428
20150201 - 04:32:01 - SyncStart - 13354428
20150201 - 04:32:02 - SyncSuccd - 0
20150201 - 04:32:02 - SyncCompt - 13354428
20150201 - 14:32:01 - SyncStart - 13354428
20150201 - 14:32:02 - SyncSuccd - 0
20150201 - 14:32:02 - SyncCompt - 13354428
20150202 - 04:32:01 - SyncStart - 13354428
20150202 - 04:32:02 - SyncSuccd - 0
20150202 - 04:32:02 - SyncCompt - 13354428
20150202 - 14:32:01 - SyncStart - 13354428
20150202 - 14:32:02 - SyncSuccd - 0
20150202 - 14:32:02 - SyncCompt - 13354428
20150203 - 04:32:01 - SyncStart - 13354428
20150203 - 04:32:02 - SyncSuccd - 0
20150203 - 04:32:02 - SyncCompt - 13354428
20150203 - 14:32:01 - SyncStart - 13354428
20150203 - 14:32:03 - SyncSuccd - 0
20150203 - 14:32:03 - SyncCompt - 13354428
20150204 - 04:32:01 - SyncStart - 13354428
20150204 - 04:32:02 - SyncSuccd - 0
20150204 - 04:32:02 - SyncCompt - 13354428
20150204 - 14:32:01 - SyncStart - 13354428
20150204 - 14:32:03 - SyncSuccd - 0
20150204 - 14:32:03 - SyncCompt - 13354428
20150205 - 04:32:01 - SyncStart - 13354428
20150205 - 04:32:02 - SyncSuccd - 0
20150205 - 04:32:02 - SyncCompt - 13354428
20150205 - 14:32:01 - SyncStart - 13354428
20150205 - 14:32:02 - SyncSuccd - 0
20150205 - 14:32:02 - SyncCompt - 13354428
20150206 - 04:32:01 - SyncStart - 13354428
20150206 - 04:32:02 - SyncSuccd - 0
20150206 - 04:32:02 - SyncCompt - 13354428
20150206 - 14:32:01 - SyncStart - 13354428
20150206 - 14:32:02 - SyncSuccd - 0
20150206 - 14:32:02 - SyncCompt - 13354428
20150207 - 04:32:01 - SyncStart - 13354428
20150207 - 04:32:02 - SyncSuccd - 0
20150207 - 04:32:02 - SyncCompt - 13354428
20150207 - 14:32:01 - SyncStart - 13354428
20150207 - 14:32:02 - SyncSuccd - 0
20150207 - 14:32:02 - SyncCompt - 13354428
20150208 - 04:32:01 - SyncStart - 13354428
20150208 - 04:32:02 - SyncSuccd - 0
20150208 - 04:32:02 - SyncCompt - 13354428
20150208 - 14:32:01 - SyncStart - 13354428
20150208 - 14:32:02 - SyncSuccd - 0
20150208 - 14:32:02 - SyncCompt - 13354428
20150209 - 04:32:01 - SyncStart - 13354428
20150209 - 04:32:02 - SyncSuccd - 0
20150209 - 04:32:02 - SyncCompt - 13354428
20150209 - 14:32:01 - SyncStart - 13354428
20150209 - 14:32:02 - SyncSuccd - 0
20150209 - 14:32:02 - SyncCompt - 13354428
20150209 - 18:20:23 - SyncStart - 13354428
20150209 - 18:20:23 - SyncSuccd - 0
20150209 - 18:20:23 - SyncCompt - 13354428
20150209 - 18:21:45 - SyncStart - 13354428
20150209 - 18:21:46 - SyncSuccd - 0
20150209 - 18:21:46 - SyncCompt - 13354428
20150209 - 18:28:11 - SyncStart - 13354428
20150209 - 18:28:12 - SyncSuccd - 0
20150209 - 18:28:12 - SyncCompt - 13354428
20150209 - 18:29:23 - SyncStart - 13354428
20150209 - 18:29:24 - SyncSuccd - 0
20150209 - 18:29:24 - SyncCompt - 13354428
20150209 - 18:31:53 - SyncStart - 13354428
20150209 - 18:31:54 - SyncSuccd - 0
20150209 - 18:31:54 - SyncCompt - 13354428
20150209 - 18:33:20 - SyncStart - 13354428
20150209 - 18:33:21 - SyncSuccd - 0
20150209 - 18:33:21 - SyncCompt - 13354428
20150209 - 18:35:41 - SyncStart - 13354428
20150209 - 18:35:41 - SyncSuccd - 0
20150209 - 18:35:41 - SyncCompt - 13354428
20150209 - 18:36:43 - SyncStart - 13354428
20150209 - 18:36:44 - SyncStart - 13354428
20150209 - 18:36:44 - SyncSuccd - 0
20150209 - 18:36:44 - SyncCompt - 13354428
20150209 - 18:36:44 - SyncSuccd - 0
20150209 - 18:36:44 - SyncCompt - 13354428
20150209 - 18:37:55 - SyncStart - 13354428
20150209 - 18:37:56 - SyncSuccd - 0
20150209 - 18:37:56 - SyncCompt - 13354428
20150209 - 18:40:34 - SyncStart - 13354428
20150209 - 18:40:35 - SyncSuccd - 0
20150209 - 18:40:35 - SyncCompt - 13354428
20150209 - 18:41:27 - SyncStart - 13354428
20150209 - 18:41:28 - SyncSuccd - 0
20150209 - 18:41:28 - SyncCompt - 13354428
20150209 - 18:44:20 - SyncStart - 13354428
20150209 - 18:44:21 - SyncSuccd - 0
20150209 - 18:44:21 - SyncCompt - 13354428
20150209 - 19:03:36 - SyncStart - 13354428
20150209 - 19:03:37 - SyncSuccd - 0
20150209 - 19:03:37 - SyncCompt - 13354428
20150209 - 19:11:23 - SyncStart - 13354428
20150209 - 19:11:23 - SyncSuccd - 0
20150209 - 19:11:23 - SyncCompt - 13354428
20150210 - 04:32:01 - SyncStart - 13354428
20150210 - 04:32:01 - SyncSuccd - 0
20150210 - 04:32:01 - SyncCompt - 13354428
20150210 - 14:32:01 - SyncStart - 13354428
20150210 - 14:32:02 - SyncSuccd - 0
20150210 - 14:32:02 - SyncCompt - 13354428
20150211 - 04:32:01 - SyncStart - 13354428
20150211 - 04:32:02 - SyncSuccd - 0
20150211 - 04:32:02 - SyncCompt - 13354428
20150211 - 14:32:01 - SyncStart - 13354428
20150211 - 14:32:02 - SyncSuccd - 0
20150211 - 14:32:02 - SyncCompt - 13354428
20150212 - 04:32:01 - SyncStart - 13354428
20150212 - 04:32:01 - SyncSuccd - 0
20150212 - 04:32:01 - SyncCompt - 13354428
20150212 - 14:32:01 - SyncStart - 13354428
20150212 - 14:32:02 - SyncSuccd - 0
20150212 - 14:32:02 - SyncCompt - 13354428
20150213 - 04:32:01 - SyncStart - 13354428
20150213 - 04:32:02 - SyncSuccd - 0
20150213 - 04:32:02 - SyncCompt - 13354428
20150213 - 14:32:01 - SyncStart - 13354428
20150213 - 14:32:02 - SyncSuccd - 0
20150213 - 14:32:02 - SyncCompt - 13354428
20150214 - 04:32:01 - SyncStart - 13354428
20150214 - 04:32:02 - SyncSuccd - 0
20150214 - 04:32:02 - SyncCompt - 13354428
20150214 - 14:32:01 - SyncStart - 13354428
20150214 - 14:32:02 - SyncSuccd - 0
20150214 - 14:32:02 - SyncCompt - 13354428
20150215 - 04:32:01 - SyncStart - 13354428
20150215 - 04:32:02 - SyncSuccd - 0
20150215 - 04:32:02 - SyncCompt - 13354428
20150215 - 14:32:01 - SyncStart - 13354428
20150215 - 14:32:02 - SyncSuccd - 0
20150215 - 14:32:02 - SyncCompt - 13354428
20150216 - 04:32:01 - SyncStart - 13354428
20150216 - 04:32:02 - SyncSuccd - 0
20150216 - 04:32:02 - SyncCompt - 13354428
20150216 - 14:32:01 - SyncStart - 13354428
20150216 - 14:32:02 - SyncSuccd - 0
20150216 - 14:32:02 - SyncCompt - 13354428
20150217 - 04:32:01 - SyncStart - 13354428
20150217 - 04:32:02 - SyncSuccd - 0
20150217 - 04:32:02 - SyncCompt - 13354428
20150217 - 14:32:01 - SyncStart - 13354428
20150217 - 14:32:02 - SyncSuccd - 0
20150217 - 14:32:02 - SyncCompt - 13354428
20150218 - 04:32:01 - SyncStart - 13354428
20150218 - 04:32:02 - SyncSuccd - 0
20150218 - 04:32:02 - SyncCompt - 13354428
20150218 - 14:32:01 - SyncStart - 13354428
20150218 - 14:32:02 - SyncSuccd - 0
20150218 - 14:32:02 - SyncCompt - 13354428
20150219 - 04:32:01 - SyncStart - 13354428
20150219 - 04:32:02 - SyncSuccd - 0
20150219 - 04:32:02 - SyncCompt - 13354428
20150219 - 14:32:01 - SyncStart - 13354428
20150219 - 14:32:02 - SyncSuccd - 0
20150219 - 14:32:02 - SyncCompt - 13354428
20150220 - 04:32:01 - SyncStart - 13354428
20150220 - 04:32:02 - SyncSuccd - 0
20150220 - 04:32:02 - SyncCompt - 13354428
20150220 - 14:32:01 - SyncStart - 13354428
20150220 - 14:32:02 - SyncSuccd - 0
20150220 - 14:32:02 - SyncCompt - 13354428
20150221 - 04:32:01 - SyncStart - 13354428
20150221 - 04:32:02 - SyncSuccd - 0
20150221 - 04:32:02 - SyncCompt - 13354428
20150221 - 14:32:01 - SyncStart - 13354428
20150221 - 14:32:02 - SyncSuccd - 0
20150221 - 14:32:02 - SyncCompt - 13354428
20150222 - 04:32:01 - SyncStart - 13354428
20150222 - 04:32:02 - SyncSuccd - 0
20150222 - 04:32:02 - SyncCompt - 13354428
20150222 - 14:32:01 - SyncStart - 13354428
20150222 - 14:32:02 - SyncSuccd - 0
20150222 - 14:32:02 - SyncCompt - 13354428
20150223 - 04:32:01 - SyncStart - 13354428
20150223 - 04:32:02 - SyncSuccd - 0
20150223 - 04:32:02 - SyncCompt - 13354428
20150223 - 14:32:01 - SyncStart - 13354428
20150223 - 14:32:01 - SyncSuccd - 0
20150223 - 14:32:01 - SyncCompt - 13354428
20150224 - 04:32:01 - SyncStart - 13354428
20150224 - 04:32:03 - SyncSuccd - 0
20150224 - 04:32:03 - SyncCompt - 13354428
20150224 - 14:32:02 - SyncStart - 13354428
20150224 - 14:32:02 - SyncSuccd - 0
20150224 - 14:32:02 - SyncCompt - 13354428
20150225 - 04:32:01 - SyncStart - 13354428
20150225 - 04:32:02 - SyncSuccd - 0
20150225 - 04:32:02 - SyncCompt - 13354428
20150225 - 14:32:01 - SyncStart - 13354428
20150225 - 14:32:02 - SyncSuccd - 0
20150225 - 14:32:02 - SyncCompt - 13354428
20150226 - 04:32:01 - SyncStart - 13354428
20150226 - 04:32:02 - SyncSuccd - 0
20150226 - 04:32:02 - SyncCompt - 13354428
20150226 - 14:32:02 - SyncStart - 13354428
20150226 - 14:32:03 - SyncSuccd - 0
20150226 - 14:32:03 - SyncCompt - 13354428
20150227 - 04:32:01 - SyncStart - 13354428
20150227 - 04:32:02 - SyncSuccd - 0
20150227 - 04:32:02 - SyncCompt - 13354428
20150227 - 14:32:01 - SyncStart - 13354428
20150227 - 14:32:03 - SyncSuccd - 0
20150227 - 14:32:03 - SyncCompt - 13354428
20150228 - 04:32:01 - SyncStart - 13354428
20150228 - 04:32:02 - SyncSuccd - 0
20150228 - 04:32:02 - SyncCompt - 13354428
20150228 - 14:32:01 - SyncStart - 13354428
20150228 - 14:32:02 - SyncSuccd - 0
20150228 - 14:32:02 - SyncCompt - 13354428
20150301 - 04:32:01 - SyncStart - 13354428
20150301 - 04:32:02 - SyncSuccd - 0
20150301 - 04:32:02 - SyncCompt - 13354428
20150301 - 14:32:01 - SyncStart - 13354428
20150301 - 14:32:02 - SyncSuccd - 0
20150301 - 14:32:02 - SyncCompt - 13354428
20150302 - 04:32:01 - SyncStart - 13354428
20150302 - 04:32:02 - SyncSuccd - 0
20150302 - 04:32:02 - SyncCompt - 13354428
20150302 - 14:32:01 - SyncStart - 13354428
20150302 - 14:32:02 - SyncSuccd - 0
20150302 - 14:32:02 - SyncCompt - 13354428
20150303 - 04:32:01 - SyncStart - 13354428
20150303 - 04:32:02 - SyncSuccd - 0
20150303 - 04:32:02 - SyncCompt - 13354428
20150303 - 14:32:01 - SyncStart - 13354428
20150303 - 14:32:02 - SyncSuccd - 0
20150303 - 14:32:02 - SyncCompt - 13354428
20150304 - 04:32:01 - SyncStart - 13354428
20150304 - 04:32:02 - SyncSuccd - 0
20150304 - 04:32:02 - SyncCompt - 13354428
20150304 - 14:32:01 - SyncStart - 13354428
20150304 - 14:32:02 - SyncSuccd - 0
20150304 - 14:32:02 - SyncCompt - 13354428
20150305 - 04:32:01 - SyncStart - 13354428
20150305 - 04:32:02 - SyncSuccd - 0
20150305 - 04:32:02 - SyncCompt - 13354428
20150305 - 14:32:01 - SyncStart - 13354428
20150305 - 14:32:03 - SyncSuccd - 0
20150305 - 14:32:03 - SyncCompt - 13354428
20150306 - 04:32:01 - SyncStart - 13354428
20150306 - 04:32:02 - SyncSuccd - 0
20150306 - 04:32:02 - SyncCompt - 13354428
20150306 - 14:32:01 - SyncStart - 13354428
20150306 - 14:32:01 - SyncSuccd - 0
20150306 - 14:32:01 - SyncCompt - 13354428
20150307 - 04:32:01 - SyncStart - 13354428
20150307 - 04:32:02 - SyncSuccd - 0
20150307 - 04:32:02 - SyncCompt - 13354428
20150307 - 14:32:01 - SyncStart - 13354428
20150307 - 14:32:02 - SyncSuccd - 0
20150307 - 14:32:02 - SyncCompt - 13354428
20150308 - 04:32:02 - SyncStart - 13354428
20150308 - 04:32:03 - SyncSuccd - 0
20150308 - 04:32:03 - SyncCompt - 13354428
20150308 - 14:32:01 - SyncStart - 13354428
20150308 - 14:32:02 - SyncSuccd - 0
20150308 - 14:32:02 - SyncCompt - 13354428
20150309 - 04:32:01 - SyncStart - 13354428
20150309 - 04:32:02 - SyncSuccd - 0
20150309 - 04:32:02 - SyncCompt - 13354428
20150309 - 14:32:01 - SyncStart - 13354428
20150309 - 14:32:02 - SyncSuccd - 0
20150309 - 14:32:02 - SyncCompt - 13354428
20150310 - 04:32:01 - SyncStart - 13354428
20150310 - 04:32:02 - SyncSuccd - 0
20150310 - 04:32:02 - SyncCompt - 13354428
20150310 - 14:32:01 - SyncStart - 13354428
20150310 - 14:32:02 - SyncSuccd - 0
20150310 - 14:32:02 - SyncCompt - 13354428
20150311 - 04:32:01 - SyncStart - 13354428
20150311 - 04:32:02 - SyncSuccd - 0
20150311 - 04:32:02 - SyncCompt - 13354428
20150311 - 14:32:01 - SyncStart - 13354428
20150311 - 14:32:04 - SyncSuccd - 0
20150311 - 14:32:04 - SyncCompt - 13354428
20150312 - 04:32:01 - SyncStart - 13354428
20150312 - 04:32:02 - SyncSuccd - 0
20150312 - 04:32:02 - SyncCompt - 13354428
20150312 - 14:32:01 - SyncStart - 13354428
20150312 - 14:32:07 - SyncError - 10
20150312 - 14:33:07 - SyncCompt - 13354428
20150312 - 14:33:07 - SyncStart - 13354428
20150312 - 14:33:13 - SyncSuccd - 0
20150312 - 14:33:13 - SyncCompt - 13354428
20150313 - 04:32:01 - SyncStart - 13354428
20150313 - 04:32:02 - SyncSuccd - 0
20150313 - 04:32:02 - SyncCompt - 13354428
20150313 - 14:32:01 - SyncStart - 13354428
20150313 - 14:32:05 - SyncSuccd - 0
20150313 - 14:32:05 - SyncCompt - 13354428
20150314 - 04:32:01 - SyncStart - 13354428
20150314 - 04:32:06 - SyncError - 10
20150314 - 04:33:06 - SyncCompt - 13354428
20150314 - 04:33:06 - SyncStart - 13354428
20150314 - 04:33:07 - SyncSuccd - 0
20150314 - 04:33:07 - SyncCompt - 13354428
20150314 - 14:32:01 - SyncStart - 13354428
20150314 - 14:32:04 - SyncSuccd - 0
20150314 - 14:32:04 - SyncCompt - 13354428
20150315 - 04:32:01 - SyncStart - 13354428
20150315 - 04:32:02 - SyncSuccd - 0
20150315 - 04:32:02 - SyncCompt - 13354428
20150315 - 14:32:01 - SyncStart - 13354428
20150315 - 14:32:04 - SyncSuccd - 0
20150315 - 14:32:04 - SyncCompt - 13354428
20150316 - 04:32:01 - SyncStart - 13354428
20150316 - 04:32:04 - SyncSuccd - 0
20150316 - 04:32:04 - SyncCompt - 13354428
20150316 - 14:32:01 - SyncStart - 13354428
20150316 - 14:32:01 - SyncSuccd - 0
20150316 - 14:32:01 - SyncCompt - 13354428
20150317 - 04:32:01 - SyncStart - 13354428
20150317 - 04:32:04 - SyncSuccd - 0
20150317 - 04:32:04 - SyncCompt - 13354428
20150317 - 14:32:01 - SyncStart - 13354428
20150317 - 14:32:07 - SyncSuccd - 0
20150317 - 14:32:07 - SyncCompt - 13354428
20150318 - 04:32:01 - SyncStart - 13354428
20150318 - 04:32:04 - SyncSuccd - 0
20150318 - 04:32:04 - SyncCompt - 13354428
20150318 - 14:32:01 - SyncStart - 13354428
20150318 - 14:32:05 - SyncSuccd - 0
20150318 - 14:32:05 - SyncCompt - 13354428
20150319 - 04:32:01 - SyncStart - 13354428
20150319 - 04:32:05 - SyncSuccd - 0
20150319 - 04:32:05 - SyncCompt - 13354428
20150319 - 14:32:01 - SyncStart - 13354428
20150319 - 14:32:04 - SyncSuccd - 0
20150319 - 14:32:04 - SyncCompt - 13354428
20150320 - 04:32:01 - SyncStart - 13354428
20150320 - 04:32:03 - SyncSuccd - 0
20150320 - 04:32:03 - SyncCompt - 13354428
20150320 - 14:32:01 - SyncStart - 13354428
20150320 - 14:32:02 - SyncSuccd - 0
20150320 - 14:32:02 - SyncCompt - 13354428
20150321 - 04:32:01 - SyncStart - 13354428
20150321 - 04:32:03 - SyncSuccd - 0
20150321 - 04:32:03 - SyncCompt - 13354428
20150321 - 14:32:01 - SyncStart - 13354428
20150321 - 14:32:02 - SyncSuccd - 0
20150321 - 14:32:02 - SyncCompt - 13354428
20150322 - 04:32:01 - SyncStart - 13354428
20150322 - 04:32:04 - SyncSuccd - 0
20150322 - 04:32:04 - SyncCompt - 13354428
20150322 - 14:32:01 - SyncStart - 13354428
20150322 - 14:32:02 - SyncSuccd - 0
20150322 - 14:32:02 - SyncCompt - 13354428
20150323 - 04:32:01 - SyncStart - 13354428
20150323 - 04:32:02 - SyncSuccd - 0
20150323 - 04:32:02 - SyncCompt - 13354428
20150323 - 14:32:01 - SyncStart - 13354428
20150323 - 14:32:08 - SyncError - 10
20150323 - 14:33:08 - SyncCompt - 13354428
20150323 - 14:33:08 - SyncStart - 13354428
20150323 - 14:33:11 - SyncSuccd - 0
20150323 - 14:33:11 - SyncCompt - 13354428
20150324 - 04:32:01 - SyncStart - 13354428
20150324 - 04:32:06 - SyncSuccd - 0
20150324 - 04:32:06 - SyncCompt - 13354428
20150324 - 14:32:01 - SyncStart - 13354428
20150324 - 14:32:07 - SyncSuccd - 0
20150324 - 14:32:07 - SyncCompt - 13354428
20150325 - 04:32:01 - SyncStart - 13354428
20150325 - 04:32:03 - SyncSuccd - 0
20150325 - 04:32:03 - SyncCompt - 13354428
20150325 - 14:32:02 - SyncStart - 13354428
20150325 - 14:32:04 - SyncSuccd - 0
20150325 - 14:32:04 - SyncCompt - 13354428
20150326 - 04:32:01 - SyncStart - 13354428
20150326 - 04:32:04 - SyncSuccd - 0
20150326 - 04:32:04 - SyncCompt - 13354428
20150326 - 14:32:01 - SyncStart - 13354428
20150326 - 14:32:06 - SyncError - 10
20150326 - 14:33:06 - SyncCompt - 13354428
20150326 - 14:33:06 - SyncStart - 13354428
20150326 - 14:33:09 - SyncSuccd - 0
20150326 - 14:33:09 - SyncCompt - 13354428
20150327 - 04:32:01 - SyncStart - 13354428
20150327 - 04:32:06 - SyncSuccd - 0
20150327 - 04:32:06 - SyncCompt - 13354428
20150327 - 14:32:01 - SyncStart - 13354428
20150327 - 14:32:12 - SyncSuccd - 0
20150327 - 14:32:12 - SyncCompt - 13354428
20150328 - 04:32:01 - SyncStart - 13354428
20150328 - 04:32:02 - SyncSuccd - 0
20150328 - 04:32:02 - SyncCompt - 13354428
20150328 - 14:32:01 - SyncStart - 13354428
20150328 - 14:32:04 - SyncSuccd - 0
20150328 - 14:32:04 - SyncCompt - 13354428
20150329 - 04:32:01 - SyncStart - 13354428
20150329 - 04:32:02 - SyncSuccd - 0
20150329 - 04:32:02 - SyncCompt - 13354428
20150329 - 14:32:01 - SyncStart - 13354428
20150329 - 14:32:03 - SyncSuccd - 0
20150329 - 14:32:03 - SyncCompt - 13354428
20150330 - 04:32:01 - SyncStart - 13354428
20150330 - 04:32:04 - SyncSuccd - 0
20150330 - 04:32:04 - SyncCompt - 13354428
20150330 - 14:32:01 - SyncStart - 13354428
20150330 - 14:32:02 - SyncSuccd - 0
20150330 - 14:32:02 - SyncCompt - 13354428
20150331 - 04:32:01 - SyncStart - 13354428
20150331 - 04:32:03 - SyncSuccd - 0
20150331 - 04:32:03 - SyncCompt - 13354428
20150331 - 14:32:01 - SyncStart - 13354428
20150331 - 14:32:06 - SyncSuccd - 0
20150331 - 14:32:06 - SyncCompt - 13354428
20150401 - 04:32:01 - SyncStart - 13354428
20150401 - 04:32:03 - SyncSuccd - 0
20150401 - 04:32:03 - SyncCompt - 13354428
20150401 - 14:32:01 - SyncStart - 13354428
20150401 - 14:32:02 - SyncSuccd - 0
20150401 - 14:32:02 - SyncCompt - 13354428
20150402 - 04:32:01 - SyncStart - 13354428
20150402 - 04:32:02 - SyncSuccd - 0
20150402 - 04:32:02 - SyncCompt - 13354428
20150402 - 14:32:01 - SyncStart - 13354428
20150402 - 14:32:03 - SyncSuccd - 0
20150402 - 14:32:03 - SyncCompt - 13354428
20150403 - 04:32:02 - SyncStart - 13354428
20150403 - 04:32:02 - SyncSuccd - 0
20150403 - 04:32:02 - SyncCompt - 13354428
20150403 - 14:32:02 - SyncStart - 13354428
20150403 - 14:32:03 - SyncSuccd - 0
20150403 - 14:32:03 - SyncCompt - 13354428
20150404 - 04:32:01 - SyncStart - 13354428
20150404 - 04:32:02 - SyncSuccd - 0
20150404 - 04:32:02 - SyncCompt - 13354428
20150404 - 14:32:01 - SyncStart - 13354428
20150404 - 14:32:09 - SyncSuccd - 0
20150404 - 14:32:09 - SyncCompt - 13354428
20150405 - 04:32:01 - SyncStart - 13354428
20150405 - 04:32:02 - SyncSuccd - 0
20150405 - 04:32:02 - SyncCompt - 13354428
20150405 - 14:32:01 - SyncStart - 13354428
20150405 - 14:32:03 - SyncSuccd - 0
20150405 - 14:32:03 - SyncCompt - 13354428
20150406 - 04:32:01 - SyncStart - 13354428
20150406 - 04:32:03 - SyncSuccd - 0
20150406 - 04:32:03 - SyncCompt - 13354428
20150406 - 14:32:01 - SyncStart - 13354428
20150406 - 14:32:04 - SyncSuccd - 0
20150406 - 14:32:04 - SyncCompt - 13354428
20150407 - 04:32:01 - SyncStart - 13354428
20150407 - 04:32:02 - SyncSuccd - 0
20150407 - 04:32:02 - SyncCompt - 13354428
20150407 - 14:32:01 - SyncStart - 13354428
20150407 - 14:32:04 - SyncSuccd - 0
20150407 - 14:32:04 - SyncCompt - 13354428
20150408 - 04:32:01 - SyncStart - 13354428
20150408 - 04:32:07 - SyncSuccd - 0
20150408 - 04:32:07 - SyncCompt - 13354428
20150408 - 14:32:01 - SyncStart - 13354428
20150408 - 14:32:05 - SyncSuccd - 0
20150408 - 14:32:05 - SyncCompt - 13354428
20150409 - 04:32:01 - SyncStart - 13354428
20150409 - 04:32:05 - SyncSuccd - 0
20150409 - 04:32:05 - SyncCompt - 13354428
20150409 - 14:32:01 - SyncStart - 13354428
20150409 - 14:32:08 - SyncSuccd - 0
20150409 - 14:32:08 - SyncCompt - 13354428
20150410 - 04:32:01 - SyncStart - 13354428
20150410 - 04:32:04 - SyncSuccd - 0
20150410 - 04:32:04 - SyncCompt - 13354428
20150410 - 14:32:01 - SyncStart - 13354428
20150410 - 14:32:03 - SyncSuccd - 0
20150410 - 14:32:03 - SyncCompt - 13354428
20150411 - 04:32:01 - SyncStart - 13354428
20150411 - 04:32:06 - SyncSuccd - 0
20150411 - 04:32:06 - SyncCompt - 13354428
20150411 - 14:32:01 - SyncStart - 13354428
20150411 - 14:32:01 - SyncSuccd - 0
20150411 - 14:32:01 - SyncCompt - 13354428
20150412 - 04:32:01 - SyncStart - 13354428
20150412 - 04:32:06 - SyncSuccd - 0
20150412 - 04:32:06 - SyncCompt - 13354428
20150412 - 14:32:01 - SyncStart - 13354428
20150412 - 14:32:03 - SyncSuccd - 0
20150412 - 14:32:03 - SyncCompt - 13354428
20150413 - 04:32:01 - SyncStart - 13354428
20150413 - 04:32:02 - SyncSuccd - 0
20150413 - 04:32:02 - SyncCompt - 13354428
20150413 - 14:32:01 - SyncStart - 13354428
20150413 - 14:32:02 - SyncSuccd - 0
20150413 - 14:32:02 - SyncCompt - 13354428
20150414 - 04:32:01 - SyncStart - 13354428
20150414 - 04:32:04 - SyncSuccd - 0
20150414 - 04:32:04 - SyncCompt - 13354428
20150414 - 14:32:01 - SyncStart - 13354428
20150414 - 14:32:02 - SyncSuccd - 0
20150414 - 14:32:02 - SyncCompt - 13354428
20150415 - 04:32:01 - SyncStart - 13354428
20150415 - 04:32:07 - SyncSuccd - 0
20150415 - 04:32:07 - SyncCompt - 13354428
20150415 - 14:32:01 - SyncStart - 13354428
20150415 - 14:32:01 - SyncSuccd - 0
20150415 - 14:32:01 - SyncCompt - 13354428
20150416 - 04:32:01 - SyncStart - 13354428
20150416 - 04:32:06 - SyncSuccd - 0
20150416 - 04:32:07 - SyncCompt - 13354428
20150416 - 14:32:01 - SyncStart - 13354428
20150416 - 14:32:06 - SyncSuccd - 0
20150416 - 14:32:06 - SyncCompt - 13354428
20150417 - 04:32:01 - SyncStart - 13354428
20150417 - 04:32:02 - SyncSuccd - 0
20150417 - 04:32:02 - SyncCompt - 13354428
20150417 - 14:32:01 - SyncStart - 13354428
20150417 - 14:32:08 - SyncSuccd - 0
20150417 - 14:32:08 - SyncCompt - 13354428
20150418 - 04:32:01 - SyncStart - 13354428
20150418 - 04:32:03 - SyncSuccd - 0
20150418 - 04:32:03 - SyncCompt - 13354428
20150418 - 14:32:01 - SyncStart - 13354428
20150418 - 14:32:02 - SyncSuccd - 0
20150418 - 14:32:02 - SyncCompt - 13354428
20150419 - 04:32:01 - SyncStart - 13354428
20150419 - 04:32:08 - SyncSuccd - 0
20150419 - 04:32:08 - SyncCompt - 13354428
20150419 - 14:32:01 - SyncStart - 13354428
20150419 - 14:32:04 - SyncSuccd - 0
20150419 - 14:32:04 - SyncCompt - 13354428
20150420 - 04:32:01 - SyncStart - 13354428
20150420 - 04:32:05 - SyncSuccd - 0
20150420 - 04:32:05 - SyncCompt - 13354428
20150420 - 14:32:01 - SyncStart - 13354428
20150420 - 14:32:10 - SyncSuccd - 0
20150420 - 14:32:10 - SyncCompt - 13354428
20150421 - 04:32:01 - SyncStart - 13354428
20150421 - 04:32:01 - SyncSuccd - 0
20150421 - 04:32:01 - SyncCompt - 13354428
20150421 - 14:32:01 - SyncStart - 13354428
20150421 - 14:32:02 - SyncSuccd - 0
20150421 - 14:32:02 - SyncCompt - 13354428
20150422 - 04:32:01 - SyncStart - 13354428
20150422 - 04:32:04 - SyncSuccd - 0
20150422 - 04:32:04 - SyncCompt - 13354428
20150422 - 14:32:01 - SyncStart - 13354428
20150422 - 14:32:12 - SyncSuccd - 0
20150422 - 14:32:12 - SyncCompt - 13354428
20150423 - 04:32:01 - SyncStart - 13354428
20150423 - 04:32:03 - SyncSuccd - 0
20150423 - 04:32:03 - SyncCompt - 13354428
20150423 - 14:32:01 - SyncStart - 13354428
20150423 - 14:32:02 - SyncSuccd - 0
20150423 - 14:32:02 - SyncCompt - 13354428
20150424 - 04:32:01 - SyncStart - 13354428
20150424 - 04:32:05 - SyncSuccd - 0
20150424 - 04:32:05 - SyncCompt - 13354428
20150424 - 14:32:01 - SyncStart - 13354428
20150424 - 14:32:02 - SyncSuccd - 0
20150424 - 14:32:02 - SyncCompt - 13354428
20150425 - 04:32:01 - SyncStart - 13354428
20150425 - 04:32:02 - SyncSuccd - 0
20150425 - 04:32:02 - SyncCompt - 13354428
20150425 - 14:32:01 - SyncStart - 13354428
20150425 - 14:32:09 - SyncSuccd - 0
20150425 - 14:32:09 - SyncCompt - 13354428
20150426 - 04:32:01 - SyncStart - 13354428
20150426 - 04:32:03 - SyncSuccd - 0
20150426 - 04:32:03 - SyncCompt - 13354428
20150426 - 14:32:01 - SyncStart - 13354428
20150426 - 14:32:04 - SyncSuccd - 0
20150426 - 14:32:04 - SyncCompt - 13354428
20150427 - 04:32:01 - SyncStart - 13354428
20150427 - 04:32:02 - SyncSuccd - 0
20150427 - 04:32:02 - SyncCompt - 13354428
20150427 - 14:32:01 - SyncStart - 13354428
20150427 - 14:32:03 - SyncSuccd - 0
20150427 - 14:32:03 - SyncCompt - 13354428
20150428 - 04:32:01 - SyncStart - 13354428
20150428 - 04:32:04 - SyncSuccd - 0
20150428 - 04:32:04 - SyncCompt - 13354428
20150428 - 14:32:01 - SyncStart - 13354428
20150429 - 04:32:01 - SyncStart - 14518216
20150429 - 14:32:01 - SyncStart - 15346888
20150430 - 04:32:01 - SyncStart - 15960012
20150430 - 09:13:39 - SyncSuccd - 0
20150430 - 09:13:39 - SyncCompt - 17173708
20150430 - 14:32:01 - SyncStart - 17173708
20150430 - 14:32:09 - SyncSuccd - 0
20150430 - 14:32:09 - SyncCompt - 17173708
20150501 - 04:32:01 - SyncStart - 17173708
20150501 - 04:32:02 - SyncSuccd - 0
20150501 - 04:32:02 - SyncCompt - 17173708
20150501 - 14:32:01 - SyncStart - 17173708
20150501 - 14:32:03 - SyncSuccd - 0
20150501 - 14:32:03 - SyncCompt - 17173708
20150502 - 04:32:01 - SyncStart - 17173708
20150502 - 04:32:02 - SyncSuccd - 0
20150502 - 04:32:02 - SyncCompt - 17173708
20150502 - 14:32:01 - SyncStart - 17173708
20150502 - 14:32:01 - SyncSuccd - 0
20150502 - 14:32:01 - SyncCompt - 17173708
20150503 - 04:32:01 - SyncStart - 17173708
20150503 - 04:32:02 - SyncSuccd - 0
20150503 - 04:32:02 - SyncCompt - 17173708
20150503 - 14:32:01 - SyncStart - 17173708
20150503 - 14:32:03 - SyncSuccd - 0
20150503 - 14:32:03 - SyncCompt - 17173708
20150504 - 04:32:01 - SyncStart - 17173708
20150504 - 04:32:02 - SyncSuccd - 0
20150504 - 04:32:02 - SyncCompt - 17173708
20150504 - 14:32:01 - SyncStart - 17173708
20150504 - 14:32:06 - SyncSuccd - 0
20150504 - 14:32:06 - SyncCompt - 17173708
20150505 - 04:32:01 - SyncStart - 17173708
20150505 - 04:32:02 - SyncSuccd - 0
20150505 - 04:32:02 - SyncCompt - 17173708
20150505 - 14:32:01 - SyncStart - 17173708
20150505 - 14:32:05 - SyncSuccd - 0
20150505 - 14:32:05 - SyncCompt - 17173708
20150506 - 04:32:01 - SyncStart - 17173708
20150506 - 04:32:03 - SyncSuccd - 0
20150506 - 04:32:03 - SyncCompt - 17173708
20150506 - 14:32:01 - SyncStart - 17173708
20150506 - 14:32:02 - SyncSuccd - 0
20150506 - 14:32:02 - SyncCompt - 17173708
20150507 - 04:32:01 - SyncStart - 17173708
20150507 - 04:32:02 - SyncSuccd - 0
20150507 - 04:32:02 - SyncCompt - 17173708
20150507 - 14:32:01 - SyncStart - 17173708
20150507 - 14:32:04 - SyncSuccd - 0
20150507 - 14:32:04 - SyncCompt - 17173708
20150508 - 04:32:01 - SyncStart - 17173708
20150508 - 04:32:12 - SyncSuccd - 0
20150508 - 04:32:12 - SyncCompt - 17173708
20150508 - 14:32:01 - SyncStart - 17173708
20150508 - 14:32:08 - SyncSuccd - 0
20150508 - 14:32:08 - SyncCompt - 17173708
20150509 - 04:32:01 - SyncStart - 17173708
20150509 - 04:32:02 - SyncSuccd - 0
20150509 - 04:32:02 - SyncCompt - 17173708
20150509 - 14:32:01 - SyncStart - 17173708
20150509 - 14:32:06 - SyncSuccd - 0
20150509 - 14:32:06 - SyncCompt - 17173708
20150510 - 04:32:01 - SyncStart - 17173708
20150510 - 04:32:06 - SyncSuccd - 0
20150510 - 04:32:06 - SyncCompt - 17173708
20150510 - 14:32:01 - SyncStart - 17173708
20150510 - 14:32:07 - SyncSuccd - 0
20150510 - 14:32:07 - SyncCompt - 17173708
20150511 - 04:32:01 - SyncStart - 17173708
20150511 - 04:32:02 - SyncSuccd - 0
20150511 - 04:32:02 - SyncCompt - 17173708
20150511 - 14:32:01 - SyncStart - 17173708
20150511 - 14:32:04 - SyncSuccd - 0
20150511 - 14:32:04 - SyncCompt - 17173708
20150512 - 04:32:01 - SyncStart - 17173708
20150512 - 04:32:03 - SyncSuccd - 0
20150512 - 04:32:03 - SyncCompt - 17173708
20150512 - 14:32:01 - SyncStart - 17173708
20150512 - 14:32:04 - SyncSuccd - 0
20150512 - 14:32:04 - SyncCompt - 17173708
20150513 - 04:32:01 - SyncStart - 17173708
20150513 - 04:32:02 - SyncSuccd - 0
20150513 - 04:32:02 - SyncCompt - 17173708
20150513 - 14:32:01 - SyncStart - 17173708
20150513 - 14:32:06 - SyncSuccd - 0
20150513 - 14:32:06 - SyncCompt - 17173708
20150514 - 04:32:01 - SyncStart - 17173708
20150514 - 04:32:04 - SyncSuccd - 0
20150514 - 04:32:04 - SyncCompt - 17173708
20150514 - 14:32:01 - SyncStart - 17173708
20150514 - 14:32:04 - SyncSuccd - 0
20150514 - 14:32:04 - SyncCompt - 17173708
20150515 - 04:32:01 - SyncStart - 17173708
20150515 - 04:32:02 - SyncSuccd - 0
20150515 - 04:32:02 - SyncCompt - 17173708
20150515 - 14:32:01 - SyncStart - 17173708
20150515 - 14:32:08 - SyncSuccd - 0
20150515 - 14:32:08 - SyncCompt - 17173708
20150516 - 04:32:01 - SyncStart - 17173708
20150516 - 04:32:05 - SyncSuccd - 0
20150516 - 04:32:05 - SyncCompt - 17173708
20150516 - 14:32:01 - SyncStart - 17173708
20150516 - 14:32:05 - SyncSuccd - 0
20150516 - 14:32:05 - SyncCompt - 17173708
20150517 - 04:32:01 - SyncStart - 17173708
20150517 - 04:32:02 - SyncSuccd - 0
20150517 - 04:32:02 - SyncCompt - 17173708
20150517 - 14:32:01 - SyncStart - 17173708
20150517 - 14:32:03 - SyncSuccd - 0
20150517 - 14:32:03 - SyncCompt - 17173708
20150518 - 04:32:01 - SyncStart - 17173708
20150518 - 04:32:01 - SyncSuccd - 0
20150518 - 04:32:01 - SyncCompt - 17173708
20150518 - 14:32:01 - SyncStart - 17173708
20150518 - 14:32:05 - SyncSuccd - 0
20150518 - 14:32:05 - SyncCompt - 17173708
20150519 - 04:32:01 - SyncStart - 17173708
20150519 - 04:32:01 - SyncSuccd - 0
20150519 - 04:32:01 - SyncCompt - 17173708
20150519 - 14:32:01 - SyncStart - 17173708
20150519 - 14:32:02 - SyncSuccd - 0
20150519 - 14:32:02 - SyncCompt - 17173708
20150520 - 04:32:01 - SyncStart - 17173708
20150520 - 04:32:06 - SyncSuccd - 0
20150520 - 04:32:06 - SyncCompt - 17173708
20150520 - 14:32:01 - SyncStart - 17173708
20150520 - 14:32:02 - SyncSuccd - 0
20150520 - 14:32:02 - SyncCompt - 17173708
20150521 - 04:32:01 - SyncStart - 17173708
20150521 - 04:32:07 - SyncSuccd - 0
20150521 - 04:32:07 - SyncCompt - 17173708
20150521 - 14:32:01 - SyncStart - 17173708
20150521 - 14:32:05 - SyncSuccd - 0
20150521 - 14:32:05 - SyncCompt - 17173708
20150522 - 04:32:01 - SyncStart - 17173708
20150522 - 04:32:02 - SyncSuccd - 0
20150522 - 04:32:02 - SyncCompt - 17173708
20150522 - 14:32:01 - SyncStart - 17173708
20150522 - 14:32:03 - SyncSuccd - 0
20150522 - 14:32:03 - SyncCompt - 17173708
20150523 - 04:32:01 - SyncStart - 17173708
20150523 - 04:32:06 - SyncSuccd - 0
20150523 - 04:32:06 - SyncCompt - 17173708
20150523 - 14:32:01 - SyncStart - 17173708
20150523 - 14:32:04 - SyncSuccd - 0
20150523 - 14:32:04 - SyncCompt - 17173708
20150524 - 04:32:01 - SyncStart - 17173708
20150524 - 04:32:07 - SyncSuccd - 0
20150524 - 04:32:07 - SyncCompt - 17173708
20150524 - 14:32:01 - SyncStart - 17173708
20150524 - 14:32:02 - SyncSuccd - 0
20150524 - 14:32:02 - SyncCompt - 17173708
20150525 - 04:32:02 - SyncStart - 17173708
20150525 - 04:32:07 - SyncSuccd - 0
20150525 - 04:32:07 - SyncCompt - 17173708
20150525 - 14:32:01 - SyncStart - 17173708
20150525 - 14:32:07 - SyncSuccd - 0
20150525 - 14:32:07 - SyncCompt - 17173708
20150526 - 04:32:01 - SyncStart - 17173708
20150526 - 04:32:08 - SyncSuccd - 0
20150526 - 04:32:08 - SyncCompt - 17173708
20150526 - 14:32:01 - SyncStart - 17173708
20150526 - 14:32:08 - SyncSuccd - 0
20150526 - 14:32:08 - SyncCompt - 17173708
20150527 - 04:32:01 - SyncStart - 17173708
20150527 - 04:32:03 - SyncSuccd - 0
20150527 - 04:32:03 - SyncCompt - 17173708
20150527 - 14:32:02 - SyncStart - 17173708
20150527 - 14:32:05 - SyncSuccd - 0
20150527 - 14:32:05 - SyncCompt - 17173708
20150528 - 04:32:01 - SyncStart - 17173708
20150528 - 04:32:04 - SyncSuccd - 0
20150528 - 04:32:04 - SyncCompt - 17173708
20150528 - 14:32:01 - SyncStart - 17173708
20150528 - 14:32:02 - SyncSuccd - 0
20150528 - 14:32:02 - SyncCompt - 17173708
20150529 - 04:32:01 - SyncStart - 17173708
20150529 - 04:32:07 - SyncSuccd - 0
20150529 - 04:32:07 - SyncCompt - 17173708
20150529 - 14:32:02 - SyncStart - 17173708
20150529 - 14:32:03 - SyncSuccd - 0
20150529 - 14:32:03 - SyncCompt - 17173708
20150530 - 04:32:01 - SyncStart - 17173708
20150530 - 04:32:02 - SyncSuccd - 0
20150530 - 04:32:02 - SyncCompt - 17173708
20150530 - 14:32:01 - SyncStart - 17173708
20150530 - 14:32:04 - SyncSuccd - 0
20150530 - 14:32:04 - SyncCompt - 17173708
20150531 - 04:32:02 - SyncStart - 17173708
20150531 - 04:32:02 - SyncSuccd - 0
20150531 - 04:32:02 - SyncCompt - 17173708
20150531 - 14:32:01 - SyncStart - 17173708
20150531 - 14:32:02 - SyncSuccd - 0
20150531 - 14:32:02 - SyncCompt - 17173708
20150601 - 04:32:01 - SyncStart - 17173708
20150601 - 04:32:06 - SyncSuccd - 0
20150601 - 04:32:06 - SyncCompt - 17173708
20150601 - 14:32:01 - SyncStart - 17173708
20150601 - 14:32:02 - SyncSuccd - 0
20150601 - 14:32:02 - SyncCompt - 17173708
20150602 - 04:32:02 - SyncStart - 17173708
20150602 - 04:32:03 - SyncSuccd - 0
20150602 - 04:32:03 - SyncCompt - 17173708
20150602 - 14:32:01 - SyncStart - 17173708
20150602 - 14:32:02 - SyncSuccd - 0
20150602 - 14:32:02 - SyncCompt - 17173708
20150603 - 04:32:01 - SyncStart - 17173708
20150603 - 04:32:02 - SyncSuccd - 0
20150603 - 04:32:02 - SyncCompt - 17173708
20150603 - 14:32:01 - SyncStart - 17173708
20150603 - 14:32:02 - SyncSuccd - 0
20150603 - 14:32:02 - SyncCompt - 17173708
20150604 - 04:32:01 - SyncStart - 17173708
20150604 - 04:32:02 - SyncSuccd - 0
20150604 - 04:32:02 - SyncCompt - 17173708
20150604 - 14:32:01 - SyncStart - 17173708
20150604 - 14:32:07 - SyncSuccd - 0
20150604 - 14:32:07 - SyncCompt - 17173708
20150605 - 04:32:01 - SyncStart - 17173708
20150605 - 04:32:02 - SyncSuccd - 0
20150605 - 04:32:02 - SyncCompt - 17173708
20150605 - 14:32:01 - SyncStart - 17173708
20150605 - 14:32:04 - SyncSuccd - 0
20150605 - 14:32:04 - SyncCompt - 17173708
20150606 - 04:32:01 - SyncStart - 17173708
20150606 - 04:32:04 - SyncSuccd - 0
20150606 - 04:32:04 - SyncCompt - 17173708
20150606 - 14:32:01 - SyncStart - 17173708
20150606 - 14:32:02 - SyncSuccd - 0
20150606 - 14:32:02 - SyncCompt - 17173708
20150607 - 04:32:01 - SyncStart - 17173708
20150607 - 04:32:02 - SyncSuccd - 0
20150607 - 04:32:02 - SyncCompt - 17173708
20150607 - 14:32:01 - SyncStart - 17173708
20150607 - 14:32:04 - SyncSuccd - 0
20150607 - 14:32:04 - SyncCompt - 17173708
20150608 - 04:32:01 - SyncStart - 17173708
20150608 - 04:32:03 - SyncSuccd - 0
20150608 - 04:32:03 - SyncCompt - 17173708
20150608 - 14:32:02 - SyncStart - 17173708
20150608 - 14:32:07 - SyncSuccd - 0
20150608 - 14:32:07 - SyncCompt - 17173708
20150609 - 04:32:01 - SyncStart - 17173708
20150609 - 04:32:02 - SyncSuccd - 0
20150609 - 04:32:02 - SyncCompt - 17173708
20150609 - 14:32:01 - SyncStart - 17173708
20150609 - 14:32:06 - SyncSuccd - 0
20150609 - 14:32:06 - SyncCompt - 17173708
20150610 - 04:32:02 - SyncStart - 17173708
20150610 - 04:32:04 - SyncSuccd - 0
20150610 - 04:32:04 - SyncCompt - 17173708
20150610 - 14:32:01 - SyncStart - 17173708
20150610 - 14:32:04 - SyncSuccd - 0
20150610 - 14:32:04 - SyncCompt - 17173708
20150611 - 04:32:01 - SyncStart - 17173708
20150611 - 04:32:05 - SyncSuccd - 0
20150611 - 04:32:05 - SyncCompt - 17173708
20150611 - 14:32:01 - SyncStart - 17173708
20150611 - 14:32:02 - SyncSuccd - 0
20150611 - 14:32:02 - SyncCompt - 17173708
20150612 - 04:32:01 - SyncStart - 17173708
20150612 - 04:32:05 - SyncSuccd - 0
20150612 - 04:32:05 - SyncCompt - 17173708
20150612 - 14:32:01 - SyncStart - 17173708
20150612 - 14:32:01 - SyncSuccd - 0
20150612 - 14:32:01 - SyncCompt - 17173708
20150613 - 04:32:01 - SyncStart - 17173708
20150613 - 04:32:02 - SyncSuccd - 0
20150613 - 04:32:02 - SyncCompt - 17173708
20150613 - 14:32:01 - SyncStart - 17173708
20150613 - 14:32:04 - SyncSuccd - 0
20150613 - 14:32:04 - SyncCompt - 17173708
20150614 - 04:32:01 - SyncStart - 17173708
20150614 - 04:32:04 - SyncSuccd - 0
20150614 - 04:32:04 - SyncCompt - 17173708
20150614 - 14:32:01 - SyncStart - 17173708
20150614 - 14:32:02 - SyncSuccd - 0
20150614 - 14:32:02 - SyncCompt - 17173708
20150615 - 04:32:01 - SyncStart - 17173708
20150615 - 04:32:03 - SyncSuccd - 0
20150615 - 04:32:03 - SyncCompt - 17173708
20150615 - 14:32:02 - SyncStart - 17173708
20150615 - 14:32:04 - SyncSuccd - 0
20150615 - 14:32:04 - SyncCompt - 17173708
20150616 - 04:32:01 - SyncStart - 17173708
20150616 - 04:32:20 - SyncSuccd - 0
20150616 - 04:32:20 - SyncCompt - 17173708
20150616 - 14:32:01 - SyncStart - 17173708
20150616 - 14:32:05 - SyncSuccd - 0
20150616 - 14:32:05 - SyncCompt - 17173708
20150617 - 04:32:01 - SyncStart - 17173708
20150617 - 04:32:04 - SyncSuccd - 0
20150617 - 04:32:04 - SyncCompt - 17173708
20150617 - 14:32:01 - SyncStart - 17173708
20150617 - 14:32:04 - SyncSuccd - 0
20150617 - 14:32:04 - SyncCompt - 17173708
20150618 - 04:32:01 - SyncStart - 17173708
20150618 - 04:32:04 - SyncSuccd - 0
20150618 - 04:32:04 - SyncCompt - 17173708
20150618 - 14:32:01 - SyncStart - 17173708
20150618 - 14:32:05 - SyncSuccd - 0
20150618 - 14:32:05 - SyncCompt - 17173708
20150619 - 04:32:02 - SyncStart - 17173708
20150619 - 04:32:02 - SyncSuccd - 0
20150619 - 04:32:02 - SyncCompt - 17173708
20150619 - 14:32:01 - SyncStart - 17173708
20150619 - 14:32:05 - SyncSuccd - 0
20150619 - 14:32:05 - SyncCompt - 17173708
20150620 - 04:32:01 - SyncStart - 17173708
20150620 - 04:32:04 - SyncSuccd - 0
20150620 - 04:32:04 - SyncCompt - 17173708
20150620 - 14:32:01 - SyncStart - 17173708
20150620 - 14:32:03 - SyncSuccd - 0
20150620 - 14:32:03 - SyncCompt - 17173708
20150621 - 04:32:02 - SyncStart - 17173708
20150621 - 04:32:04 - SyncSuccd - 0
20150621 - 04:32:04 - SyncCompt - 17173708
20150621 - 14:32:01 - SyncStart - 17173708
20150621 - 14:32:03 - SyncSuccd - 0
20150621 - 14:32:03 - SyncCompt - 17173708
20150622 - 04:32:01 - SyncStart - 17173708
20150622 - 04:32:04 - SyncSuccd - 0
20150622 - 04:32:04 - SyncCompt - 17173708
20150622 - 14:32:01 - SyncStart - 17173708
20150622 - 14:32:02 - SyncSuccd - 0
20150622 - 14:32:02 - SyncCompt - 17173708
20150623 - 04:32:01 - SyncStart - 17173708
20150623 - 04:32:05 - SyncSuccd - 0
20150623 - 04:32:05 - SyncCompt - 17173708
20150623 - 14:32:01 - SyncStart - 17173708
20150623 - 14:32:03 - SyncSuccd - 0
20150623 - 14:32:03 - SyncCompt - 17173708
20150624 - 04:32:02 - SyncStart - 17173708
20150624 - 04:32:12 - SyncSuccd - 0
20150624 - 04:32:12 - SyncCompt - 17173708
20150624 - 14:32:02 - SyncStart - 17173708
20150624 - 14:32:03 - SyncSuccd - 0
20150624 - 14:32:03 - SyncCompt - 17173708
20150625 - 04:32:01 - SyncStart - 17173708
20150625 - 04:32:03 - SyncSuccd - 0
20150625 - 04:32:03 - SyncCompt - 17173708
20150625 - 14:32:01 - SyncStart - 17173708
20150625 - 14:32:02 - SyncSuccd - 0
20150625 - 14:32:02 - SyncCompt - 17173708
20150626 - 04:32:01 - SyncStart - 17173708
20150626 - 04:32:06 - SyncSuccd - 0
20150626 - 04:32:06 - SyncCompt - 17173708
20150626 - 14:32:02 - SyncStart - 17173708
20150626 - 14:32:04 - SyncSuccd - 0
20150626 - 14:32:04 - SyncCompt - 17173708
20150627 - 04:32:01 - SyncStart - 17173708
20150627 - 04:32:04 - SyncSuccd - 0
20150627 - 04:32:04 - SyncCompt - 17173708
20150627 - 14:32:02 - SyncStart - 17173708
20150627 - 14:32:02 - SyncSuccd - 0
20150627 - 14:32:02 - SyncCompt - 17173708
20150628 - 04:32:02 - SyncStart - 17173708
20150628 - 04:32:07 - SyncSuccd - 0
20150628 - 04:32:07 - SyncCompt - 17173708
20150628 - 14:32:01 - SyncStart - 17173708
20150628 - 14:32:03 - SyncSuccd - 0
20150628 - 14:32:03 - SyncCompt - 17173708
20150629 - 04:32:01 - SyncStart - 17173708
20150629 - 04:32:07 - SyncSuccd - 0
20150629 - 04:32:07 - SyncCompt - 17173708
20150629 - 14:32:01 - SyncStart - 17173708
20150629 - 14:32:03 - SyncSuccd - 0
20150629 - 14:32:03 - SyncCompt - 17173708
20150630 - 04:32:01 - SyncStart - 17173708
20150630 - 04:32:02 - SyncSuccd - 0
20150630 - 04:32:02 - SyncCompt - 17173708
20150630 - 14:32:01 - SyncStart - 17173708
20150630 - 14:32:02 - SyncSuccd - 0
20150630 - 14:32:02 - SyncCompt - 17173708
20150701 - 04:32:01 - SyncStart - 17173708
20150701 - 04:32:04 - SyncSuccd - 0
20150701 - 04:32:04 - SyncCompt - 17173708
20150701 - 14:32:01 - SyncStart - 17173708
20150701 - 14:32:03 - SyncSuccd - 0
20150701 - 14:32:03 - SyncCompt - 17173708
20150702 - 04:32:02 - SyncStart - 17173708
20150702 - 04:32:07 - SyncSuccd - 0
20150702 - 04:32:07 - SyncCompt - 17173708
20150702 - 14:32:01 - SyncStart - 17173708
20150702 - 14:32:07 - SyncSuccd - 0
20150702 - 14:32:07 - SyncCompt - 17173708
20150703 - 04:32:01 - SyncStart - 17173708
20150703 - 04:32:07 - SyncSuccd - 0
20150703 - 04:32:07 - SyncCompt - 17173708
20150703 - 14:32:01 - SyncStart - 17173708
20150703 - 14:32:06 - SyncSuccd - 0
20150703 - 14:32:06 - SyncCompt - 17173708
20150704 - 04:32:01 - SyncStart - 17173708
20150704 - 04:32:07 - SyncSuccd - 0
20150704 - 04:32:07 - SyncCompt - 17173708
20150704 - 14:32:01 - SyncStart - 17173708
20150704 - 14:32:04 - SyncSuccd - 0
20150704 - 14:32:04 - SyncCompt - 17173708
20150705 - 04:32:01 - SyncStart - 17173708
20150705 - 04:32:04 - SyncSuccd - 0
20150705 - 04:32:04 - SyncCompt - 17173708
20150705 - 14:32:01 - SyncStart - 17173708
20150705 - 14:32:03 - SyncSuccd - 0
20150705 - 14:32:03 - SyncCompt - 17173708
20150706 - 04:32:01 - SyncStart - 17173708
20150706 - 04:32:03 - SyncSuccd - 0
20150706 - 04:32:03 - SyncCompt - 17173708
20150706 - 14:32:01 - SyncStart - 17173708
20150706 - 14:32:03 - SyncSuccd - 0
20150706 - 14:32:03 - SyncCompt - 17173708
20150707 - 04:32:02 - SyncStart - 17173708
20150707 - 04:32:04 - SyncSuccd - 0
20150707 - 04:32:04 - SyncCompt - 17173708
20150707 - 14:32:01 - SyncStart - 17173708
20150707 - 14:32:02 - SyncSuccd - 0
20150707 - 14:32:02 - SyncCompt - 17173708
20150708 - 04:32:01 - SyncStart - 17173708
20150708 - 04:32:03 - SyncSuccd - 0
20150708 - 04:32:03 - SyncCompt - 17173708
20150708 - 14:32:01 - SyncStart - 17173708
20150708 - 14:32:01 - SyncSuccd - 0
20150708 - 14:32:01 - SyncCompt - 17173708
20150709 - 04:32:02 - SyncStart - 17173708
20150709 - 04:32:02 - SyncSuccd - 0
20150709 - 04:32:02 - SyncCompt - 17173708
20150709 - 14:32:02 - SyncStart - 17173708
20150709 - 14:32:03 - SyncSuccd - 0
20150709 - 14:32:03 - SyncCompt - 17173708
20150710 - 04:32:01 - SyncStart - 17173708
20150710 - 04:32:02 - SyncSuccd - 0
20150710 - 04:32:02 - SyncCompt - 17173708
20150710 - 14:32:01 - SyncStart - 17173708
20150710 - 14:32:03 - SyncSuccd - 0
20150710 - 14:32:03 - SyncCompt - 17173708
20150711 - 04:32:01 - SyncStart - 17173708
20150711 - 04:32:02 - SyncSuccd - 0
20150711 - 04:32:02 - SyncCompt - 17173708
20150711 - 14:32:01 - SyncStart - 17173708
20150711 - 14:32:03 - SyncSuccd - 0
20150711 - 14:32:03 - SyncCompt - 17173708
20150712 - 04:32:01 - SyncStart - 17173708
20150712 - 04:32:05 - SyncSuccd - 0
20150712 - 04:32:05 - SyncCompt - 17173708
20150712 - 14:32:01 - SyncStart - 17173708
20150712 - 14:32:02 - SyncSuccd - 0
20150712 - 14:32:02 - SyncCompt - 17173708
20150713 - 04:32:01 - SyncStart - 17173708
20150713 - 04:32:02 - SyncSuccd - 0
20150713 - 04:32:02 - SyncCompt - 17173708
20150713 - 14:32:01 - SyncStart - 17173708
20150713 - 14:32:02 - SyncSuccd - 0
20150713 - 14:32:02 - SyncCompt - 17173708
20150714 - 04:32:01 - SyncStart - 17173708
20150714 - 04:32:02 - SyncSuccd - 0
20150714 - 04:32:02 - SyncCompt - 17173708
20150714 - 14:32:01 - SyncStart - 17173708
20150714 - 14:32:02 - SyncSuccd - 0
20150714 - 14:32:02 - SyncCompt - 17173708
20150715 - 04:32:01 - SyncStart - 17173708
20150715 - 04:32:02 - SyncSuccd - 0
20150715 - 04:32:02 - SyncCompt - 17173708
20150715 - 14:32:01 - SyncStart - 17173708
20150715 - 14:32:03 - SyncSuccd - 0
20150715 - 14:32:03 - SyncCompt - 17173708
20150716 - 04:32:02 - SyncStart - 17173708
20150716 - 04:32:02 - SyncSuccd - 0
20150716 - 04:32:02 - SyncCompt - 17173708
20150716 - 14:32:01 - SyncStart - 17173708
20150716 - 14:32:02 - SyncSuccd - 0
20150716 - 14:32:02 - SyncCompt - 17173708
20150717 - 04:32:01 - SyncStart - 17173708
20150717 - 04:32:04 - SyncSuccd - 0
20150717 - 04:32:04 - SyncCompt - 17173708
20150717 - 14:32:01 - SyncStart - 17173708
20150717 - 14:32:07 - SyncSuccd - 0
20150717 - 14:32:07 - SyncCompt - 17173708
20150718 - 04:32:01 - SyncStart - 17173708
20150718 - 04:32:03 - SyncSuccd - 0
20150718 - 04:32:03 - SyncCompt - 17173708
20150718 - 14:32:01 - SyncStart - 17173708
20150718 - 14:32:02 - SyncSuccd - 0
20150718 - 14:32:02 - SyncCompt - 17173708
20150719 - 04:32:01 - SyncStart - 17173708
20150719 - 04:32:09 - SyncSuccd - 0
20150719 - 04:32:09 - SyncCompt - 17173708
20150719 - 14:32:02 - SyncStart - 17173708
20150719 - 14:32:02 - SyncSuccd - 0
20150719 - 14:32:02 - SyncCompt - 17173708
20150720 - 04:32:01 - SyncStart - 17173708
20150720 - 04:32:03 - SyncSuccd - 0
20150720 - 04:32:03 - SyncCompt - 17173708
20150720 - 14:32:01 - SyncStart - 17173708
20150720 - 14:32:02 - SyncSuccd - 0
20150720 - 14:32:02 - SyncCompt - 17173708
20150721 - 04:32:01 - SyncStart - 17173708
20150721 - 04:32:03 - SyncSuccd - 0
20150721 - 04:32:03 - SyncCompt - 17173708
20150721 - 14:32:01 - SyncStart - 17173708
20150721 - 14:32:02 - SyncSuccd - 0
20150721 - 14:32:02 - SyncCompt - 17173708
20150722 - 04:32:01 - SyncStart - 17173708
20150722 - 04:32:03 - SyncSuccd - 0
20150722 - 04:32:03 - SyncCompt - 17173708
20150722 - 14:32:01 - SyncStart - 17173708
20150722 - 14:32:07 - SyncSuccd - 0
20150722 - 14:32:07 - SyncCompt - 17173708
20150723 - 04:32:01 - SyncStart - 17173708
20150723 - 04:32:07 - SyncSuccd - 0
20150723 - 04:32:07 - SyncCompt - 17173708
20150723 - 14:32:01 - SyncStart - 17173708
20150723 - 14:32:07 - SyncSuccd - 0
20150723 - 14:32:07 - SyncCompt - 17173708
20150724 - 04:32:01 - SyncStart - 17173708
20150724 - 04:32:07 - SyncSuccd - 0
20150724 - 04:32:07 - SyncCompt - 17173708
20150724 - 14:32:01 - SyncStart - 17173708
20150724 - 14:32:08 - SyncSuccd - 0
20150724 - 14:32:08 - SyncCompt - 17173708
20150725 - 04:32:01 - SyncStart - 17173708
20150725 - 04:32:06 - SyncSuccd - 0
20150725 - 04:32:06 - SyncCompt - 17173708
20150725 - 14:32:01 - SyncStart - 17173708
20150725 - 14:32:06 - SyncSuccd - 0
20150725 - 14:32:06 - SyncCompt - 17173708
20150726 - 04:32:01 - SyncStart - 17173708
20150726 - 04:32:05 - SyncSuccd - 0
20150726 - 04:32:05 - SyncCompt - 17173708
20150726 - 14:32:01 - SyncStart - 17173708
20150726 - 14:32:07 - SyncSuccd - 0
20150726 - 14:32:07 - SyncCompt - 17173708
20150727 - 04:32:01 - SyncStart - 17173708
20150727 - 04:32:07 - SyncSuccd - 0
20150727 - 04:32:07 - SyncCompt - 17173708
20150727 - 14:32:01 - SyncStart - 17173708
20150727 - 14:32:06 - SyncSuccd - 0
20150727 - 14:32:06 - SyncCompt - 17173708
20150728 - 04:32:01 - SyncStart - 17173708
20150728 - 04:32:03 - SyncSuccd - 0
20150728 - 04:32:03 - SyncCompt - 17173708
20150728 - 14:32:01 - SyncStart - 17173708
20150728 - 14:32:06 - SyncSuccd - 0
20150728 - 14:32:06 - SyncCompt - 17173708
20150729 - 04:32:01 - SyncStart - 17173708
20150729 - 04:32:07 - SyncSuccd - 0
20150729 - 04:32:07 - SyncCompt - 17173708
20150729 - 14:32:01 - SyncStart - 17173708
20150729 - 14:32:07 - SyncSuccd - 0
20150729 - 14:32:07 - SyncCompt - 17173708
20150730 - 04:32:01 - SyncStart - 17173708
20150730 - 04:32:03 - SyncSuccd - 0
20150730 - 04:32:03 - SyncCompt - 17173708
20150730 - 14:32:01 - SyncStart - 17173708
20150730 - 14:32:07 - SyncSuccd - 0
20150730 - 14:32:07 - SyncCompt - 17173708
20150731 - 04:32:01 - SyncStart - 17173708
20150731 - 04:32:07 - SyncSuccd - 0
20150731 - 04:32:07 - SyncCompt - 17173708
20150731 - 14:32:01 - SyncStart - 17173708
20150731 - 14:32:07 - SyncSuccd - 0
20150731 - 14:32:07 - SyncCompt - 17173708
20150801 - 04:32:01 - SyncStart - 17173708
20150801 - 04:32:05 - SyncSuccd - 0
20150801 - 04:32:05 - SyncCompt - 17173708
20150801 - 14:32:01 - SyncStart - 17173708
20150801 - 14:32:02 - SyncSuccd - 0
20150801 - 14:32:02 - SyncCompt - 17173708
20150802 - 04:32:01 - SyncStart - 17173708
20150802 - 04:32:03 - SyncSuccd - 0
20150802 - 04:32:03 - SyncCompt - 17173708
20150802 - 14:32:01 - SyncStart - 17173708
20150802 - 14:32:03 - SyncSuccd - 0
20150802 - 14:32:03 - SyncCompt - 17173708
20150803 - 04:32:01 - SyncStart - 17173708
20150803 - 04:32:05 - SyncSuccd - 0
20150803 - 04:32:05 - SyncCompt - 17173708
20150803 - 14:32:01 - SyncStart - 17173708
20150803 - 14:32:03 - SyncSuccd - 0
20150803 - 14:32:03 - SyncCompt - 17173708
20150804 - 04:32:02 - SyncStart - 17173708
20150804 - 04:32:05 - SyncSuccd - 0
20150804 - 04:32:05 - SyncCompt - 17173708
20150804 - 14:32:01 - SyncStart - 17173708
20150804 - 14:32:03 - SyncSuccd - 0
20150804 - 14:32:03 - SyncCompt - 17173708
20150805 - 04:32:01 - SyncStart - 17173708
20150805 - 04:32:04 - SyncSuccd - 0
20150805 - 04:32:04 - SyncCompt - 17173708
20150805 - 14:32:01 - SyncStart - 17173708
20150805 - 14:32:03 - SyncSuccd - 0
20150805 - 14:32:03 - SyncCompt - 17173708
20150806 - 04:32:02 - SyncStart - 17173708
20150806 - 04:32:04 - SyncSuccd - 0
20150806 - 04:32:04 - SyncCompt - 17173708
20150806 - 14:32:02 - SyncStart - 17173708
20150806 - 14:32:05 - SyncSuccd - 0
20150806 - 14:32:05 - SyncCompt - 17173708
20150807 - 04:32:01 - SyncStart - 17173708
20150807 - 04:32:06 - SyncSuccd - 0
20150807 - 04:32:06 - SyncCompt - 17173708
20150807 - 14:32:01 - SyncStart - 17173708
20150807 - 14:32:06 - SyncSuccd - 0
20150807 - 14:32:06 - SyncCompt - 17173708
20150808 - 04:32:01 - SyncStart - 17173708
20150808 - 04:32:06 - SyncSuccd - 0
20150808 - 04:32:06 - SyncCompt - 17173708
20150808 - 14:32:01 - SyncStart - 17173708
20150808 - 14:32:07 - SyncSuccd - 0
20150808 - 14:32:07 - SyncCompt - 17173708
20150809 - 04:32:01 - SyncStart - 17173708
20150809 - 04:32:05 - SyncSuccd - 0
20150809 - 04:32:05 - SyncCompt - 17173708
20150809 - 14:32:01 - SyncStart - 17173708
20150809 - 14:32:05 - SyncSuccd - 0
20150809 - 14:32:05 - SyncCompt - 17173708
20150810 - 04:32:01 - SyncStart - 17173708
20150810 - 04:32:08 - SyncSuccd - 0
20150810 - 04:32:08 - SyncCompt - 17173708
20150810 - 14:32:01 - SyncStart - 17173708
20150810 - 14:32:06 - SyncSuccd - 0
20150810 - 14:32:06 - SyncCompt - 17173708
20150811 - 04:32:01 - SyncStart - 17173708
20150811 - 04:32:07 - SyncSuccd - 0
20150811 - 04:32:07 - SyncCompt - 17173708
20150811 - 14:32:01 - SyncStart - 17173708
20150811 - 14:32:05 - SyncSuccd - 0
20150811 - 14:32:05 - SyncCompt - 17173708
