20150121 - 13:46:30 - SyncStart - 5120
20150121 - 13:46:32 - SyncStart - 5120
20150121 - 13:46:30 - SyncStart - 5120
20150121 - 13:46:32 - SyncStart - 5120
20150121 - 20:24:58 - SyncStart - 34619392
20150121 - 20:25:19 - SyncSuccd - 0
20150121 - 20:25:20 - SyncCompt - 34619392
20150122 - 06:12:05 - SyncStart - 34619392
20150122 - 06:12:32 - SyncSuccd - 0
20150122 - 06:12:33 - SyncCompt - 34619392
20150123 - 06:12:08 - SyncStart - 34619392
20150123 - 06:12:27 - SyncSuccd - 0
20150123 - 06:12:28 - SyncCompt - 34619392
20150124 - 06:12:08 - SyncStart - 34619392
20150124 - 06:12:29 - SyncSuccd - 0
20150124 - 06:12:30 - SyncCompt - 34619392
20150124 - 16:12:08 - SyncStart - 34619392
20150124 - 16:12:30 - SyncSuccd - 0
20150124 - 16:12:30 - SyncCompt - 34619392
20150125 - 06:12:09 - SyncStart - 34619392
20150125 - 06:12:29 - SyncSuccd - 0
20150125 - 06:12:30 - SyncCompt - 34619392
20150125 - 16:12:08 - SyncStart - 34619392
20150125 - 16:12:29 - SyncSuccd - 0
20150125 - 16:12:29 - SyncCompt - 34619392
20150126 - 06:12:08 - SyncStart - 34619392
20150126 - 06:20:23 - SyncSuccd - 0
20150126 - 06:20:23 - SyncCompt - 34624512
20150126 - 16:12:07 - SyncStart - 34624512
20150126 - 16:12:27 - SyncSuccd - 0
20150126 - 16:12:28 - SyncCompt - 34624512
20150127 - 06:12:07 - SyncStart - 34624512
20150127 - 06:12:28 - SyncSuccd - 0
20150127 - 06:12:29 - SyncCompt - 34624512
20150127 - 16:12:08 - SyncStart - 34624512
20150127 - 16:12:38 - SyncSuccd - 0
20150127 - 16:12:39 - SyncCompt - 34624512
20150128 - 06:12:08 - SyncStart - 34624512
20150128 - 06:12:30 - SyncSuccd - 0
20150128 - 06:12:30 - SyncCompt - 34624512
20150128 - 16:12:09 - SyncStart - 34624512
20150128 - 16:12:28 - SyncSuccd - 0
20150128 - 16:12:29 - SyncCompt - 34624512
20150129 - 06:12:09 - SyncStart - 34624512
20150129 - 06:14:37 - SyncSuccd - 0
20150129 - 06:14:37 - SyncCompt - 34641920
20150129 - 16:12:08 - SyncStart - 34641920
20150129 - 16:12:29 - SyncSuccd - 0
20150129 - 16:12:30 - SyncCompt - 34641920
20150130 - 06:12:08 - SyncStart - 34641920
20150130 - 06:13:12 - SyncSuccd - 0
20150130 - 06:13:13 - SyncCompt - 34648064
20150130 - 16:12:08 - SyncStart - 34648064
20150130 - 16:12:30 - SyncSuccd - 0
20150130 - 16:12:30 - SyncCompt - 34648064
20150131 - 06:12:09 - SyncStart - 34648064
20150131 - 06:13:36 - SyncSuccd - 0
20150131 - 06:13:37 - SyncCompt - 34654208
20150131 - 16:12:13 - SyncStart - 34654208
20150131 - 16:21:18 - SyncSuccd - 0
20150131 - 16:21:21 - SyncCompt - 34654208
20150201 - 06:12:09 - SyncStart - 34654208
20150201 - 06:13:12 - SyncSuccd - 0
20150201 - 06:13:12 - SyncCompt - 34660352
20150201 - 16:12:07 - SyncStart - 34660352
20150201 - 16:12:29 - SyncSuccd - 0
20150201 - 16:12:29 - SyncCompt - 34660352
20150202 - 06:12:09 - SyncStart - 34660352
20150202 - 06:18:53 - SyncSuccd - 0
20150202 - 06:18:54 - SyncCompt - 34663424
20150202 - 16:12:11 - SyncStart - 34663424
20150202 - 16:12:45 - SyncSuccd - 0
20150202 - 16:12:46 - SyncCompt - 34663424
20150203 - 06:12:12 - SyncStart - 34663424
20150203 - 06:13:48 - SyncSuccd - 0
20150203 - 06:13:49 - SyncCompt - 34669568
20150203 - 16:12:10 - SyncStart - 34669568
20150203 - 16:12:31 - SyncSuccd - 0
20150203 - 16:12:32 - SyncCompt - 34669568
20150204 - 06:12:13 - SyncStart - 34669568
20150204 - 06:26:42 - SyncSuccd - 0
20150204 - 06:26:43 - SyncCompt - 34681856
20150204 - 16:12:11 - SyncStart - 34681856
20150204 - 16:12:30 - SyncSuccd - 0
20150204 - 16:12:31 - SyncCompt - 34681856
20150205 - 06:12:10 - SyncStart - 34681856
20150205 - 06:12:56 - SyncSuccd - 0
20150205 - 06:12:56 - SyncCompt - 34681856
20150205 - 16:12:03 - SyncStart - 34681856
20150205 - 16:12:25 - SyncSuccd - 0
20150205 - 16:12:26 - SyncCompt - 34681856
20150206 - 06:12:12 - SyncStart - 34681856
20150206 - 06:19:51 - SyncSuccd - 0
20150206 - 06:19:51 - SyncCompt - 34681856
20150206 - 16:12:03 - SyncStart - 34681856
20150206 - 16:12:30 - SyncSuccd - 0
20150206 - 16:12:31 - SyncCompt - 34681856
20150207 - 06:12:13 - SyncStart - 34681856
20150207 - 06:12:38 - SyncSuccd - 0
20150207 - 06:12:38 - SyncCompt - 34681856
20150207 - 16:12:12 - SyncStart - 34681856
20150207 - 16:12:31 - SyncSuccd - 0
20150207 - 16:12:32 - SyncCompt - 34681856
20150208 - 06:12:10 - SyncStart - 34681856
20150208 - 06:12:30 - SyncSuccd - 0
20150208 - 06:12:31 - SyncCompt - 34681856
20150208 - 16:12:13 - SyncStart - 34681856
20150208 - 16:12:32 - SyncSuccd - 0
20150208 - 16:12:33 - SyncCompt - 34681856
20150209 - 06:12:10 - SyncStart - 34681856
20150209 - 06:12:32 - SyncSuccd - 0
20150209 - 06:12:33 - SyncCompt - 34681856
20150209 - 18:45:43 - SyncStart - 34681856
20150209 - 18:46:05 - SyncSuccd - 0
20150209 - 18:46:22 - SyncCompt - 34681856
20150209 - 20:09:58 - SyncStart - 34681856
20150209 - 20:09:58 - SyncStart - 34681856
20150209 - 20:10:18 - SyncSuccd - 0
20150209 - 20:10:19 - SyncCompt - 34681856
20150209 - 20:10:22 - SyncSuccd - 0
20150209 - 20:10:23 - SyncCompt - 34681856
20150210 - 06:12:11 - SyncStart - 34681856
20150210 - 06:12:31 - SyncSuccd - 0
20150210 - 06:12:31 - SyncCompt - 34681856
20150210 - 16:12:09 - SyncStart - 34681856
20150210 - 16:12:30 - SyncSuccd - 0
20150210 - 16:12:30 - SyncCompt - 34681856
20150211 - 06:12:12 - SyncStart - 34681856
20150211 - 06:12:37 - SyncSuccd - 0
20150211 - 06:12:38 - SyncCompt - 34681856
20150211 - 16:12:10 - SyncStart - 34681856
20150211 - 16:12:30 - SyncSuccd - 0
20150211 - 16:12:31 - SyncCompt - 34681856
20150212 - 06:12:12 - SyncStart - 34681856
20150212 - 06:12:34 - SyncSuccd - 0
20150212 - 06:12:34 - SyncCompt - 34681856
20150212 - 16:12:08 - SyncStart - 34681856
20150212 - 16:12:31 - SyncSuccd - 0
20150212 - 16:12:31 - SyncCompt - 34681856
20150213 - 06:12:08 - SyncStart - 34681856
20150213 - 06:12:28 - SyncSuccd - 0
20150213 - 06:12:29 - SyncCompt - 34681856
20150213 - 16:12:08 - SyncStart - 34681856
20150213 - 16:12:28 - SyncSuccd - 0
20150213 - 16:12:29 - SyncCompt - 34681856
20150214 - 06:12:08 - SyncStart - 34681856
20150214 - 06:12:28 - SyncSuccd - 0
20150214 - 06:12:29 - SyncCompt - 34681856
20150214 - 16:12:08 - SyncStart - 34681856
20150214 - 16:12:27 - SyncSuccd - 0
20150214 - 16:12:28 - SyncCompt - 34681856
20150215 - 06:12:08 - SyncStart - 34681856
20150215 - 06:19:00 - SyncSuccd - 0
20150215 - 06:19:01 - SyncCompt - 34681856
20150215 - 16:12:07 - SyncStart - 34681856
20150215 - 16:12:37 - SyncSuccd - 0
20150215 - 16:12:37 - SyncCompt - 34681856
20150216 - 06:12:08 - SyncStart - 34681856
20150216 - 06:12:39 - SyncSuccd - 0
20150216 - 06:12:40 - SyncCompt - 34681856
20150216 - 16:12:09 - SyncStart - 34681856
20150216 - 16:12:29 - SyncSuccd - 0
20150216 - 16:12:30 - SyncCompt - 34681856
20150217 - 06:12:08 - SyncStart - 34681856
20150217 - 06:12:28 - SyncSuccd - 0
20150217 - 06:12:29 - SyncCompt - 34681856
20150217 - 16:12:08 - SyncStart - 34681856
20150217 - 16:13:17 - SyncSuccd - 0
20150217 - 16:13:18 - SyncCompt - 34681856
20150218 - 06:12:07 - SyncStart - 34681856
20150218 - 06:12:33 - SyncSuccd - 0
20150218 - 06:12:34 - SyncCompt - 34681856
20150218 - 16:12:07 - SyncStart - 34681856
20150218 - 16:12:08 - SyncError - 10
20150218 - 16:13:09 - SyncCompt - 34681856
20150218 - 16:13:09 - SyncStart - 34681856
20150218 - 16:13:10 - SyncError - 10
20150218 - 16:14:11 - SyncCompt - 34681856
20150218 - 16:14:11 - SyncStart - 34681856
20150218 - 16:14:31 - SyncSuccd - 0
20150218 - 16:14:32 - SyncCompt - 34681856
20150219 - 06:12:08 - SyncStart - 34681856
20150219 - 06:13:43 - SyncSuccd - 0
20150219 - 06:13:44 - SyncCompt - 34681856
20150219 - 16:12:08 - SyncStart - 34681856
20150219 - 16:12:28 - SyncSuccd - 0
20150219 - 16:12:29 - SyncCompt - 34681856
20150220 - 06:12:08 - SyncStart - 34681856
20150220 - 06:13:01 - SyncSuccd - 0
20150220 - 06:13:02 - SyncCompt - 34680832
20150220 - 16:12:06 - SyncStart - 34680832
20150220 - 16:12:26 - SyncSuccd - 0
20150220 - 16:12:27 - SyncCompt - 34680832
20150221 - 06:12:09 - SyncStart - 34680832
20150221 - 06:12:32 - SyncSuccd - 0
20150221 - 06:12:33 - SyncCompt - 34680832
20150221 - 16:12:07 - SyncStart - 34680832
20150221 - 16:12:27 - SyncSuccd - 0
20150221 - 16:12:28 - SyncCompt - 34680832
20150222 - 06:12:09 - SyncStart - 34680832
20150222 - 06:12:33 - SyncSuccd - 0
20150222 - 06:12:34 - SyncCompt - 34680832
20150222 - 16:12:08 - SyncStart - 34680832
20150222 - 16:12:28 - SyncSuccd - 0
20150222 - 16:12:29 - SyncCompt - 34680832
20150223 - 06:12:09 - SyncStart - 34680832
20150223 - 06:12:32 - SyncSuccd - 0
20150223 - 06:12:33 - SyncCompt - 34680832
20150223 - 16:12:07 - SyncStart - 34680832
20150223 - 16:12:32 - SyncSuccd - 0
20150223 - 16:12:32 - SyncCompt - 34680832
20150224 - 06:12:08 - SyncStart - 34680832
20150224 - 06:16:15 - SyncSuccd - 0
20150224 - 06:16:16 - SyncCompt - 34680832
20150224 - 16:12:08 - SyncStart - 34680832
20150224 - 16:12:09 - SyncError - 10
20150224 - 16:13:10 - SyncCompt - 34680832
20150224 - 16:13:11 - SyncStart - 34680832
20150224 - 16:13:11 - SyncError - 10
20150224 - 16:14:12 - SyncCompt - 34680832
20150224 - 16:14:12 - SyncStart - 34680832
20150224 - 16:14:36 - SyncSuccd - 0
20150224 - 16:14:37 - SyncCompt - 34680832
20150225 - 06:12:08 - SyncStart - 34680832
20150225 - 06:13:08 - SyncSuccd - 0
20150225 - 06:13:09 - SyncCompt - 34683904
20150225 - 16:12:08 - SyncStart - 34683904
20150225 - 16:12:20 - SyncError - 10
20150225 - 16:13:21 - SyncCompt - 34683904
20150225 - 16:13:21 - SyncStart - 34683904
20150225 - 16:13:22 - SyncError - 10
20150225 - 16:14:23 - SyncCompt - 34683904
20150225 - 16:14:24 - SyncStart - 34683904
20150225 - 16:14:43 - SyncSuccd - 0
20150225 - 16:14:44 - SyncCompt - 34683904
20150226 - 06:12:08 - SyncStart - 34683904
20150226 - 06:13:46 - SyncSuccd - 0
20150226 - 06:13:47 - SyncCompt - 34692096
20150226 - 16:12:08 - SyncStart - 34692096
20150226 - 16:12:28 - SyncSuccd - 0
20150226 - 16:12:29 - SyncCompt - 34692096
20150227 - 06:12:09 - SyncStart - 34692096
20150227 - 06:15:58 - SyncSuccd - 0
20150227 - 06:15:59 - SyncCompt - 34727936
20150227 - 16:12:08 - SyncStart - 34727936
20150227 - 16:12:11 - SyncError - 10
20150227 - 16:13:12 - SyncCompt - 34727936
20150227 - 16:13:13 - SyncStart - 34727936
20150227 - 16:13:13 - SyncError - 10
20150227 - 16:14:14 - SyncCompt - 34727936
20150227 - 16:14:15 - SyncStart - 34727936
20150227 - 16:14:16 - SyncError - 10
20150227 - 16:15:17 - SyncCompt - 34727936
20150227 - 16:15:18 - SyncStart - 34727936
20150227 - 16:15:18 - SyncError - 10
20150227 - 16:16:19 - SyncCompt - 34727936
20150227 - 16:16:20 - SyncStart - 34727936
20150227 - 16:16:21 - SyncError - 10
20150227 - 16:17:22 - SyncCompt - 34727936
20150227 - 22:53:07 - SyncStart - 34727936
20150227 - 22:53:47 - SyncSuccd - 0
20150227 - 22:53:48 - SyncCompt - 34727936
20150228 - 06:12:09 - SyncStart - 34727936
20150228 - 06:12:19 - SyncError - 10
20150228 - 06:13:20 - SyncCompt - 34727936
20150228 - 06:13:21 - SyncStart - 34727936
20150228 - 06:55:55 - SyncSuccd - 0
20150228 - 06:55:56 - SyncCompt - 34729984
20150228 - 16:12:07 - SyncStart - 34729984
20150228 - 16:12:32 - SyncSuccd - 0
20150228 - 16:12:34 - SyncCompt - 34729984
20150301 - 06:12:09 - SyncStart - 34729984
20150301 - 06:12:39 - SyncSuccd - 0
20150301 - 06:12:40 - SyncCompt - 34729984
20150301 - 16:12:07 - SyncStart - 34729984
20150301 - 16:12:27 - SyncSuccd - 0
20150301 - 16:12:28 - SyncCompt - 34729984
20150302 - 06:12:08 - SyncStart - 34729984
20150302 - 06:12:27 - SyncSuccd - 0
20150302 - 06:12:28 - SyncCompt - 34729984
20150302 - 16:12:09 - SyncStart - 34729984
20150302 - 16:12:29 - SyncSuccd - 0
20150302 - 16:12:30 - SyncCompt - 34729984
20150303 - 06:12:09 - SyncStart - 34729984
20150303 - 06:55:13 - SyncSuccd - 0
20150303 - 06:55:14 - SyncCompt - 35041280
20150303 - 16:12:10 - SyncStart - 35041280
20150303 - 16:12:34 - SyncSuccd - 0
20150303 - 16:12:36 - SyncCompt - 35041280
20150304 - 06:12:09 - SyncStart - 35041280
20150304 - 06:12:45 - SyncSuccd - 0
20150304 - 06:12:46 - SyncCompt - 35041280
20150304 - 16:12:11 - SyncStart - 35041280
20150304 - 16:12:33 - SyncSuccd - 0
20150304 - 16:12:35 - SyncCompt - 35041280
20150305 - 06:12:12 - SyncStart - 35041280
20150305 - 06:12:35 - SyncSuccd - 0
20150305 - 06:12:36 - SyncCompt - 35041280
20150305 - 16:12:11 - SyncStart - 35041280
20150305 - 16:12:32 - SyncSuccd - 0
20150305 - 16:12:33 - SyncCompt - 35041280
20150306 - 06:12:13 - SyncStart - 35041280
20150306 - 06:13:42 - SyncSuccd - 0
20150306 - 06:13:43 - SyncCompt - 35051520
20150306 - 16:12:11 - SyncStart - 35051520
20150306 - 16:12:35 - SyncSuccd - 0
20150306 - 16:12:36 - SyncCompt - 35051520
20150307 - 06:12:11 - SyncStart - 35051520
20150307 - 06:12:12 - SyncError - 10
20150307 - 06:13:13 - SyncCompt - 35051520
20150307 - 06:13:13 - SyncStart - 35051520
20150307 - 06:13:33 - SyncSuccd - 0
20150307 - 06:13:34 - SyncCompt - 35051520
20150307 - 16:12:12 - SyncStart - 35051520
20150307 - 16:12:45 - SyncSuccd - 0
20150307 - 16:12:46 - SyncCompt - 35051520
20150308 - 06:12:10 - SyncStart - 35051520
20150308 - 06:12:12 - SyncError - 10
20150308 - 06:13:13 - SyncCompt - 35051520
20150308 - 06:13:14 - SyncStart - 35051520
20150308 - 06:13:14 - SyncError - 10
20150308 - 06:14:15 - SyncCompt - 35051520
20150308 - 06:14:16 - SyncStart - 35051520
20150308 - 06:14:36 - SyncSuccd - 0
20150308 - 06:14:37 - SyncCompt - 35051520
20150308 - 16:12:11 - SyncStart - 35051520
20150308 - 16:13:16 - SyncSuccd - 0
20150308 - 16:13:17 - SyncCompt - 35051520
20150309 - 06:12:12 - SyncStart - 35051520
20150309 - 06:47:26 - SyncSuccd - 0
20150309 - 06:47:27 - SyncCompt - 34925568
20150309 - 16:12:10 - SyncStart - 34925568
20150309 - 16:12:29 - SyncSuccd - 0
20150309 - 16:12:30 - SyncCompt - 34925568
20150310 - 06:12:12 - SyncStart - 34925568
20150310 - 06:12:13 - SyncError - 10
20150310 - 06:13:14 - SyncCompt - 34925568
20150310 - 06:13:15 - SyncStart - 34925568
20150310 - 06:13:15 - SyncError - 10
20150310 - 06:14:16 - SyncCompt - 34925568
20150310 - 06:14:17 - SyncStart - 34925568
20150310 - 06:23:53 - SyncSuccd - 0
20150310 - 06:23:54 - SyncCompt - 34925568
20150310 - 16:12:12 - SyncStart - 34925568
20150310 - 16:12:40 - SyncSuccd - 0
20150310 - 16:12:41 - SyncCompt - 34925568
20150311 - 06:12:13 - SyncStart - 34925568
20150311 - 06:21:14 - SyncSuccd - 0
20150311 - 06:21:15 - SyncCompt - 35009536
20150311 - 16:12:11 - SyncStart - 35009536
20150311 - 16:12:30 - SyncSuccd - 0
20150311 - 16:12:31 - SyncCompt - 35009536
20150312 - 06:12:10 - SyncStart - 35009536
20150312 - 06:23:59 - SyncSuccd - 0
20150312 - 06:24:00 - SyncCompt - 35025920
20150312 - 16:12:12 - SyncStart - 35025920
20150312 - 16:12:32 - SyncSuccd - 0
20150312 - 16:12:33 - SyncCompt - 35025920
20150313 - 06:12:11 - SyncStart - 35025920
20150313 - 06:13:11 - SyncSuccd - 0
20150313 - 06:13:12 - SyncCompt - 35031040
20150313 - 16:12:13 - SyncStart - 35031040
20150313 - 16:12:38 - SyncSuccd - 0
20150313 - 16:12:39 - SyncCompt - 35031040
20150314 - 06:12:11 - SyncStart - 35031040
20150314 - 06:12:40 - SyncSuccd - 0
20150314 - 06:12:41 - SyncCompt - 35042304
20150314 - 16:12:08 - SyncStart - 35042304
20150314 - 16:12:29 - SyncSuccd - 0
20150314 - 16:12:30 - SyncCompt - 35042304
20150315 - 06:12:09 - SyncStart - 35042304
20150315 - 06:20:05 - SyncSuccd - 0
20150315 - 06:20:06 - SyncCompt - 35040256
20150315 - 16:12:09 - SyncStart - 35040256
20150315 - 16:12:29 - SyncSuccd - 0
20150315 - 16:12:30 - SyncCompt - 35040256
20150316 - 06:12:09 - SyncStart - 35040256
20150316 - 06:12:28 - SyncSuccd - 0
20150316 - 06:12:29 - SyncCompt - 35040256
20150316 - 16:12:09 - SyncStart - 35040256
20150316 - 16:12:30 - SyncSuccd - 0
20150316 - 16:12:31 - SyncCompt - 35040256
20150317 - 06:12:09 - SyncStart - 35040256
20150317 - 06:12:29 - SyncSuccd - 0
20150317 - 06:12:30 - SyncCompt - 35040256
20150317 - 16:12:09 - SyncStart - 35040256
20150317 - 16:12:29 - SyncSuccd - 0
20150317 - 16:12:30 - SyncCompt - 35040256
20150318 - 06:12:10 - SyncStart - 35040256
20150318 - 06:12:29 - SyncSuccd - 0
20150318 - 06:12:30 - SyncCompt - 35040256
20150318 - 16:12:09 - SyncStart - 35040256
20150318 - 16:12:29 - SyncSuccd - 0
20150318 - 16:12:30 - SyncCompt - 35040256
20150319 - 06:12:09 - SyncStart - 35040256
20150319 - 06:12:28 - SyncSuccd - 0
20150319 - 06:12:29 - SyncCompt - 35040256
20150319 - 16:12:08 - SyncStart - 35040256
20150319 - 16:12:29 - SyncSuccd - 0
20150319 - 16:12:30 - SyncCompt - 35040256
20150320 - 06:12:09 - SyncStart - 35040256
20150320 - 06:12:39 - SyncSuccd - 0
20150320 - 06:12:40 - SyncCompt - 35040256
20150320 - 16:12:08 - SyncStart - 35040256
20150320 - 16:12:28 - SyncSuccd - 0
20150320 - 16:12:29 - SyncCompt - 35040256
20150321 - 06:12:09 - SyncStart - 35040256
20150321 - 06:14:05 - SyncSuccd - 0
20150321 - 06:14:06 - SyncCompt - 35040256
20150321 - 16:12:08 - SyncStart - 35040256
20150321 - 16:12:28 - SyncSuccd - 0
20150321 - 16:12:29 - SyncCompt - 35040256
20150322 - 06:12:08 - SyncStart - 35040256
20150322 - 06:12:27 - SyncSuccd - 0
20150322 - 06:12:28 - SyncCompt - 35040256
20150322 - 16:12:07 - SyncStart - 35040256
20150322 - 16:12:27 - SyncSuccd - 0
20150322 - 16:12:28 - SyncCompt - 35040256
20150323 - 06:12:09 - SyncStart - 35040256
20150323 - 06:12:29 - SyncSuccd - 0
20150323 - 06:12:30 - SyncCompt - 35040256
20150323 - 16:12:08 - SyncStart - 35040256
20150323 - 16:12:32 - SyncSuccd - 0
20150323 - 16:12:33 - SyncCompt - 35040256
20150324 - 06:12:09 - SyncStart - 35040256
20150324 - 06:38:06 - SyncSuccd - 0
20150324 - 06:38:07 - SyncCompt - 35038208
20150324 - 16:12:08 - SyncStart - 35038208
20150324 - 16:12:28 - SyncSuccd - 0
20150324 - 16:12:29 - SyncCompt - 35038208
20150325 - 06:12:08 - SyncStart - 35038208
20150325 - 06:12:28 - SyncSuccd - 0
20150325 - 06:12:29 - SyncCompt - 35038208
20150325 - 16:12:09 - SyncStart - 35038208
20150325 - 16:12:29 - SyncSuccd - 0
20150325 - 16:12:30 - SyncCompt - 35038208
20150326 - 06:12:09 - SyncStart - 35038208
20150326 - 06:12:44 - SyncSuccd - 0
20150326 - 06:12:45 - SyncCompt - 35041280
20150326 - 16:12:08 - SyncStart - 35041280
20150326 - 16:12:27 - SyncSuccd - 0
20150326 - 16:12:28 - SyncCompt - 35041280
20150327 - 06:12:09 - SyncStart - 35041280
20150327 - 06:12:29 - SyncSuccd - 0
20150327 - 06:12:30 - SyncCompt - 35041280
20150327 - 16:12:09 - SyncStart - 35041280
20150327 - 16:12:30 - SyncSuccd - 0
20150327 - 16:12:30 - SyncCompt - 35041280
20150328 - 06:12:09 - SyncStart - 35041280
20150328 - 06:12:29 - SyncSuccd - 0
20150328 - 06:12:30 - SyncCompt - 35041280
20150328 - 16:12:09 - SyncStart - 35041280
20150328 - 16:12:29 - SyncSuccd - 0
20150328 - 16:12:30 - SyncCompt - 35041280
20150329 - 06:12:09 - SyncStart - 35041280
20150329 - 06:12:29 - SyncSuccd - 0
20150329 - 06:12:30 - SyncCompt - 35041280
20150329 - 16:12:10 - SyncStart - 35041280
20150329 - 16:12:30 - SyncSuccd - 0
20150329 - 16:12:31 - SyncCompt - 35041280
20150330 - 06:12:09 - SyncStart - 35041280
20150330 - 06:12:30 - SyncSuccd - 0
20150330 - 06:12:31 - SyncCompt - 35041280
20150330 - 16:12:09 - SyncStart - 35041280
20150330 - 16:12:29 - SyncSuccd - 0
20150330 - 16:12:30 - SyncCompt - 35041280
20150331 - 06:12:08 - SyncStart - 35041280
20150331 - 06:12:50 - SyncSuccd - 0
20150331 - 06:12:51 - SyncCompt - 35044352
20150331 - 16:12:09 - SyncStart - 35044352
20150331 - 16:12:29 - SyncSuccd - 0
20150331 - 16:12:30 - SyncCompt - 35044352
20150401 - 06:12:08 - SyncStart - 35044352
20150401 - 06:46:21 - SyncSuccd - 0
20150401 - 06:46:22 - SyncCompt - 35097600
20150401 - 16:12:09 - SyncStart - 35097600
20150401 - 16:12:46 - SyncSuccd - 0
20150401 - 16:12:47 - SyncCompt - 35101696
20150402 - 06:12:09 - SyncStart - 35101696
20150402 - 06:12:29 - SyncSuccd - 0
20150402 - 06:12:30 - SyncCompt - 35101696
20150402 - 16:12:10 - SyncStart - 35101696
20150402 - 16:12:28 - SyncSuccd - 0
20150402 - 16:12:30 - SyncCompt - 35101696
20150403 - 06:12:09 - SyncStart - 35101696
20150403 - 06:12:28 - SyncSuccd - 0
20150403 - 06:12:29 - SyncCompt - 35101696
20150403 - 16:12:11 - SyncStart - 35101696
20150403 - 16:12:31 - SyncSuccd - 0
20150403 - 16:12:32 - SyncCompt - 35101696
20150404 - 06:12:13 - SyncStart - 35101696
20150404 - 06:12:45 - SyncSuccd - 0
20150404 - 06:12:46 - SyncCompt - 35101696
20150404 - 16:12:09 - SyncStart - 35101696
20150404 - 16:12:28 - SyncSuccd - 0
20150404 - 16:12:30 - SyncCompt - 35101696
20150405 - 06:12:14 - SyncStart - 35101696
20150405 - 06:12:34 - SyncSuccd - 0
20150405 - 06:12:34 - SyncCompt - 35101696
20150405 - 16:12:12 - SyncStart - 35101696
20150405 - 16:12:31 - SyncSuccd - 0
20150405 - 16:12:32 - SyncCompt - 35101696
20150406 - 06:12:11 - SyncStart - 35101696
20150406 - 06:12:30 - SyncSuccd - 0
20150406 - 06:12:31 - SyncCompt - 35101696
20150406 - 16:12:13 - SyncStart - 35101696
20150406 - 16:17:33 - SyncSuccd - 0
20150406 - 16:17:34 - SyncCompt - 35101696
20150407 - 06:12:11 - SyncStart - 35101696
20150407 - 06:12:48 - SyncSuccd - 0
20150407 - 06:12:49 - SyncCompt - 35093504
20150407 - 16:12:12 - SyncStart - 35093504
20150407 - 16:12:32 - SyncSuccd - 0
20150407 - 16:12:33 - SyncCompt - 35093504
20150408 - 06:12:12 - SyncStart - 35093504
20150408 - 06:12:35 - SyncSuccd - 0
20150408 - 06:12:36 - SyncCompt - 35088384
20150408 - 16:12:11 - SyncStart - 35088384
20150408 - 16:12:31 - SyncSuccd - 0
20150408 - 16:12:32 - SyncCompt - 35088384
20150409 - 06:12:14 - SyncStart - 35088384
20150409 - 06:12:34 - SyncSuccd - 0
20150409 - 06:12:35 - SyncCompt - 35088384
20150409 - 16:12:11 - SyncStart - 35088384
20150409 - 16:12:31 - SyncSuccd - 0
20150409 - 16:12:32 - SyncCompt - 35088384
20150410 - 06:12:13 - SyncStart - 35088384
20150410 - 06:15:19 - SyncSuccd - 0
20150410 - 06:15:20 - SyncCompt - 35088384
20150410 - 16:12:11 - SyncStart - 35088384
20150410 - 16:12:30 - SyncSuccd - 0
20150410 - 16:12:32 - SyncCompt - 35088384
20150411 - 06:12:10 - SyncStart - 35088384
20150411 - 06:12:30 - SyncSuccd - 0
20150411 - 06:12:30 - SyncCompt - 35088384
20150411 - 16:12:13 - SyncStart - 35088384
20150411 - 16:12:32 - SyncSuccd - 0
20150411 - 16:12:33 - SyncCompt - 35088384
20150412 - 06:12:11 - SyncStart - 35088384
20150412 - 06:12:30 - SyncSuccd - 0
20150412 - 06:12:31 - SyncCompt - 35088384
20150412 - 16:12:13 - SyncStart - 35088384
20150412 - 16:12:33 - SyncSuccd - 0
20150412 - 16:12:34 - SyncCompt - 35088384
20150413 - 06:12:12 - SyncStart - 35088384
20150413 - 06:12:32 - SyncSuccd - 0
20150413 - 06:12:33 - SyncCompt - 35088384
20150413 - 16:12:09 - SyncStart - 35088384
20150413 - 16:12:29 - SyncSuccd - 0
20150413 - 16:12:31 - SyncCompt - 35088384
20150414 - 06:12:09 - SyncStart - 35088384
20150414 - 06:12:29 - SyncSuccd - 0
20150414 - 06:12:30 - SyncCompt - 35088384
20150414 - 16:12:09 - SyncStart - 35088384
20150414 - 16:12:29 - SyncSuccd - 0
20150414 - 16:12:30 - SyncCompt - 35088384
20150415 - 06:12:09 - SyncStart - 35088384
20150415 - 06:12:29 - SyncSuccd - 0
20150415 - 06:12:30 - SyncCompt - 35088384
20150415 - 16:12:08 - SyncStart - 35088384
20150415 - 16:12:28 - SyncSuccd - 0
20150415 - 16:12:29 - SyncCompt - 35088384
20150416 - 06:12:08 - SyncStart - 35088384
20150416 - 06:12:28 - SyncSuccd - 0
20150416 - 06:12:29 - SyncCompt - 35088384
20150416 - 16:12:09 - SyncStart - 35088384
20150416 - 16:12:28 - SyncSuccd - 0
20150416 - 16:12:29 - SyncCompt - 35088384
20150417 - 06:12:09 - SyncStart - 35088384
20150417 - 06:12:29 - SyncSuccd - 0
20150417 - 06:12:30 - SyncCompt - 35088384
20150417 - 16:12:09 - SyncStart - 35088384
20150417 - 16:12:29 - SyncSuccd - 0
20150417 - 16:12:30 - SyncCompt - 35088384
20150418 - 06:12:08 - SyncStart - 35088384
20150418 - 06:12:28 - SyncSuccd - 0
20150418 - 06:12:29 - SyncCompt - 35088384
20150418 - 16:12:08 - SyncStart - 35088384
20150418 - 16:12:28 - SyncSuccd - 0
20150418 - 16:12:29 - SyncCompt - 35088384
20150419 - 06:12:09 - SyncStart - 35088384
20150419 - 06:12:29 - SyncSuccd - 0
20150419 - 06:12:30 - SyncCompt - 35088384
20150419 - 16:12:08 - SyncStart - 35088384
20150419 - 16:12:28 - SyncSuccd - 0
20150419 - 16:12:29 - SyncCompt - 35088384
20150420 - 06:12:09 - SyncStart - 35088384
20150420 - 06:12:30 - SyncSuccd - 0
20150420 - 06:12:31 - SyncCompt - 35088384
20150420 - 16:12:10 - SyncStart - 35088384
20150420 - 16:12:30 - SyncSuccd - 0
20150420 - 16:12:31 - SyncCompt - 35088384
20150421 - 06:12:09 - SyncStart - 35088384
20150421 - 06:12:29 - SyncSuccd - 0
20150421 - 06:12:30 - SyncCompt - 35088384
20150421 - 16:12:10 - SyncStart - 35088384
20150421 - 16:12:30 - SyncSuccd - 0
20150421 - 16:12:31 - SyncCompt - 35088384
20150422 - 06:12:09 - SyncStart - 35088384
20150422 - 06:12:29 - SyncSuccd - 0
20150422 - 06:12:30 - SyncCompt - 35088384
20150422 - 16:12:10 - SyncStart - 35088384
20150422 - 16:12:30 - SyncSuccd - 0
20150422 - 16:12:31 - SyncCompt - 35088384
20150423 - 06:12:09 - SyncStart - 35088384
20150423 - 06:12:29 - SyncSuccd - 0
20150423 - 06:12:30 - SyncCompt - 35088384
20150423 - 16:12:09 - SyncStart - 35088384
20150423 - 16:12:29 - SyncSuccd - 0
20150423 - 16:12:31 - SyncCompt - 35088384
20150424 - 06:12:09 - SyncStart - 35088384
20150424 - 06:12:28 - SyncSuccd - 0
20150424 - 06:12:29 - SyncCompt - 35088384
20150424 - 16:12:09 - SyncStart - 35088384
20150424 - 16:12:39 - SyncSuccd - 0
20150424 - 16:12:40 - SyncCompt - 35088384
20150425 - 06:12:07 - SyncStart - 35088384
20150425 - 06:12:28 - SyncSuccd - 0
20150425 - 06:12:29 - SyncCompt - 35088384
20150425 - 16:12:09 - SyncStart - 35088384
20150425 - 16:12:29 - SyncSuccd - 0
20150425 - 16:12:30 - SyncCompt - 35088384
20150426 - 06:12:09 - SyncStart - 35088384
20150426 - 06:12:29 - SyncSuccd - 0
20150426 - 06:12:30 - SyncCompt - 35088384
20150426 - 16:12:09 - SyncStart - 35088384
20150426 - 16:12:29 - SyncSuccd - 0
20150426 - 16:12:30 - SyncCompt - 35088384
20150427 - 06:12:09 - SyncStart - 35088384
20150427 - 06:12:29 - SyncSuccd - 0
20150427 - 06:12:30 - SyncCompt - 35088384
20150427 - 16:12:09 - SyncStart - 35088384
20150427 - 16:12:29 - SyncSuccd - 0
20150427 - 16:12:30 - SyncCompt - 35088384
20150428 - 06:12:09 - SyncStart - 35088384
20150428 - 07:00:56 - SyncSuccd - 0
20150428 - 07:00:57 - SyncCompt - 34966528
20150428 - 16:12:10 - SyncStart - 34966528
20150428 - 16:12:29 - SyncSuccd - 0
20150428 - 16:12:30 - SyncCompt - 34966528
20150429 - 06:12:08 - SyncStart - 34966528
20150429 - 06:12:27 - SyncSuccd - 0
20150429 - 06:12:28 - SyncCompt - 34966528
20150429 - 16:12:09 - SyncStart - 34966528
20150429 - 16:12:32 - SyncSuccd - 0
20150429 - 16:12:33 - SyncCompt - 34966528
20150430 - 06:12:08 - SyncStart - 34966528
20150430 - 06:12:27 - SyncSuccd - 0
20150430 - 06:12:28 - SyncCompt - 34966528
20150430 - 16:12:09 - SyncStart - 34966528
20150430 - 16:12:29 - SyncSuccd - 0
20150430 - 16:12:30 - SyncCompt - 34966528
20150501 - 06:12:08 - SyncStart - 34966528
20150501 - 06:12:28 - SyncSuccd - 0
20150501 - 06:12:29 - SyncCompt - 34966528
20150501 - 16:12:07 - SyncStart - 34966528
20150501 - 16:12:27 - SyncSuccd - 0
20150501 - 16:12:28 - SyncCompt - 34966528
20150502 - 06:12:10 - SyncStart - 34966528
20150502 - 06:12:29 - SyncSuccd - 0
20150502 - 06:12:30 - SyncCompt - 34966528
20150502 - 16:12:08 - SyncStart - 34966528
20150502 - 16:12:27 - SyncSuccd - 0
20150502 - 16:12:28 - SyncCompt - 34966528
20150503 - 06:12:09 - SyncStart - 34966528
20150503 - 06:12:28 - SyncSuccd - 0
20150503 - 06:12:29 - SyncCompt - 34966528
20150503 - 16:12:09 - SyncStart - 34966528
20150503 - 16:12:29 - SyncSuccd - 0
20150503 - 16:12:30 - SyncCompt - 34966528
20150504 - 06:12:13 - SyncStart - 34966528
20150504 - 06:12:33 - SyncSuccd - 0
20150504 - 06:12:34 - SyncCompt - 34966528
20150504 - 16:12:12 - SyncStart - 34966528
20150504 - 16:12:31 - SyncSuccd - 0
20150504 - 16:12:32 - SyncCompt - 34966528
20150505 - 06:12:13 - SyncStart - 34966528
20150505 - 06:12:32 - SyncSuccd - 0
20150505 - 06:12:33 - SyncCompt - 34966528
20150505 - 16:12:24 - SyncStart - 34966528
20150505 - 16:12:44 - SyncSuccd - 0
20150505 - 16:12:45 - SyncCompt - 34966528
20150506 - 06:12:11 - SyncStart - 34966528
20150506 - 06:12:31 - SyncSuccd - 0
20150506 - 06:12:32 - SyncCompt - 34966528
20150506 - 16:12:25 - SyncStart - 34966528
20150506 - 16:12:45 - SyncSuccd - 0
20150506 - 16:12:46 - SyncCompt - 34966528
20150507 - 06:12:12 - SyncStart - 34966528
20150507 - 06:12:32 - SyncSuccd - 0
20150507 - 06:12:33 - SyncCompt - 34966528
20150507 - 16:12:17 - SyncStart - 34966528
20150507 - 16:12:37 - SyncSuccd - 0
20150507 - 16:12:38 - SyncCompt - 34966528
20150508 - 06:12:10 - SyncStart - 34966528
20150508 - 06:16:00 - SyncSuccd - 0
20150508 - 06:16:00 - SyncCompt - 34993152
20150508 - 16:12:12 - SyncStart - 34993152
20150508 - 16:12:32 - SyncSuccd - 0
20150508 - 16:12:33 - SyncCompt - 34993152
20150509 - 06:12:11 - SyncStart - 34993152
20150509 - 06:12:30 - SyncSuccd - 0
20150509 - 06:12:31 - SyncCompt - 34993152
20150509 - 16:12:13 - SyncStart - 34993152
20150509 - 16:12:33 - SyncSuccd - 0
20150509 - 16:12:35 - SyncCompt - 34993152
20150510 - 06:12:14 - SyncStart - 34993152
20150510 - 06:12:34 - SyncSuccd - 0
20150510 - 06:12:35 - SyncCompt - 34993152
20150510 - 16:12:11 - SyncStart - 34993152
20150510 - 16:12:31 - SyncSuccd - 0
20150510 - 16:12:31 - SyncCompt - 34993152
20150511 - 06:12:13 - SyncStart - 34993152
20150511 - 06:12:32 - SyncSuccd - 0
20150511 - 06:12:33 - SyncCompt - 34993152
20150511 - 16:12:11 - SyncStart - 34993152
20150511 - 16:12:35 - SyncSuccd - 0
20150511 - 16:12:36 - SyncCompt - 35056640
20150512 - 06:12:13 - SyncStart - 35056640
20150512 - 06:13:58 - SyncSuccd - 0
20150512 - 06:13:59 - SyncCompt - 35079168
20150512 - 16:12:15 - SyncStart - 35079168
20150512 - 16:12:35 - SyncSuccd - 0
20150512 - 16:12:36 - SyncCompt - 35079168
20150513 - 06:12:11 - SyncStart - 35079168
20150513 - 06:19:35 - SyncSuccd - 0
20150513 - 06:19:36 - SyncCompt - 35079168
20150513 - 16:12:15 - SyncStart - 35079168
20150513 - 16:12:35 - SyncSuccd - 0
20150513 - 16:12:36 - SyncCompt - 35079168
20150514 - 06:12:08 - SyncStart - 35079168
20150514 - 06:12:29 - SyncSuccd - 0
20150514 - 06:12:30 - SyncCompt - 35079168
20150514 - 16:12:23 - SyncStart - 35079168
20150514 - 16:12:43 - SyncSuccd - 0
20150514 - 16:12:44 - SyncCompt - 35079168
20150515 - 06:12:09 - SyncStart - 35079168
20150515 - 06:12:29 - SyncSuccd - 0
20150515 - 06:12:30 - SyncCompt - 35079168
20150515 - 16:12:19 - SyncStart - 35079168
20150515 - 16:12:39 - SyncSuccd - 0
20150515 - 16:12:40 - SyncCompt - 35079168
20150516 - 06:12:11 - SyncStart - 35079168
20150516 - 06:12:31 - SyncSuccd - 0
20150516 - 06:12:34 - SyncCompt - 35079168
20150516 - 16:12:11 - SyncStart - 35079168
20150516 - 16:12:42 - SyncSuccd - 0
20150516 - 16:12:43 - SyncCompt - 35079168
20150517 - 06:12:09 - SyncStart - 35079168
20150517 - 06:12:29 - SyncSuccd - 0
20150517 - 06:12:30 - SyncCompt - 35079168
20150517 - 16:12:10 - SyncStart - 35079168
20150517 - 16:12:29 - SyncSuccd - 0
20150517 - 16:12:30 - SyncCompt - 35079168
20150518 - 06:12:09 - SyncStart - 35079168
20150518 - 06:12:29 - SyncSuccd - 0
20150518 - 06:12:30 - SyncCompt - 35079168
20150518 - 16:12:11 - SyncStart - 35079168
20150518 - 16:12:31 - SyncSuccd - 0
20150518 - 16:12:32 - SyncCompt - 35079168
20150519 - 06:12:09 - SyncStart - 35079168
20150519 - 06:12:29 - SyncSuccd - 0
20150519 - 06:12:30 - SyncCompt - 35079168
20150519 - 16:12:12 - SyncStart - 35079168
20150519 - 16:12:32 - SyncSuccd - 0
20150519 - 16:12:33 - SyncCompt - 35079168
20150520 - 06:12:09 - SyncStart - 35079168
20150520 - 06:12:29 - SyncSuccd - 0
20150520 - 06:12:30 - SyncCompt - 35079168
20150520 - 16:12:11 - SyncStart - 35079168
20150520 - 16:12:30 - SyncSuccd - 0
20150520 - 16:12:31 - SyncCompt - 35079168
20150521 - 06:12:09 - SyncStart - 35079168
20150521 - 06:12:29 - SyncSuccd - 0
20150521 - 06:12:30 - SyncCompt - 35079168
20150521 - 16:12:09 - SyncStart - 35079168
20150521 - 16:12:30 - SyncSuccd - 0
20150521 - 16:12:31 - SyncCompt - 35079168
20150522 - 06:12:10 - SyncStart - 35079168
20150522 - 06:29:36 - SyncSuccd - 0
20150522 - 06:29:37 - SyncCompt - 35316736
20150522 - 16:12:09 - SyncStart - 35316736
20150522 - 16:12:29 - SyncSuccd - 0
20150522 - 16:12:30 - SyncCompt - 35316736
20150523 - 06:12:10 - SyncStart - 35316736
20150523 - 07:14:13 - SyncSuccd - 0
20150523 - 07:14:14 - SyncCompt - 35393536
20150523 - 16:12:09 - SyncStart - 35393536
20150523 - 16:12:28 - SyncSuccd - 0
20150523 - 16:12:29 - SyncCompt - 35393536
20150524 - 06:12:17 - SyncStart - 35393536
20150524 - 06:12:35 - SyncSuccd - 0
20150524 - 06:12:36 - SyncCompt - 35393536
20150524 - 16:12:10 - SyncStart - 35393536
20150524 - 16:12:29 - SyncSuccd - 0
20150524 - 16:12:30 - SyncCompt - 35393536
20150525 - 06:12:13 - SyncStart - 35393536
20150525 - 06:12:32 - SyncSuccd - 0
20150525 - 06:12:33 - SyncCompt - 35393536
20150525 - 16:12:10 - SyncStart - 35393536
20150525 - 16:12:29 - SyncSuccd - 0
20150525 - 16:12:30 - SyncCompt - 35393536
20150526 - 06:12:17 - SyncStart - 35393536
20150526 - 06:12:36 - SyncSuccd - 0
20150526 - 06:12:37 - SyncCompt - 35393536
20150526 - 16:12:21 - SyncStart - 35393536
20150526 - 16:12:40 - SyncSuccd - 0
20150526 - 16:12:41 - SyncCompt - 35393536
20150527 - 06:12:11 - SyncStart - 35393536
20150527 - 06:12:29 - SyncSuccd - 0
20150527 - 06:12:30 - SyncCompt - 35393536
20150527 - 16:12:10 - SyncStart - 35393536
20150527 - 16:12:50 - SyncSuccd - 0
20150527 - 16:12:50 - SyncCompt - 35393536
20150528 - 06:12:12 - SyncStart - 35393536
20150528 - 06:37:26 - SyncSuccd - 0
20150528 - 06:37:27 - SyncCompt - 35451904
20150528 - 16:12:13 - SyncStart - 35451904
20150528 - 16:12:33 - SyncSuccd - 0
20150528 - 16:12:34 - SyncCompt - 35451904
20150529 - 06:12:10 - SyncStart - 35451904
20150529 - 06:13:16 - SyncSuccd - 0
20150529 - 06:13:17 - SyncCompt - 35458048
20150529 - 16:12:10 - SyncStart - 35458048
20150529 - 16:12:39 - SyncSuccd - 0
20150529 - 16:12:41 - SyncCompt - 35458048
20150530 - 06:12:13 - SyncStart - 35458048
20150530 - 06:19:24 - SyncSuccd - 0
20150530 - 06:19:25 - SyncCompt - 35424256
20150530 - 16:12:13 - SyncStart - 35424256
20150530 - 16:12:32 - SyncSuccd - 0
20150530 - 16:12:33 - SyncCompt - 35424256
20150531 - 06:12:11 - SyncStart - 35424256
20150531 - 06:12:31 - SyncSuccd - 0
20150531 - 06:12:32 - SyncCompt - 35424256
20150531 - 16:12:12 - SyncStart - 35424256
20150531 - 16:12:31 - SyncSuccd - 0
20150531 - 16:12:32 - SyncCompt - 35424256
20150601 - 06:12:12 - SyncStart - 35424256
20150601 - 06:12:32 - SyncSuccd - 0
20150601 - 06:12:33 - SyncCompt - 35424256
20150601 - 16:12:09 - SyncStart - 35424256
20150601 - 16:12:29 - SyncSuccd - 0
20150601 - 16:12:30 - SyncCompt - 35424256
20150602 - 06:12:11 - SyncStart - 35424256
20150602 - 06:12:31 - SyncSuccd - 0
20150602 - 06:12:32 - SyncCompt - 35424256
20150602 - 16:12:13 - SyncStart - 35424256
20150602 - 16:12:32 - SyncSuccd - 0
20150602 - 16:12:33 - SyncCompt - 35424256
20150603 - 06:12:14 - SyncStart - 35424256
20150603 - 06:39:06 - SyncSuccd - 0
20150603 - 06:39:07 - SyncCompt - 35393536
20150603 - 16:12:12 - SyncStart - 35393536
20150603 - 16:13:04 - SyncSuccd - 0
20150603 - 16:13:05 - SyncCompt - 35412992
20150604 - 06:12:10 - SyncStart - 35412992
20150604 - 06:13:59 - SyncSuccd - 0
20150604 - 06:14:00 - SyncCompt - 35421184
20150604 - 16:12:13 - SyncStart - 35421184
20150604 - 16:12:32 - SyncSuccd - 0
20150604 - 16:12:33 - SyncCompt - 35421184
20150605 - 06:12:12 - SyncStart - 35421184
20150605 - 06:12:31 - SyncSuccd - 0
20150605 - 06:12:32 - SyncCompt - 35421184
20150605 - 16:12:17 - SyncStart - 35421184
20150605 - 16:12:37 - SyncSuccd - 0
20150605 - 16:12:38 - SyncCompt - 35421184
20150606 - 06:12:14 - SyncStart - 35421184
20150606 - 06:12:58 - SyncSuccd - 0
20150606 - 06:12:59 - SyncCompt - 35419136
20150606 - 16:12:14 - SyncStart - 35419136
20150606 - 16:12:33 - SyncSuccd - 0
20150606 - 16:12:35 - SyncCompt - 35419136
20150607 - 06:12:14 - SyncStart - 35419136
20150607 - 06:12:33 - SyncSuccd - 0
20150607 - 06:12:34 - SyncCompt - 35419136
20150607 - 16:12:14 - SyncStart - 35419136
20150607 - 16:12:35 - SyncSuccd - 0
20150607 - 16:12:36 - SyncCompt - 35419136
20150608 - 06:12:14 - SyncStart - 35419136
20150608 - 06:12:34 - SyncSuccd - 0
20150608 - 06:12:35 - SyncCompt - 35419136
20150608 - 16:12:15 - SyncStart - 35419136
20150608 - 16:12:34 - SyncSuccd - 0
20150608 - 16:12:35 - SyncCompt - 35419136
20150609 - 06:12:10 - SyncStart - 35419136
20150609 - 06:13:55 - SyncSuccd - 0
20150609 - 06:13:56 - SyncCompt - 35456000
20150609 - 16:12:14 - SyncStart - 35456000
20150609 - 16:12:33 - SyncSuccd - 0
20150609 - 16:12:34 - SyncCompt - 35456000
20150610 - 06:12:12 - SyncStart - 35456000
20150610 - 16:12:14 - SyncStart - 37099520
20150611 - 06:12:12 - SyncStart - 38711296
20150611 - 07:11:43 - SyncSuccd - 0
20150611 - 07:11:46 - SyncCompt - 38920192
20150611 - 16:12:13 - SyncStart - 38920192
20150611 - 16:14:57 - SyncSuccd - 0
20150611 - 16:14:59 - SyncCompt - 38935552
20150612 - 06:12:14 - SyncStart - 38935552
20150612 - 07:05:14 - SyncSuccd - 0
20150612 - 07:05:16 - SyncCompt - 39505920
20150612 - 16:12:11 - SyncStart - 39505920
20150612 - 16:12:32 - SyncSuccd - 0
20150612 - 16:12:33 - SyncCompt - 39505920
20150613 - 06:12:09 - SyncStart - 39505920
20150613 - 06:13:25 - SyncSuccd - 0
20150613 - 06:13:25 - SyncCompt - 39513088
20150613 - 16:12:10 - SyncStart - 39513088
20150613 - 16:12:30 - SyncSuccd - 0
20150613 - 16:12:31 - SyncCompt - 39513088
20150614 - 06:12:09 - SyncStart - 39513088
20150614 - 06:13:51 - SyncSuccd - 0
20150614 - 06:13:52 - SyncCompt - 39514112
20150614 - 16:12:09 - SyncStart - 39514112
20150614 - 16:12:29 - SyncSuccd - 0
20150614 - 16:12:30 - SyncCompt - 39514112
20150615 - 06:12:09 - SyncStart - 39514112
20150615 - 06:38:11 - SyncSuccd - 0
20150615 - 06:38:12 - SyncCompt - 39584768
20150615 - 16:12:13 - SyncStart - 39584768
20150615 - 16:12:34 - SyncSuccd - 0
20150615 - 16:12:35 - SyncCompt - 39584768
20150616 - 06:12:10 - SyncStart - 39584768
20150616 - 06:12:31 - SyncSuccd - 0
20150616 - 06:12:32 - SyncCompt - 39584768
20150616 - 16:12:10 - SyncStart - 39584768
20150616 - 16:12:31 - SyncSuccd - 0
20150616 - 16:12:32 - SyncCompt - 39584768
20150617 - 06:12:10 - SyncStart - 39584768
20150617 - 06:14:02 - SyncSuccd - 0
20150617 - 06:14:02 - SyncCompt - 39589888
20150617 - 16:12:15 - SyncStart - 39589888
20150617 - 16:12:37 - SyncSuccd - 0
20150617 - 16:12:38 - SyncCompt - 39589888
20150618 - 06:12:10 - SyncStart - 39589888
20150618 - 06:12:31 - SyncSuccd - 0
20150618 - 06:12:32 - SyncCompt - 39589888
20150618 - 16:12:12 - SyncStart - 39589888
20150618 - 16:12:33 - SyncSuccd - 0
20150618 - 16:12:34 - SyncCompt - 39589888
20150619 - 06:12:10 - SyncStart - 39589888
20150619 - 06:12:30 - SyncSuccd - 0
20150619 - 06:12:31 - SyncCompt - 39589888
20150619 - 16:12:10 - SyncStart - 39589888
20150619 - 16:12:31 - SyncSuccd - 0
20150619 - 16:12:32 - SyncCompt - 39589888
20150620 - 06:12:09 - SyncStart - 39589888
20150620 - 06:12:37 - SyncSuccd - 0
20150620 - 06:12:38 - SyncCompt - 39592960
20150620 - 16:12:10 - SyncStart - 39592960
20150620 - 16:12:30 - SyncSuccd - 0
20150620 - 16:12:31 - SyncCompt - 39592960
20150621 - 06:12:10 - SyncStart - 39592960
20150621 - 06:12:37 - SyncSuccd - 0
20150621 - 06:12:38 - SyncCompt - 39596032
20150621 - 16:12:11 - SyncStart - 39596032
20150621 - 16:12:32 - SyncSuccd - 0
20150621 - 16:12:33 - SyncCompt - 39596032
20150622 - 06:12:11 - SyncStart - 39596032
20150622 - 06:12:36 - SyncSuccd - 0
20150622 - 06:12:37 - SyncCompt - 39596032
20150622 - 16:12:16 - SyncStart - 39596032
20150622 - 16:12:37 - SyncSuccd - 0
20150622 - 16:12:38 - SyncCompt - 39596032
20150623 - 06:12:10 - SyncStart - 39596032
20150623 - 07:23:36 - SyncSuccd - 0
20150623 - 07:23:38 - SyncCompt - 39934976
20150623 - 16:12:19 - SyncStart - 39934976
20150623 - 16:12:50 - SyncSuccd - 0
20150623 - 16:12:51 - SyncCompt - 39934976
20150624 - 06:12:10 - SyncStart - 39934976
20150624 - 06:18:43 - SyncSuccd - 0
20150624 - 06:18:45 - SyncCompt - 39938048
20150624 - 16:12:16 - SyncStart - 39938048
20150624 - 16:12:36 - SyncSuccd - 0
20150624 - 16:12:37 - SyncCompt - 39938048
20150625 - 06:12:10 - SyncStart - 39938048
20150625 - 06:22:07 - SyncSuccd - 0
20150625 - 06:22:08 - SyncCompt - 39938048
20150625 - 16:12:10 - SyncStart - 39938048
20150625 - 16:12:30 - SyncSuccd - 0
20150625 - 16:12:32 - SyncCompt - 39938048
20150626 - 06:12:10 - SyncStart - 39938048
20150626 - 06:14:40 - SyncSuccd - 0
20150626 - 06:14:41 - SyncCompt - 39940096
20150626 - 16:12:11 - SyncStart - 39940096
20150626 - 16:13:38 - SyncSuccd - 0
20150626 - 16:13:39 - SyncCompt - 39941120
20150627 - 06:12:10 - SyncStart - 39941120
20150627 - 06:18:45 - SyncSuccd - 0
20150627 - 06:18:46 - SyncCompt - 39948288
20150627 - 16:12:13 - SyncStart - 39948288
20150627 - 16:12:33 - SyncSuccd - 0
20150627 - 16:12:34 - SyncCompt - 39948288
20150628 - 06:12:10 - SyncStart - 39948288
20150628 - 06:12:55 - SyncSuccd - 0
20150628 - 06:12:56 - SyncCompt - 39942144
20150628 - 16:12:10 - SyncStart - 39942144
20150628 - 16:12:30 - SyncSuccd - 0
20150628 - 16:12:31 - SyncCompt - 39942144
20150629 - 06:12:09 - SyncStart - 39942144
20150629 - 06:12:35 - SyncSuccd - 0
20150629 - 06:12:36 - SyncCompt - 39945216
20150629 - 16:12:12 - SyncStart - 39945216
20150629 - 16:12:43 - SyncError - 10
20150629 - 16:13:45 - SyncCompt - 39945216
20150629 - 16:13:46 - SyncStart - 39945216
20150629 - 16:14:06 - SyncSuccd - 0
20150629 - 16:14:07 - SyncCompt - 39945216
20150630 - 06:12:10 - SyncStart - 39945216
20150630 - 06:43:50 - SyncSuccd - 0
20150630 - 06:43:52 - SyncCompt - 40324096
20150630 - 16:12:12 - SyncStart - 40324096
20150630 - 16:12:32 - SyncSuccd - 0
20150630 - 16:12:33 - SyncCompt - 40324096
20150701 - 06:12:11 - SyncStart - 40324096
20150701 - 06:21:21 - SyncSuccd - 0
20150701 - 06:21:22 - SyncCompt - 40371200
20150701 - 16:12:13 - SyncStart - 40371200
20150701 - 16:13:43 - SyncSuccd - 0
20150701 - 16:13:44 - SyncCompt - 40324096
20150702 - 06:12:10 - SyncStart - 40324096
20150702 - 06:12:30 - SyncSuccd - 0
20150702 - 06:12:31 - SyncCompt - 40324096
20150702 - 16:12:14 - SyncStart - 40324096
20150702 - 16:12:17 - SyncError - 10
20150702 - 16:13:18 - SyncCompt - 40324096
20150702 - 16:13:19 - SyncStart - 40324096
20150702 - 16:14:21 - SyncSuccd - 0
20150702 - 16:14:22 - SyncCompt - 40324096
20150703 - 06:12:15 - SyncStart - 40324096
20150703 - 06:12:35 - SyncSuccd - 0
20150703 - 06:12:36 - SyncCompt - 40324096
20150703 - 16:12:14 - SyncStart - 40324096
20150703 - 16:19:54 - SyncSuccd - 0
20150703 - 16:19:55 - SyncCompt - 40324096
20150704 - 06:12:12 - SyncStart - 40324096
20150704 - 06:16:10 - SyncSuccd - 0
20150704 - 06:16:12 - SyncCompt - 40324096
20150704 - 16:12:15 - SyncStart - 40324096
20150704 - 16:12:35 - SyncSuccd - 0
20150704 - 16:12:36 - SyncCompt - 40324096
20150705 - 16:12:02 - SyncStart - 27627140
20150705 - 16:12:02 - SyncError - 10
20150705 - 16:13:03 - SyncCompt - 27627140
20150705 - 16:13:03 - SyncStart - 27627140
20150705 - 16:26:08 - SyncSuccd - 0
20150705 - 16:26:08 - SyncCompt - 27627124
20150706 - 06:12:02 - SyncStart - 27627124
20150706 - 06:31:24 - SyncSuccd - 0
20150706 - 06:31:24 - SyncCompt - 27718228
20150706 - 16:12:05 - SyncStart - 27718228
20150706 - 16:12:50 - SyncSuccd - 0
20150706 - 16:12:50 - SyncCompt - 27718228
20150707 - 06:12:06 - SyncStart - 27718228
20150707 - 06:19:42 - SyncSuccd - 0
20150707 - 06:19:42 - SyncCompt - 27753368
20150707 - 16:12:06 - SyncStart - 27753368
20150707 - 16:13:07 - SyncSuccd - 0
20150707 - 16:13:07 - SyncCompt - 27754496
20150708 - 06:12:06 - SyncStart - 27754496
20150708 - 06:13:19 - SyncSuccd - 0
20150708 - 06:13:19 - SyncCompt - 27755036
20150708 - 16:12:06 - SyncStart - 27755036
20150708 - 16:12:50 - SyncSuccd - 0
20150708 - 16:12:50 - SyncCompt - 27755036
20150709 - 06:12:06 - SyncStart - 27755036
20150709 - 06:12:48 - SyncSuccd - 0
20150709 - 06:12:49 - SyncCompt - 27755036
20150709 - 16:12:12 - SyncStart - 27755036
20150709 - 16:12:55 - SyncSuccd - 0
20150709 - 16:12:55 - SyncCompt - 27755036
20150710 - 06:12:05 - SyncStart - 27755036
20150710 - 06:22:13 - SyncSuccd - 0
20150710 - 06:22:14 - SyncCompt - 27733176
20150711 - 06:12:08 - SyncStart - 27733176
20150711 - 06:25:54 - SyncSuccd - 0
20150711 - 06:25:54 - SyncCompt - 27794192
20150711 - 16:12:07 - SyncStart - 27794192
20150711 - 16:13:10 - SyncSuccd - 0
20150711 - 16:13:11 - SyncCompt - 27794204
20150712 - 06:12:07 - SyncStart - 27794204
20150712 - 06:12:51 - SyncSuccd - 0
20150712 - 06:12:52 - SyncCompt - 27794204
20150712 - 16:12:07 - SyncStart - 27794204
20150712 - 16:12:51 - SyncSuccd - 0
20150712 - 16:12:51 - SyncCompt - 27794204
20150713 - 06:12:10 - SyncStart - 27794204
20150713 - 06:12:54 - SyncSuccd - 0
20150713 - 06:12:54 - SyncCompt - 27794204
20150713 - 16:12:07 - SyncStart - 27794204
20150713 - 16:12:52 - SyncSuccd - 0
20150713 - 16:12:52 - SyncCompt - 27794204
20150714 - 06:12:09 - SyncStart - 27794204
20150714 - 06:12:53 - SyncSuccd - 0
20150714 - 06:12:53 - SyncCompt - 27794204
20150714 - 16:12:08 - SyncStart - 27794204
20150714 - 16:12:51 - SyncSuccd - 0
20150714 - 16:12:51 - SyncCompt - 27794204
20150715 - 06:12:07 - SyncStart - 27794204
20150715 - 06:12:57 - SyncSuccd - 0
20150715 - 06:12:58 - SyncCompt - 27794204
20150715 - 16:12:08 - SyncStart - 27794204
20150715 - 16:12:52 - SyncSuccd - 0
20150715 - 16:12:52 - SyncCompt - 27794204
20150716 - 06:12:07 - SyncStart - 27794204
20150716 - 06:12:51 - SyncSuccd - 0
20150716 - 06:12:51 - SyncCompt - 27794204
20150716 - 16:12:06 - SyncStart - 27794204
20150716 - 16:12:49 - SyncSuccd - 0
20150716 - 16:12:49 - SyncCompt - 27794204
20150717 - 06:12:07 - SyncStart - 27794204
20150717 - 06:12:51 - SyncSuccd - 0
20150717 - 06:12:51 - SyncCompt - 27794204
20150717 - 16:12:07 - SyncStart - 27794204
20150717 - 17:00:30 - SyncSuccd - 0
20150717 - 17:00:31 - SyncCompt - 27805808
20150718 - 06:12:09 - SyncStart - 27805808
20150718 - 06:12:53 - SyncSuccd - 0
20150718 - 06:12:53 - SyncCompt - 27805808
20150718 - 16:12:07 - SyncStart - 27805808
20150718 - 16:12:51 - SyncSuccd - 0
20150718 - 16:12:51 - SyncCompt - 27805808
20150719 - 06:12:07 - SyncStart - 27805808
20150719 - 06:12:51 - SyncSuccd - 0
20150719 - 06:12:52 - SyncCompt - 27805808
20150719 - 16:12:07 - SyncStart - 27805808
20150719 - 16:12:52 - SyncSuccd - 0
20150719 - 16:12:53 - SyncCompt - 27805808
20150720 - 06:12:08 - SyncStart - 27805808
20150720 - 06:12:52 - SyncSuccd - 0
20150720 - 06:12:52 - SyncCompt - 27805808
20150720 - 16:12:07 - SyncStart - 27805808
20150720 - 16:12:51 - SyncSuccd - 0
20150720 - 16:12:52 - SyncCompt - 27805808
20150721 - 06:12:05 - SyncStart - 27805808
20150721 - 06:13:39 - SyncSuccd - 0
20150721 - 06:13:40 - SyncCompt - 27805836
20150721 - 16:12:06 - SyncStart - 27805836
20150721 - 16:12:51 - SyncSuccd - 0
20150721 - 16:12:51 - SyncCompt - 27805836
20150722 - 06:12:07 - SyncStart - 27805836
20150722 - 06:13:34 - SyncSuccd - 0
20150722 - 06:13:34 - SyncCompt - 27805852
20150722 - 16:12:07 - SyncStart - 27805852
20150722 - 16:12:50 - SyncSuccd - 0
20150722 - 16:12:51 - SyncCompt - 27805852
20150723 - 06:12:07 - SyncStart - 27805852
20150723 - 06:13:03 - SyncSuccd - 0
20150723 - 06:13:03 - SyncCompt - 27805844
20150723 - 16:12:07 - SyncStart - 27805844
20150723 - 16:12:51 - SyncSuccd - 0
20150723 - 16:12:51 - SyncCompt - 27805844
20150724 - 06:12:08 - SyncStart - 27805844
20150724 - 06:13:25 - SyncSuccd - 0
20150724 - 06:13:25 - SyncCompt - 27806132
20150724 - 16:12:08 - SyncStart - 27806132
20150724 - 16:13:34 - SyncSuccd - 0
20150724 - 16:13:34 - SyncCompt - 27806132
20150725 - 06:12:08 - SyncStart - 27806132
20150725 - 06:12:51 - SyncSuccd - 0
20150725 - 06:12:51 - SyncCompt - 27806132
20150725 - 16:12:05 - SyncStart - 27806132
20150725 - 16:12:49 - SyncSuccd - 0
20150725 - 16:12:49 - SyncCompt - 27806132
20150726 - 06:12:07 - SyncStart - 27806132
20150726 - 06:12:51 - SyncSuccd - 0
20150726 - 06:12:51 - SyncCompt - 27806132
20150726 - 16:12:07 - SyncStart - 27806132
20150726 - 16:12:51 - SyncSuccd - 0
20150726 - 16:12:51 - SyncCompt - 27806132
20150727 - 06:12:05 - SyncStart - 27806132
20150727 - 06:12:48 - SyncSuccd - 0
20150727 - 06:12:48 - SyncCompt - 27806132
20150727 - 16:12:07 - SyncStart - 27806132
20150727 - 16:12:50 - SyncSuccd - 0
20150727 - 16:12:51 - SyncCompt - 27806132
20150728 - 06:12:05 - SyncStart - 27806132
20150728 - 06:12:48 - SyncSuccd - 0
20150728 - 06:12:48 - SyncCompt - 27806132
20150728 - 16:12:06 - SyncStart - 27806132
20150728 - 16:12:50 - SyncSuccd - 0
20150728 - 16:12:50 - SyncCompt - 27806132
20150730 - 16:12:05 - SyncStart - 27806132
20150730 - 16:12:48 - SyncSuccd - 0
20150730 - 16:12:48 - SyncCompt - 27806132
20150731 - 06:12:06 - SyncStart - 27806132
20150731 - 06:12:49 - SyncSuccd - 0
20150731 - 06:12:50 - SyncCompt - 27806132
20150731 - 16:12:06 - SyncStart - 27806132
20150731 - 16:12:49 - SyncSuccd - 0
20150731 - 16:12:49 - SyncCompt - 27806132
20150801 - 06:12:07 - SyncStart - 27806132
20150801 - 06:12:51 - SyncSuccd - 0
20150801 - 06:12:51 - SyncCompt - 27806132
20150801 - 16:12:05 - SyncStart - 27806132
20150801 - 16:12:49 - SyncSuccd - 0
20150801 - 16:12:49 - SyncCompt - 27806132
20150802 - 06:12:05 - SyncStart - 27806132
20150802 - 06:12:48 - SyncSuccd - 0
20150802 - 06:12:48 - SyncCompt - 27806132
20150802 - 16:12:05 - SyncStart - 27806132
20150802 - 16:12:49 - SyncSuccd - 0
20150802 - 16:12:49 - SyncCompt - 27806132
20150803 - 06:12:05 - SyncStart - 27806132
20150803 - 06:13:02 - SyncSuccd - 0
20150803 - 06:13:02 - SyncCompt - 27806132
20150803 - 16:12:05 - SyncStart - 27806132
20150803 - 16:12:50 - SyncSuccd - 0
20150803 - 16:12:50 - SyncCompt - 27806132
20150804 - 06:12:06 - SyncStart - 27806132
20150804 - 06:12:51 - SyncSuccd - 0
20150804 - 06:12:51 - SyncCompt - 27806132
20150804 - 16:12:05 - SyncStart - 27806132
20150804 - 16:12:51 - SyncSuccd - 0
20150804 - 16:12:51 - SyncCompt - 27806132
20150805 - 06:12:05 - SyncStart - 27806132
20150805 - 06:13:21 - SyncSuccd - 0
20150805 - 06:13:21 - SyncCompt - 27806136
20150805 - 16:12:05 - SyncStart - 27806136
20150805 - 16:12:52 - SyncSuccd - 0
20150805 - 16:12:52 - SyncCompt - 27806136
20150806 - 06:12:05 - SyncStart - 27806136
20150806 - 06:12:51 - SyncSuccd - 0
20150806 - 06:12:51 - SyncCompt - 27806136
20150806 - 16:12:06 - SyncStart - 27806136
20150806 - 16:12:51 - SyncSuccd - 0
20150806 - 16:12:52 - SyncCompt - 27806136
20150807 - 06:12:07 - SyncStart - 27806136
20150807 - 06:12:54 - SyncSuccd - 0
20150807 - 06:12:54 - SyncCompt - 27806136
20150807 - 16:12:06 - SyncStart - 27806136
20150807 - 16:12:52 - SyncSuccd - 0
20150807 - 16:12:52 - SyncCompt - 27806136
20150808 - 06:12:05 - SyncStart - 27806136
20150808 - 06:39:15 - SyncSuccd - 0
20150808 - 06:39:15 - SyncCompt - 27806144
20150808 - 16:12:05 - SyncStart - 27806144
20150808 - 16:12:50 - SyncSuccd - 0
20150808 - 16:12:51 - SyncCompt - 27806144
20150809 - 06:12:05 - SyncStart - 27806144
20150809 - 06:12:51 - SyncSuccd - 0
20150809 - 06:12:51 - SyncCompt - 27806144
20150809 - 16:12:05 - SyncStart - 27806144
20150809 - 16:12:51 - SyncSuccd - 0
20150809 - 16:12:51 - SyncCompt - 27806144
20150810 - 06:12:06 - SyncStart - 27806144
20150810 - 06:12:56 - SyncSuccd - 0
20150810 - 06:12:56 - SyncCompt - 27806144
20150810 - 16:12:05 - SyncStart - 27806144
20150810 - 16:12:51 - SyncSuccd - 0
20150810 - 16:12:51 - SyncCompt - 27806144
20150811 - 06:12:05 - SyncStart - 27806144
20150811 - 06:12:51 - SyncSuccd - 0
20150811 - 06:12:51 - SyncCompt - 27806144
20150811 - 16:12:06 - SyncStart - 27806144
20150811 - 16:12:51 - SyncSuccd - 0
20150811 - 16:12:51 - SyncCompt - 27806144
