20150622 - 02:13:53 - SyncCompt - 14547251
20150622 - 12:12:12 - SyncStart - 14547251
20150622 - 12:13:45 - SyncSuccd - 0
20150622 - 12:13:53 - SyncCompt - 14547251
20150623 - 02:12:13 - SyncStart - 14547251
20150623 - 02:20:55 - SyncSuccd - 0
20150623 - 02:21:04 - SyncCompt - 14594355
20150623 - 12:12:17 - SyncStart - 484594355
20150625 - 00:33:04 - SyncStart - 497028816
20150625 - 00:33:05 - SyncError - 5
20150625 - 00:34:07 - SyncCompt - 497028816
20150625 - 00:34:09 - SyncStart - 497028816
20150625 - 00:34:10 - SyncError - 5
20150625 - 00:35:11 - SyncCompt - 497028816
20150625 - 00:35:13 - SyncStart - 497028816
20150625 - 00:35:13 - freeze - 23
20150625 - 00:35:13 - SyncCompt - 497028816
20150702 - 16:44:10 - SyncStart - 414869512
20150702 - 20:57:26 - SyncStart - 501082980
20150702 - 23:50:11 - SyncSuccd - 0
20150702 - 23:50:12 - SyncCompt - 501843472
20150703 - 02:32:27 - SyncStart - 501843472
20150703 - 02:33:26 - SyncSuccd - 0
20150703 - 02:33:28 - SyncCompt - 501843472
20150703 - 12:32:26 - SyncStart - 501843472
20150703 - 12:33:05 - SyncSuccd - 0
20150703 - 12:33:06 - SyncCompt - 501843472
20150704 - 02:32:16 - SyncStart - 501843472
20150704 - 02:33:50 - SyncSuccd - 0
20150704 - 02:33:51 - SyncCompt - 501888508
20150704 - 12:32:03 - SyncStart - 501888508
20150704 - 12:39:18 - SyncSuccd - 0
20150704 - 12:39:19 - SyncCompt - 503568896
20150705 - 02:32:03 - SyncStart - 503568896
20150705 - 02:33:02 - SyncSuccd - 0
20150705 - 02:33:03 - SyncCompt - 503561676
20150705 - 12:32:03 - SyncStart - 503561676
20150705 - 12:33:24 - SyncSuccd - 0
20150705 - 12:33:25 - SyncCompt - 503561676
20150706 - 02:32:03 - SyncStart - 503561676
20150706 - 02:33:10 - SyncSuccd - 0
20150706 - 02:33:11 - SyncCompt - 503561676
20150706 - 12:32:04 - SyncStart - 503561676
20150706 - 12:32:56 - SyncSuccd - 0
20150706 - 12:32:57 - SyncCompt - 503574624
20150707 - 02:32:02 - SyncStart - 503574624
20150707 - 03:12:23 - SyncSuccd - 0
20150707 - 03:12:26 - SyncCompt - 503611016
20150707 - 12:32:04 - SyncStart - 503611016
20150707 - 12:43:49 - SyncSuccd - 0
20150707 - 12:43:50 - SyncCompt - 507205976
20150708 - 02:32:15 - SyncStart - 507205976
20150708 - 02:33:09 - SyncSuccd - 0
20150708 - 02:33:10 - SyncCompt - 507213428
20150708 - 12:32:03 - SyncStart - 507213428
20150708 - 12:32:43 - SyncSuccd - 0
20150708 - 12:32:44 - SyncCompt - 507213428
20150709 - 02:32:15 - SyncStart - 507213428
20150709 - 03:15:24 - SyncSuccd - 0
20150709 - 03:15:26 - SyncCompt - 507620076
20150709 - 12:32:04 - SyncStart - 507620076
20150709 - 12:32:44 - SyncSuccd - 0
20150709 - 12:32:46 - SyncCompt - 507128828
20150710 - 02:32:17 - SyncStart - 507128828
20150710 - 02:42:04 - SyncSuccd - 0
20150710 - 02:42:05 - SyncCompt - 503110608
20150710 - 12:32:08 - SyncStart - 503110608
20150710 - 13:17:01 - SyncSuccd - 0
20150710 - 13:17:02 - SyncCompt - 506705220
20150711 - 02:32:03 - SyncStart - 506705220
20150711 - 02:34:03 - SyncSuccd - 0
20150711 - 02:34:05 - SyncCompt - 506723960
20150711 - 12:32:05 - SyncStart - 506723960
20150711 - 12:34:11 - SyncSuccd - 0
20150711 - 12:34:12 - SyncCompt - 506723956
20150712 - 02:32:03 - SyncStart - 506723956
20150712 - 02:34:08 - SyncSuccd - 0
20150712 - 02:34:09 - SyncCompt - 506723956
20150712 - 12:32:03 - SyncStart - 506723956
20150712 - 15:27:05 - SyncStart - 506737116
20150712 - 15:27:45 - SyncSuccd - 0
20150712 - 15:27:46 - SyncCompt - 506737116
20150713 - 02:32:02 - SyncStart - 506737116
20150713 - 02:32:41 - SyncSuccd - 0
20150713 - 02:32:42 - SyncCompt - 506737116
20150713 - 12:32:03 - SyncStart - 506737116
20150713 - 12:41:59 - SyncSuccd - 0
20150713 - 12:42:00 - SyncCompt - 507471012
20150714 - 02:32:17 - SyncStart - 507471012
20150714 - 02:39:50 - SyncSuccd - 0
20150714 - 02:39:51 - SyncCompt - 506927140
20150714 - 12:32:04 - SyncStart - 506927140
20150714 - 14:03:45 - SyncSuccd - 0
20150714 - 14:03:47 - SyncCompt - 507024464
20150715 - 02:32:03 - SyncStart - 507024464
20150715 - 02:35:11 - SyncSuccd - 0
20150715 - 02:35:12 - SyncCompt - 507095104
20150715 - 12:32:17 - SyncStart - 507095104
20150715 - 12:40:39 - SyncSuccd - 0
20150715 - 12:40:40 - SyncCompt - 504709412
20150716 - 02:32:02 - SyncStart - 504709412
20150716 - 02:43:19 - SyncSuccd - 0
20150716 - 02:43:20 - SyncCompt - 508322196
20150716 - 12:32:05 - SyncStart - 508322196
20150716 - 12:35:03 - SyncSuccd - 0
20150716 - 12:35:04 - SyncCompt - 508322208
20150717 - 02:32:02 - SyncStart - 508322208
20150717 - 03:28:22 - SyncSuccd - 0
20150717 - 03:28:24 - SyncCompt - 509219788
20150717 - 12:32:03 - SyncStart - 509219788
20150717 - 12:34:51 - SyncSuccd - 0
20150717 - 12:34:52 - SyncCompt - 509289696
20150718 - 02:32:10 - SyncStart - 509289696
20150718 - 02:37:03 - SyncSuccd - 0
20150718 - 02:37:04 - SyncCompt - 508480684
20150718 - 12:32:03 - SyncStart - 508480688
20150718 - 12:43:08 - SyncSuccd - 0
20150718 - 12:43:09 - SyncCompt - 508462884
20150719 - 02:32:03 - SyncStart - 508462884
20150719 - 02:34:39 - SyncSuccd - 0
20150719 - 02:34:40 - SyncCompt - 508462872
20150719 - 12:32:02 - SyncStart - 508462872
20150719 - 12:32:45 - SyncSuccd - 0
20150719 - 12:32:47 - SyncCompt - 508462872
20150720 - 02:32:03 - SyncStart - 508462872
20150720 - 02:32:46 - SyncSuccd - 0
20150720 - 02:32:47 - SyncCompt - 508462872
20150720 - 12:32:03 - SyncStart - 508462872
20150720 - 12:32:51 - SyncSuccd - 0
20150720 - 12:32:52 - SyncCompt - 508462872
20150721 - 02:32:06 - SyncStart - 508462872
20150721 - 02:34:36 - SyncSuccd - 0
20150721 - 02:34:38 - SyncCompt - 508514720
20150721 - 12:32:03 - SyncStart - 508514720
20150721 - 12:34:16 - SyncSuccd - 0
20150721 - 12:34:17 - SyncCompt - 508447864
20150722 - 02:32:02 - SyncStart - 508447864
20150722 - 02:34:21 - SyncSuccd - 0
20150722 - 02:34:23 - SyncCompt - 508485656
20150722 - 12:32:03 - SyncStart - 508485656
20150722 - 12:32:46 - SyncSuccd - 0
20150722 - 12:32:47 - SyncCompt - 508485656
20150723 - 02:32:05 - SyncStart - 508485656
20150723 - 02:36:05 - SyncSuccd - 0
20150723 - 02:36:07 - SyncCompt - 509541580
20150723 - 12:32:02 - SyncStart - 509541580
20150723 - 13:18:40 - SyncSuccd - 0
20150723 - 13:18:42 - SyncCompt - 513606872
20150724 - 02:32:04 - SyncStart - 513606872
20150724 - 05:37:02 - SyncSuccd - 0
20150724 - 05:37:05 - SyncCompt - 513909888
20150724 - 12:32:03 - SyncStart - 513909888
20150724 - 12:32:48 - SyncSuccd - 0
20150724 - 12:32:49 - SyncCompt - 513912960
20150725 - 02:32:15 - SyncStart - 513912960
20150725 - 12:32:04 - SyncStart - 524481340
20150726 - 02:32:08 - SyncStart - 532993876
20150726 - 12:32:05 - SyncStart - 531241880
20150726 - 18:17:00 - SyncSuccd - 0
20150726 - 18:17:04 - SyncCompt - 545706780
20150727 - 02:32:04 - SyncStart - 545706780
20150727 - 02:43:31 - SyncSuccd - 0
20150727 - 02:43:33 - SyncCompt - 545548212
20150727 - 12:32:03 - SyncStart - 545548212
20150727 - 12:50:43 - SyncSuccd - 0
20150727 - 12:50:44 - SyncCompt - 542208292
20150728 - 02:32:11 - SyncStart - 542208292
20150728 - 07:29:34 - SyncSuccd - 0
20150728 - 07:29:37 - SyncCompt - 542136588
20150728 - 12:32:03 - SyncStart - 542136588
20150728 - 12:33:26 - SyncSuccd - 0
20150728 - 12:33:27 - SyncCompt - 542136588
20150729 - 02:32:02 - SyncStart - 542136588
20150729 - 10:50:03 - SyncError - 10
20150729 - 10:51:06 - SyncCompt - 538836464
20150729 - 10:51:08 - SyncStart - 538836464
20150729 - 12:32:02 - SyncStart - 539286796
20150729 - 14:17:39 - SyncSuccd - 0
20150729 - 14:17:41 - SyncCompt - 542091160
20150730 - 02:32:05 - SyncStart - 542091160
20150729 - 10:50:03 - SyncError - 10
20150730 - 02:32:05 - SyncCompt - 542091160
20150731 - 17:09:14 - SyncStart - 532552864
20150731 - 18:11:59 - SyncStart - 540869660
20150731 - 18:13:08 - SyncSuccd - 0
20150731 - 18:13:09 - SyncCompt - 540869660
20150801 - 02:32:03 - SyncStart - 540869660
20150801 - 02:35:01 - SyncSuccd - 0
20150801 - 02:35:03 - SyncCompt - 540800864
20150801 - 12:32:04 - SyncStart - 540800864
20150801 - 12:33:26 - SyncSuccd - 0
20150801 - 12:33:27 - SyncCompt - 540800860
20150802 - 02:32:03 - SyncStart - 540800860
20150802 - 02:44:26 - SyncSuccd - 0
20150802 - 02:44:27 - SyncCompt - 540813164
20150802 - 12:32:03 - SyncStart - 540813164
20150802 - 12:33:09 - SyncSuccd - 0
20150802 - 12:33:10 - SyncCompt - 540813164
20150803 - 02:32:05 - SyncStart - 540813164
20150803 - 02:32:54 - SyncSuccd - 0
20150803 - 02:33:49 - SyncCompt - 540813164
20150803 - 12:32:05 - SyncStart - 540813164
20150803 - 12:53:25 - SyncSuccd - 0
20150803 - 12:53:26 - SyncCompt - 540820344
20150804 - 02:32:03 - SyncStart - 540820344
20150804 - 03:13:47 - SyncSuccd - 0
20150804 - 03:13:48 - SyncCompt - 540864816
20150804 - 12:32:09 - SyncStart - 540864816
20150804 - 12:44:33 - SyncSuccd - 0
20150804 - 12:44:34 - SyncCompt - 540864816
20150805 - 02:32:03 - SyncStart - 540864816
20150805 - 04:29:50 - SyncError - 24
20150805 - 04:30:53 - SyncCompt - 543813520
20150805 - 04:30:54 - SyncStart - 543813520
20150805 - 04:39:43 - SyncSuccd - 0
20150805 - 04:39:44 - SyncCompt - 543893400
20150805 - 12:32:12 - SyncStart - 543893400
20150805 - 12:33:05 - SyncSuccd - 0
20150805 - 12:33:06 - SyncCompt - 543893400
20150806 - 02:32:14 - SyncStart - 543893400
20150806 - 02:46:48 - SyncSuccd - 0
20150806 - 02:46:50 - SyncCompt - 544038812
20150806 - 12:32:07 - SyncStart - 544038812
20150806 - 12:54:37 - SyncSuccd - 0
20150806 - 12:54:38 - SyncCompt - 544051136
20150807 - 02:32:15 - SyncStart - 544051136
20150807 - 03:14:03 - SyncSuccd - 0
20150807 - 03:14:05 - SyncCompt - 545757252
20150807 - 12:32:06 - SyncStart - 545757252
20150807 - 13:20:04 - SyncSuccd - 0
20150807 - 13:20:05 - SyncCompt - 545756064
20150808 - 02:32:10 - SyncStart - 545756064
20150808 - 04:10:01 - SyncSuccd - 0
20150808 - 04:10:03 - SyncCompt - 546024976
20150808 - 12:32:02 - SyncStart - 546024976
20150808 - 12:33:15 - SyncSuccd - 0
20150808 - 12:33:16 - SyncCompt - 546024964
20150809 - 02:32:08 - SyncStart - 546024964
20150809 - 02:50:47 - SyncSuccd - 0
20150809 - 02:50:49 - SyncCompt - 546808512
20150809 - 12:32:03 - SyncStart - 546808512
20150809 - 13:48:05 - SyncSuccd - 0
20150809 - 13:48:09 - SyncCompt - 546829280
20150810 - 02:32:03 - SyncStart - 546829280
20150810 - 02:33:00 - SyncSuccd - 0
20150810 - 02:33:02 - SyncCompt - 546829280
20150810 - 12:32:03 - SyncStart - 546829280
20150810 - 12:32:55 - SyncSuccd - 0
20150810 - 12:32:57 - SyncCompt - 546829280
20150811 - 02:32:02 - SyncStart - 546829280
20150811 - 02:41:33 - SyncSuccd - 0
20150811 - 02:41:35 - SyncCompt - 546838372
20150811 - 12:32:06 - SyncStart - 546838372
20150811 - 12:50:21 - SyncSuccd - 0
20150811 - 12:50:22 - SyncCompt - 546838312
