20141023 - 12:36:31 - SyncStart - NULL
20141023 - 21:56:36 - SyncSuccd - 0
20141023 - 21:56:36 - SyncCompt - NULL
20141024 - 03:18:01 - SyncStart - NULL
20141024 - 03:24:18 - SyncSuccd - 0
20141024 - 03:24:18 - SyncCompt - NULL
20141025 - 03:18:01 - SyncStart - NULL
20141025 - 03:18:02 - SyncError - 10
20141025 - 03:18:02 - SyncCompt - NULL
20141025 - 12:02:53 - SyncStart - NULL
20141025 - 12:39:54 - SyncSuccd - 0
20141025 - 12:39:54 - SyncCompt - NULL
20141026 - 03:18:01 - SyncStart - NULL
20141026 - 03:18:02 - SyncError - 10
20141026 - 03:18:02 - SyncCompt - NULL
20141028 - 03:18:01 - SyncStart - NULL
20141028 - 03:22:19 - SyncSuccd - 0
20141028 - 03:22:19 - SyncCompt - NULL
20141029 - 03:18:01 - SyncStart - NULL
20141029 - 03:30:43 - SyncSuccd - 0
20141029 - 03:30:43 - SyncCompt - NULL
20141030 - 03:18:01 - SyncStart - NULL
20141030 - 03:24:48 - SyncSuccd - 0
20141030 - 03:24:48 - SyncCompt - NULL
20141031 - 03:18:01 - SyncStart - NULL
20141031 - 03:18:01 - SyncError - 10
20141031 - 03:18:01 - SyncCompt - NULL
20141101 - 03:18:01 - SyncStart - NULL
20141101 - 03:49:26 - SyncSuccd - 0
20141101 - 03:49:26 - SyncCompt - NULL
20141102 - 03:18:01 - SyncStart - NULL
20141102 - 03:21:35 - SyncSuccd - 0
20141102 - 03:21:35 - SyncCompt - NULL
20141103 - 03:18:06 - SyncStart - 204401984	/back/mirrors/Raspbian/
20141103 - 03:28:13 - SyncSuccd - 0
20141103 - 03:28:14 - SyncCompt - 203113300	/back/mirrors/Raspbian/
20141103 - 21:58:14 - SyncStart - 203113300
20141103 - 21:58:14 - SyncError - 10
20141103 - 21:58:15 - SyncCompt - 203113300
20141104 - 03:18:02 - SyncStart - 203113300
20141104 - 03:34:21 - SyncSuccd - 0
20141104 - 03:34:23 - SyncCompt - 207222344
20141105 - 03:18:10 - SyncStart - 207222344
20141105 - 03:22:50 - SyncSuccd - 0
20141105 - 03:22:51 - SyncCompt - 207228396
20141106 - 03:18:03 - SyncStart - 207228396
20141106 - 03:32:39 - SyncSuccd - 0
20141106 - 03:32:40 - SyncCompt - 211120104
20141107 - 03:18:02 - SyncStart - 211120104
20141107 - 03:23:44 - SyncSuccd - 0
20141107 - 03:23:45 - SyncCompt - 211244880
20141108 - 03:18:04 - SyncStart - 211244880
20141108 - 03:22:33 - SyncSuccd - 0
20141108 - 03:22:34 - SyncCompt - 211244880
20141109 - 03:18:26 - SyncStart - 211244880
20141109 - 03:22:55 - SyncSuccd - 0
20141109 - 03:22:57 - SyncCompt - 211244880
20141110 - 03:18:20 - SyncStart - 211244880
20141110 - 03:18:21 - SyncError - 10
20141110 - 03:18:22 - SyncCompt - 211244880
20141111 - 03:18:04 - SyncStart - 211244880
20141111 - 03:18:04 - SyncError - 10
20141111 - 03:18:05 - SyncCompt - 211244880
20141112 - 03:18:09 - SyncStart - 211244880
20141112 - 03:18:10 - SyncError - 10
20141112 - 03:18:10 - SyncCompt - 211244880
20141113 - 03:26:05 - SyncStart - 211244880
20141113 - 04:01:05 - SyncSuccd - 0
20141113 - 04:01:16 - SyncCompt - 202873288
20141114 - 03:18:05 - SyncStart - 202873288
20141114 - 03:23:55 - SyncSuccd - 0
20141114 - 03:23:56 - SyncCompt - 202873512
20141115 - 03:18:08 - SyncStart - 202873512
20141115 - 03:27:58 - SyncSuccd - 0
20141115 - 03:27:59 - SyncCompt - 202771840
20141116 - 03:18:03 - SyncStart - 202771840
20141116 - 03:22:59 - SyncSuccd - 0
20141116 - 03:23:00 - SyncCompt - 202876012
20141117 - 03:18:05 - SyncStart - 202876012
20141117 - 03:22:24 - SyncSuccd - 0
20141117 - 03:22:25 - SyncCompt - 202876012
20141118 - 03:18:10 - SyncStart - 202876012
20141118 - 03:30:00 - SyncSuccd - 0
20141118 - 03:30:01 - SyncCompt - 203597400
20141119 - 03:18:02 - SyncStart - 203597400
20141119 - 03:24:43 - SyncSuccd - 0
20141119 - 03:24:43 - SyncCompt - 202800920
20141120 - 03:18:03 - SyncStart - 202800920
20141120 - 03:23:41 - SyncSuccd - 0
20141120 - 03:23:42 - SyncCompt - 202816052
20141121 - 03:18:03 - SyncStart - 202816052
20141121 - 03:23:30 - SyncSuccd - 0
20141121 - 03:23:31 - SyncCompt - 202798200
20141122 - 03:18:03 - SyncStart - 202798200
20141122 - 03:30:28 - SyncSuccd - 0
20141122 - 03:30:29 - SyncCompt - 202720336
20141123 - 03:18:02 - SyncStart - 202720336
20141123 - 03:23:13 - SyncSuccd - 0
20141123 - 03:23:14 - SyncCompt - 202678836
20141124 - 03:18:03 - SyncStart - 202678836
20141124 - 03:23:25 - SyncSuccd - 0
20141124 - 03:23:26 - SyncCompt - 202710768
20141125 - 03:18:03 - SyncStart - 202710768
20141125 - 03:23:08 - SyncSuccd - 0
20141125 - 03:23:09 - SyncCompt - 202659508
20141126 - 03:19:00 - SyncStart - 202659508
20141126 - 03:24:46 - SyncSuccd - 0
20141126 - 03:24:47 - SyncCompt - 202660284
20141127 - 03:18:39 - SyncStart - 202660284
20141127 - 03:23:23 - SyncSuccd - 0
20141127 - 03:23:24 - SyncCompt - 202665416
20141128 - 03:18:34 - SyncStart - 202665416
20141128 - 03:24:41 - SyncSuccd - 0
20141128 - 03:24:42 - SyncCompt - 202660716
20141129 - 03:18:19 - SyncStart - 202660716
20141129 - 03:33:40 - SyncSuccd - 0
20141129 - 03:33:41 - SyncCompt - 202690832
20141130 - 03:18:03 - SyncStart - 202690832
20141130 - 03:24:23 - SyncSuccd - 0
20141130 - 03:24:24 - SyncCompt - 202677784
20141201 - 03:18:04 - SyncStart - 202677784
20141201 - 03:23:30 - SyncSuccd - 0
20141201 - 03:23:31 - SyncCompt - 202678724
20141202 - 03:18:03 - SyncStart - 202678724
20141202 - 03:22:59 - SyncSuccd - 0
20141202 - 03:23:00 - SyncCompt - 202677756
20141203 - 03:18:24 - SyncStart - 202677756
20141203 - 03:24:04 - SyncSuccd - 0
20141203 - 03:24:05 - SyncCompt - 202764684
20141204 - 03:18:03 - SyncStart - 202764684
20141204 - 03:22:48 - SyncSuccd - 0
20141204 - 03:22:49 - SyncCompt - 202767716
20141205 - 03:18:04 - SyncStart - 202767716
20141205 - 03:22:31 - SyncSuccd - 0
20141205 - 03:22:39 - SyncCompt - 202767716
20141206 - 03:18:04 - SyncStart - 202767716
20141206 - 03:22:25 - SyncSuccd - 0
20141206 - 03:22:26 - SyncCompt - 202767716
20141207 - 03:18:09 - SyncStart - 202767716
20141207 - 03:25:31 - SyncSuccd - 0
20141207 - 03:25:32 - SyncCompt - 203076952
20141208 - 03:18:03 - SyncStart - 203076952
20141208 - 03:22:27 - SyncSuccd - 0
20141208 - 03:22:27 - SyncCompt - 203076952
20141209 - 03:18:03 - SyncStart - 203076952
20141209 - 03:28:48 - SyncSuccd - 0
20141209 - 03:28:49 - SyncCompt - 203339564
20141210 - 03:18:02 - SyncStart - 203339564
20141210 - 03:24:15 - SyncSuccd - 0
20141210 - 03:24:20 - SyncCompt - 203318724
20141211 - 03:18:24 - SyncStart - 203318724
20141211 - 03:33:18 - SyncSuccd - 0
20141211 - 03:33:18 - SyncCompt - 203552116
20141212 - 03:18:03 - SyncStart - 203552116
20141212 - 03:22:40 - SyncSuccd - 0
20141212 - 03:22:41 - SyncCompt - 203553624
20141213 - 03:18:03 - SyncStart - 203553624
20141213 - 03:26:33 - SyncSuccd - 0
20141213 - 03:26:33 - SyncCompt - 203508064
20141214 - 03:18:03 - SyncStart - 203508064
20141214 - 03:24:51 - SyncSuccd - 0
20141214 - 03:24:52 - SyncCompt - 203587084
20141215 - 03:18:04 - SyncStart - 203587084
20141215 - 03:23:40 - SyncSuccd - 0
20141215 - 03:23:41 - SyncCompt - 203477428
20141216 - 03:18:46 - SyncStart - 203477428
20141216 - 04:13:18 - SyncError - 12
20141216 - 04:13:19 - SyncCompt - 203477428
20141216 - 10:44:33 - SyncStart - 203342500
20141216 - 11:15:42 - SyncStart - 203342500
20141216 - 11:20:12 - SyncSuccd - 0
20141216 - 11:20:13 - SyncCompt - 203342500
20141217 - 03:18:16 - SyncStart - 203342500
20141217 - 03:23:28 - SyncSuccd - 0
20141217 - 03:23:29 - SyncCompt - 203342712
20141218 - 03:18:21 - SyncStart - 203342712
20141218 - 03:23:36 - SyncSuccd - 0
20141218 - 03:23:36 - SyncCompt - 203338780
20141219 - 03:18:15 - SyncStart - 203338780
20141219 - 03:24:46 - SyncSuccd - 0
20141219 - 03:24:47 - SyncCompt - 203457544
20141220 - 03:18:08 - SyncStart - 203457544
20141220 - 03:23:16 - SyncSuccd - 0
20141220 - 03:23:18 - SyncCompt - 203488000
20141221 - 03:18:08 - SyncStart - 203488000
20141221 - 03:23:30 - SyncSuccd - 0
20141221 - 03:23:31 - SyncCompt - 203488032
20141222 - 03:18:12 - SyncStart - 203488032
20141222 - 03:23:41 - SyncSuccd - 0
20141222 - 03:23:41 - SyncCompt - 203422660
20141223 - 03:18:09 - SyncStart - 203422660
20141223 - 03:23:59 - SyncSuccd - 0
20141223 - 03:24:00 - SyncCompt - 203393864
20141224 - 03:18:07 - SyncStart - 203393868
20141224 - 03:23:01 - SyncSuccd - 0
20141224 - 03:23:02 - SyncCompt - 203395192
20141225 - 03:18:04 - SyncStart - 203395192
20141225 - 03:29:15 - SyncSuccd - 0
20141225 - 03:29:23 - SyncCompt - 203396832
20141226 - 03:18:10 - SyncStart - 203396832
20141226 - 03:24:46 - SyncSuccd - 0
20141226 - 03:24:46 - SyncCompt - 203439324
20141227 - 03:18:10 - SyncStart - 203439324
20141227 - 03:27:03 - SyncSuccd - 0
20141227 - 03:27:04 - SyncCompt - 203374988
20141228 - 03:18:10 - SyncStart - 203374988
20141228 - 03:25:47 - SyncSuccd - 0
20141228 - 03:25:48 - SyncCompt - 203504648
20141229 - 03:18:03 - SyncStart - 203504648
20141229 - 03:23:09 - SyncSuccd - 0
20141229 - 03:23:10 - SyncCompt - 203505628
20141230 - 03:18:02 - SyncStart - 203505628
20141230 - 03:23:35 - SyncSuccd - 0
20141230 - 03:23:36 - SyncCompt - 203502004
20141231 - 03:18:03 - SyncStart - 203502004
20141231 - 03:23:26 - SyncSuccd - 0
20141231 - 03:23:27 - SyncCompt - 203595716
20150101 - 03:18:05 - SyncStart - 203595716
20150101 - 03:18:10 - SyncError - 10
20150101 - 03:18:10 - SyncCompt - 203595716
20150102 - 03:18:04 - SyncStart - 203595716
20150102 - 03:28:08 - SyncSuccd - 0
20150102 - 03:28:08 - SyncCompt - 203595688
20150103 - 03:18:02 - SyncStart - 203595688
20150103 - 03:22:59 - SyncSuccd - 0
20150103 - 03:23:00 - SyncCompt - 203595732
20150104 - 03:18:03 - SyncStart - 203595732
20150104 - 03:23:16 - SyncSuccd - 0
20150104 - 03:23:16 - SyncCompt - 203595864
20150105 - 03:18:02 - SyncStart - 203595864
20150105 - 03:23:02 - SyncSuccd - 0
20150105 - 03:23:03 - SyncCompt - 203594924
20150106 - 03:18:09 - SyncStart - 203594924
20150106 - 03:23:02 - SyncSuccd - 0
20150106 - 03:23:02 - SyncCompt - 203594828
20150107 - 03:18:07 - SyncStart - 203594828
20150107 - 03:23:09 - SyncSuccd - 0
20150107 - 03:23:09 - SyncCompt - 203594828
20150108 - 03:18:05 - SyncStart - 203594828
20150108 - 03:23:50 - SyncSuccd - 0
20150108 - 03:23:51 - SyncCompt - 203630456
20150109 - 03:18:03 - SyncStart - 203630456
20150109 - 03:23:09 - SyncSuccd - 0
20150109 - 03:23:10 - SyncCompt - 203624440
20150110 - 03:18:24 - SyncStart - 203624440
20150110 - 03:26:08 - SyncSuccd - 0
20150110 - 03:26:09 - SyncCompt - 203655632
20150111 - 03:18:07 - SyncStart - 203655632
20150111 - 03:24:24 - SyncSuccd - 0
20150111 - 03:24:25 - SyncCompt - 203656312
20150112 - 03:18:10 - SyncStart - 203656312
20150112 - 03:27:04 - SyncSuccd - 0
20150112 - 03:27:05 - SyncCompt - 203859124
20150113 - 03:18:06 - SyncStart - 203859124
20150113 - 03:24:08 - SyncSuccd - 0
20150113 - 03:24:09 - SyncCompt - 203686128
20150114 - 09:51:44 - SyncStart - 203685368
20150114 - 09:56:14 - SyncSuccd - 0
20150114 - 09:56:15 - SyncCompt - 203685368
20150115 - 03:18:11 - SyncStart - 369494016
20150115 - 03:23:25 - SyncSuccd - 0
20150115 - 03:23:35 - SyncCompt - 369457152
20150116 - 03:18:39 - SyncStart - 369457152
20150116 - 03:24:03 - SyncSuccd - 0
20150116 - 03:24:11 - SyncCompt - 369465344
20150117 - 03:18:51 - SyncStart - 369465344
20150117 - 03:24:49 - SyncSuccd - 0
20150117 - 03:24:58 - SyncCompt - 369461248
20150118 - 03:19:05 - SyncStart - 369461248
20150118 - 03:25:43 - SyncSuccd - 0
20150118 - 03:25:52 - SyncCompt - 369508352
20150119 - 03:12:37 - SyncStart - 369508352
20150119 - 03:17:09 - SyncSuccd - 0
20150119 - 03:17:16 - SyncCompt - 369508352
20150120 - 03:12:42 - SyncStart - 369508352
20150120 - 03:20:15 - SyncSuccd - 0
20150120 - 03:20:24 - SyncCompt - 369515520
20150121 - 03:12:25 - SyncStart - 369515520
20150121 - 03:16:58 - SyncSuccd - 0
20150121 - 03:17:06 - SyncCompt - 369515520
20150122 - 03:12:54 - SyncStart - 369515520
20150122 - 03:20:29 - SyncSuccd - 0
20150122 - 03:20:38 - SyncCompt - 369456128
20150123 - 03:12:40 - SyncStart - 369456128
20150123 - 03:18:32 - SyncSuccd - 0
20150123 - 03:18:39 - SyncCompt - 369114112
20150124 - 03:12:49 - SyncStart - 369114112
20150124 - 03:18:04 - SyncSuccd - 0
20150124 - 03:18:12 - SyncCompt - 369152000
20150124 - 13:12:25 - SyncStart - 369152000
20150124 - 13:12:26 - SyncError - 10
20150124 - 13:12:34 - SyncCompt - 369152000
20150124 - 13:43:38 - SyncStart - 369152000
20150124 - 13:50:06 - SyncSuccd - 0
20150124 - 13:50:15 - SyncCompt - 369158144
20150125 - 03:13:07 - SyncStart - 369158144
20150125 - 03:18:52 - SyncSuccd - 0
20150125 - 03:19:07 - SyncCompt - 369152000
20150125 - 13:12:40 - SyncStart - 369152000
20150125 - 13:18:05 - SyncSuccd - 0
20150125 - 13:18:12 - SyncCompt - 369155072
20150126 - 03:12:37 - SyncStart - 369155072
20150126 - 03:18:24 - SyncSuccd - 0
20150126 - 03:18:31 - SyncCompt - 369153024
20150126 - 13:12:35 - SyncStart - 369153024
20150126 - 13:18:03 - SyncSuccd - 0
20150126 - 13:18:10 - SyncCompt - 369150976
20150127 - 03:12:36 - SyncStart - 369150976
20150127 - 03:17:53 - SyncSuccd - 0
20150127 - 03:18:01 - SyncCompt - 369153024
20150127 - 13:12:45 - SyncStart - 369153024
20150127 - 13:17:50 - SyncSuccd - 0
20150127 - 13:17:59 - SyncCompt - 369150976
20150128 - 03:12:40 - SyncStart - 369150976
20150128 - 03:40:45 - SyncSuccd - 0
20150128 - 03:40:52 - SyncCompt - 369159168
20150128 - 13:12:26 - SyncStart - 369159168
20150128 - 13:20:45 - SyncSuccd - 0
20150128 - 13:20:54 - SyncCompt - 369150976
20150129 - 03:12:40 - SyncStart - 369150976
20150129 - 03:21:12 - SyncSuccd - 0
20150129 - 03:21:21 - SyncCompt - 369190912
20150129 - 13:12:41 - SyncStart - 369190912
20150129 - 13:20:32 - SyncSuccd - 0
20150129 - 13:20:42 - SyncCompt - 369188864
20150130 - 03:12:41 - SyncStart - 369188864
20150130 - 03:17:54 - SyncSuccd - 0
20150130 - 03:18:03 - SyncCompt - 369188864
20150130 - 13:12:43 - SyncStart - 369188864
20150130 - 13:18:38 - SyncSuccd - 0
20150130 - 13:18:47 - SyncCompt - 369188864
20150131 - 03:13:24 - SyncStart - 369188864
20150131 - 03:20:06 - SyncSuccd - 0
20150131 - 03:20:30 - SyncCompt - 369314816
20150131 - 13:13:19 - SyncStart - 369314816
20150131 - 13:20:51 - SyncSuccd - 0
20150131 - 13:21:15 - SyncCompt - 369314816
20150201 - 03:13:13 - SyncStart - 369314816
20150201 - 03:18:30 - SyncSuccd - 0
20150201 - 03:18:39 - SyncCompt - 369314816
20150201 - 13:12:24 - SyncStart - 369314816
20150201 - 13:18:49 - SyncSuccd - 0
20150201 - 13:18:59 - SyncCompt - 369314816
20150202 - 03:12:42 - SyncStart - 369314816
20150202 - 03:19:18 - SyncSuccd - 0
20150202 - 03:19:27 - SyncCompt - 369332224
20150202 - 13:12:32 - SyncStart - 369332224
20150202 - 13:35:46 - SyncSuccd - 0
20150202 - 13:35:56 - SyncCompt - 369320960
20150203 - 03:12:50 - SyncStart - 369320960
20150203 - 03:20:16 - SyncSuccd - 0
20150203 - 03:20:25 - SyncCompt - 369195008
20150203 - 13:12:59 - SyncStart - 369195008
20150203 - 13:31:24 - SyncSuccd - 0
20150203 - 13:31:32 - SyncCompt - 369172480
20150204 - 03:12:58 - SyncStart - 369172480
20150204 - 03:13:18 - SyncError - 10
20150204 - 03:13:27 - SyncCompt - 369172480
20150204 - 13:12:46 - SyncStart - 369172480
20150204 - 13:40:50 - SyncSuccd - 0
20150204 - 13:41:00 - SyncCompt - 369172480
20150205 - 03:12:43 - SyncStart - 369172480
20150205 - 03:22:50 - SyncSuccd - 0
20150205 - 03:22:57 - SyncCompt - 369175552
20150205 - 13:12:01 - SyncStart - 4
20150205 - 14:25:59 - SyncError - 12
20150205 - 14:25:59 - SyncCompt - 1519928
20150205 - 16:27:53 - SyncStart - 369175552
20150205 - 17:06:53 - SyncSuccd - 0
20150205 - 17:07:05 - SyncCompt - 369205248
20150206 - 03:12:55 - SyncStart - 369205248
20150206 - 03:19:06 - SyncSuccd - 0
20150206 - 03:19:17 - SyncCompt - 369182720
20150206 - 13:12:24 - SyncStart - 369182720
20150206 - 13:18:06 - SyncSuccd - 0
20150206 - 13:18:19 - SyncCompt - 369186816
20150207 - 03:13:12 - SyncStart - 369186816
20150207 - 03:18:21 - SyncSuccd - 0
20150207 - 03:18:32 - SyncCompt - 369203200
20150207 - 13:12:52 - SyncStart - 369203200
20150207 - 13:18:01 - SyncSuccd - 0
20150207 - 13:18:13 - SyncCompt - 369203200
20150208 - 03:13:30 - SyncStart - 369203200
20150208 - 03:18:11 - SyncSuccd - 0
20150208 - 03:18:22 - SyncCompt - 369203200
20150208 - 13:12:59 - SyncStart - 369203200
20150208 - 13:17:28 - SyncSuccd - 0
20150208 - 13:17:39 - SyncCompt - 369203200
20150209 - 03:13:08 - SyncStart - 369203200
20150209 - 03:17:57 - SyncSuccd - 0
20150209 - 03:18:08 - SyncCompt - 369203200
20150209 - 13:13:02 - SyncStart - 369203200
20150209 - 13:18:26 - SyncSuccd - 0
20150209 - 13:18:38 - SyncCompt - 369203200
20150209 - 18:03:08 - SyncStart - 369203200
20150209 - 18:03:09 - SyncStart - 369203200
20150209 - 18:03:11 - SyncError - 10
20150209 - 18:03:20 - SyncStart - 369203200
20150209 - 18:03:58 - SyncStart - 369203200
20150209 - 18:04:29 - SyncCompt - 369203200
20150209 - 18:04:46 - SyncStart - 369203200
20150209 - 18:04:46 - SyncError - 10
20150209 - 18:05:35 - SyncStart - 369203200
20150209 - 18:05:36 - SyncError - 10
20150209 - 18:06:01 - SyncStart - 369203200
20150209 - 18:06:01 - SyncError - 10
20150209 - 18:06:05 - SyncCompt - 369203200
20150209 - 18:06:19 - SyncStart - 369203200
20150209 - 18:06:20 - SyncError - 10
20150209 - 18:06:48 - SyncCompt - 369203200
20150209 - 18:07:09 - SyncStart - 369203200
20150209 - 18:07:09 - SyncError - 10
20150209 - 18:07:15 - SyncStart - 369203200
20150209 - 18:07:15 - SyncError - 10
20150209 - 18:07:24 - SyncCompt - 369203200
20150209 - 18:07:46 - SyncCompt - 369203200
20150209 - 18:07:50 - SyncStart - 369203200
20150209 - 18:07:50 - SyncError - 10
20150209 - 18:08:08 - SyncStart - 369203200
20150209 - 18:08:08 - SyncError - 10
20150209 - 18:08:14 - SyncSuccd - 0
20150209 - 18:08:15 - SyncSuccd - 0
20150209 - 18:08:18 - SyncStart - 369203200
20150209 - 18:08:40 - SyncCompt - 369203200
20150209 - 18:08:48 - SyncCompt - 369203200
20150209 - 18:08:49 - SyncCompt - 369203200
20150209 - 18:08:49 - SyncCompt - 369203200
20150209 - 18:09:12 - SyncSuccd - 0
20150209 - 18:09:21 - SyncStart - 369203200
20150209 - 18:09:30 - SyncStart - 369203200
20150209 - 18:09:32 - SyncCompt - 369203200
20150209 - 18:09:42 - SyncStart - 369203200
20150209 - 18:09:42 - SyncError - 10
20150209 - 18:09:46 - SyncCompt - 369203200
20150209 - 18:09:50 - SyncCompt - 369203200
20150209 - 18:10:07 - SyncStart - 369203200
20150209 - 18:10:10 - SyncError - 10
20150209 - 18:10:16 - SyncStart - 369203200
20150209 - 18:10:16 - SyncError - 10
20150209 - 18:10:21 - SyncStart - 369203200
20150209 - 18:10:21 - SyncError - 10
20150209 - 18:10:59 - SyncCompt - 369203200
20150209 - 18:11:50 - SyncStart - 369203200
20150209 - 18:11:51 - SyncError - 10
20150209 - 18:11:56 - SyncStart - 369203200
20150209 - 18:11:56 - SyncError - 10
20150209 - 18:12:08 - SyncCompt - 369203200
20150209 - 18:12:11 - SyncCompt - 369203200
20150209 - 18:12:14 - SyncCompt - 369203200
20150209 - 18:12:41 - SyncStart - 369203200
20150209 - 18:12:42 - SyncError - 10
20150209 - 18:12:45 - SyncStart - 369203200
20150209 - 18:12:45 - SyncError - 10
20150209 - 18:13:21 - SyncCompt - 369203200
20150209 - 18:13:26 - SyncCompt - 369203200
20150209 - 18:13:32 - SyncSuccd - 0
20150209 - 18:14:06 - SyncStart - 369203200
20150209 - 18:14:10 - SyncStart - 369203200
20150209 - 18:14:10 - SyncStart - 369203200
20150209 - 18:14:10 - SyncError - 10
20150209 - 18:14:10 - SyncError - 10
20150209 - 18:14:14 - SyncStart - 369203200
20150209 - 18:14:14 - SyncError - 10
20150209 - 18:14:20 - SyncCompt - 369203200
20150209 - 18:14:27 - SyncCompt - 369203200
20150209 - 18:14:30 - SyncCompt - 369203200
20150209 - 18:14:47 - SyncSuccd - 0
20150209 - 18:14:48 - SyncSuccd - 0
20150209 - 18:14:57 - SyncStart - 369203200
20150209 - 18:15:00 - SyncStart - 369203200
20150209 - 18:15:18 - SyncCompt - 369203200
20150209 - 18:15:25 - SyncCompt - 369203200
20150209 - 18:15:59 - SyncCompt - 369203200
20150209 - 18:15:59 - SyncCompt - 369203200
20150209 - 18:16:03 - SyncCompt - 369203200
20150209 - 18:16:05 - SyncStart - 369203200
20150209 - 18:16:05 - SyncStart - 369203200
20150209 - 18:16:06 - SyncError - 10
20150209 - 18:16:06 - SyncError - 10
20150209 - 18:16:41 - SyncStart - 369203200
20150209 - 18:16:41 - SyncStart - 369203200
20150209 - 18:16:43 - SyncError - 10
20150209 - 18:16:43 - SyncError - 10
20150209 - 18:16:44 - SyncStart - 369203200
20150209 - 18:16:44 - SyncError - 10
20150209 - 18:16:54 - SyncStart - 369203200
20150209 - 18:16:54 - SyncError - 10
20150209 - 18:17:31 - SyncCompt - 369203200
20150209 - 18:17:31 - SyncCompt - 369203200
20150209 - 18:18:28 - SyncStart - 369203200
20150209 - 18:18:28 - SyncStart - 369203200
20150209 - 18:18:28 - SyncError - 10
20150209 - 18:18:28 - SyncError - 10
20150209 - 18:18:40 - SyncStart - 369203200
20150209 - 18:18:41 - SyncError - 10
20150209 - 18:18:41 - SyncCompt - 369203200
20150209 - 18:18:41 - SyncCompt - 369203200
20150209 - 18:18:44 - SyncCompt - 369203200
20150209 - 18:18:46 - SyncStart - 369203200
20150209 - 18:18:47 - SyncError - 10
20150209 - 18:18:55 - SyncCompt - 369203200
20150209 - 18:19:27 - SyncStart - 369203200
20150209 - 18:19:27 - SyncStart - 369203200
20150209 - 18:19:27 - SyncError - 10
20150209 - 18:19:27 - SyncError - 10
20150209 - 18:19:29 - SyncStart - 369203200
20150209 - 18:19:30 - SyncError - 10
20150209 - 18:19:37 - SyncStart - 369203200
20150209 - 18:19:38 - SyncError - 10
20150209 - 18:19:40 - SyncSuccd - 0
20150209 - 18:20:08 - SyncStart - 369203200
20150209 - 18:20:14 - SyncCompt - 369203200
20150209 - 18:20:14 - SyncCompt - 369203200
20150209 - 18:20:22 - SyncSuccd - 0
20150209 - 18:20:23 - SyncSuccd - 0
20150209 - 18:20:26 - SyncCompt - 369203200
20150209 - 18:20:58 - SyncCompt - 369203200
20150209 - 18:21:14 - SyncCompt - 369203200
20150209 - 18:21:59 - SyncStart - 369203200
20150209 - 18:21:59 - SyncStart - 369203200
20150209 - 18:22:20 - SyncCompt - 369203200
20150209 - 18:22:20 - SyncCompt - 369203200
20150209 - 18:22:27 - SyncCompt - 369203200
20150209 - 18:22:27 - SyncCompt - 369203200
20150209 - 18:22:31 - SyncCompt - 369203200
20150209 - 18:22:31 - SyncCompt - 369203200
20150209 - 18:22:35 - SyncStart - 369203200
20150209 - 18:22:35 - SyncError - 10
20150209 - 18:22:48 - SyncStart - 369203200
20150209 - 18:22:48 - SyncError - 10
20150209 - 18:23:53 - SyncStart - 369203200
20150209 - 18:23:53 - SyncStart - 369203200
20150209 - 18:23:54 - SyncError - 10
20150209 - 18:23:54 - SyncError - 10
20150209 - 18:23:58 - SyncStart - 369203200
20150209 - 18:23:58 - SyncStart - 369203200
20150209 - 18:23:59 - SyncError - 10
20150209 - 18:23:59 - SyncError - 10
20150209 - 18:25:05 - SyncCompt - 369203200
20150209 - 18:25:08 - SyncCompt - 369203200
20150209 - 18:26:13 - SyncCompt - 369203200
20150209 - 18:26:13 - SyncCompt - 369203200
20150209 - 18:26:17 - SyncCompt - 369203200
20150209 - 18:26:17 - SyncCompt - 369203200
20150209 - 18:26:26 - SyncStart - 369203200
20150209 - 18:26:26 - SyncError - 10
20150209 - 18:26:33 - SyncStart - 369203200
20150209 - 18:26:34 - SyncError - 10
20150209 - 18:27:20 - SyncStart - 369203200
20150209 - 18:27:20 - SyncError - 10
20150209 - 18:27:23 - SyncStart - 369203200
20150209 - 18:27:23 - SyncStart - 369203200
20150209 - 18:27:23 - SyncError - 10
20150209 - 18:27:23 - SyncError - 10
20150209 - 18:27:26 - SyncStart - 369203200
20150209 - 18:27:26 - SyncError - 10
20150209 - 18:27:51 - SyncSuccd - 0
20150209 - 18:27:55 - SyncCompt - 369203200
20150209 - 18:28:44 - SyncCompt - 369203200
20150209 - 18:29:26 - SyncSuccd - 0
20150209 - 18:29:35 - SyncCompt - 369203200
20150209 - 18:29:35 - SyncSuccd - 0
20150209 - 18:29:43 - SyncStart - 369203200
20150209 - 18:29:45 - SyncCompt - 369203200
20150209 - 18:29:52 - SyncCompt - 369203200
20150209 - 18:29:52 - SyncCompt - 369203200
20150209 - 18:30:04 - SyncCompt - 369203200
20150209 - 18:30:29 - SyncStart - 369203200
20150209 - 18:31:01 - SyncCompt - 369203200
20150209 - 18:31:38 - SyncCompt - 369203200
20150209 - 18:32:07 - SyncStart - 369203200
20150209 - 18:32:31 - SyncStart - 369203200
20150209 - 18:32:32 - SyncError - 10
20150209 - 18:33:47 - SyncStart - 369203200
20150209 - 18:33:47 - SyncError - 10
20150209 - 18:34:04 - SyncStart - 369203200
20150209 - 18:34:04 - SyncError - 10
20150209 - 18:34:10 - SyncStart - 369203200
20150209 - 18:34:10 - SyncError - 10
20150209 - 18:34:17 - SyncStart - 369203200
20150209 - 18:34:17 - SyncStart - 369203200
20150209 - 18:34:17 - SyncError - 10
20150209 - 18:34:17 - SyncError - 10
20150209 - 18:35:02 - SyncStart - 369203200
20150209 - 18:35:03 - SyncError - 10
20150209 - 18:35:25 - SyncCompt - 369203200
20150209 - 18:35:43 - SyncStart - 369203200
20150209 - 18:35:44 - SyncError - 10
20150209 - 18:35:51 - SyncStart - 369203200
20150209 - 18:35:52 - SyncError - 10
20150209 - 18:37:00 - SyncSuccd - 0
20150209 - 18:37:00 - SyncCompt - 369203200
20150209 - 18:37:18 - SyncCompt - 369203200
20150209 - 18:37:26 - SyncCompt - 369203200
20150209 - 18:37:26 - SyncCompt - 369203200
20150209 - 18:37:26 - SyncCompt - 369203200
20150209 - 18:37:45 - SyncSuccd - 0
20150209 - 18:38:03 - SyncStart - 369203200
20150209 - 18:38:03 - SyncStart - 369203200
20150209 - 18:38:03 - SyncStart - 369203200
20150209 - 18:38:05 - SyncError - 10
20150209 - 18:38:33 - SyncCompt - 369203200
20150209 - 18:38:47 - SyncSuccd - 0
20150209 - 18:39:19 - SyncCompt - 369203200
20150209 - 18:39:28 - SyncCompt - 369203200
20150209 - 18:39:53 - SyncCompt - 369203200
20150209 - 18:39:53 - SyncStart - 369203200
20150209 - 18:40:25 - SyncStart - 369203200
20150209 - 18:40:25 - SyncError - 10
20150209 - 18:40:32 - SyncStart - 369203200
20150209 - 18:40:32 - SyncStart - 369203200
20150209 - 18:40:32 - SyncStart - 369203200
20150209 - 18:40:32 - SyncError - 10
20150209 - 18:40:32 - SyncError - 10
20150209 - 18:40:32 - SyncError - 10
20150209 - 18:40:35 - SyncStart - 369203200
20150209 - 18:40:35 - SyncStart - 369203200
20150209 - 18:40:37 - SyncError - 10
20150209 - 18:40:38 - SyncError - 10
20150209 - 18:40:39 - SyncStart - 369203200
20150209 - 18:40:39 - SyncError - 10
20150209 - 18:40:43 - SyncStart - 369203200
20150209 - 18:40:44 - SyncError - 10
20150209 - 18:40:50 - SyncCompt - 369203200
20150209 - 18:41:16 - SyncStart - 369203200
20150209 - 18:41:17 - SyncError - 10
20150209 - 18:41:29 - SyncCompt - 369203200
20150209 - 18:41:51 - SyncCompt - 369203200
20150209 - 18:42:02 - SyncStart - 369203200
20150209 - 18:42:03 - SyncError - 10
20150209 - 18:42:17 - SyncStart - 369203200
20150209 - 18:42:20 - SyncError - 10
20150209 - 18:45:17 - SyncCompt - 369203200
20150209 - 18:45:31 - SyncCompt - 369203200
20150209 - 18:45:31 - SyncCompt - 369203200
20150209 - 18:45:31 - SyncCompt - 369203200
20150209 - 18:45:44 - SyncCompt - 369203200
20150209 - 18:45:44 - SyncCompt - 369203200
20150209 - 18:45:51 - SyncCompt - 369203200
20150209 - 18:45:59 - SyncCompt - 369203200
20150209 - 18:45:59 - SyncStart - 369203200
20150209 - 18:46:00 - SyncError - 10
20150209 - 18:46:09 - SyncSuccd - 0
20150209 - 18:49:14 - SyncStart - 369203200
20150209 - 18:50:00 - SyncStart - 369203200
20150209 - 18:50:06 - SyncStart - 369203200
20150209 - 18:54:32 - SyncSuccd - 0
20150209 - 18:54:45 - SyncCompt - 369203200
20150209 - 18:55:09 - SyncSuccd - 0
20150209 - 18:55:11 - SyncSuccd - 0
20150209 - 18:55:26 - SyncCompt - 369203200
20150209 - 18:55:29 - SyncCompt - 369203200
20150209 - 19:59:43 - SyncStart - 369203200
20150209 - 20:04:17 - SyncSuccd - 0
20150209 - 20:04:29 - SyncCompt - 369203200
20150210 - 03:12:59 - SyncStart - 369203200
20150210 - 03:18:36 - SyncSuccd - 0
20150210 - 03:18:47 - SyncCompt - 369221632
20150210 - 13:12:55 - SyncStart - 369221632
20150210 - 13:19:35 - SyncSuccd - 0
20150210 - 13:19:46 - SyncCompt - 369216512
20150211 - 03:12:50 - SyncStart - 369216512
20150211 - 03:12:54 - SyncError - 10
20150211 - 03:14:04 - SyncCompt - 369216512
20150211 - 03:14:14 - SyncStart - 369216512
20150211 - 03:14:15 - SyncError - 10
20150211 - 03:15:26 - SyncCompt - 369216512
20150211 - 03:15:36 - SyncStart - 369216512
20150211 - 03:20:31 - SyncSuccd - 0
20150211 - 03:20:41 - SyncCompt - 369219584
20150211 - 13:13:01 - SyncStart - 369219584
20150211 - 13:18:40 - SyncSuccd - 0
20150211 - 13:18:50 - SyncCompt - 369219584
20150212 - 03:12:57 - SyncStart - 369219584
20150212 - 03:20:43 - SyncSuccd - 0
20150212 - 03:20:53 - SyncCompt - 369207296
20150212 - 13:12:47 - SyncStart - 369207296
20150212 - 13:18:21 - SyncSuccd - 0
20150212 - 13:18:32 - SyncCompt - 369216512
20150213 - 03:12:43 - SyncStart - 369216512
20150213 - 03:17:02 - SyncSuccd - 0
20150213 - 03:17:13 - SyncCompt - 369216512
20150213 - 13:12:44 - SyncStart - 369216512
20150213 - 13:17:07 - SyncSuccd - 0
20150213 - 13:17:18 - SyncCompt - 369216512
20150214 - 03:12:57 - SyncStart - 369216512
20150214 - 03:17:27 - SyncSuccd - 0
20150214 - 03:17:38 - SyncCompt - 369216512
20150214 - 13:12:44 - SyncStart - 369216512
20150214 - 13:19:01 - SyncSuccd - 0
20150214 - 13:19:11 - SyncCompt - 369210368
20150215 - 03:13:05 - SyncStart - 369210368
20150215 - 03:18:11 - SyncSuccd - 0
20150215 - 03:18:22 - SyncCompt - 369212416
20150215 - 13:12:43 - SyncStart - 369212416
20150215 - 13:58:48 - SyncSuccd - 0
20150215 - 13:58:59 - SyncCompt - 369210368
20150216 - 03:12:45 - SyncStart - 369210368
20150216 - 03:20:45 - SyncSuccd - 0
20150216 - 03:20:55 - SyncCompt - 369212416
20150216 - 13:12:44 - SyncStart - 369212416
20150216 - 15:37:57 - SyncSuccd - 0
20150216 - 15:38:18 - SyncCompt - 369339392
20150217 - 03:12:42 - SyncStart - 369339392
20150217 - 03:17:41 - SyncSuccd - 0
20150217 - 03:17:52 - SyncCompt - 369339392
20150217 - 13:12:43 - SyncStart - 369339392
20150217 - 13:18:44 - SyncSuccd - 0
20150217 - 13:18:55 - SyncCompt - 369339392
20150218 - 03:12:44 - SyncStart - 369339392
20150218 - 03:23:38 - SyncSuccd - 0
20150218 - 03:23:49 - SyncCompt - 369342464
20150218 - 13:12:21 - SyncStart - 369342464
20150218 - 13:17:13 - SyncSuccd - 0
20150218 - 13:17:24 - SyncCompt - 369344512
20150219 - 03:12:46 - SyncStart - 369344512
20150219 - 03:19:43 - SyncSuccd - 0
20150219 - 03:19:55 - SyncCompt - 369375232
20150219 - 13:12:21 - SyncStart - 369375232
20150219 - 13:18:09 - SyncSuccd - 0
20150219 - 13:18:21 - SyncCompt - 369347584
20150220 - 03:12:47 - SyncStart - 369347584
20150220 - 03:18:06 - SyncSuccd - 0
20150220 - 03:18:18 - SyncCompt - 369343488
20150220 - 13:12:20 - SyncStart - 369343488
20150220 - 13:17:03 - SyncSuccd - 0
20150220 - 13:17:15 - SyncCompt - 369343488
20150221 - 03:12:59 - SyncStart - 369343488
20150221 - 03:18:23 - SyncSuccd - 0
20150221 - 03:18:35 - SyncCompt - 369344512
20150221 - 13:12:15 - SyncStart - 369344512
20150221 - 13:12:19 - SyncError - 10
20150221 - 13:13:30 - SyncCompt - 369344512
20150221 - 13:13:42 - SyncStart - 369344512
20150221 - 13:19:26 - SyncSuccd - 0
20150221 - 13:19:38 - SyncCompt - 369344512
20150222 - 03:13:17 - SyncStart - 369344512
20150222 - 03:18:15 - SyncSuccd - 0
20150222 - 03:18:27 - SyncCompt - 369342464
20150222 - 13:12:20 - SyncStart - 369342464
20150222 - 13:17:13 - SyncSuccd - 0
20150222 - 13:17:25 - SyncCompt - 369342464
20150223 - 03:12:45 - SyncStart - 369342464
20150223 - 03:18:15 - SyncSuccd - 0
20150223 - 03:18:27 - SyncCompt - 369343488
20150223 - 13:12:23 - SyncStart - 369343488
20150223 - 13:17:22 - SyncSuccd - 0
20150223 - 13:17:34 - SyncCompt - 369346560
20150224 - 03:12:46 - SyncStart - 369346560
20150224 - 03:18:38 - SyncSuccd - 0
20150224 - 03:18:50 - SyncCompt - 369358848
20150224 - 13:12:42 - SyncStart - 369358848
20150224 - 13:18:27 - SyncSuccd - 0
20150224 - 13:18:39 - SyncCompt - 369342464
20150225 - 03:12:48 - SyncStart - 369342464
20150225 - 03:18:32 - SyncSuccd - 0
20150225 - 03:18:44 - SyncCompt - 369475584
20150225 - 13:12:46 - SyncStart - 369475584
20150225 - 13:17:50 - SyncSuccd - 0
20150225 - 13:18:02 - SyncCompt - 369371136
20150226 - 03:12:49 - SyncStart - 369371136
20150226 - 03:17:56 - SyncSuccd - 0
20150226 - 03:18:07 - SyncCompt - 369388544
20150226 - 13:12:49 - SyncStart - 369388544
20150226 - 13:17:57 - SyncSuccd - 0
20150226 - 13:18:10 - SyncCompt - 369402880
20150227 - 03:12:48 - SyncStart - 369402880
20150227 - 03:18:25 - SyncSuccd - 0
20150227 - 03:18:38 - SyncCompt - 369371136
20150227 - 13:12:48 - SyncStart - 369371136
20150227 - 13:17:47 - SyncSuccd - 0
20150227 - 13:18:00 - SyncCompt - 369371136
20150228 - 03:13:05 - SyncStart - 369371136
20150228 - 03:20:23 - SyncSuccd - 0
20150228 - 03:20:37 - SyncCompt - 369418240
20150228 - 13:12:53 - SyncStart - 369418240
20150228 - 13:17:41 - SyncSuccd - 0
20150228 - 13:17:56 - SyncCompt - 369418240
20150301 - 03:13:40 - SyncStart - 369418240
20150301 - 03:13:41 - SyncError - 10
20150301 - 03:14:54 - SyncCompt - 369418240
20150301 - 03:15:07 - SyncStart - 369418240
20150301 - 03:15:07 - SyncError - 10
20150301 - 03:16:20 - SyncCompt - 369418240
20150301 - 03:16:33 - SyncStart - 369418240
20150301 - 03:21:35 - SyncSuccd - 0
20150301 - 03:21:51 - SyncCompt - 369472512
20150301 - 13:12:52 - SyncStart - 369472512
20150301 - 13:17:27 - SyncSuccd - 0
20150301 - 13:17:41 - SyncCompt - 369472512
20150302 - 03:12:47 - SyncStart - 369472512
20150302 - 03:17:18 - SyncSuccd - 0
20150302 - 03:17:31 - SyncCompt - 369472512
20150302 - 13:12:55 - SyncStart - 369472512
20150302 - 13:18:51 - SyncSuccd - 0
20150302 - 13:19:07 - SyncCompt - 369785856
20150303 - 03:12:49 - SyncStart - 369785856
20150303 - 03:17:58 - SyncSuccd - 0
20150303 - 03:18:10 - SyncCompt - 369785856
20150303 - 13:12:47 - SyncStart - 369785856
20150303 - 13:17:53 - SyncSuccd - 0
20150303 - 13:18:06 - SyncCompt - 369798144
20150304 - 03:12:49 - SyncStart - 369798144
20150304 - 03:18:17 - SyncSuccd - 0
20150304 - 03:18:30 - SyncCompt - 369683456
20150304 - 13:12:48 - SyncStart - 369683456
20150304 - 13:18:14 - SyncSuccd - 0
20150304 - 13:18:28 - SyncCompt - 369822720
20150305 - 03:13:00 - SyncStart - 369822720
20150305 - 03:18:21 - SyncSuccd - 0
20150305 - 03:18:35 - SyncCompt - 369908736
20150305 - 13:13:08 - SyncStart - 369908736
20150305 - 13:18:55 - SyncSuccd - 0
20150305 - 13:19:10 - SyncCompt - 369823744
20150306 - 03:13:04 - SyncStart - 369823744
20150306 - 03:21:30 - SyncSuccd - 0
20150306 - 03:21:42 - SyncCompt - 369843200
20150306 - 13:12:52 - SyncStart - 369843200
20150306 - 13:18:10 - SyncSuccd - 0
20150306 - 13:18:24 - SyncCompt - 369843200
20150307 - 03:13:13 - SyncStart - 369843200
20150307 - 03:13:14 - SyncError - 10
20150307 - 03:14:27 - SyncCompt - 369843200
20150307 - 03:14:41 - SyncStart - 369843200
20150307 - 03:25:01 - SyncSuccd - 0
20150307 - 03:25:14 - SyncCompt - 370348032
20150307 - 13:13:01 - SyncStart - 370348032
20150307 - 13:19:25 - SyncSuccd - 0
20150307 - 13:19:38 - SyncCompt - 370403328
20150308 - 03:13:50 - SyncStart - 370403328
20150308 - 03:18:49 - SyncSuccd - 0
20150308 - 03:19:01 - SyncCompt - 370394112
20150308 - 13:13:03 - SyncStart - 370394112
20150308 - 13:18:00 - SyncSuccd - 0
20150308 - 13:18:13 - SyncCompt - 370394112
20150309 - 03:12:50 - SyncStart - 370394112
20150309 - 03:18:37 - SyncSuccd - 0
20150309 - 03:18:50 - SyncCompt - 370264064
20150309 - 13:13:02 - SyncStart - 370264064
20150309 - 13:17:42 - SyncSuccd - 0
20150309 - 13:17:56 - SyncCompt - 370264064
20150310 - 03:12:58 - SyncStart - 370264064
20150310 - 03:19:05 - SyncSuccd - 0
20150310 - 03:19:18 - SyncCompt - 370195456
20150310 - 13:13:18 - SyncStart - 370195456
20150310 - 13:13:19 - SyncError - 10
20150310 - 13:14:32 - SyncCompt - 370195456
20150310 - 13:14:45 - SyncStart - 370195456
20150310 - 13:14:45 - SyncError - 10
20150310 - 13:15:59 - SyncCompt - 370195456
20150310 - 13:16:13 - SyncStart - 370195456
20150310 - 13:16:13 - SyncError - 10
20150310 - 13:17:27 - SyncCompt - 370195456
20150310 - 13:17:40 - SyncStart - 370195456
20150310 - 13:17:41 - SyncError - 10
20150310 - 13:18:54 - SyncCompt - 370195456
20150310 - 13:19:07 - SyncStart - 370195456
20150310 - 13:19:08 - SyncError - 10
20150310 - 13:20:20 - SyncCompt - 370195456
20150310 - 15:27:10 - SyncStart - 370653184
20150310 - 15:31:49 - SyncSuccd - 0
20150310 - 15:32:02 - SyncCompt - 370653184
20150311 - 03:13:04 - SyncStart - 370653184
20150311 - 03:18:10 - SyncSuccd - 0
20150311 - 03:18:23 - SyncCompt - 370661376
20150311 - 13:12:56 - SyncStart - 370661376
20150311 - 13:12:57 - SyncError - 12
20150311 - 13:14:11 - SyncCompt - 370661376
20150311 - 13:14:25 - SyncStart - 370661376
20150311 - 13:14:26 - SyncError - 12
20150311 - 13:15:40 - SyncCompt - 370661376
20150311 - 13:15:54 - SyncStart - 370661376
20150311 - 13:15:55 - SyncError - 12
20150311 - 13:17:09 - SyncCompt - 370661376
20150311 - 13:17:23 - SyncStart - 370661376
20150311 - 13:17:24 - SyncError - 12
20150311 - 13:18:39 - SyncCompt - 370661376
20150311 - 13:18:53 - SyncStart - 370661376
20150311 - 13:23:22 - SyncSuccd - 0
20150311 - 13:23:37 - SyncCompt - 370661376
20150312 - 03:13:08 - SyncStart - 370661376
20150312 - 03:19:11 - SyncSuccd - 0
20150312 - 03:19:24 - SyncCompt - 370653184
20150312 - 13:13:01 - SyncStart - 370653184
20150312 - 13:13:01 - SyncError - 12
20150312 - 13:14:15 - SyncCompt - 370653184
20150312 - 13:14:29 - SyncStart - 370653184
20150312 - 13:14:29 - SyncError - 12
20150312 - 13:15:43 - SyncCompt - 370653184
20150312 - 13:15:57 - SyncStart - 370653184
20150312 - 13:15:57 - SyncError - 12
20150312 - 13:17:12 - SyncCompt - 370653184
20150312 - 13:17:25 - SyncStart - 370653184
20150312 - 13:17:26 - SyncError - 12
20150312 - 13:18:40 - SyncCompt - 370653184
20150312 - 13:18:53 - SyncStart - 370653184
20150312 - 13:18:54 - SyncError - 12
20150312 - 13:20:09 - SyncCompt - 370653184
20150312 - 15:22:15 - SyncStart - 370665472
20150312 - 15:26:40 - SyncSuccd - 0
20150312 - 15:26:54 - SyncCompt - 370665472
20150313 - 03:13:07 - SyncStart - 370665472
20150313 - 03:13:08 - SyncError - 12
20150313 - 03:14:21 - SyncCompt - 370665472
20150313 - 03:14:34 - SyncStart - 370665472
20150313 - 03:20:03 - SyncSuccd - 0
20150313 - 03:20:16 - SyncCompt - 370653184
20150313 - 13:13:07 - SyncStart - 370653184
20150313 - 13:18:29 - SyncSuccd - 0
20150313 - 13:18:43 - SyncCompt - 370657280
20150314 - 03:13:18 - SyncStart - 370657280
20150314 - 03:18:13 - SyncSuccd - 0
20150314 - 03:18:26 - SyncCompt - 370657280
20150314 - 13:12:48 - SyncStart - 370657280
20150314 - 13:17:30 - SyncSuccd - 0
20150314 - 13:17:44 - SyncCompt - 370657280
20150315 - 03:13:20 - SyncStart - 370657280
20150315 - 03:13:20 - SyncError - 12
20150315 - 03:14:34 - SyncCompt - 370657280
20150315 - 03:14:48 - SyncStart - 370657280
20150315 - 03:14:48 - SyncError - 12
20150315 - 03:16:02 - SyncCompt - 370657280
20150315 - 03:16:15 - SyncStart - 370657280
20150315 - 03:16:16 - SyncError - 12
20150315 - 03:17:29 - SyncCompt - 370657280
20150315 - 03:17:42 - SyncStart - 370657280
20150315 - 03:17:43 - SyncError - 12
20150315 - 03:18:56 - SyncCompt - 370657280
20150315 - 03:19:09 - SyncStart - 370657280
20150315 - 03:19:10 - SyncError - 12
20150315 - 03:20:23 - SyncCompt - 370657280
20150315 - 13:12:51 - SyncStart - 370657280
20150315 - 13:12:52 - SyncError - 12
20150315 - 13:14:07 - SyncCompt - 370657280
20150315 - 13:14:21 - SyncStart - 370657280
20150315 - 13:14:22 - SyncError - 12
20150315 - 13:15:36 - SyncCompt - 370657280
20150315 - 13:15:49 - SyncStart - 370657280
20150315 - 13:15:50 - SyncError - 12
20150315 - 13:17:03 - SyncCompt - 370657280
20150315 - 13:17:17 - SyncStart - 370657280
20150315 - 13:17:18 - SyncError - 12
20150315 - 13:18:32 - SyncCompt - 370657280
20150315 - 13:18:46 - SyncStart - 370657280
20150315 - 13:18:47 - SyncError - 12
20150315 - 13:20:01 - SyncCompt - 370657280
20150315 - 13:58:02 - SyncStart - 370751488
20150315 - 14:02:36 - SyncSuccd - 0
20150315 - 14:02:50 - SyncCompt - 370751488
20150315 - 16:55:52 - SyncStart - 370751488
20150315 - 16:55:53 - SyncError - 12
20150315 - 16:57:07 - SyncCompt - 370751488
20150315 - 16:57:21 - SyncStart - 370751488
20150315 - 17:02:04 - SyncSuccd - 0
20150315 - 17:02:19 - SyncCompt - 370751488
20150316 - 03:12:45 - SyncStart - 370751488
20150316 - 03:19:09 - SyncSuccd - 0
20150316 - 03:19:22 - SyncCompt - 370605056
20150316 - 13:12:49 - SyncStart - 370605056
20150316 - 13:12:50 - SyncError - 12
20150316 - 13:14:03 - SyncCompt - 370605056
20150316 - 13:14:15 - SyncStart - 370605056
20150316 - 13:14:18 - SyncError - 10
20150316 - 13:15:32 - SyncCompt - 370605056
20150316 - 13:15:44 - SyncStart - 370605056
20150316 - 13:21:31 - SyncSuccd - 0
20150316 - 13:21:44 - SyncCompt - 370616320
20150317 - 03:12:46 - SyncStart - 370616320
20150317 - 03:17:11 - SyncSuccd - 0
20150317 - 03:17:24 - SyncCompt - 370616320
20150317 - 13:12:47 - SyncStart - 370616320
20150317 - 13:17:43 - SyncSuccd - 0
20150317 - 13:17:57 - SyncCompt - 370616320
20150318 - 03:12:49 - SyncStart - 370616320
20150318 - 03:18:08 - SyncSuccd - 0
20150318 - 03:18:20 - SyncCompt - 370620416
20150318 - 13:12:52 - SyncStart - 370620416
20150318 - 13:12:54 - SyncError - 12
20150318 - 13:14:07 - SyncCompt - 370620416
20150318 - 13:14:20 - SyncStart - 370620416
20150318 - 13:14:21 - SyncError - 12
20150318 - 13:15:34 - SyncCompt - 370620416
20150318 - 13:15:47 - SyncStart - 370620416
20150318 - 13:15:48 - SyncError - 12
20150318 - 13:17:01 - SyncCompt - 370620416
20150318 - 13:17:14 - SyncStart - 370620416
20150318 - 13:17:15 - SyncError - 12
20150318 - 13:18:28 - SyncCompt - 370620416
20150318 - 13:18:41 - SyncStart - 370620416
20150318 - 13:18:43 - SyncError - 12
20150318 - 13:19:56 - SyncCompt - 370620416
20150319 - 03:12:45 - SyncStart - 370620416
20150319 - 03:17:14 - SyncSuccd - 0
20150319 - 03:17:28 - SyncCompt - 370620416
20150319 - 13:12:35 - SyncStart - 370620416
20150319 - 13:12:35 - SyncError - 12
20150319 - 13:13:49 - SyncCompt - 370620416
20150319 - 13:14:02 - SyncStart - 370620416
20150319 - 13:14:03 - SyncError - 12
20150319 - 13:15:16 - SyncCompt - 370620416
20150319 - 13:15:29 - SyncStart - 370620416
20150319 - 13:15:30 - SyncError - 12
20150319 - 13:16:43 - SyncCompt - 370620416
20150319 - 13:16:57 - SyncStart - 370620416
20150319 - 13:16:57 - SyncError - 12
20150319 - 13:18:10 - SyncCompt - 370620416
20150319 - 13:18:23 - SyncStart - 370620416
20150319 - 13:18:23 - SyncError - 12
20150319 - 13:19:37 - SyncCompt - 370620416
20150319 - 22:02:34 - SyncStart - 370620416
20150319 - 22:02:35 - SyncError - 12
20150319 - 22:03:49 - SyncCompt - 370620416
20150319 - 22:04:15 - SyncStart - 370620416
20150319 - 22:04:17 - SyncError - 12
20150319 - 22:05:01 - SyncStart - 370620416
20150319 - 22:05:02 - SyncError - 12
20150319 - 22:06:42 - SyncStart - 370620416
20150319 - 22:06:43 - SyncError - 12
20150319 - 22:12:15 - SyncStart - 370620416
20150319 - 22:12:15 - SyncError - 12
20150319 - 22:13:28 - SyncCompt - 370620416
20150319 - 22:13:42 - SyncStart - 370620416
20150319 - 22:13:42 - SyncError - 12
20150319 - 22:14:56 - SyncCompt - 370620416
20150319 - 22:15:09 - SyncStart - 370620416
20150319 - 22:20:29 - SyncSuccd - 0
20150319 - 22:20:42 - SyncCompt - 370620416
20150320 - 03:12:16 - SyncStart - 370620416
20150320 - 03:12:17 - SyncError - 12
20150320 - 03:13:30 - SyncCompt - 370620416
20150320 - 03:13:43 - SyncStart - 370620416
20150320 - 03:13:44 - SyncError - 12
20150320 - 03:14:56 - SyncCompt - 370620416
20150320 - 03:15:09 - SyncStart - 370620416
20150320 - 03:15:10 - SyncError - 12
20150320 - 03:16:22 - SyncCompt - 370620416
20150320 - 03:16:35 - SyncStart - 370620416
20150320 - 03:16:35 - SyncError - 12
20150320 - 03:17:48 - SyncCompt - 370620416
20150320 - 03:18:01 - SyncStart - 370620416
20150320 - 03:18:01 - SyncError - 12
20150320 - 03:19:14 - SyncCompt - 370620416
20150320 - 12:15:40 - SyncStart - 370620416
20150320 - 12:20:40 - SyncSuccd - 0
20150320 - 12:20:53 - SyncCompt - 370620416
20150320 - 13:12:15 - SyncStart - 370620416
20150320 - 13:16:56 - SyncSuccd - 0
20150320 - 13:17:08 - SyncCompt - 370620416
20150321 - 03:13:00 - SyncStart - 370620416
20150321 - 03:17:34 - SyncSuccd - 0
20150321 - 03:17:46 - SyncCompt - 370620416
20150321 - 13:12:22 - SyncStart - 370620416
20150321 - 13:17:23 - SyncSuccd - 0
20150321 - 13:17:37 - SyncCompt - 370668544
20150322 - 03:13:16 - SyncStart - 370668544
20150322 - 03:21:18 - SyncSuccd - 0
20150322 - 03:21:31 - SyncCompt - 370640896
20150322 - 13:12:28 - SyncStart - 370640896
20150322 - 13:17:00 - SyncSuccd - 0
20150322 - 13:17:14 - SyncCompt - 370640896
20150323 - 03:12:46 - SyncStart - 370640896
20150323 - 03:18:18 - SyncSuccd - 0
20150323 - 03:18:30 - SyncCompt - 362222592
20150323 - 13:12:18 - SyncStart - 362222592
20150323 - 13:17:43 - SyncSuccd - 0
20150323 - 13:17:56 - SyncCompt - 362002432
20150324 - 03:12:48 - SyncStart - 362002432
20150324 - 03:18:07 - SyncSuccd - 0
20150324 - 03:18:19 - SyncCompt - 361806848
20150324 - 13:12:29 - SyncStart - 361806848
20150324 - 13:17:41 - SyncSuccd - 0
20150324 - 13:17:55 - SyncCompt - 361794560
20150325 - 03:12:47 - SyncStart - 361794560
20150325 - 03:12:48 - SyncError - 12
20150325 - 03:14:01 - SyncCompt - 361794560
20150325 - 03:14:14 - SyncStart - 361794560
20150325 - 03:14:15 - SyncError - 12
20150325 - 03:15:28 - SyncCompt - 361794560
20150325 - 03:15:41 - SyncStart - 361794560
20150325 - 03:15:42 - SyncError - 12
20150325 - 03:16:55 - SyncCompt - 361794560
20150325 - 03:17:07 - SyncStart - 361794560
20150325 - 03:23:30 - SyncSuccd - 0
20150325 - 03:23:43 - SyncCompt - 361800704
20150325 - 13:12:26 - SyncStart - 361800704
20150325 - 13:18:01 - SyncSuccd - 0
20150325 - 13:18:17 - SyncCompt - 361797632
20150326 - 03:12:46 - SyncStart - 361797632
20150326 - 03:17:43 - SyncSuccd - 0
20150326 - 03:17:56 - SyncCompt - 361816064
20150326 - 13:12:27 - SyncStart - 361816064
20150326 - 13:19:10 - SyncSuccd - 0
20150326 - 13:19:23 - SyncCompt - 361889792
20150327 - 03:12:48 - SyncStart - 361889792
20150327 - 03:18:22 - SyncSuccd - 0
20150327 - 03:18:35 - SyncCompt - 361846784
20150327 - 13:12:51 - SyncStart - 361846784
20150327 - 13:17:26 - SyncSuccd - 0
20150327 - 13:17:42 - SyncCompt - 361846784
20150328 - 03:12:57 - SyncStart - 361846784
20150328 - 03:12:57 - SyncError - 12
20150328 - 03:14:10 - SyncCompt - 361846784
20150328 - 03:14:23 - SyncStart - 361846784
20150328 - 03:14:24 - SyncError - 12
20150328 - 03:15:37 - SyncCompt - 361846784
20150328 - 03:15:49 - SyncStart - 361846784
20150328 - 03:15:50 - SyncError - 12
20150328 - 03:17:03 - SyncCompt - 361846784
20150328 - 03:17:15 - SyncStart - 361846784
20150328 - 03:17:16 - SyncError - 12
20150328 - 03:18:29 - SyncCompt - 361846784
20150328 - 03:18:42 - SyncStart - 361846784
20150328 - 03:18:43 - SyncError - 12
20150328 - 03:19:55 - SyncCompt - 361846784
20150328 - 13:12:40 - SyncStart - 361846784
20150328 - 13:16:59 - SyncSuccd - 0
20150328 - 13:17:12 - SyncCompt - 361846784
20150329 - 03:13:25 - SyncStart - 361846784
20150329 - 03:18:39 - SyncSuccd - 0
20150329 - 03:18:52 - SyncCompt - 361844736
20150329 - 13:12:24 - SyncStart - 361844736
20150329 - 13:16:49 - SyncSuccd - 0
20150329 - 13:17:02 - SyncCompt - 361844736
20150330 - 03:12:46 - SyncStart - 361844736
20150330 - 03:12:47 - SyncError - 12
20150330 - 03:14:00 - SyncCompt - 361844736
20150330 - 03:14:13 - SyncStart - 361844736
20150330 - 03:14:14 - SyncError - 12
20150330 - 03:15:27 - SyncCompt - 361844736
20150330 - 03:15:40 - SyncStart - 361844736
20150330 - 03:15:41 - SyncError - 12
20150330 - 03:16:53 - SyncCompt - 361844736
20150330 - 03:17:05 - SyncStart - 361844736
20150330 - 03:23:18 - SyncSuccd - 0
20150330 - 03:23:30 - SyncCompt - 361533440
20150330 - 13:12:45 - SyncStart - 361533440
20150330 - 13:12:46 - SyncError - 12
20150330 - 13:14:00 - SyncCompt - 361533440
20150330 - 13:14:14 - SyncStart - 361533440
20150330 - 13:14:31 - SyncError - 12
20150330 - 13:15:44 - SyncCompt - 361533440
20150330 - 13:15:58 - SyncStart - 361533440
20150330 - 13:20:30 - SyncSuccd - 0
20150330 - 13:20:43 - SyncCompt - 361533440
20150331 - 03:12:45 - SyncStart - 361533440
20150331 - 03:19:10 - SyncSuccd - 0
20150331 - 03:19:23 - SyncCompt - 361523200
20150331 - 13:12:42 - SyncStart - 361523200
20150331 - 13:12:42 - SyncError - 12
20150331 - 13:13:55 - SyncCompt - 361523200
20150331 - 13:14:08 - SyncStart - 361523200
20150331 - 13:14:09 - SyncError - 12
20150331 - 13:15:22 - SyncCompt - 361523200
20150331 - 13:15:35 - SyncStart - 361523200
20150331 - 13:15:36 - SyncError - 12
20150331 - 13:16:48 - SyncCompt - 361523200
20150331 - 13:17:01 - SyncStart - 361523200
20150331 - 13:17:02 - SyncError - 12
20150331 - 13:18:15 - SyncCompt - 361523200
20150331 - 13:18:28 - SyncStart - 361523200
20150331 - 13:18:29 - SyncError - 12
20150331 - 13:19:42 - SyncCompt - 361523200
20150401 - 03:12:47 - SyncStart - 361523200
20150401 - 03:18:10 - SyncSuccd - 0
20150401 - 03:18:23 - SyncCompt - 361537536
20150401 - 13:12:19 - SyncStart - 361537536
20150401 - 13:16:50 - SyncSuccd - 0
20150401 - 13:17:03 - SyncCompt - 361537536
20150402 - 03:12:48 - SyncStart - 361537536
20150402 - 03:12:49 - SyncError - 12
20150402 - 03:14:03 - SyncCompt - 361537536
20150402 - 03:14:16 - SyncStart - 361537536
20150402 - 03:14:17 - SyncError - 12
20150402 - 03:15:30 - SyncCompt - 361537536
20150402 - 03:15:42 - SyncStart - 361537536
20150402 - 03:20:54 - SyncSuccd - 0
20150402 - 03:21:07 - SyncCompt - 361513984
20150402 - 13:12:51 - SyncStart - 361513984
20150402 - 13:18:02 - SyncSuccd - 0
20150402 - 13:18:16 - SyncCompt - 361502720
20150403 - 03:12:47 - SyncStart - 361502720
20150403 - 03:12:48 - SyncError - 12
20150403 - 03:14:02 - SyncCompt - 361502720
20150403 - 03:14:15 - SyncStart - 361502720
20150403 - 03:14:15 - SyncError - 12
20150403 - 03:15:29 - SyncCompt - 361502720
20150403 - 03:15:44 - SyncStart - 361502720
20150403 - 03:15:45 - SyncError - 12
20150403 - 03:16:59 - SyncCompt - 361502720
20150403 - 03:17:15 - SyncStart - 361502720
20150403 - 03:17:16 - SyncError - 12
20150403 - 03:18:30 - SyncCompt - 361502720
20150403 - 03:18:45 - SyncStart - 361502720
20150403 - 03:18:46 - SyncError - 12
20150403 - 03:20:00 - SyncCompt - 361502720
20150403 - 13:12:50 - SyncStart - 361502720
20150403 - 13:12:51 - SyncError - 12
20150403 - 13:14:06 - SyncCompt - 361502720
20150403 - 13:14:20 - SyncStart - 361502720
20150403 - 13:14:20 - SyncError - 12
20150403 - 13:15:37 - SyncCompt - 361502720
20150403 - 13:15:52 - SyncStart - 361502720
20150403 - 13:15:53 - SyncError - 12
20150403 - 13:17:08 - SyncCompt - 361502720
20150403 - 13:17:22 - SyncStart - 361502720
20150403 - 13:17:23 - SyncError - 12
20150403 - 13:18:38 - SyncCompt - 361502720
20150403 - 13:18:51 - SyncStart - 361502720
20150403 - 13:18:52 - SyncError - 12
20150403 - 13:20:05 - SyncCompt - 361502720
20150404 - 03:13:07 - SyncStart - 361502720
20150404 - 03:13:08 - SyncError - 12
20150404 - 03:14:21 - SyncCompt - 361502720
20150404 - 03:14:34 - SyncStart - 361502720
20150404 - 03:14:34 - SyncError - 12
20150404 - 03:15:47 - SyncCompt - 361502720
20150404 - 03:16:00 - SyncStart - 361502720
20150404 - 03:16:01 - SyncError - 12
20150404 - 03:17:14 - SyncCompt - 361502720
20150404 - 03:17:27 - SyncStart - 361502720
20150404 - 03:17:28 - SyncError - 12
20150404 - 03:18:41 - SyncCompt - 361502720
20150404 - 03:18:54 - SyncStart - 361502720
20150404 - 03:18:55 - SyncError - 12
20150404 - 03:20:08 - SyncCompt - 361502720
20150404 - 13:13:04 - SyncStart - 361502720
20150404 - 13:13:05 - SyncError - 12
20150404 - 13:14:18 - SyncCompt - 361502720
20150404 - 13:14:31 - SyncStart - 361502720
20150404 - 13:14:32 - SyncError - 12
20150404 - 13:15:46 - SyncCompt - 361502720
20150404 - 13:15:59 - SyncStart - 361502720
20150404 - 13:15:59 - SyncError - 12
20150404 - 13:17:13 - SyncCompt - 361502720
20150404 - 13:17:26 - SyncStart - 361502720
20150404 - 13:17:27 - SyncError - 12
20150404 - 13:18:40 - SyncCompt - 361502720
20150404 - 13:18:53 - SyncStart - 361502720
20150404 - 13:18:54 - SyncError - 12
20150404 - 13:20:07 - SyncCompt - 361502720
20150405 - 03:13:17 - SyncStart - 361502720
20150405 - 03:13:18 - SyncError - 12
20150405 - 03:14:31 - SyncCompt - 361502720
20150405 - 03:14:44 - SyncStart - 361502720
20150405 - 03:14:45 - SyncError - 12
20150405 - 03:15:58 - SyncCompt - 361502720
20150405 - 03:16:10 - SyncStart - 361502720
20150405 - 03:16:11 - SyncError - 12
20150405 - 03:17:23 - SyncCompt - 361502720
20150405 - 03:17:35 - SyncStart - 361502720
20150405 - 03:17:36 - SyncError - 12
20150405 - 03:18:48 - SyncCompt - 361502720
20150405 - 03:19:01 - SyncStart - 361502720
20150405 - 03:19:01 - freeze - 12
20150405 - 03:20:14 - SyncCompt - 361502720
20150405 - 13:12:53 - SyncStart - 361502720
20150405 - 13:12:54 - SyncError - 12
20150405 - 13:14:08 - SyncCompt - 361502720
20150405 - 13:14:22 - SyncStart - 361502720
20150405 - 13:14:23 - SyncError - 12
20150405 - 13:15:37 - SyncCompt - 361502720
20150405 - 13:15:50 - SyncStart - 361502720
20150405 - 13:15:51 - SyncError - 12
20150405 - 13:17:05 - SyncCompt - 361502720
20150405 - 13:17:18 - SyncStart - 361502720
20150405 - 13:17:19 - SyncError - 12
20150405 - 13:18:33 - SyncCompt - 361502720
20150405 - 13:18:46 - SyncStart - 361502720
20150405 - 13:18:47 - SyncError - 12
20150405 - 13:20:00 - SyncCompt - 361502720
20150406 - 03:13:05 - SyncStart - 361502720
20150406 - 03:13:06 - SyncError - 12
20150406 - 03:14:19 - SyncCompt - 361502720
20150406 - 03:14:31 - SyncStart - 361502720
20150406 - 03:14:32 - SyncError - 12
20150406 - 03:15:45 - SyncCompt - 361502720
20150406 - 03:15:58 - SyncStart - 361502720
20150406 - 03:15:59 - SyncError - 12
20150406 - 03:17:11 - SyncCompt - 361502720
20150406 - 03:17:23 - SyncStart - 361502720
20150406 - 03:17:24 - SyncError - 12
20150406 - 03:18:37 - SyncCompt - 361502720
20150406 - 03:18:49 - SyncStart - 361502720
20150406 - 03:18:50 - SyncError - 12
20150406 - 03:20:03 - SyncCompt - 361502720
20150406 - 13:12:59 - SyncStart - 361502720
20150406 - 13:13:00 - SyncError - 12
20150406 - 13:14:13 - SyncCompt - 361502720
20150406 - 13:14:26 - SyncStart - 361502720
20150406 - 13:14:27 - SyncError - 12
20150406 - 13:15:40 - SyncCompt - 361502720
20150406 - 13:15:52 - SyncStart - 361502720
20150406 - 13:15:53 - SyncError - 12
20150406 - 13:17:06 - SyncCompt - 361502720
20150406 - 13:17:19 - SyncStart - 361502720
20150406 - 13:17:20 - SyncError - 12
20150406 - 13:18:33 - SyncCompt - 361502720
20150406 - 13:18:46 - SyncStart - 361502720
20150406 - 13:18:47 - SyncError - 12
20150406 - 13:20:00 - SyncCompt - 361502720
20150407 - 03:13:09 - SyncStart - 361502720
20150407 - 03:13:09 - SyncError - 12
20150407 - 03:14:22 - SyncCompt - 361502720
20150407 - 03:14:35 - SyncStart - 361502720
20150407 - 03:14:35 - SyncError - 12
20150407 - 03:15:48 - SyncCompt - 361502720
20150407 - 03:16:00 - SyncStart - 361502720
20150407 - 03:16:01 - SyncError - 12
20150407 - 03:17:14 - SyncCompt - 361502720
20150407 - 03:17:26 - SyncStart - 361502720
20150407 - 03:17:27 - SyncError - 12
20150407 - 03:18:39 - SyncCompt - 361502720
20150407 - 03:18:52 - SyncStart - 361502720
20150407 - 03:18:53 - SyncError - 12
20150407 - 03:20:05 - SyncCompt - 361502720
20150407 - 13:12:22 - SyncStart - 361502720
20150407 - 13:12:23 - SyncError - 12
20150407 - 13:13:37 - SyncCompt - 361502720
20150407 - 13:13:50 - SyncStart - 361502720
20150407 - 13:13:50 - SyncError - 12
20150407 - 13:15:04 - SyncCompt - 361502720
20150407 - 13:15:18 - SyncStart - 361502720
20150407 - 13:15:19 - SyncError - 12
20150407 - 13:16:33 - SyncCompt - 361502720
20150407 - 13:16:46 - SyncStart - 361502720
20150407 - 13:16:47 - SyncError - 12
20150407 - 13:18:01 - SyncCompt - 361502720
20150407 - 13:18:14 - SyncStart - 361502720
20150407 - 13:18:15 - SyncError - 12
20150407 - 13:19:28 - SyncCompt - 361502720
20150408 - 03:12:55 - SyncStart - 361502720
20150408 - 03:12:56 - SyncError - 12
20150408 - 03:14:08 - SyncCompt - 361502720
20150408 - 03:14:20 - SyncStart - 361502720
20150408 - 03:14:21 - SyncError - 12
20150408 - 03:15:33 - SyncCompt - 361502720
20150408 - 03:15:44 - SyncStart - 361502720
20150408 - 03:15:56 - SyncError - 12
20150408 - 03:17:08 - SyncCompt - 361502720
20150408 - 03:17:20 - SyncStart - 361502720
20150408 - 03:17:25 - SyncError - 12
20150408 - 03:18:37 - SyncCompt - 361502720
20150408 - 03:18:50 - SyncStart - 361502720
20150408 - 03:18:55 - SyncError - 12
20150408 - 03:20:08 - SyncCompt - 361502720
20150408 - 13:13:10 - SyncStart - 361502720
20150408 - 13:13:11 - SyncError - 12
20150408 - 13:14:24 - SyncCompt - 361502720
20150408 - 13:14:38 - SyncStart - 361502720
20150408 - 13:14:39 - SyncError - 12
20150408 - 13:15:52 - SyncCompt - 361502720
20150408 - 13:16:05 - SyncStart - 361502720
20150408 - 13:16:06 - SyncError - 12
20150408 - 13:17:23 - SyncCompt - 361502720
20150408 - 13:17:39 - SyncStart - 361502720
20150408 - 13:17:40 - SyncError - 12
20150408 - 13:18:58 - SyncCompt - 361502720
20150408 - 13:19:15 - SyncStart - 361502720
20150408 - 13:19:15 - SyncError - 12
20150408 - 13:20:29 - SyncCompt - 361502720
20150408 - 14:09:21 - SyncStart - 362016768
20150408 - 14:12:09 - SyncSuccd - 0
20150408 - 14:12:25 - SyncCompt - 362016768
20150409 - 03:12:59 - SyncStart - 362016768
20150409 - 03:16:27 - SyncSuccd - 0
20150409 - 03:16:39 - SyncCompt - 362019840
20150409 - 13:12:56 - SyncStart - 362019840
20150409 - 13:14:40 - SyncSuccd - 0
20150409 - 13:14:54 - SyncCompt - 362019840
20150410 - 03:13:02 - SyncStart - 362019840
20150410 - 03:16:13 - SyncSuccd - 0
20150410 - 03:16:26 - SyncCompt - 361787392
20150410 - 13:12:21 - SyncStart - 361787392
20150410 - 13:14:36 - SyncSuccd - 0
20150410 - 13:14:49 - SyncCompt - 361787392
20150411 - 03:13:12 - SyncStart - 361787392
20150411 - 03:16:04 - SyncSuccd - 0
20150411 - 03:16:17 - SyncCompt - 361787392
20150411 - 13:12:59 - SyncStart - 361787392
20150411 - 13:15:11 - SyncSuccd - 0
20150411 - 13:15:24 - SyncCompt - 361787392
20150412 - 03:13:53 - SyncStart - 361787392
20150412 - 03:18:33 - SyncSuccd - 0
20150412 - 03:18:46 - SyncCompt - 361907200
20150412 - 13:12:42 - SyncStart - 361907200
20150412 - 13:14:54 - SyncSuccd - 0
20150412 - 13:15:08 - SyncCompt - 361907200
20150413 - 03:12:52 - SyncStart - 361907200
20150413 - 03:16:26 - SyncSuccd - 0
20150413 - 03:16:39 - SyncCompt - 361873408
20150413 - 13:12:38 - SyncStart - 361873408
20150413 - 13:15:04 - SyncSuccd - 0
20150413 - 13:15:17 - SyncCompt - 361873408
20150414 - 03:12:47 - SyncStart - 361873408
20150414 - 03:15:59 - SyncSuccd - 0
20150414 - 03:16:12 - SyncCompt - 361823232
20150414 - 13:12:24 - SyncStart - 361823232
20150414 - 13:14:47 - SyncSuccd - 0
20150414 - 13:15:01 - SyncCompt - 361823232
20150415 - 03:12:46 - SyncStart - 361823232
20150415 - 03:15:19 - SyncSuccd - 0
20150415 - 03:15:32 - SyncCompt - 361829376
20150415 - 13:12:34 - SyncStart - 361829376
20150415 - 13:14:55 - SyncSuccd - 0
20150415 - 13:15:13 - SyncCompt - 361829376
20150416 - 03:12:50 - SyncStart - 361829376
20150416 - 03:14:45 - SyncSuccd - 0
20150416 - 03:14:58 - SyncCompt - 361829376
20150416 - 13:12:23 - SyncStart - 361829376
20150416 - 13:14:25 - SyncSuccd - 0
20150416 - 13:14:38 - SyncCompt - 361829376
20150417 - 03:12:59 - SyncStart - 361829376
20150417 - 03:16:30 - SyncSuccd - 0
20150417 - 03:16:43 - SyncCompt - 361829376
20150417 - 13:12:25 - SyncStart - 361829376
20150417 - 13:16:01 - SyncSuccd - 0
20150417 - 13:16:15 - SyncCompt - 361834496
20150418 - 03:12:59 - SyncStart - 361834496
20150418 - 03:15:43 - SyncSuccd - 0
20150418 - 03:15:55 - SyncCompt - 361834496
20150418 - 13:12:19 - SyncStart - 361834496
20150418 - 13:16:11 - SyncSuccd - 0
20150418 - 13:16:25 - SyncCompt - 361834496
20150419 - 03:13:48 - SyncStart - 361834496
20150419 - 03:17:41 - SyncSuccd - 0
20150419 - 03:17:54 - SyncCompt - 361836544
20150419 - 13:12:45 - SyncStart - 361836544
20150419 - 13:16:11 - SyncSuccd - 0
20150419 - 13:16:25 - SyncCompt - 361849856
20150420 - 03:12:45 - SyncStart - 361849856
20150420 - 03:15:49 - SyncSuccd - 0
20150420 - 03:16:02 - SyncCompt - 361834496
20150420 - 13:12:40 - SyncStart - 361834496
20150420 - 13:15:36 - SyncSuccd - 0
20150420 - 13:15:50 - SyncCompt - 361874432
20150421 - 03:12:51 - SyncStart - 361874432
20150421 - 03:12:54 - SyncError - 10
20150421 - 03:14:07 - SyncCompt - 361874432
20150421 - 03:14:20 - SyncStart - 361874432
20150421 - 03:14:23 - SyncError - 10
20150421 - 03:15:36 - SyncCompt - 361874432
20150421 - 03:15:49 - SyncStart - 361874432
20150421 - 03:21:18 - SyncSuccd - 0
20150421 - 03:21:32 - SyncCompt - 361837568
20150421 - 13:12:48 - SyncStart - 361837568
20150421 - 13:15:46 - SyncSuccd - 0
20150421 - 13:15:59 - SyncCompt - 361837568
20150422 - 03:12:48 - SyncStart - 361837568
20150422 - 03:15:33 - SyncSuccd - 0
20150422 - 03:15:45 - SyncCompt - 361837568
20150422 - 13:12:51 - SyncStart - 361837568
20150422 - 13:16:02 - SyncSuccd - 0
20150422 - 13:16:16 - SyncCompt - 361820160
20150423 - 03:12:58 - SyncStart - 361820160
20150423 - 03:15:34 - SyncSuccd - 0
20150423 - 03:15:46 - SyncCompt - 361820160
20150423 - 13:12:38 - SyncStart - 361820160
20150423 - 13:15:26 - SyncSuccd - 0
20150423 - 13:15:39 - SyncCompt - 361822208
20150424 - 03:12:47 - SyncStart - 361822208
20150424 - 03:15:46 - SyncSuccd - 0
20150424 - 03:15:59 - SyncCompt - 361824256
20150424 - 13:12:50 - SyncStart - 361824256
20150424 - 13:14:48 - SyncSuccd - 0
20150424 - 13:15:02 - SyncCompt - 361824256
20150425 - 03:12:39 - SyncStart - 361824256
20150425 - 03:15:33 - SyncSuccd - 0
20150425 - 03:15:46 - SyncCompt - 361822208
20150425 - 13:12:24 - SyncStart - 361822208
20150425 - 13:16:06 - SyncSuccd - 0
20150425 - 13:16:20 - SyncCompt - 361823232
20150426 - 03:14:02 - SyncStart - 361823232
20150426 - 03:18:16 - SyncSuccd - 0
20150426 - 03:18:28 - SyncCompt - 361849856
20150426 - 13:12:46 - SyncStart - 361849856
20150426 - 13:16:12 - SyncSuccd - 0
20150426 - 13:16:25 - SyncCompt - 362107904
20150427 - 03:12:46 - SyncStart - 362107904
20150427 - 03:14:40 - SyncSuccd - 0
20150427 - 03:14:53 - SyncCompt - 362107904
20150427 - 13:12:21 - SyncStart - 362107904
20150427 - 13:14:28 - SyncSuccd - 0
20150427 - 13:14:41 - SyncCompt - 362107904
20150428 - 03:12:47 - SyncStart - 362107904
20150428 - 03:17:08 - SyncSuccd - 0
20150428 - 03:17:20 - SyncCompt - 362315776
20150428 - 13:12:49 - SyncStart - 362315776
20150428 - 13:29:15 - SyncSuccd - 0
20150428 - 13:29:37 - SyncCompt - 373426176
20150429 - 03:12:55 - SyncStart - 373426176
20150429 - 03:17:07 - SyncSuccd - 0
20150429 - 03:17:21 - SyncCompt - 373945344
20150429 - 13:12:24 - SyncStart - 373945344
20150429 - 13:21:37 - SyncSuccd - 0
20150429 - 13:21:53 - SyncCompt - 373945344
20150430 - 03:12:48 - SyncStart - 373945344
20150430 - 03:15:36 - SyncSuccd - 0
20150430 - 03:15:49 - SyncCompt - 373945344
20150430 - 13:12:51 - SyncStart - 373945344
20150430 - 13:20:30 - SyncSuccd - 0
20150430 - 13:20:44 - SyncCompt - 375918592
20150501 - 03:13:11 - SyncStart - 375918592
20150501 - 03:17:53 - SyncSuccd - 0
20150501 - 03:18:06 - SyncCompt - 376395776
20150501 - 13:12:19 - SyncStart - 376395776
20150501 - 13:14:40 - SyncSuccd - 0
20150501 - 13:14:53 - SyncCompt - 376395776
20150502 - 03:13:19 - SyncStart - 376395776
20150502 - 03:19:21 - SyncSuccd - 0
20150502 - 03:19:35 - SyncCompt - 376524800
20150502 - 13:12:22 - SyncStart - 376524800
20150502 - 13:16:32 - SyncSuccd - 0
20150502 - 13:16:47 - SyncCompt - 377004032
20150503 - 03:14:02 - SyncStart - 377004032
20150503 - 03:23:21 - SyncSuccd - 0
20150503 - 03:23:35 - SyncCompt - 378098688
20150503 - 13:12:20 - SyncStart - 378098688
20150503 - 13:17:46 - SyncSuccd - 0
20150503 - 13:17:59 - SyncCompt - 378580992
20150504 - 03:13:12 - SyncStart - 378580992
20150504 - 03:13:15 - SyncError - 10
20150504 - 03:14:27 - SyncCompt - 378580992
20150504 - 03:14:39 - SyncStart - 378580992
20150504 - 03:23:53 - SyncSuccd - 0
20150504 - 03:24:06 - SyncCompt - 380004352
20150504 - 13:12:28 - SyncStart - 380004352
20150504 - 13:17:10 - SyncSuccd - 0
20150504 - 13:17:22 - SyncCompt - 380045312
20150505 - 03:13:25 - SyncStart - 380045312
20150505 - 03:24:40 - SyncSuccd - 0
20150505 - 03:24:55 - SyncCompt - 381287424
20150505 - 13:13:01 - SyncStart - 381287424
20150505 - 13:18:15 - SyncSuccd - 0
20150505 - 13:18:28 - SyncCompt - 381032448
20150506 - 03:13:30 - SyncStart - 381032448
20150506 - 03:20:59 - SyncSuccd - 0
20150506 - 03:21:13 - SyncCompt - 382382080
20150506 - 13:13:14 - SyncStart - 382382080
20150506 - 13:18:45 - SyncSuccd - 0
20150506 - 13:19:00 - SyncCompt - 383348736
20150507 - 03:13:19 - SyncStart - 383348736
20150507 - 03:24:19 - SyncSuccd - 0
20150507 - 03:24:34 - SyncCompt - 384253952
20150507 - 13:12:59 - SyncStart - 384253952
20150507 - 13:16:33 - SyncSuccd - 0
20150507 - 13:16:47 - SyncCompt - 384467968
20150508 - 03:13:21 - SyncStart - 384467968
20150508 - 13:13:11 - SyncStart - 384490496
20150508 - 13:25:20 - SyncSuccd - 0
20150508 - 13:25:34 - SyncCompt - 385695744
20150509 - 03:13:32 - SyncStart - 385695744
20150509 - 03:18:31 - SyncSuccd - 0
20150509 - 03:18:47 - SyncCompt - 386542592
20150509 - 13:12:26 - SyncStart - 386542592
20150509 - 13:15:28 - SyncSuccd - 0
20150509 - 13:15:42 - SyncCompt - 386544640
20150510 - 03:14:06 - SyncStart - 386544640
20150510 - 03:19:27 - SyncSuccd - 0
20150510 - 03:19:42 - SyncCompt - 387582976
20150510 - 13:12:30 - SyncStart - 387582976
20150510 - 13:16:20 - SyncSuccd - 0
20150510 - 13:16:35 - SyncCompt - 387615744
20150511 - 03:13:09 - SyncStart - 387615744
20150511 - 03:18:53 - SyncSuccd - 0
20150511 - 03:19:06 - SyncCompt - 388234240
20150511 - 13:12:54 - SyncStart - 388234240
20150511 - 13:17:41 - SyncSuccd - 0
20150511 - 13:17:54 - SyncCompt - 388336640
20150512 - 03:13:23 - SyncStart - 388336640
20150512 - 03:19:11 - SyncSuccd - 0
20150512 - 03:19:24 - SyncCompt - 389123072
20150512 - 13:12:56 - SyncStart - 389123072
20150512 - 13:18:46 - SyncSuccd - 0
20150512 - 13:18:59 - SyncCompt - 390034432
20150513 - 03:14:12 - SyncStart - 390034432
20150513 - 03:14:15 - SyncError - 10
20150513 - 03:15:29 - SyncCompt - 390034432
20150513 - 03:15:43 - SyncStart - 390034432
20150513 - 03:22:44 - SyncSuccd - 0
20150513 - 03:22:57 - SyncCompt - 391348224
20150513 - 13:12:36 - SyncStart - 391348224
20150513 - 13:17:51 - SyncSuccd - 0
20150513 - 13:18:04 - SyncCompt - 391697408
20150514 - 03:14:55 - SyncStart - 391697408
20150514 - 03:24:04 - SyncSuccd - 0
20150514 - 03:24:19 - SyncCompt - 392922112
20150514 - 13:12:45 - SyncStart - 392922112
20150514 - 13:15:09 - SyncSuccd - 0
20150514 - 13:15:23 - SyncCompt - 392922112
20150515 - 03:13:25 - SyncStart - 392922112
20150515 - 03:20:50 - SyncSuccd - 0
20150515 - 03:21:04 - SyncCompt - 394298368
20150515 - 13:12:30 - SyncStart - 394298368
20150515 - 13:19:09 - SyncSuccd - 0
20150515 - 13:19:25 - SyncCompt - 394953728
20150516 - 03:13:49 - SyncStart - 394953728
20150516 - 03:20:17 - SyncSuccd - 0
20150516 - 03:20:52 - SyncCompt - 396154880
20150516 - 13:13:01 - SyncStart - 396154880
20150516 - 13:18:37 - SyncSuccd - 0
20150516 - 13:18:51 - SyncCompt - 396358656
20150517 - 03:14:13 - SyncStart - 396358656
20150517 - 03:21:22 - SyncSuccd - 0
20150517 - 03:21:37 - SyncCompt - 396863488
20150517 - 13:12:54 - SyncStart - 396863488
20150517 - 13:18:48 - SyncSuccd - 0
20150517 - 13:19:03 - SyncCompt - 396499968
20150518 - 03:13:15 - SyncStart - 396499968
20150518 - 03:18:06 - SyncSuccd - 0
20150518 - 03:18:21 - SyncCompt - 397253632
20150518 - 13:12:53 - SyncStart - 397253632
20150518 - 13:16:36 - SyncSuccd - 0
20150518 - 13:16:50 - SyncCompt - 397325312
20150519 - 03:13:19 - SyncStart - 397325312
20150519 - 03:17:40 - SyncSuccd - 0
20150519 - 03:17:54 - SyncCompt - 397913088
20150519 - 13:13:03 - SyncStart - 397913088
20150519 - 13:17:29 - SyncSuccd - 0
20150519 - 13:17:43 - SyncCompt - 397940736
20150520 - 03:13:17 - SyncStart - 397940736
20150520 - 03:18:05 - SyncSuccd - 0
20150520 - 03:18:19 - SyncCompt - 398594048
20150520 - 13:12:53 - SyncStart - 398594048
20150520 - 13:16:17 - SyncSuccd - 0
20150520 - 13:16:30 - SyncCompt - 398735360
20150521 - 03:13:15 - SyncStart - 398735360
20150521 - 03:17:57 - SyncSuccd - 0
20150521 - 03:18:11 - SyncCompt - 399013888
20150521 - 13:12:57 - SyncStart - 399013888
20150521 - 13:16:58 - SyncSuccd - 0
20150521 - 13:17:12 - SyncCompt - 399194112
20150522 - 03:13:16 - SyncStart - 399194112
20150522 - 03:16:59 - SyncSuccd - 0
20150522 - 03:17:13 - SyncCompt - 399571968
20150522 - 13:12:44 - SyncStart - 399571968
20150522 - 13:15:46 - SyncSuccd - 0
20150522 - 13:16:01 - SyncCompt - 399577088
20150523 - 03:13:09 - SyncStart - 399577088
20150523 - 03:19:15 - SyncSuccd - 0
20150523 - 03:19:30 - SyncCompt - 400315392
20150523 - 13:12:56 - SyncStart - 400315392
20150523 - 13:17:40 - SyncSuccd - 0
20150523 - 13:17:54 - SyncCompt - 400399360
20150524 - 03:13:59 - SyncStart - 400399360
20150524 - 03:19:09 - SyncSuccd - 0
20150524 - 03:19:24 - SyncCompt - 400856064
20150524 - 13:13:04 - SyncStart - 400856064
20150524 - 13:17:37 - SyncSuccd - 0
20150524 - 13:17:50 - SyncCompt - 400989184
20150525 - 03:13:07 - SyncStart - 400989184
20150525 - 03:17:47 - SyncSuccd - 0
20150525 - 03:18:00 - SyncCompt - 401788928
20150525 - 13:13:00 - SyncStart - 401788928
20150525 - 13:16:35 - SyncSuccd - 0
20150525 - 13:16:48 - SyncCompt - 401796096
20150526 - 03:13:15 - SyncStart - 401796096
20150526 - 03:15:18 - SyncSuccd - 0
20150526 - 03:15:32 - SyncCompt - 401796096
20150526 - 13:13:03 - SyncStart - 401796096
20150526 - 13:18:00 - SyncSuccd - 0
20150526 - 13:18:14 - SyncCompt - 402480128
20150527 - 03:13:25 - SyncStart - 402480128
20150527 - 03:15:28 - SyncSuccd - 0
20150527 - 03:15:42 - SyncCompt - 402480128
20150527 - 13:13:19 - SyncStart - 402480128
20150527 - 13:18:54 - SyncSuccd - 0
20150527 - 13:19:10 - SyncCompt - 402959360
20150528 - 03:12:45 - SyncStart - 402959360
20150528 - 03:17:58 - SyncSuccd - 0
20150528 - 03:18:13 - SyncCompt - 403277824
20150528 - 13:12:44 - SyncStart - 403277824
20150528 - 13:16:19 - SyncSuccd - 0
20150528 - 13:16:32 - SyncCompt - 403287040
20150529 - 03:13:18 - SyncStart - 403287040
20150529 - 03:15:51 - SyncSuccd - 0
20150529 - 03:16:05 - SyncCompt - 403287040
20150529 - 13:13:03 - SyncStart - 403287040
20150529 - 13:14:50 - SyncSuccd - 0
20150529 - 13:15:04 - SyncCompt - 403287040
20150530 - 03:13:28 - SyncStart - 403287040
20150530 - 03:18:29 - SyncSuccd - 0
20150530 - 03:18:42 - SyncCompt - 403936256
20150530 - 13:12:35 - SyncStart - 403936256
20150530 - 13:17:06 - SyncSuccd - 0
20150530 - 13:17:20 - SyncCompt - 403935232
20150531 - 03:14:02 - SyncStart - 403935232
20150531 - 04:02:01 - SyncSuccd - 0
20150531 - 04:02:16 - SyncCompt - 406805504
20150531 - 13:12:21 - SyncStart - 406805504
20150531 - 13:20:55 - SyncSuccd - 0
20150531 - 13:21:10 - SyncCompt - 406874112
20150601 - 03:13:21 - SyncStart - 406874112
20150601 - 04:21:38 - SyncSuccd - 0
20150601 - 04:21:55 - SyncCompt - 407335936
20150601 - 13:12:53 - SyncStart - 407335936
20150601 - 13:18:01 - SyncSuccd - 0
20150601 - 13:18:15 - SyncCompt - 407374848
20150602 - 03:13:29 - SyncStart - 407374848
20150602 - 03:29:13 - SyncSuccd - 0
20150602 - 03:29:28 - SyncCompt - 407719936
20150602 - 13:13:12 - SyncStart - 407719936
20150602 - 13:21:14 - SyncSuccd - 0
20150602 - 13:21:28 - SyncCompt - 407951360
20150603 - 03:13:51 - SyncStart - 407951360
20150603 - 03:24:40 - SyncSuccd - 0
20150603 - 03:24:54 - SyncCompt - 408260608
20150603 - 13:13:09 - SyncStart - 408260608
20150603 - 13:19:38 - SyncSuccd - 0
20150603 - 13:19:52 - SyncCompt - 408348672
20150604 - 03:13:35 - SyncStart - 408348672
20150604 - 03:18:00 - SyncSuccd - 0
20150604 - 03:18:14 - SyncCompt - 408979456
20150604 - 13:12:24 - SyncStart - 408979456
20150604 - 13:16:00 - SyncSuccd - 0
20150604 - 13:16:13 - SyncCompt - 408983552
20150605 - 03:13:49 - SyncStart - 408983552
20150605 - 03:26:48 - SyncSuccd - 0
20150605 - 03:27:02 - SyncCompt - 409654272
20150605 - 13:13:14 - SyncStart - 409654272
20150605 - 13:18:25 - SyncSuccd - 0
20150605 - 13:18:45 - SyncCompt - 409973760
20150606 - 03:13:24 - SyncStart - 409973760
20150606 - 03:15:08 - SyncSuccd - 0
20150606 - 03:15:22 - SyncCompt - 409973760
20150606 - 13:12:38 - SyncStart - 409973760
20150606 - 13:16:47 - SyncSuccd - 0
20150606 - 13:17:00 - SyncCompt - 410003456
20150607 - 03:14:06 - SyncStart - 410003456
20150607 - 03:17:56 - SyncSuccd - 0
20150607 - 03:18:10 - SyncCompt - 410440704
20150607 - 13:13:19 - SyncStart - 410440704
20150607 - 13:16:03 - SyncError - 23
20150607 - 13:17:17 - SyncCompt - 410440704
20150607 - 13:17:31 - SyncStart - 410440704
20150607 - 13:19:28 - SyncError - 23
20150607 - 13:20:41 - SyncCompt - 410440704
20150607 - 13:20:54 - SyncStart - 410440704
20150607 - 13:22:57 - SyncError - 23
20150607 - 13:24:10 - SyncCompt - 410440704
20150607 - 13:24:23 - SyncStart - 410440704
20150607 - 13:26:19 - SyncError - 23
20150607 - 13:27:34 - SyncCompt - 410440704
20150607 - 13:27:49 - SyncStart - 410440704
20150607 - 13:29:39 - SyncError - 23
20150607 - 13:30:54 - SyncCompt - 410440704
20150607 - 15:10:28 - SyncStart - 411158528
20150607 - 15:13:07 - SyncSuccd - 0
20150607 - 15:13:21 - SyncCompt - 411158528
20150608 - 03:13:20 - SyncStart - 411158528
20150608 - 03:17:06 - SyncSuccd - 0
20150608 - 03:17:20 - SyncCompt - 411119616
20150608 - 13:13:05 - SyncStart - 411119616
20150608 - 13:16:21 - SyncSuccd - 0
20150608 - 13:16:35 - SyncCompt - 411119616
20150609 - 03:14:08 - SyncStart - 411119616
20150609 - 03:20:00 - SyncSuccd - 0
20150609 - 03:20:14 - SyncCompt - 412298240
20150609 - 13:13:06 - SyncStart - 412298240
20150609 - 13:16:17 - SyncSuccd - 0
20150609 - 13:16:30 - SyncCompt - 412298240
20150610 - 03:13:52 - SyncStart - 412298240
20150610 - 03:17:08 - SyncError - 23
20150610 - 03:18:22 - SyncCompt - 412295168
20150610 - 03:18:36 - SyncStart - 412295168
20150610 - 03:20:17 - SyncError - 23
20150610 - 03:21:34 - SyncCompt - 412295168
20150610 - 03:21:48 - SyncStart - 412295168
20150610 - 03:23:30 - SyncError - 23
20150610 - 03:24:44 - SyncCompt - 412295168
20150610 - 03:24:57 - SyncStart - 412295168
20150610 - 03:26:48 - SyncError - 23
20150610 - 03:28:02 - SyncCompt - 412295168
20150610 - 03:28:15 - SyncStart - 412295168
20150610 - 03:29:58 - SyncError - 23
20150610 - 03:31:12 - SyncCompt - 412295168
20150610 - 13:13:07 - SyncStart - 412295168
20150610 - 13:18:25 - SyncSuccd - 0
20150610 - 13:18:40 - SyncCompt - 413440000
20150611 - 03:14:14 - SyncStart - 413440000
20150611 - 03:19:05 - SyncSuccd - 0
20150611 - 03:19:20 - SyncCompt - 412753920
20150611 - 13:13:22 - SyncStart - 412753920
20150611 - 13:19:20 - SyncSuccd - 0
20150611 - 13:19:37 - SyncCompt - 413065216
20150612 - 03:13:38 - SyncStart - 413065216
20150612 - 03:17:16 - SyncSuccd - 0
20150612 - 03:17:30 - SyncCompt - 413593600
20150612 - 13:13:06 - SyncStart - 413593600
20150612 - 13:17:53 - SyncSuccd - 0
20150612 - 13:18:12 - SyncCompt - 413508608
20150613 - 03:13:11 - SyncStart - 413508608
20150613 - 03:17:07 - SyncSuccd - 0
20150613 - 03:17:20 - SyncCompt - 413966336
20150613 - 13:12:54 - SyncStart - 413966336
20150613 - 13:17:20 - SyncSuccd - 0
20150613 - 13:17:33 - SyncCompt - 414133248
20150614 - 03:15:10 - SyncStart - 414133248
20150614 - 03:21:17 - SyncSuccd - 0
20150614 - 03:21:30 - SyncCompt - 414306304
20150614 - 13:12:50 - SyncStart - 414306304
20150614 - 13:18:26 - SyncSuccd - 0
20150614 - 13:18:40 - SyncCompt - 415335424
20150615 - 03:13:15 - SyncStart - 415335424
20150615 - 03:19:30 - SyncSuccd - 0
20150615 - 03:19:47 - SyncCompt - 416335872
20150615 - 13:13:07 - SyncStart - 416335872
20150615 - 13:19:15 - SyncSuccd - 0
20150615 - 13:19:32 - SyncCompt - 417253376
20150616 - 03:13:22 - SyncStart - 417253376
20150616 - 03:17:54 - SyncSuccd - 0
20150616 - 03:18:10 - SyncCompt - 417814528
20150616 - 13:12:57 - SyncStart - 417814528
20150616 - 13:17:08 - SyncSuccd - 0
20150616 - 13:17:24 - SyncCompt - 417870848
20150617 - 03:13:26 - SyncStart - 417870848
20150617 - 03:17:49 - SyncSuccd - 0
20150617 - 03:18:03 - SyncCompt - 418205696
20150617 - 13:12:54 - SyncStart - 418205696
20150617 - 13:16:13 - SyncSuccd - 0
20150617 - 13:16:27 - SyncCompt - 418224128
20150618 - 03:13:14 - SyncStart - 418224128
20150618 - 03:16:56 - SyncSuccd - 0
20150618 - 03:17:10 - SyncCompt - 418442240
20150618 - 13:12:52 - SyncStart - 418442240
20150618 - 13:14:42 - SyncSuccd - 0
20150618 - 13:14:55 - SyncCompt - 418442240
20150619 - 03:13:16 - SyncStart - 418442240
20150619 - 03:17:36 - SyncSuccd - 0
20150619 - 03:17:51 - SyncCompt - 418481152
20150619 - 13:13:00 - SyncStart - 418481152
20150619 - 13:17:32 - SyncSuccd - 0
20150619 - 13:17:49 - SyncCompt - 418481152
20150620 - 03:13:28 - SyncStart - 418481152
20150620 - 03:17:28 - SyncSuccd - 0
20150620 - 03:17:43 - SyncCompt - 418486272
20150620 - 13:12:55 - SyncStart - 418486272
20150620 - 13:18:08 - SyncSuccd - 0
20150620 - 13:18:23 - SyncCompt - 418486272
20150621 - 03:16:08 - SyncStart - 418486272
20150621 - 03:23:02 - SyncSuccd - 0
20150621 - 03:23:17 - SyncCompt - 418691072
20150621 - 13:12:54 - SyncStart - 418691072
20150621 - 13:15:08 - SyncSuccd - 0
20150621 - 13:15:21 - SyncCompt - 418691072
20150622 - 03:13:18 - SyncStart - 418691072
20150622 - 03:23:59 - SyncSuccd - 0
20150622 - 03:24:14 - SyncCompt - 419747840
20150622 - 13:12:56 - SyncStart - 419747840
20150622 - 13:15:43 - SyncSuccd - 0
20150622 - 13:15:59 - SyncCompt - 419747840
20150623 - 03:13:32 - SyncStart - 419747840
20150623 - 03:19:54 - SyncSuccd - 0
20150623 - 03:20:13 - SyncCompt - 420132864
20150623 - 13:12:58 - SyncStart - 420132864
20150623 - 13:18:17 - SyncSuccd - 0
20150623 - 13:18:34 - SyncCompt - 420132864
20150624 - 03:13:16 - SyncStart - 420132864
20150624 - 03:20:05 - SyncSuccd - 0
20150624 - 03:20:20 - SyncCompt - 420771840
20150624 - 13:13:13 - SyncStart - 420771840
20150624 - 13:17:22 - SyncSuccd - 0
20150624 - 13:17:37 - SyncCompt - 420771840
20150625 - 03:13:32 - SyncStart - 420771840
20150625 - 03:23:19 - SyncSuccd - 0
20150625 - 03:23:36 - SyncCompt - 420748288
20150625 - 13:13:04 - SyncStart - 420748288
20150625 - 13:18:40 - SyncSuccd - 0
20150625 - 13:19:00 - SyncCompt - 420748288
20150626 - 03:13:21 - SyncStart - 420748288
20150626 - 03:18:40 - SyncSuccd - 0
20150626 - 03:18:56 - SyncCompt - 420780032
20150626 - 13:13:26 - SyncStart - 420780032
20150626 - 13:24:44 - SyncSuccd - 0
20150626 - 13:25:07 - SyncCompt - 420823040
20150627 - 03:13:28 - SyncStart - 420823040
20150627 - 03:16:23 - SyncSuccd - 0
20150627 - 03:16:39 - SyncCompt - 420823040
20150627 - 13:12:55 - SyncStart - 420823040
20150627 - 13:24:11 - SyncSuccd - 0
20150627 - 13:24:28 - SyncCompt - 425558016
20150628 - 03:13:43 - SyncStart - 425558016
20150628 - 03:21:03 - SyncSuccd - 0
20150628 - 03:21:18 - SyncCompt - 426967040
20150628 - 13:12:53 - SyncStart - 426967040
20150628 - 13:15:01 - SyncError - 12
20150628 - 13:16:17 - SyncCompt - 426967040
20150628 - 13:16:34 - SyncStart - 426967040
20150628 - 13:24:40 - SyncSuccd - 0
20150628 - 13:24:56 - SyncCompt - 426967040
20150629 - 03:13:25 - SyncStart - 426967040
20150629 - 03:16:02 - SyncSuccd - 0
20150629 - 03:16:18 - SyncCompt - 426967040
20150629 - 13:12:59 - SyncStart - 426967040
20150629 - 13:29:29 - SyncSuccd - 0
20150629 - 13:29:46 - SyncCompt - 428878848
20150630 - 03:13:35 - SyncStart - 428878848
20150630 - 03:22:59 - SyncSuccd - 0
20150630 - 03:23:14 - SyncCompt - 428405760
20150630 - 13:13:01 - SyncStart - 428405760
20150630 - 13:27:11 - SyncSuccd - 0
20150630 - 13:27:25 - SyncCompt - 428615680
20150701 - 03:13:22 - SyncStart - 428615680
20150701 - 03:33:38 - SyncSuccd - 0
20150701 - 03:33:55 - SyncCompt - 429474816
20150701 - 13:13:03 - SyncStart - 429474816
20150701 - 13:18:52 - SyncSuccd - 0
20150701 - 13:19:08 - SyncCompt - 429723648
20150702 - 03:12:58 - SyncStart - 429723648
20150702 - 03:37:54 - SyncSuccd - 0
20150702 - 03:38:09 - SyncCompt - 430654464
20150702 - 13:12:55 - SyncStart - 430654464
20150702 - 13:34:08 - SyncSuccd - 0
20150702 - 13:34:37 - SyncCompt - 430858240
20150703 - 03:13:43 - SyncStart - 430858240
20150703 - 03:20:29 - SyncSuccd - 0
20150703 - 03:20:45 - SyncCompt - 431377408
20150703 - 13:13:07 - SyncStart - 431377408
20150703 - 13:13:15 - SyncError - 10
20150703 - 13:14:30 - SyncCompt - 431377408
20150703 - 13:14:45 - SyncStart - 431377408
20150703 - 13:14:48 - SyncError - 10
20150703 - 13:16:03 - SyncCompt - 431377408
20150703 - 13:16:18 - SyncStart - 431377408
20150703 - 13:27:51 - SyncSuccd - 0
20150703 - 13:28:08 - SyncCompt - 431552512
20150704 - 03:13:40 - SyncStart - 431552512
20150704 - 03:42:20 - SyncSuccd - 0
20150704 - 03:42:40 - SyncCompt - 432522240
20150704 - 13:13:39 - SyncStart - 432522240
20150704 - 13:36:13 - SyncSuccd - 0
20150704 - 13:36:37 - SyncCompt - 432522240
20150705 - 03:14:08 - SyncStart - 432522240
20150705 - 03:45:15 - SyncSuccd - 0
20150705 - 03:45:36 - SyncCompt - 433765376
20150705 - 13:12:24 - SyncStart - 433765376
20150705 - 13:39:42 - SyncSuccd - 0
20150705 - 13:40:04 - SyncCompt - 433770496
20150706 - 03:12:25 - SyncStart - 433770496
20150706 - 03:55:33 - SyncSuccd - 0
20150706 - 03:55:53 - SyncCompt - 434078720
20150706 - 13:12:41 - SyncStart - 434078720
20150706 - 13:22:10 - SyncSuccd - 0
20150706 - 13:22:25 - SyncCompt - 434104320
20150707 - 03:12:24 - SyncStart - 434104320
20150707 - 03:33:07 - SyncSuccd - 0
20150707 - 03:33:23 - SyncCompt - 434495488
20150707 - 13:12:17 - SyncStart - 434495488
20150707 - 13:17:59 - SyncSuccd - 0
20150707 - 13:18:14 - SyncCompt - 434495488
20150708 - 03:12:51 - SyncStart - 434495488
20150708 - 03:42:45 - SyncSuccd - 0
20150708 - 03:43:01 - SyncCompt - 434973696
20150708 - 13:12:16 - SyncStart - 434973696
20150708 - 14:03:52 - SyncSuccd - 0
20150708 - 14:04:07 - SyncCompt - 434976768
20150709 - 03:12:21 - SyncStart - 434976768
20150709 - 03:28:29 - SyncSuccd - 0
20150709 - 03:28:44 - SyncCompt - 434993152
20150709 - 13:12:23 - SyncStart - 434993152
20150709 - 14:12:36 - SyncSuccd - 0
20150709 - 14:12:56 - SyncCompt - 440222720
20150710 - 03:12:22 - SyncStart - 440222720
20150710 - 03:40:53 - SyncSuccd - 0
20150710 - 03:41:09 - SyncCompt - 440512512
20150710 - 13:12:19 - SyncStart - 440512512
20150710 - 13:17:52 - SyncSuccd - 0
20150710 - 13:18:07 - SyncCompt - 440512512
20150711 - 03:12:19 - SyncStart - 440512512
20150711 - 03:38:48 - SyncSuccd - 0
20150711 - 03:39:04 - SyncCompt - 439902208
20150711 - 13:12:18 - SyncStart - 439902208
20150711 - 13:36:34 - SyncSuccd - 0
20150711 - 13:36:51 - SyncCompt - 440097792
20150712 - 03:12:18 - SyncStart - 440097792
20150712 - 03:27:17 - SyncSuccd - 0
20150712 - 03:27:32 - SyncCompt - 439988224
20150712 - 13:12:17 - SyncStart - 439988224
20150712 - 13:35:06 - SyncSuccd - 0
20150712 - 13:35:34 - SyncCompt - 439988224
20150713 - 03:12:24 - SyncStart - 439988224
20150713 - 03:16:54 - SyncSuccd - 0
20150713 - 03:17:09 - SyncCompt - 439988224
20150713 - 13:12:18 - SyncStart - 439988224
20150713 - 13:18:37 - SyncSuccd - 0
20150713 - 13:18:54 - SyncCompt - 441033728
20150714 - 03:12:19 - SyncStart - 441033728
20150714 - 03:14:42 - SyncSuccd - 0
20150714 - 03:14:57 - SyncCompt - 441033728
20150714 - 13:12:16 - SyncStart - 441033728
20150714 - 13:17:28 - SyncSuccd - 0
20150714 - 13:17:42 - SyncCompt - 441681920
20150715 - 03:12:18 - SyncStart - 441681920
20150715 - 03:16:07 - SyncSuccd - 0
20150715 - 03:16:21 - SyncCompt - 442289152
20150715 - 13:12:17 - SyncStart - 442289152
20150715 - 13:16:18 - SyncSuccd - 0
20150715 - 13:16:33 - SyncCompt - 442168320
20150716 - 03:12:21 - SyncStart - 442168320
20150716 - 03:17:11 - SyncSuccd - 0
20150716 - 03:17:26 - SyncCompt - 442665984
20150716 - 13:12:17 - SyncStart - 442665984
20150716 - 13:16:21 - SyncSuccd - 0
20150716 - 13:16:36 - SyncCompt - 442685440
20150717 - 03:12:21 - SyncStart - 442685440
20150717 - 03:17:18 - SyncSuccd - 0
20150717 - 03:17:34 - SyncCompt - 443229184
20150717 - 13:12:17 - SyncStart - 443229184
20150717 - 13:16:56 - SyncSuccd - 0
20150717 - 13:17:11 - SyncCompt - 443095040
20150718 - 03:12:21 - SyncStart - 443095040
20150718 - 03:16:28 - SyncSuccd - 0
20150718 - 03:16:43 - SyncCompt - 443507712
20150718 - 13:12:17 - SyncStart - 443507712
20150718 - 13:14:10 - SyncSuccd - 0
20150718 - 13:14:25 - SyncCompt - 443507712
20150719 - 03:12:18 - SyncStart - 443507712
20150719 - 03:14:06 - SyncSuccd - 0
20150719 - 03:14:22 - SyncCompt - 443507712
20150719 - 13:12:18 - SyncStart - 443507712
20150719 - 13:14:05 - SyncSuccd - 0
20150719 - 13:14:19 - SyncCompt - 443507712
20150720 - 03:12:17 - SyncStart - 443507712
20150720 - 03:19:41 - SyncSuccd - 0
20150720 - 03:19:56 - SyncCompt - 444923904
20150720 - 13:12:17 - SyncStart - 444923904
20150720 - 13:18:19 - SyncSuccd - 0
20150720 - 13:18:33 - SyncCompt - 445005824
20150721 - 03:12:18 - SyncStart - 445005824
20150721 - 03:16:32 - SyncSuccd - 0
20150721 - 03:16:47 - SyncCompt - 445366272
20150721 - 13:12:18 - SyncStart - 445366272
20150721 - 13:16:44 - SyncSuccd - 0
20150721 - 13:17:00 - SyncCompt - 445309952
20150722 - 03:12:16 - SyncStart - 445309952
20150722 - 03:16:28 - SyncSuccd - 0
20150722 - 03:16:42 - SyncCompt - 445511680
20150722 - 13:12:16 - SyncStart - 445511680
20150722 - 13:16:31 - SyncSuccd - 0
20150722 - 13:16:45 - SyncCompt - 445343744
20150723 - 03:12:19 - SyncStart - 445343744
20150723 - 03:17:13 - SyncSuccd - 0
20150723 - 03:17:29 - SyncCompt - 445784064
20150723 - 13:12:16 - SyncStart - 445784064
20150723 - 13:17:22 - SyncSuccd - 0
20150723 - 13:17:36 - SyncCompt - 445834240
20150724 - 03:12:18 - SyncStart - 445834240
20150724 - 03:16:18 - SyncSuccd - 0
20150724 - 03:16:33 - SyncCompt - 446176256
20150724 - 13:12:15 - SyncStart - 446176256
20150724 - 13:15:25 - SyncSuccd - 0
20150724 - 13:15:38 - SyncCompt - 446193664
20150725 - 03:12:17 - SyncStart - 446193664
20150725 - 03:16:26 - SyncSuccd - 0
20150725 - 03:16:42 - SyncCompt - 446810112
20150725 - 13:12:17 - SyncStart - 446810112
20150725 - 13:16:11 - SyncSuccd - 0
20150725 - 13:16:25 - SyncCompt - 446772224
20150726 - 03:12:19 - SyncStart - 446772224
20150726 - 03:17:10 - SyncSuccd - 0
20150726 - 03:17:26 - SyncCompt - 446928896
20150726 - 13:12:17 - SyncStart - 446928896
20150726 - 13:14:39 - SyncSuccd - 0
20150726 - 13:14:54 - SyncCompt - 446753792
20150727 - 03:12:36 - SyncStart - 446753792
20150727 - 03:17:51 - SyncSuccd - 0
20150727 - 03:18:06 - SyncCompt - 447640576
20150727 - 13:12:17 - SyncStart - 447640576
20150727 - 13:15:52 - SyncSuccd - 0
20150727 - 13:16:06 - SyncCompt - 447148032
20150728 - 03:12:20 - SyncStart - 447148032
20150728 - 03:14:20 - SyncSuccd - 0
20150728 - 03:14:37 - SyncCompt - 447148032
20150728 - 13:12:19 - SyncStart - 447148032
20150728 - 13:14:07 - SyncSuccd - 0
20150728 - 13:14:25 - SyncCompt - 447148032
20150729 - 03:12:21 - SyncStart - 447148032
20150729 - 03:14:16 - SyncSuccd - 0
20150729 - 03:14:33 - SyncCompt - 447148032
20150729 - 13:12:18 - SyncStart - 447148032
20150729 - 13:24:22 - SyncSuccd - 0
20150729 - 13:24:37 - SyncCompt - 448115712
20150730 - 03:12:19 - SyncStart - 448115712
20150730 - 03:17:49 - SyncSuccd - 0
20150730 - 03:18:04 - SyncCompt - 448595968
20150730 - 13:12:18 - SyncStart - 448595968
20150730 - 13:15:10 - SyncSuccd - 0
20150730 - 13:15:25 - SyncCompt - 448608256
20150731 - 03:12:23 - SyncStart - 448608256
20150731 - 03:16:50 - SyncSuccd - 0
20150731 - 03:17:04 - SyncCompt - 449168384
20150731 - 13:12:18 - SyncStart - 449168384
20150731 - 13:15:53 - SyncSuccd - 0
20150731 - 13:16:07 - SyncCompt - 449490944
20150801 - 03:12:19 - SyncStart - 449490944
20150801 - 03:18:28 - SyncSuccd - 0
20150801 - 03:18:41 - SyncCompt - 450272256
20150801 - 13:12:17 - SyncStart - 450272256
20150801 - 13:17:04 - SyncSuccd - 0
20150801 - 13:17:17 - SyncCompt - 450525184
20150802 - 03:12:18 - SyncStart - 450525184
20150802 - 03:16:45 - SyncSuccd - 0
20150802 - 03:17:00 - SyncCompt - 450882560
20150802 - 13:12:16 - SyncStart - 450882560
20150802 - 13:16:52 - SyncSuccd - 0
20150802 - 13:17:06 - SyncCompt - 451022848
20150803 - 03:12:18 - SyncStart - 451022848
20150803 - 03:43:22 - SyncSuccd - 0
20150803 - 03:43:37 - SyncCompt - 451628032
20150803 - 13:12:16 - SyncStart - 451628032
20150803 - 13:17:03 - SyncSuccd - 0
20150803 - 13:17:16 - SyncCompt - 451597312
20150804 - 03:12:19 - SyncStart - 451597312
20150804 - 03:17:27 - SyncSuccd - 0
20150804 - 03:17:42 - SyncCompt - 451913728
20150804 - 13:12:18 - SyncStart - 451913728
20150804 - 13:15:41 - SyncSuccd - 0
20150804 - 13:15:54 - SyncCompt - 451921920
20150805 - 03:12:01 - SyncStart - 4
20150805 - 05:28:00 - SyncError - 12
20150805 - 05:29:00 - SyncCompt - 40695172
20150805 - 05:29:00 - SyncStart - 40695172
20150805 - 05:30:07 - SyncError - 12
20150805 - 05:31:07 - SyncCompt - 40695172
20150805 - 05:31:07 - SyncStart - 40695172
20150805 - 05:32:12 - SyncError - 12
20150805 - 05:33:12 - SyncCompt - 40695172
20150805 - 05:33:12 - SyncStart - 40695172
20150805 - 05:34:02 - SyncError - 12
20150805 - 05:35:03 - SyncCompt - 40695172
20150805 - 05:35:03 - SyncStart - 40695172
20150805 - 05:35:56 - SyncError - 12
20150805 - 05:36:56 - SyncCompt - 40695172
20150805 - 13:12:13 - SyncStart - 40695172
20150805 - 13:14:55 - SyncError - 12
20150805 - 13:15:55 - SyncCompt - 40666268
20150805 - 13:15:55 - SyncStart - 40666268
20150805 - 13:16:34 - SyncError - 12
20150805 - 13:17:34 - SyncCompt - 40666268
20150805 - 13:17:35 - SyncStart - 40666268
20150805 - 13:18:06 - SyncError - 12
20150805 - 13:19:06 - SyncCompt - 40666268
20150805 - 13:19:06 - SyncStart - 40666268
20150805 - 13:19:40 - SyncError - 12
20150805 - 13:20:40 - SyncCompt - 40666268
20150805 - 13:20:41 - SyncStart - 40666268
20150805 - 13:21:18 - SyncError - 12
20150805 - 13:22:18 - SyncCompt - 40666268
20150806 - 03:12:43 - SyncStart - 40666268
20150806 - 03:13:29 - SyncError - 12
20150806 - 03:14:30 - SyncCompt - 40666268
20150806 - 03:14:30 - SyncStart - 40666268
20150806 - 03:14:35 - SyncError - 12
20150806 - 03:15:35 - SyncCompt - 40666268
20150806 - 03:15:36 - SyncStart - 40666268
20150806 - 03:15:45 - SyncError - 12
20150806 - 03:16:45 - SyncCompt - 40666268
20150806 - 03:16:45 - SyncStart - 40666268
20150806 - 03:17:00 - SyncError - 12
20150806 - 03:18:00 - SyncCompt - 40666268
20150806 - 03:18:00 - SyncStart - 40666268
20150806 - 03:18:05 - SyncError - 12
20150806 - 03:19:05 - SyncCompt - 40666268
20150806 - 13:12:10 - SyncStart - 40666268
20150806 - 13:12:23 - SyncError - 12
20150806 - 13:13:23 - SyncCompt - 40666268
20150806 - 13:13:23 - SyncStart - 40666268
20150806 - 13:13:27 - SyncError - 12
20150806 - 13:14:27 - SyncCompt - 40666268
20150806 - 13:14:27 - SyncStart - 40666268
20150806 - 13:14:31 - SyncError - 12
20150806 - 13:15:31 - SyncCompt - 40666268
20150806 - 13:15:31 - SyncStart - 40666268
20150806 - 13:15:35 - SyncError - 12
20150806 - 13:16:35 - SyncCompt - 40666268
20150806 - 13:16:35 - SyncStart - 40666268
20150806 - 13:16:40 - SyncError - 12
20150806 - 13:17:40 - SyncCompt - 40666268
20150807 - 03:12:41 - SyncStart - 40666268
20150807 - 03:13:02 - SyncError - 12
20150807 - 03:14:02 - SyncCompt - 40666268
20150807 - 03:14:02 - SyncStart - 40666268
20150807 - 03:14:06 - SyncError - 12
20150807 - 03:15:06 - SyncCompt - 40666268
20150807 - 03:15:06 - SyncStart - 40666268
20150807 - 03:15:10 - SyncError - 12
20150807 - 03:16:10 - SyncCompt - 40666268
20150807 - 03:16:10 - SyncStart - 40666268
20150807 - 03:16:14 - SyncError - 12
20150807 - 03:17:14 - SyncCompt - 40666268
20150807 - 03:17:14 - SyncStart - 40666268
20150807 - 03:17:18 - SyncError - 12
20150807 - 03:18:18 - SyncCompt - 40666268
20150807 - 13:12:08 - SyncStart - 40666268
20150807 - 13:57:01 - SyncError - 12
20150807 - 13:58:01 - SyncCompt - 54111028
20150807 - 13:58:01 - SyncStart - 54111028
20150807 - 13:59:48 - SyncError - 12
20150807 - 14:00:49 - SyncCompt - 54517112
20150807 - 14:00:49 - SyncStart - 54517112
20150807 - 14:01:04 - SyncError - 12
20150807 - 14:02:04 - SyncCompt - 54517112
20150807 - 14:02:04 - SyncStart - 54517112
20150807 - 14:02:23 - SyncError - 12
20150807 - 14:03:23 - SyncCompt - 54525324
20150807 - 14:03:24 - SyncStart - 54525324
20150807 - 14:03:41 - SyncError - 12
20150807 - 14:04:41 - SyncCompt - 54525324
20150807 - 23:15:05 - SyncStart - 453594112
20150807 - 23:17:02 - SyncSuccd - 0
20150807 - 23:17:17 - SyncCompt - 453594112
20150808 - 03:12:16 - SyncStart - 453594112
20150808 - 03:15:10 - SyncSuccd - 0
20150808 - 03:15:24 - SyncCompt - 453594112
20150808 - 13:12:16 - SyncStart - 453594112
20150808 - 13:17:29 - SyncSuccd - 0
20150808 - 13:17:43 - SyncCompt - 453597184
20150809 - 03:12:17 - SyncStart - 453597184
20150809 - 03:17:47 - SyncSuccd - 0
20150809 - 03:18:01 - SyncCompt - 454149120
20150809 - 13:12:17 - SyncStart - 454149120
20150809 - 13:17:30 - SyncSuccd - 0
20150809 - 13:17:45 - SyncCompt - 453240832
20150810 - 03:12:18 - SyncStart - 453240832
20150810 - 03:22:11 - SyncSuccd - 0
20150810 - 03:22:25 - SyncCompt - 453493760
20150810 - 13:12:17 - SyncStart - 453493760
20150810 - 13:16:24 - SyncSuccd - 0
20150810 - 13:16:39 - SyncCompt - 453493760
20150811 - 03:12:16 - SyncStart - 453493760
20150811 - 03:18:46 - SyncSuccd - 0
20150811 - 03:19:00 - SyncCompt - 453819392
20150811 - 13:12:16 - SyncStart - 453819392
20150811 - 13:17:29 - SyncSuccd - 0
20150811 - 13:17:43 - SyncCompt - 453830656
