20150121 - 05:52:01 - SyncStart - 12432584
20150121 - 05:52:05 - SyncSuccd - 0
20150121 - 05:52:05 - SyncCompt - 12432584
20150121 - 11:26:26 - SyncStart - 12432584
20150121 - 11:26:39 - SyncSuccd - 0
20150121 - 11:26:39 - SyncCompt - 12432584
20150122 - 05:52:04 - SyncStart - 12432584
20150122 - 05:52:10 - SyncSuccd - 0
20150122 - 05:52:10 - SyncCompt - 12432584
20150123 - 05:52:07 - SyncStart - 12432584
20150123 - 05:52:11 - SyncSuccd - 0
20150123 - 05:52:11 - SyncCompt - 12432584
20150124 - 05:52:07 - SyncStart - 12432584
20150124 - 05:52:11 - SyncSuccd - 0
20150124 - 05:52:11 - SyncCompt - 12432584
20150124 - 15:52:07 - SyncStart - 12432584
20150124 - 15:52:17 - SyncSuccd - 0
20150124 - 15:52:17 - SyncCompt - 12432584
20150125 - 05:52:07 - SyncStart - 12432584
20150125 - 05:52:10 - SyncSuccd - 0
20150125 - 05:52:10 - SyncCompt - 12432584
20150125 - 15:52:07 - SyncStart - 12432584
20150125 - 15:52:19 - SyncSuccd - 0
20150125 - 15:52:19 - SyncCompt - 12432584
20150126 - 05:52:06 - SyncStart - 12432584
20150126 - 05:52:09 - SyncSuccd - 0
20150126 - 05:52:09 - SyncCompt - 12432584
20150126 - 15:52:06 - SyncStart - 12432584
20150126 - 15:52:17 - SyncSuccd - 0
20150126 - 15:52:17 - SyncCompt - 12432584
20150127 - 05:52:07 - SyncStart - 12432584
20150127 - 05:52:10 - SyncSuccd - 0
20150127 - 05:52:11 - SyncCompt - 12432584
20150127 - 15:52:07 - SyncStart - 12432584
20150127 - 15:52:25 - SyncSuccd - 0
20150127 - 15:52:25 - SyncCompt - 12432584
20150128 - 05:52:07 - SyncStart - 12432584
20150128 - 05:52:12 - SyncSuccd - 0
20150128 - 05:52:12 - SyncCompt - 12432584
20150128 - 15:52:07 - SyncStart - 12432584
20150128 - 15:52:18 - SyncSuccd - 0
20150128 - 15:52:18 - SyncCompt - 12432584
20150129 - 05:52:06 - SyncStart - 12432584
20150129 - 05:52:10 - SyncSuccd - 0
20150129 - 05:52:10 - SyncCompt - 12432584
20150129 - 15:52:07 - SyncStart - 12432584
20150129 - 15:52:18 - SyncSuccd - 0
20150129 - 15:52:18 - SyncCompt - 12432584
20150130 - 05:52:06 - SyncStart - 12432584
20150130 - 05:52:10 - SyncSuccd - 0
20150130 - 05:52:10 - SyncCompt - 12432584
20150130 - 15:52:08 - SyncStart - 12432584
20150130 - 15:52:23 - SyncSuccd - 0
20150130 - 15:52:23 - SyncCompt - 12432584
20150131 - 05:52:12 - SyncStart - 12432584
20150131 - 05:52:16 - SyncSuccd - 0
20150131 - 05:52:16 - SyncCompt - 12432584
20150131 - 15:52:13 - SyncStart - 12432584
20150131 - 15:52:20 - SyncSuccd - 0
20150131 - 15:52:20 - SyncCompt - 12432584
20150201 - 05:52:06 - SyncStart - 12432584
20150201 - 05:52:11 - SyncSuccd - 0
20150201 - 05:52:11 - SyncCompt - 12432584
20150201 - 15:52:08 - SyncStart - 12432584
20150201 - 15:52:17 - SyncSuccd - 0
20150201 - 15:52:17 - SyncCompt - 12432584
20150202 - 05:52:06 - SyncStart - 12432584
20150202 - 05:52:10 - SyncSuccd - 0
20150202 - 05:52:10 - SyncCompt - 12432584
20150202 - 15:52:03 - SyncStart - 12432584
20150202 - 15:52:19 - SyncSuccd - 0
20150202 - 15:52:19 - SyncCompt - 12432584
20150203 - 05:52:09 - SyncStart - 12432584
20150203 - 05:52:12 - SyncSuccd - 0
20150203 - 05:52:13 - SyncCompt - 12432584
20150203 - 15:52:10 - SyncStart - 12432584
20150203 - 15:52:17 - SyncSuccd - 0
20150203 - 15:52:17 - SyncCompt - 12432584
20150204 - 05:52:09 - SyncStart - 12432584
20150204 - 05:52:34 - SyncError - 10
20150204 - 05:52:34 - SyncCompt - 12432584
20150204 - 14:37:41 - SyncStart - 12432584
20150204 - 14:37:47 - SyncSuccd - 0
20150204 - 14:37:47 - SyncCompt - 12432584
20150204 - 15:52:01 - SyncStart - 12432584
20150204 - 15:52:11 - SyncSuccd - 0
20150204 - 15:52:11 - SyncCompt - 12432584
20150205 - 05:52:09 - SyncStart - 12432584
20150205 - 05:52:09 - SyncError - 10
20150205 - 05:52:09 - SyncCompt - 12432584
20150205 - 15:52:07 - SyncStart - 12432584
20150205 - 15:52:14 - SyncSuccd - 0
20150205 - 15:52:14 - SyncCompt - 12432584
20150206 - 05:52:09 - SyncStart - 12432584
20150206 - 05:52:14 - SyncSuccd - 0
20150206 - 05:52:14 - SyncCompt - 12432584
20150206 - 15:52:02 - SyncStart - 12432584
20150206 - 15:52:13 - SyncSuccd - 0
20150206 - 15:52:13 - SyncCompt - 12432584
20150207 - 05:52:08 - SyncStart - 12432584
20150207 - 05:52:10 - SyncError - 10
20150207 - 05:52:10 - SyncCompt - 12432584
20150207 - 11:05:56 - SyncStart - 12432584
20150207 - 11:06:08 - SyncSuccd - 0
20150207 - 11:06:08 - SyncCompt - 12432584
20150207 - 15:52:08 - SyncStart - 12432584
20150207 - 15:52:15 - SyncSuccd - 0
20150207 - 15:52:15 - SyncCompt - 12432584
20150208 - 05:52:07 - SyncStart - 12432584
20150208 - 05:52:11 - SyncSuccd - 0
20150208 - 05:52:11 - SyncCompt - 12432584
20150208 - 15:52:09 - SyncStart - 12432584
20150208 - 15:52:13 - SyncSuccd - 0
20150208 - 15:52:13 - SyncCompt - 12432584
20150209 - 05:52:08 - SyncStart - 12432584
20150209 - 05:52:12 - SyncSuccd - 0
20150209 - 05:52:12 - SyncCompt - 12432584
20150209 - 18:45:12 - SyncStart - 12432584
20150209 - 18:45:17 - SyncSuccd - 0
20150209 - 18:45:17 - SyncCompt - 12432584
20150209 - 20:09:41 - SyncStart - 12432584
20150209 - 20:09:41 - SyncStart - 12432584
20150209 - 20:09:45 - SyncSuccd - 0
20150209 - 20:09:45 - SyncCompt - 12432584
20150209 - 20:09:46 - SyncSuccd - 0
20150209 - 20:09:46 - SyncCompt - 12432584
20150210 - 05:52:08 - SyncStart - 12432584
20150210 - 05:52:12 - SyncSuccd - 0
20150210 - 05:52:12 - SyncCompt - 12432584
20150210 - 15:52:08 - SyncStart - 12432584
20150210 - 15:52:13 - SyncSuccd - 0
20150210 - 15:52:13 - SyncCompt - 12432584
20150211 - 05:52:08 - SyncStart - 12432584
20150211 - 05:52:12 - SyncSuccd - 0
20150211 - 05:52:12 - SyncCompt - 12432584
20150211 - 15:52:09 - SyncStart - 12432584
20150211 - 15:52:18 - SyncSuccd - 0
20150211 - 15:52:18 - SyncCompt - 12432584
20150212 - 05:52:09 - SyncStart - 12432584
20150212 - 05:52:13 - SyncSuccd - 0
20150212 - 05:52:13 - SyncCompt - 12432584
20150212 - 15:52:07 - SyncStart - 12432584
20150212 - 15:52:13 - SyncSuccd - 0
20150212 - 15:52:13 - SyncCompt - 12432584
20150213 - 05:52:07 - SyncStart - 12432584
20150213 - 05:52:12 - SyncSuccd - 0
20150213 - 05:52:12 - SyncCompt - 12432584
20150213 - 15:52:07 - SyncStart - 12432584
20150213 - 15:52:13 - SyncSuccd - 0
20150213 - 15:52:13 - SyncCompt - 12432584
20150214 - 05:52:06 - SyncStart - 12432584
20150214 - 05:52:12 - SyncSuccd - 0
20150214 - 05:52:12 - SyncCompt - 12432584
20150214 - 15:52:06 - SyncStart - 12432584
20150214 - 15:52:10 - SyncSuccd - 0
20150214 - 15:52:10 - SyncCompt - 12432584
20150215 - 05:52:06 - SyncStart - 12432584
20150215 - 05:52:10 - SyncSuccd - 0
20150215 - 05:52:10 - SyncCompt - 12432584
20150215 - 15:52:07 - SyncStart - 12432584
20150215 - 15:52:10 - SyncSuccd - 0
20150215 - 15:52:10 - SyncCompt - 12432584
20150216 - 05:52:07 - SyncStart - 12432584
20150216 - 05:52:13 - SyncSuccd - 0
20150216 - 05:52:13 - SyncCompt - 12432584
20150216 - 15:52:06 - SyncStart - 12432584
20150216 - 15:52:10 - SyncSuccd - 0
20150216 - 15:52:10 - SyncCompt - 12432584
20150217 - 05:52:07 - SyncStart - 12432584
20150217 - 05:52:10 - SyncSuccd - 0
20150217 - 05:52:10 - SyncCompt - 12432584
20150217 - 15:52:06 - SyncStart - 12432584
20150217 - 15:52:11 - SyncSuccd - 0
20150217 - 15:52:11 - SyncCompt - 12432584
20150218 - 05:52:07 - SyncStart - 12432584
20150218 - 05:52:17 - SyncSuccd - 0
20150218 - 05:52:17 - SyncCompt - 12432584
20150218 - 15:52:07 - SyncStart - 12432584
20150218 - 15:52:13 - SyncSuccd - 0
20150218 - 15:52:13 - SyncCompt - 12432584
20150219 - 05:52:06 - SyncStart - 12432584
20150219 - 05:52:13 - SyncSuccd - 0
20150219 - 05:52:13 - SyncCompt - 12432584
20150219 - 15:52:07 - SyncStart - 12432584
20150219 - 15:52:12 - SyncSuccd - 0
20150219 - 15:52:12 - SyncCompt - 12432584
20150220 - 05:52:07 - SyncStart - 12432584
20150220 - 05:52:11 - SyncSuccd - 0
20150220 - 05:52:11 - SyncCompt - 12432584
20150220 - 15:52:02 - SyncStart - 12432584
20150220 - 15:52:06 - SyncSuccd - 0
20150220 - 15:52:06 - SyncCompt - 12432584
20150221 - 05:52:07 - SyncStart - 12432584
20150221 - 05:52:11 - SyncSuccd - 0
20150221 - 05:52:11 - SyncCompt - 12432584
20150221 - 15:52:03 - SyncStart - 12432584
20150221 - 15:52:08 - SyncSuccd - 0
20150221 - 15:52:08 - SyncCompt - 12432584
20150222 - 05:52:07 - SyncStart - 12432584
20150222 - 05:52:13 - SyncSuccd - 0
20150222 - 05:52:13 - SyncCompt - 12432584
20150222 - 15:52:07 - SyncStart - 12432584
20150222 - 15:52:12 - SyncSuccd - 0
20150222 - 15:52:12 - SyncCompt - 12432584
20150223 - 05:52:07 - SyncStart - 12432584
20150223 - 05:52:15 - SyncSuccd - 0
20150223 - 05:52:15 - SyncCompt - 12432584
20150223 - 15:52:06 - SyncStart - 12432584
20150223 - 15:52:12 - SyncSuccd - 0
20150223 - 15:52:13 - SyncCompt - 12432584
20150224 - 05:52:07 - SyncStart - 12432584
20150224 - 05:52:14 - SyncSuccd - 0
20150224 - 05:52:14 - SyncCompt - 12432584
20150224 - 15:52:07 - SyncStart - 12432584
20150224 - 15:52:13 - SyncSuccd - 0
20150224 - 15:52:13 - SyncCompt - 12432584
20150225 - 05:52:07 - SyncStart - 12432584
20150225 - 05:52:12 - SyncSuccd - 0
20150225 - 05:52:12 - SyncCompt - 12432584
20150225 - 15:52:06 - SyncStart - 12432584
20150225 - 15:52:24 - SyncSuccd - 0
20150225 - 15:52:24 - SyncCompt - 12432584
20150226 - 05:52:07 - SyncStart - 12432584
20150226 - 05:52:15 - SyncSuccd - 0
20150226 - 05:52:15 - SyncCompt - 12432584
20150226 - 15:52:07 - SyncStart - 12432584
20150226 - 15:52:12 - SyncSuccd - 0
20150226 - 15:52:12 - SyncCompt - 12432584
20150227 - 05:52:07 - SyncStart - 12432584
20150227 - 05:52:11 - SyncSuccd - 0
20150227 - 05:52:11 - SyncCompt - 12432584
20150227 - 15:52:07 - SyncStart - 12432584
20150227 - 15:52:24 - SyncSuccd - 0
20150227 - 15:52:25 - SyncCompt - 12432584
20150228 - 05:52:07 - SyncStart - 12432584
20150228 - 05:52:12 - SyncSuccd - 0
20150228 - 05:52:12 - SyncCompt - 12432584
20150228 - 15:52:07 - SyncStart - 12432584
20150228 - 15:52:23 - SyncSuccd - 0
20150228 - 15:52:23 - SyncCompt - 12432584
20150301 - 05:52:07 - SyncStart - 12432584
20150301 - 05:52:12 - SyncSuccd - 0
20150301 - 05:52:12 - SyncCompt - 12432584
20150301 - 15:52:07 - SyncStart - 12432584
20150301 - 15:52:28 - SyncSuccd - 0
20150301 - 15:52:28 - SyncCompt - 12432584
20150302 - 05:52:07 - SyncStart - 12432584
20150302 - 05:52:12 - SyncSuccd - 0
20150302 - 05:52:12 - SyncCompt - 12432584
20150302 - 15:52:07 - SyncStart - 12432584
20150302 - 15:52:26 - SyncSuccd - 0
20150302 - 15:52:26 - SyncCompt - 12432584
20150303 - 05:52:07 - SyncStart - 12432584
20150303 - 05:52:13 - SyncSuccd - 0
20150303 - 05:52:13 - SyncCompt - 12432584
20150303 - 15:52:08 - SyncStart - 12432584
20150303 - 15:52:24 - SyncSuccd - 0
20150303 - 15:52:24 - SyncCompt - 12432584
20150304 - 05:52:06 - SyncStart - 12432584
20150304 - 05:52:13 - SyncSuccd - 0
20150304 - 05:52:13 - SyncCompt - 12432584
20150304 - 15:52:08 - SyncStart - 12432584
20150304 - 15:52:25 - SyncSuccd - 0
20150304 - 15:52:25 - SyncCompt - 12432584
20150305 - 05:52:09 - SyncStart - 12432584
20150305 - 05:52:16 - SyncSuccd - 0
20150305 - 05:52:16 - SyncCompt - 12432584
20150305 - 15:52:09 - SyncStart - 12432584
20150305 - 15:52:24 - SyncSuccd - 0
20150305 - 15:52:24 - SyncCompt - 12432584
20150306 - 05:52:09 - SyncStart - 12432584
20150306 - 05:52:14 - SyncSuccd - 0
20150306 - 05:52:14 - SyncCompt - 12432584
20150306 - 15:52:09 - SyncStart - 12432584
20150306 - 15:52:26 - SyncSuccd - 0
20150306 - 15:52:26 - SyncCompt - 12432584
20150307 - 05:52:08 - SyncStart - 12432584
20150307 - 05:52:13 - SyncSuccd - 0
20150307 - 05:52:13 - SyncCompt - 12432584
20150307 - 15:52:10 - SyncStart - 12432584
20150307 - 15:52:31 - SyncSuccd - 0
20150307 - 15:52:31 - SyncCompt - 12432584
20150308 - 05:52:08 - SyncStart - 12432584
20150308 - 05:52:09 - SyncError - 10
20150308 - 05:53:10 - SyncCompt - 12432584
20150308 - 05:53:10 - SyncStart - 12432584
20150308 - 05:53:10 - SyncError - 10
20150308 - 05:54:10 - SyncCompt - 12432584
20150308 - 05:54:10 - SyncStart - 12432584
20150308 - 05:54:15 - SyncSuccd - 0
20150308 - 05:54:15 - SyncCompt - 12432584
20150308 - 15:52:09 - SyncStart - 12432584
20150308 - 15:52:26 - SyncSuccd - 0
20150308 - 15:52:26 - SyncCompt - 12432584
20150309 - 05:52:09 - SyncStart - 12432584
20150309 - 05:52:14 - SyncSuccd - 0
20150309 - 05:52:14 - SyncCompt - 12432584
20150309 - 15:52:09 - SyncStart - 12432584
20150309 - 15:52:20 - SyncSuccd - 0
20150309 - 15:52:20 - SyncCompt - 12432584
20150310 - 05:52:09 - SyncStart - 12432584
20150310 - 05:52:09 - SyncError - 10
20150310 - 05:53:09 - SyncCompt - 12432584
20150310 - 05:53:09 - SyncStart - 12432584
20150310 - 05:53:14 - SyncSuccd - 0
20150310 - 05:53:14 - SyncCompt - 12432584
20150310 - 15:52:09 - SyncStart - 12432584
20150310 - 15:52:30 - SyncSuccd - 0
20150310 - 15:52:30 - SyncCompt - 12432584
20150311 - 05:52:10 - SyncStart - 12432584
20150311 - 05:52:15 - SyncSuccd - 0
20150311 - 05:52:15 - SyncCompt - 12432584
20150311 - 15:52:09 - SyncStart - 12432584
20150311 - 15:52:30 - SyncSuccd - 0
20150311 - 15:52:30 - SyncCompt - 12432584
20150312 - 05:52:08 - SyncStart - 12432584
20150312 - 05:52:14 - SyncSuccd - 0
20150312 - 05:52:14 - SyncCompt - 12432584
20150312 - 15:52:10 - SyncStart - 12432584
20150312 - 15:52:25 - SyncSuccd - 0
20150312 - 15:52:26 - SyncCompt - 12432584
20150313 - 05:52:09 - SyncStart - 12432584
20150313 - 05:52:14 - SyncSuccd - 0
20150313 - 05:52:14 - SyncCompt - 12432584
20150313 - 15:52:09 - SyncStart - 12432584
20150313 - 15:52:23 - SyncSuccd - 0
20150313 - 15:52:23 - SyncCompt - 12432584
20150314 - 05:52:09 - SyncStart - 12432584
20150314 - 05:52:14 - SyncSuccd - 0
20150314 - 05:52:14 - SyncCompt - 12432584
20150314 - 15:52:07 - SyncStart - 12432584
20150314 - 15:52:21 - SyncSuccd - 0
20150314 - 15:52:21 - SyncCompt - 12432584
20150315 - 05:52:07 - SyncStart - 12432584
20150315 - 05:52:14 - SyncSuccd - 0
20150315 - 05:52:14 - SyncCompt - 12432584
20150315 - 15:52:08 - SyncStart - 12432584
20150315 - 15:52:25 - SyncSuccd - 0
20150315 - 15:52:25 - SyncCompt - 12432584
20150316 - 05:52:07 - SyncStart - 12432584
20150316 - 05:52:16 - SyncSuccd - 0
20150316 - 05:52:16 - SyncCompt - 12432584
20150316 - 15:52:08 - SyncStart - 12432584
20150316 - 15:52:16 - SyncSuccd - 0
20150316 - 15:52:16 - SyncCompt - 12432584
20150317 - 05:52:07 - SyncStart - 12432584
20150317 - 05:52:11 - SyncSuccd - 0
20150317 - 05:52:11 - SyncCompt - 12432584
20150317 - 15:52:03 - SyncStart - 12432584
20150317 - 15:52:15 - SyncSuccd - 0
20150317 - 15:52:15 - SyncCompt - 12432584
20150318 - 05:52:07 - SyncStart - 12432584
20150318 - 05:52:10 - SyncSuccd - 0
20150318 - 05:52:10 - SyncCompt - 12432584
20150318 - 15:52:03 - SyncStart - 12432584
20150318 - 15:52:15 - SyncSuccd - 0
20150318 - 15:52:15 - SyncCompt - 12432584
20150319 - 05:52:01 - SyncStart - 12432584
20150319 - 05:52:06 - SyncSuccd - 0
20150319 - 05:52:06 - SyncCompt - 12432584
20150319 - 15:52:02 - SyncStart - 12432584
20150319 - 15:52:14 - SyncSuccd - 0
20150319 - 15:52:14 - SyncCompt - 12432584
20150320 - 05:52:07 - SyncStart - 12432584
20150320 - 05:52:18 - SyncSuccd - 0
20150320 - 05:52:18 - SyncCompt - 12432584
20150320 - 15:52:01 - SyncStart - 12432584
20150320 - 15:52:14 - SyncSuccd - 0
20150320 - 15:52:14 - SyncCompt - 12432584
20150321 - 05:52:08 - SyncStart - 12432584
20150321 - 05:52:12 - SyncSuccd - 0
20150321 - 05:52:12 - SyncCompt - 12432584
20150321 - 15:52:02 - SyncStart - 12432584
20150321 - 15:52:10 - SyncSuccd - 0
20150321 - 15:52:10 - SyncCompt - 12432584
20150322 - 05:52:06 - SyncStart - 12432584
20150322 - 05:52:10 - SyncSuccd - 0
20150322 - 05:52:10 - SyncCompt - 12432584
20150322 - 15:52:03 - SyncStart - 12432584
20150322 - 15:52:11 - SyncSuccd - 0
20150322 - 15:52:11 - SyncCompt - 12432584
20150323 - 05:52:06 - SyncStart - 12432584
20150323 - 05:53:14 - SyncSuccd - 0
20150323 - 05:53:14 - SyncCompt - 12432584
20150323 - 15:52:04 - SyncStart - 12432584
20150323 - 15:52:23 - SyncSuccd - 0
20150323 - 15:52:23 - SyncCompt - 12432584
20150324 - 05:52:05 - SyncStart - 12432584
20150324 - 05:52:09 - SyncSuccd - 0
20150324 - 05:52:09 - SyncCompt - 12432584
20150324 - 15:52:01 - SyncStart - 12432584
20150324 - 15:52:21 - SyncSuccd - 0
20150324 - 15:52:21 - SyncCompt - 12432584
20150325 - 05:52:01 - SyncStart - 12432584
20150325 - 05:52:05 - SyncSuccd - 0
20150325 - 05:52:05 - SyncCompt - 12432584
20150325 - 15:52:01 - SyncStart - 12432584
20150325 - 15:52:15 - SyncSuccd - 0
20150325 - 15:52:15 - SyncCompt - 12432584
20150326 - 05:52:06 - SyncStart - 12432584
20150326 - 05:52:10 - SyncSuccd - 0
20150326 - 05:52:10 - SyncCompt - 12432584
20150326 - 15:52:01 - SyncStart - 12432584
20150326 - 15:53:38 - SyncSuccd - 0
20150326 - 15:53:38 - SyncCompt - 12432584
20150327 - 05:52:06 - SyncStart - 12432584
20150327 - 05:52:17 - SyncError - 10
20150327 - 05:53:17 - SyncCompt - 12432584
20150327 - 05:53:17 - SyncStart - 12432584
20150327 - 05:53:21 - SyncSuccd - 0
20150327 - 05:53:21 - SyncCompt - 12432584
20150327 - 15:52:03 - SyncStart - 12432584
20150327 - 15:52:19 - SyncSuccd - 0
20150327 - 15:52:20 - SyncCompt - 12432584
20150328 - 05:52:06 - SyncStart - 12432584
20150328 - 05:52:10 - SyncSuccd - 0
20150328 - 05:52:10 - SyncCompt - 12432584
20150328 - 15:52:03 - SyncStart - 12432584
20150328 - 15:52:12 - SyncSuccd - 0
20150328 - 15:52:12 - SyncCompt - 12432584
20150329 - 05:52:06 - SyncStart - 12432584
20150329 - 05:52:10 - SyncSuccd - 0
20150329 - 05:52:10 - SyncCompt - 12432584
20150329 - 15:52:01 - SyncStart - 12432584
20150329 - 15:52:12 - SyncSuccd - 0
20150329 - 15:52:12 - SyncCompt - 12432584
20150330 - 05:52:07 - SyncStart - 12432584
20150330 - 05:52:11 - SyncSuccd - 0
20150330 - 05:52:11 - SyncCompt - 12432584
20150330 - 15:52:01 - SyncStart - 12432584
20150330 - 15:52:08 - SyncSuccd - 0
20150330 - 15:52:08 - SyncCompt - 12432584
20150331 - 05:52:06 - SyncStart - 12432584
20150331 - 05:52:11 - SyncSuccd - 0
20150331 - 05:52:12 - SyncCompt - 12432584
20150331 - 15:52:01 - SyncStart - 12432584
20150331 - 15:52:11 - SyncError - 10
20150331 - 15:53:11 - SyncCompt - 12432584
20150331 - 15:53:11 - SyncStart - 12432584
20150331 - 15:53:33 - SyncSuccd - 0
20150331 - 15:53:33 - SyncCompt - 12432584
20150401 - 05:52:03 - SyncStart - 12432584
20150401 - 05:52:07 - SyncSuccd - 0
20150401 - 05:52:07 - SyncCompt - 12432584
20150401 - 15:52:02 - SyncStart - 12432584
20150401 - 15:52:25 - SyncSuccd - 0
20150401 - 15:52:26 - SyncCompt - 12432584
20150402 - 05:52:07 - SyncStart - 12432584
20150402 - 05:52:23 - SyncSuccd - 0
20150402 - 05:52:23 - SyncCompt - 12432584
20150402 - 15:52:01 - SyncStart - 12432584
20150402 - 15:52:07 - SyncSuccd - 0
20150402 - 15:52:07 - SyncCompt - 12432584
20150403 - 05:52:02 - SyncStart - 12432584
20150403 - 05:52:06 - SyncSuccd - 0
20150403 - 05:52:06 - SyncCompt - 12432584
20150403 - 15:52:01 - SyncStart - 12432584
20150403 - 15:52:13 - SyncSuccd - 0
20150403 - 15:52:13 - SyncCompt - 12432584
20150404 - 05:52:05 - SyncStart - 12432584
20150404 - 05:52:10 - SyncSuccd - 0
20150404 - 05:52:10 - SyncCompt - 12432584
20150404 - 15:52:02 - SyncStart - 12432584
20150404 - 15:52:16 - SyncSuccd - 0
20150404 - 15:52:16 - SyncCompt - 12432584
20150405 - 05:52:02 - SyncStart - 12432584
20150405 - 05:52:05 - SyncSuccd - 0
20150405 - 05:52:05 - SyncCompt - 12432584
20150405 - 15:52:07 - SyncStart - 12432584
20150405 - 15:52:23 - SyncSuccd - 0
20150405 - 15:52:23 - SyncCompt - 12432584
20150406 - 05:52:07 - SyncStart - 12432584
20150406 - 05:52:11 - SyncSuccd - 0
20150406 - 05:52:11 - SyncCompt - 12432584
20150406 - 15:52:01 - SyncStart - 12432584
20150406 - 15:52:14 - SyncSuccd - 0
20150406 - 15:52:14 - SyncCompt - 12432584
20150407 - 05:52:01 - SyncStart - 12432584
20150407 - 05:52:05 - SyncSuccd - 0
20150407 - 05:52:05 - SyncCompt - 12432584
20150407 - 15:52:02 - SyncStart - 12432584
20150407 - 15:52:17 - SyncSuccd - 0
20150407 - 15:52:17 - SyncCompt - 12432584
20150408 - 05:52:02 - SyncStart - 12432584
20150408 - 05:52:06 - SyncSuccd - 0
20150408 - 05:52:06 - SyncCompt - 12432584
20150408 - 15:52:01 - SyncStart - 12432584
20150408 - 15:52:15 - SyncSuccd - 0
20150408 - 15:52:15 - SyncCompt - 12432584
20150409 - 05:52:10 - SyncStart - 12432584
20150409 - 05:52:14 - SyncSuccd - 0
20150409 - 05:52:14 - SyncCompt - 12432584
20150409 - 15:52:01 - SyncStart - 12432584
20150409 - 15:52:26 - SyncSuccd - 0
20150409 - 15:52:26 - SyncCompt - 12432584
20150410 - 05:52:02 - SyncStart - 12432584
20150410 - 05:52:05 - SyncSuccd - 0
20150410 - 05:52:05 - SyncCompt - 12432584
20150410 - 15:52:01 - SyncStart - 12432584
20150410 - 15:52:13 - SyncSuccd - 0
20150410 - 15:52:13 - SyncCompt - 12432584
20150411 - 05:52:02 - SyncStart - 12432584
20150411 - 05:52:07 - SyncSuccd - 0
20150411 - 05:52:07 - SyncCompt - 12432584
20150411 - 15:52:01 - SyncStart - 12432584
20150411 - 15:52:11 - SyncSuccd - 0
20150411 - 15:52:11 - SyncCompt - 12432584
20150412 - 05:52:03 - SyncStart - 12432584
20150412 - 05:52:07 - SyncSuccd - 0
20150412 - 05:52:07 - SyncCompt - 12432584
20150412 - 15:52:02 - SyncStart - 12432584
20150412 - 15:52:14 - SyncSuccd - 0
20150412 - 15:52:14 - SyncCompt - 12432584
20150413 - 05:52:07 - SyncStart - 12432584
20150413 - 05:52:11 - SyncSuccd - 0
20150413 - 05:52:11 - SyncCompt - 12432584
20150413 - 15:52:01 - SyncStart - 12432584
20150413 - 15:52:14 - SyncSuccd - 0
20150413 - 15:52:14 - SyncCompt - 12432584
20150414 - 05:52:05 - SyncStart - 12432584
20150414 - 05:52:12 - SyncSuccd - 0
20150414 - 05:52:12 - SyncCompt - 12432584
20150414 - 15:52:01 - SyncStart - 12432584
20150414 - 15:52:26 - SyncSuccd - 0
20150414 - 15:52:26 - SyncCompt - 12432584
20150415 - 05:52:07 - SyncStart - 12432584
20150415 - 05:52:11 - SyncSuccd - 0
20150415 - 05:52:11 - SyncCompt - 12432584
20150415 - 15:52:04 - SyncStart - 12432584
20150415 - 15:52:13 - SyncSuccd - 0
20150415 - 15:52:13 - SyncCompt - 12432584
20150416 - 05:52:02 - SyncStart - 12432584
20150416 - 05:52:06 - SyncSuccd - 0
20150416 - 05:52:06 - SyncCompt - 12432584
20150416 - 15:52:01 - SyncStart - 12432584
20150416 - 15:52:10 - SyncSuccd - 0
20150416 - 15:52:10 - SyncCompt - 12432584
20150417 - 05:52:06 - SyncStart - 12432584
20150417 - 05:52:10 - SyncSuccd - 0
20150417 - 05:52:10 - SyncCompt - 12432584
20150417 - 15:52:01 - SyncStart - 12432584
20150417 - 15:52:24 - SyncSuccd - 0
20150417 - 15:52:24 - SyncCompt - 12432584
20150418 - 05:52:02 - SyncStart - 12432584
20150418 - 05:52:05 - SyncSuccd - 0
20150418 - 05:52:06 - SyncCompt - 12432584
20150418 - 15:52:01 - SyncStart - 12432584
20150418 - 15:52:07 - SyncSuccd - 0
20150418 - 15:52:07 - SyncCompt - 12432584
20150419 - 05:52:04 - SyncStart - 12432584
20150419 - 05:52:08 - SyncSuccd - 0
20150419 - 05:52:08 - SyncCompt - 12432584
20150419 - 15:52:01 - SyncStart - 12432584
20150419 - 15:52:13 - SyncSuccd - 0
20150419 - 15:52:13 - SyncCompt - 12432584
20150420 - 05:52:04 - SyncStart - 12432584
20150420 - 05:52:13 - SyncSuccd - 0
20150420 - 05:52:13 - SyncCompt - 12432584
20150420 - 15:52:03 - SyncStart - 12432584
20150420 - 15:52:19 - SyncSuccd - 0
20150420 - 15:52:19 - SyncCompt - 12432584
20150421 - 05:52:06 - SyncStart - 12432584
20150421 - 05:52:11 - SyncSuccd - 0
20150421 - 05:52:11 - SyncCompt - 12432584
20150421 - 15:52:03 - SyncStart - 12432584
20150421 - 15:52:17 - SyncSuccd - 0
20150421 - 15:52:17 - SyncCompt - 12432584
20150422 - 05:52:05 - SyncStart - 12432584
20150422 - 05:52:09 - SyncSuccd - 0
20150422 - 05:52:09 - SyncCompt - 12432584
20150422 - 15:52:03 - SyncStart - 12432584
20150422 - 15:52:11 - SyncSuccd - 0
20150422 - 15:52:11 - SyncCompt - 12432584
20150423 - 05:52:03 - SyncStart - 12432584
20150423 - 05:52:06 - SyncSuccd - 0
20150423 - 05:52:06 - SyncCompt - 12432584
20150423 - 15:52:02 - SyncStart - 12432584
20150423 - 15:52:20 - SyncSuccd - 0
20150423 - 15:52:21 - SyncCompt - 12432584
20150424 - 05:52:01 - SyncStart - 12432584
20150424 - 05:52:05 - SyncSuccd - 0
20150424 - 05:52:05 - SyncCompt - 12432584
20150424 - 15:52:01 - SyncStart - 12432584
20150424 - 15:52:20 - SyncSuccd - 0
20150424 - 15:52:20 - SyncCompt - 12432584
20150425 - 05:52:01 - SyncStart - 12432584
20150425 - 05:52:05 - SyncSuccd - 0
20150425 - 05:52:05 - SyncCompt - 12432584
20150425 - 15:52:01 - SyncStart - 12432584
20150425 - 15:52:15 - SyncSuccd - 0
20150425 - 15:52:15 - SyncCompt - 12432584
20150426 - 05:52:01 - SyncStart - 12432584
20150426 - 05:52:05 - SyncSuccd - 0
20150426 - 05:52:05 - SyncCompt - 12432584
20150426 - 15:52:01 - SyncStart - 12432584
20150426 - 15:52:19 - SyncSuccd - 0
20150426 - 15:52:19 - SyncCompt - 12432584
20150427 - 05:52:01 - SyncStart - 12432584
20150427 - 05:52:05 - SyncSuccd - 0
20150427 - 05:52:05 - SyncCompt - 12432584
20150427 - 15:52:01 - SyncStart - 12432584
20150427 - 15:52:14 - SyncSuccd - 0
20150427 - 15:52:14 - SyncCompt - 12432584
20150428 - 05:52:03 - SyncStart - 12432584
20150428 - 05:52:07 - SyncSuccd - 0
20150428 - 05:52:07 - SyncCompt - 12432584
20150428 - 15:52:01 - SyncStart - 12432584
20150428 - 15:52:18 - SyncSuccd - 0
20150428 - 15:52:18 - SyncCompt - 12432584
20150429 - 05:52:01 - SyncStart - 12432584
20150429 - 05:52:08 - SyncSuccd - 0
20150429 - 05:52:08 - SyncCompt - 12432584
20150429 - 15:52:02 - SyncStart - 12432584
20150429 - 15:54:16 - SyncSuccd - 0
20150429 - 15:54:16 - SyncCompt - 12432584
20150430 - 05:52:01 - SyncStart - 12432584
20150430 - 05:52:08 - SyncSuccd - 0
20150430 - 05:52:08 - SyncCompt - 12432584
20150430 - 15:52:06 - SyncStart - 12432584
20150430 - 15:52:19 - SyncSuccd - 0
20150430 - 15:52:19 - SyncCompt - 12432584
20150501 - 05:52:01 - SyncStart - 12432584
20150501 - 05:52:05 - SyncSuccd - 0
20150501 - 05:52:05 - SyncCompt - 12432584
20150501 - 15:52:01 - SyncStart - 12432584
20150501 - 15:52:11 - SyncSuccd - 0
20150501 - 15:52:11 - SyncCompt - 12432584
20150502 - 05:52:01 - SyncStart - 12432584
20150502 - 05:52:11 - SyncSuccd - 0
20150502 - 05:52:11 - SyncCompt - 12432584
20150502 - 15:52:01 - SyncStart - 12432584
20150502 - 15:52:14 - SyncSuccd - 0
20150502 - 15:52:14 - SyncCompt - 12432584
20150503 - 05:52:01 - SyncStart - 12432584
20150503 - 05:52:02 - SyncError - 5
20150503 - 05:53:02 - SyncCompt - 12432584
20150503 - 05:53:02 - SyncStart - 12432584
20150503 - 05:53:02 - SyncError - 5
20150503 - 05:54:02 - SyncCompt - 12432584
20150503 - 05:54:02 - SyncStart - 12432584
20150503 - 05:54:03 - SyncError - 5
20150503 - 05:55:03 - SyncCompt - 12432584
20150503 - 05:55:03 - SyncStart - 12432584
20150503 - 05:55:03 - SyncError - 5
20150503 - 05:56:03 - SyncCompt - 12432584
20150503 - 05:56:03 - SyncStart - 12432584
20150503 - 05:56:04 - SyncError - 5
20150503 - 05:57:04 - SyncCompt - 12432584
20150503 - 15:52:01 - SyncStart - 12432584
20150503 - 15:52:06 - SyncError - 5
20150503 - 15:53:06 - SyncCompt - 12432584
20150503 - 15:53:07 - SyncStart - 12432584
20150503 - 15:53:08 - SyncError - 5
20150503 - 15:54:08 - SyncCompt - 12432584
20150503 - 15:54:08 - SyncStart - 12432584
20150503 - 15:54:09 - SyncError - 5
20150503 - 15:55:09 - SyncCompt - 12432584
20150503 - 15:55:09 - SyncStart - 12432584
20150503 - 15:55:10 - SyncError - 5
20150503 - 15:56:10 - SyncCompt - 12432584
20150503 - 15:56:10 - SyncStart - 12432584
20150503 - 15:56:12 - SyncError - 5
20150503 - 15:57:12 - SyncCompt - 12432584
20150503 - 20:36:45 - SyncStart - 12432584
20150503 - 20:36:55 - SyncSuccd - 0
20150503 - 20:36:55 - SyncCompt - 12432584
20150504 - 05:52:01 - SyncStart - 12432584
20150504 - 05:52:10 - SyncSuccd - 0
20150504 - 05:52:10 - SyncCompt - 12432584
20150504 - 15:52:01 - SyncStart - 12432584
20150504 - 15:52:17 - SyncSuccd - 0
20150504 - 15:52:18 - SyncCompt - 12432584
20150505 - 05:52:01 - SyncStart - 12432584
20150505 - 05:52:12 - SyncSuccd - 0
20150505 - 05:52:12 - SyncCompt - 12432584
20150505 - 15:52:01 - SyncStart - 12432584
20150505 - 15:52:15 - SyncSuccd - 0
20150505 - 15:52:16 - SyncCompt - 12432584
20150506 - 05:52:01 - SyncStart - 12432584
20150506 - 05:52:05 - SyncSuccd - 0
20150506 - 05:52:05 - SyncCompt - 12432584
20150506 - 15:52:02 - SyncStart - 12432584
20150506 - 15:52:13 - SyncSuccd - 0
20150506 - 15:52:14 - SyncCompt - 12432584
20150507 - 05:52:01 - SyncStart - 12432584
20150507 - 05:52:05 - SyncSuccd - 0
20150507 - 05:52:05 - SyncCompt - 12432584
20150507 - 15:52:01 - SyncStart - 12432584
20150507 - 15:52:17 - SyncSuccd - 0
20150507 - 15:52:17 - SyncCompt - 12432584
20150508 - 05:52:08 - SyncStart - 12432584
20150508 - 05:52:19 - SyncSuccd - 0
20150508 - 05:52:19 - SyncCompt - 12432584
20150508 - 15:52:02 - SyncStart - 12432584
20150508 - 15:52:17 - SyncSuccd - 0
20150508 - 15:52:17 - SyncCompt - 12432584
20150509 - 05:52:01 - SyncStart - 12432584
20150509 - 05:52:05 - SyncSuccd - 0
20150509 - 05:52:05 - SyncCompt - 12432584
20150509 - 15:52:02 - SyncStart - 12432584
20150509 - 15:52:18 - SyncSuccd - 0
20150509 - 15:52:18 - SyncCompt - 12432584
20150510 - 05:52:03 - SyncStart - 12432584
20150510 - 05:52:08 - SyncSuccd - 0
20150510 - 05:52:08 - SyncCompt - 12432584
20150510 - 15:52:01 - SyncStart - 12432584
20150510 - 15:52:08 - SyncSuccd - 0
20150510 - 15:52:08 - SyncCompt - 12432584
20150511 - 05:52:04 - SyncStart - 12432584
20150511 - 05:52:08 - SyncSuccd - 0
20150511 - 05:52:08 - SyncCompt - 12432584
20150511 - 15:52:02 - SyncStart - 12432584
20150511 - 15:52:24 - SyncSuccd - 0
20150511 - 15:52:24 - SyncCompt - 12432584
20150512 - 05:52:02 - SyncStart - 12432584
20150512 - 05:52:05 - SyncSuccd - 0
20150512 - 05:52:05 - SyncCompt - 12432584
20150512 - 15:52:01 - SyncStart - 12432584
20150512 - 15:52:16 - SyncSuccd - 0
20150512 - 15:52:16 - SyncCompt - 12432584
20150513 - 05:52:09 - SyncStart - 12432584
20150513 - 05:52:12 - SyncSuccd - 0
20150513 - 05:52:12 - SyncCompt - 12432584
20150513 - 15:52:04 - SyncStart - 12432584
20150513 - 15:52:33 - SyncSuccd - 0
20150513 - 15:52:34 - SyncCompt - 12432584
20150514 - 05:52:02 - SyncStart - 12432584
20150514 - 05:52:07 - SyncSuccd - 0
20150514 - 05:52:07 - SyncCompt - 12432584
20150514 - 15:52:01 - SyncStart - 12432584
20150514 - 15:52:12 - SyncSuccd - 0
20150514 - 15:52:12 - SyncCompt - 12432584
20150515 - 05:52:03 - SyncStart - 12432584
20150515 - 05:52:06 - SyncSuccd - 0
20150515 - 05:52:06 - SyncCompt - 12432584
20150515 - 15:52:02 - SyncStart - 12432584
20150515 - 15:52:14 - SyncSuccd - 0
20150515 - 15:52:14 - SyncCompt - 12432584
20150516 - 05:52:08 - SyncStart - 12432584
20150516 - 05:52:12 - SyncSuccd - 0
20150516 - 05:52:12 - SyncCompt - 12432584
20150516 - 15:52:04 - SyncStart - 12432584
20150516 - 15:52:13 - SyncSuccd - 0
20150516 - 15:52:13 - SyncCompt - 12432584
20150517 - 05:52:07 - SyncStart - 12432584
20150517 - 05:52:12 - SyncSuccd - 0
20150517 - 05:52:12 - SyncCompt - 12432584
20150517 - 15:52:02 - SyncStart - 12432584
20150517 - 15:52:18 - SyncSuccd - 0
20150517 - 15:52:18 - SyncCompt - 12432584
20150518 - 05:52:01 - SyncStart - 12432584
20150518 - 05:52:06 - SyncSuccd - 0
20150518 - 05:52:06 - SyncCompt - 12432584
20150518 - 15:52:02 - SyncStart - 12432584
20150518 - 15:52:26 - SyncSuccd - 0
20150518 - 15:52:27 - SyncCompt - 12432584
20150519 - 05:52:07 - SyncStart - 12432584
20150519 - 05:52:11 - SyncSuccd - 0
20150519 - 05:52:11 - SyncCompt - 12432584
20150519 - 15:52:03 - SyncStart - 12432584
20150519 - 15:52:20 - SyncSuccd - 0
20150519 - 15:52:20 - SyncCompt - 12432584
20150520 - 05:52:02 - SyncStart - 12432584
20150520 - 05:52:06 - SyncSuccd - 0
20150520 - 05:52:06 - SyncCompt - 12432584
20150520 - 15:52:02 - SyncStart - 12432584
20150520 - 15:52:24 - SyncSuccd - 0
20150520 - 15:52:24 - SyncCompt - 12432584
20150521 - 05:52:08 - SyncStart - 12432584
20150521 - 05:52:13 - SyncSuccd - 0
20150521 - 05:52:13 - SyncCompt - 12432584
20150521 - 15:52:04 - SyncStart - 12432584
20150521 - 15:52:21 - SyncSuccd - 0
20150521 - 15:52:21 - SyncCompt - 12432584
20150522 - 05:52:08 - SyncStart - 12432584
20150522 - 05:52:13 - SyncSuccd - 0
20150522 - 05:52:13 - SyncCompt - 12432584
20150522 - 15:52:01 - SyncStart - 12432584
20150522 - 15:52:18 - SyncSuccd - 0
20150522 - 15:52:18 - SyncCompt - 12432584
20150523 - 05:52:07 - SyncStart - 12432584
20150523 - 05:52:16 - SyncSuccd - 0
20150523 - 05:52:16 - SyncCompt - 12432584
20150523 - 15:52:08 - SyncStart - 12432584
20150523 - 15:52:19 - SyncSuccd - 0
20150523 - 15:52:19 - SyncCompt - 12432584
20150524 - 05:52:16 - SyncStart - 12432584
20150524 - 05:52:20 - SyncSuccd - 0
20150524 - 05:52:20 - SyncCompt - 12432584
20150524 - 15:52:04 - SyncStart - 12432584
20150524 - 15:52:17 - SyncSuccd - 0
20150524 - 15:52:17 - SyncCompt - 12432584
20150525 - 05:52:09 - SyncStart - 12432584
20150525 - 05:52:14 - SyncSuccd - 0
20150525 - 05:52:14 - SyncCompt - 12432584
20150525 - 15:52:02 - SyncStart - 12432584
20150525 - 15:52:24 - SyncSuccd - 0
20150525 - 15:52:24 - SyncCompt - 12432584
20150526 - 05:52:11 - SyncStart - 12432584
20150526 - 05:52:14 - SyncSuccd - 0
20150526 - 05:52:15 - SyncCompt - 12432584
20150526 - 15:52:16 - SyncStart - 12432584
20150526 - 15:52:37 - SyncSuccd - 0
20150526 - 15:52:37 - SyncCompt - 12432584
20150527 - 05:52:05 - SyncStart - 12432584
20150527 - 05:52:08 - SyncSuccd - 0
20150527 - 05:52:08 - SyncCompt - 12432584
20150527 - 15:52:01 - SyncStart - 12432584
20150527 - 15:52:21 - SyncSuccd - 0
20150527 - 15:52:21 - SyncCompt - 12432584
20150528 - 05:52:01 - SyncStart - 12432584
20150528 - 05:52:05 - SyncSuccd - 0
20150528 - 05:52:05 - SyncCompt - 12432584
20150528 - 15:52:02 - SyncStart - 12432584
20150528 - 15:52:18 - SyncSuccd - 0
20150528 - 15:52:18 - SyncCompt - 12432584
20150529 - 05:52:08 - SyncStart - 12432584
20150529 - 05:52:22 - SyncSuccd - 0
20150529 - 05:52:23 - SyncCompt - 12432584
20150529 - 15:52:03 - SyncStart - 12432584
20150529 - 15:52:23 - SyncSuccd - 0
20150529 - 15:52:23 - SyncCompt - 12432584
20150530 - 05:52:12 - SyncStart - 12432584
20150530 - 05:52:16 - SyncSuccd - 0
20150530 - 05:52:16 - SyncCompt - 12432584
20150530 - 15:52:03 - SyncStart - 12432584
20150530 - 15:52:12 - SyncSuccd - 0
20150530 - 15:52:12 - SyncCompt - 12432584
20150531 - 05:52:07 - SyncStart - 12432584
20150531 - 05:52:11 - SyncSuccd - 0
20150531 - 05:52:11 - SyncCompt - 12432584
20150531 - 15:52:05 - SyncStart - 12432584
20150531 - 15:52:23 - SyncSuccd - 0
20150531 - 15:52:23 - SyncCompt - 12432584
20150601 - 05:52:09 - SyncStart - 12432584
20150601 - 05:52:13 - SyncSuccd - 0
20150601 - 05:52:13 - SyncCompt - 12432584
20150601 - 15:52:04 - SyncStart - 12432584
20150601 - 15:52:17 - SyncSuccd - 0
20150601 - 15:52:17 - SyncCompt - 12432584
20150602 - 05:52:02 - SyncStart - 12432584
20150602 - 05:52:07 - SyncSuccd - 0
20150602 - 05:52:07 - SyncCompt - 12432584
20150602 - 15:52:01 - SyncStart - 12432584
20150602 - 15:52:18 - SyncSuccd - 0
20150602 - 15:52:18 - SyncCompt - 12432584
20150603 - 05:52:02 - SyncStart - 12432584
20150603 - 05:52:05 - SyncSuccd - 0
20150603 - 05:52:06 - SyncCompt - 12432584
20150603 - 15:52:01 - SyncStart - 12432584
20150603 - 15:53:11 - SyncSuccd - 0
20150603 - 15:53:11 - SyncCompt - 12432584
20150604 - 05:52:08 - SyncStart - 12432584
20150604 - 05:52:14 - SyncSuccd - 0
20150604 - 05:52:14 - SyncCompt - 12432584
20150604 - 15:52:04 - SyncStart - 12432584
20150604 - 15:52:13 - SyncSuccd - 0
20150604 - 15:52:13 - SyncCompt - 12432584
20150605 - 05:52:09 - SyncStart - 12432584
20150605 - 05:52:13 - SyncSuccd - 0
20150605 - 05:52:13 - SyncCompt - 12432584
20150605 - 15:52:10 - SyncStart - 12432584
20150605 - 15:52:35 - SyncSuccd - 0
20150605 - 15:52:35 - SyncCompt - 12432584
20150606 - 05:52:10 - SyncStart - 12432584
20150606 - 05:52:14 - SyncSuccd - 0
20150606 - 05:52:14 - SyncCompt - 12432584
20150606 - 15:52:03 - SyncStart - 12432584
20150606 - 15:52:17 - SyncSuccd - 0
20150606 - 15:52:17 - SyncCompt - 12432584
20150607 - 05:52:11 - SyncStart - 12432584
20150607 - 05:52:24 - SyncSuccd - 0
20150607 - 05:52:24 - SyncCompt - 12432584
20150607 - 15:52:05 - SyncStart - 12432584
20150607 - 15:52:10 - SyncSuccd - 0
20150607 - 15:52:11 - SyncCompt - 12432584
20150608 - 05:52:10 - SyncStart - 12432584
20150608 - 05:52:14 - SyncSuccd - 0
20150608 - 05:52:14 - SyncCompt - 12432584
20150608 - 15:52:10 - SyncStart - 12432584
20150608 - 15:52:27 - SyncSuccd - 0
20150608 - 15:52:27 - SyncCompt - 12432584
20150609 - 05:52:08 - SyncStart - 12432584
20150609 - 05:52:12 - SyncSuccd - 0
20150609 - 05:52:12 - SyncCompt - 12432584
20150609 - 15:52:12 - SyncStart - 12432584
20150609 - 15:52:24 - SyncSuccd - 0
20150609 - 15:52:24 - SyncCompt - 12432584
20150610 - 05:52:08 - SyncStart - 12432584
20150610 - 05:52:17 - SyncSuccd - 0
20150610 - 05:52:17 - SyncCompt - 12432584
20150610 - 15:52:14 - SyncStart - 12432584
20150610 - 15:52:41 - SyncSuccd - 0
20150610 - 15:52:41 - SyncCompt - 12432584
20150611 - 05:52:09 - SyncStart - 12432584
20150611 - 05:52:15 - SyncSuccd - 0
20150611 - 05:52:15 - SyncCompt - 12432584
20150611 - 15:52:05 - SyncStart - 12432584
20150611 - 15:52:23 - SyncSuccd - 0
20150611 - 15:52:23 - SyncCompt - 12432584
20150612 - 05:52:10 - SyncStart - 12432584
20150612 - 05:52:14 - SyncSuccd - 0
20150612 - 05:52:14 - SyncCompt - 12432584
20150612 - 15:52:09 - SyncStart - 12432584
20150612 - 15:52:21 - SyncSuccd - 0
20150612 - 15:52:21 - SyncCompt - 12432584
20150613 - 05:52:07 - SyncStart - 12432584
20150613 - 05:52:13 - SyncSuccd - 0
20150613 - 05:52:13 - SyncCompt - 12432584
20150613 - 15:52:07 - SyncStart - 12432584
20150613 - 15:52:19 - SyncSuccd - 0
20150613 - 15:52:19 - SyncCompt - 12432584
20150614 - 05:52:07 - SyncStart - 12432584
20150614 - 05:52:11 - SyncSuccd - 0
20150614 - 05:52:11 - SyncCompt - 12432584
20150614 - 15:52:07 - SyncStart - 12432584
20150614 - 15:52:13 - SyncSuccd - 0
20150614 - 15:52:13 - SyncCompt - 12432584
20150615 - 05:52:07 - SyncStart - 12432584
20150615 - 05:52:11 - SyncSuccd - 0
20150615 - 05:52:11 - SyncCompt - 12432584
20150615 - 15:52:10 - SyncStart - 12432584
20150615 - 15:52:17 - SyncSuccd - 0
20150615 - 15:52:17 - SyncCompt - 12432584
20150616 - 05:52:07 - SyncStart - 12432584
20150616 - 05:52:11 - SyncSuccd - 0
20150616 - 05:52:11 - SyncCompt - 12432584
20150616 - 15:52:09 - SyncStart - 12432584
20150616 - 15:52:28 - SyncSuccd - 0
20150616 - 15:52:28 - SyncCompt - 12432584
20150617 - 05:52:09 - SyncStart - 12432584
20150617 - 05:52:13 - SyncSuccd - 0
20150617 - 05:52:14 - SyncCompt - 12432584
20150617 - 15:52:11 - SyncStart - 12432584
20150617 - 15:52:38 - SyncSuccd - 0
20150617 - 15:52:38 - SyncCompt - 12432584
20150618 - 05:52:07 - SyncStart - 12432584
20150618 - 05:52:11 - SyncSuccd - 0
20150618 - 05:52:11 - SyncCompt - 12432584
20150618 - 15:52:07 - SyncStart - 12432584
20150618 - 15:52:24 - SyncSuccd - 0
20150618 - 15:52:24 - SyncCompt - 12432584
20150619 - 05:52:07 - SyncStart - 12432584
20150619 - 05:52:17 - SyncSuccd - 0
20150619 - 05:52:17 - SyncCompt - 12432584
20150619 - 15:52:07 - SyncStart - 12432584
20150619 - 15:52:15 - SyncSuccd - 0
20150619 - 15:52:15 - SyncCompt - 12432584
20150620 - 05:52:09 - SyncStart - 12432584
20150620 - 05:52:13 - SyncSuccd - 0
20150620 - 05:52:13 - SyncCompt - 12432584
20150620 - 15:52:07 - SyncStart - 12432584
20150620 - 15:52:19 - SyncSuccd - 0
20150620 - 15:52:19 - SyncCompt - 12432584
20150621 - 05:52:07 - SyncStart - 12432584
20150621 - 05:52:10 - SyncSuccd - 0
20150621 - 05:52:10 - SyncCompt - 12432584
20150621 - 15:52:05 - SyncStart - 12432584
20150621 - 15:52:17 - SyncSuccd - 0
20150621 - 15:52:17 - SyncCompt - 12432584
20150622 - 05:52:09 - SyncStart - 12432584
20150622 - 05:52:15 - SyncSuccd - 0
20150622 - 05:52:15 - SyncCompt - 12432584
20150622 - 15:52:12 - SyncStart - 12432584
20150622 - 15:52:26 - SyncSuccd - 0
20150622 - 15:52:26 - SyncCompt - 12432584
20150623 - 05:52:07 - SyncStart - 12432584
20150623 - 05:52:12 - SyncSuccd - 0
20150623 - 05:52:12 - SyncCompt - 12432584
20150623 - 15:52:13 - SyncStart - 12432584
20150623 - 15:52:42 - SyncSuccd - 0
20150623 - 15:52:42 - SyncCompt - 12432584
20150624 - 05:52:07 - SyncStart - 12432584
20150624 - 05:52:12 - SyncSuccd - 0
20150624 - 05:52:12 - SyncCompt - 12432584
20150624 - 15:52:12 - SyncStart - 12432584
20150624 - 15:52:35 - SyncSuccd - 0
20150624 - 15:52:35 - SyncCompt - 12432584
20150625 - 05:52:08 - SyncStart - 12432584
20150625 - 05:52:12 - SyncSuccd - 0
20150625 - 05:52:12 - SyncCompt - 12432584
20150625 - 15:52:09 - SyncStart - 12432584
20150625 - 15:52:26 - SyncSuccd - 0
20150625 - 15:52:26 - SyncCompt - 12432584
20150626 - 05:52:07 - SyncStart - 12432584
20150626 - 05:52:13 - SyncSuccd - 0
20150626 - 05:52:13 - SyncCompt - 12432584
20150626 - 15:52:11 - SyncStart - 12432584
20150626 - 15:52:30 - SyncSuccd - 0
20150626 - 15:52:30 - SyncCompt - 12432584
20150627 - 05:52:08 - SyncStart - 12432584
20150627 - 05:52:12 - SyncSuccd - 0
20150627 - 05:52:12 - SyncCompt - 12432584
20150627 - 15:52:08 - SyncStart - 12432584
20150627 - 15:52:21 - SyncSuccd - 0
20150627 - 15:52:21 - SyncCompt - 12432584
20150628 - 05:52:07 - SyncStart - 12432584
20150628 - 05:52:16 - SyncSuccd - 0
20150628 - 05:52:16 - SyncCompt - 12432584
20150628 - 15:52:03 - SyncStart - 12432584
20150628 - 15:52:15 - SyncSuccd - 0
20150628 - 15:52:15 - SyncCompt - 12432584
20150629 - 05:52:07 - SyncStart - 12432584
20150629 - 05:52:17 - SyncSuccd - 0
20150629 - 05:52:17 - SyncCompt - 12432584
20150629 - 15:52:08 - SyncStart - 12432584
20150629 - 15:52:26 - SyncSuccd - 0
20150629 - 15:52:26 - SyncCompt - 12432584
20150630 - 05:52:07 - SyncStart - 12432584
20150630 - 05:52:12 - SyncSuccd - 0
20150630 - 05:52:12 - SyncCompt - 12432584
20150630 - 15:52:09 - SyncStart - 12432584
20150630 - 15:52:27 - SyncSuccd - 0
20150630 - 15:52:27 - SyncCompt - 12432584
20150701 - 05:52:08 - SyncStart - 12432584
20150701 - 05:52:12 - SyncSuccd - 0
20150701 - 05:52:12 - SyncCompt - 12432584
20150701 - 15:52:12 - SyncStart - 12432584
20150701 - 15:52:32 - SyncSuccd - 0
20150701 - 15:52:32 - SyncCompt - 12432584
20150702 - 05:52:08 - SyncStart - 12432584
20150702 - 05:52:14 - SyncSuccd - 0
20150702 - 05:52:14 - SyncCompt - 12432584
20150702 - 15:52:10 - SyncStart - 12432584
20150702 - 15:56:20 - SyncSuccd - 0
20150702 - 15:56:20 - SyncCompt - 12432584
20150703 - 05:52:09 - SyncStart - 12432584
20150703 - 05:52:14 - SyncSuccd - 0
20150703 - 05:52:14 - SyncCompt - 12432584
20150703 - 15:52:13 - SyncStart - 12432584
20150703 - 15:52:42 - SyncSuccd - 0
20150703 - 15:52:42 - SyncCompt - 12432584
20150704 - 05:52:10 - SyncStart - 12432584
20150704 - 05:52:14 - SyncSuccd - 0
20150704 - 05:52:14 - SyncCompt - 12432584
20150704 - 15:52:11 - SyncStart - 12432584
20150704 - 15:52:26 - SyncSuccd - 0
20150704 - 15:52:26 - SyncCompt - 12432584
20150705 - 05:52:09 - SyncStart - 12432584
20150705 - 05:52:13 - SyncSuccd - 0
20150705 - 05:52:14 - SyncCompt - 12432584
20150705 - 15:52:08 - SyncStart - 12432584
20150705 - 15:52:23 - SyncSuccd - 0
20150705 - 15:52:23 - SyncCompt - 12432584
20150706 - 05:52:08 - SyncStart - 12432584
20150706 - 05:52:16 - SyncSuccd - 0
20150706 - 05:52:16 - SyncCompt - 12432584
20150706 - 15:52:10 - SyncStart - 12432584
20150706 - 15:52:19 - SyncSuccd - 0
20150706 - 15:52:19 - SyncCompt - 12432584
20150707 - 05:52:10 - SyncStart - 12432584
20150707 - 05:52:14 - SyncSuccd - 0
20150707 - 05:52:14 - SyncCompt - 12432584
20150707 - 15:52:07 - SyncStart - 12432584
20150707 - 15:52:28 - SyncSuccd - 0
20150707 - 15:52:28 - SyncCompt - 12432584
20150708 - 05:52:09 - SyncStart - 12432584
20150708 - 05:52:12 - SyncError - 10
20150708 - 05:53:12 - SyncCompt - 12432584
20150708 - 05:53:12 - SyncStart - 12432584
20150708 - 05:53:17 - SyncError - 10
20150708 - 05:54:17 - SyncCompt - 12432584
20150708 - 05:54:17 - SyncStart - 12432584
20150708 - 05:54:20 - SyncError - 10
20150708 - 05:55:20 - SyncCompt - 12432584
20150708 - 05:55:20 - SyncStart - 12432584
20150708 - 05:55:23 - SyncError - 10
20150708 - 05:56:23 - SyncCompt - 12432584
20150708 - 05:56:23 - SyncStart - 12432584
20150708 - 05:56:27 - SyncError - 10
20150708 - 05:57:27 - SyncCompt - 12432584
20150708 - 15:52:10 - SyncStart - 12432584
20150708 - 15:52:30 - SyncSuccd - 0
20150708 - 15:52:30 - SyncCompt - 12432584
20150709 - 05:52:09 - SyncStart - 12432584
20150709 - 05:52:15 - SyncSuccd - 0
20150709 - 05:52:15 - SyncCompt - 12432584
20150709 - 15:52:11 - SyncStart - 12432584
20150709 - 15:52:26 - SyncSuccd - 0
20150709 - 15:52:26 - SyncCompt - 12432584
20150710 - 05:52:09 - SyncStart - 12432584
20150710 - 05:52:14 - SyncSuccd - 0
20150710 - 05:52:14 - SyncCompt - 12432584
20150710 - 15:52:09 - SyncStart - 12432584
20150710 - 15:52:34 - SyncSuccd - 0
20150710 - 15:52:34 - SyncCompt - 12432584
20150711 - 05:52:10 - SyncStart - 12432584
20150711 - 05:52:19 - SyncSuccd - 0
20150711 - 05:52:19 - SyncCompt - 12432584
20150711 - 15:52:08 - SyncStart - 12432584
20150711 - 15:52:22 - SyncSuccd - 0
20150711 - 15:52:22 - SyncCompt - 12432584
20150712 - 05:52:11 - SyncStart - 12432584
20150712 - 05:52:20 - SyncSuccd - 0
20150712 - 05:52:20 - SyncCompt - 12432584
20150712 - 15:52:07 - SyncStart - 12432584
20150712 - 15:52:33 - SyncSuccd - 0
20150712 - 15:52:33 - SyncCompt - 12432584
20150713 - 05:52:08 - SyncStart - 12432584
20150713 - 05:52:16 - SyncSuccd - 0
20150713 - 05:52:17 - SyncCompt - 12432584
20150713 - 15:52:09 - SyncStart - 12432584
20150713 - 15:52:30 - SyncSuccd - 0
20150713 - 15:52:30 - SyncCompt - 12432584
20150714 - 05:52:08 - SyncStart - 12432584
20150714 - 05:52:15 - SyncSuccd - 0
20150714 - 05:52:15 - SyncCompt - 12432584
20150714 - 15:52:07 - SyncStart - 12432584
20150714 - 15:52:21 - SyncSuccd - 0
20150714 - 15:52:21 - SyncCompt - 12432584
20150715 - 05:52:08 - SyncStart - 12432584
20150715 - 05:52:13 - SyncSuccd - 0
20150715 - 05:52:14 - SyncCompt - 12432584
20150715 - 15:52:10 - SyncStart - 12432584
20150715 - 15:52:28 - SyncSuccd - 0
20150715 - 15:52:28 - SyncCompt - 12432584
20150716 - 05:52:07 - SyncStart - 12432584
20150716 - 05:52:11 - SyncSuccd - 0
20150716 - 05:52:11 - SyncCompt - 12432584
20150716 - 15:52:08 - SyncStart - 12432584
20150716 - 15:52:22 - SyncSuccd - 0
20150716 - 15:52:22 - SyncCompt - 12432584
20150717 - 05:52:08 - SyncStart - 12432584
20150717 - 05:52:14 - SyncSuccd - 0
20150717 - 05:52:14 - SyncCompt - 12432584
20150717 - 15:52:08 - SyncStart - 12432584
20150717 - 15:52:30 - SyncSuccd - 0
20150717 - 15:52:30 - SyncCompt - 12432584
20150718 - 05:52:09 - SyncStart - 12432584
20150718 - 05:52:13 - SyncSuccd - 0
20150718 - 05:52:13 - SyncCompt - 12432584
20150718 - 15:52:08 - SyncStart - 12432584
20150718 - 15:52:21 - SyncSuccd - 0
20150718 - 15:52:21 - SyncCompt - 12432584
20150719 - 05:52:08 - SyncStart - 12432584
20150719 - 05:52:12 - SyncSuccd - 0
20150719 - 05:52:12 - SyncCompt - 12432584
20150719 - 15:52:08 - SyncStart - 12432584
20150719 - 15:52:21 - SyncSuccd - 0
20150719 - 15:52:21 - SyncCompt - 12432584
20150720 - 05:52:07 - SyncStart - 12432584
20150720 - 05:52:11 - SyncSuccd - 0
20150720 - 05:52:11 - SyncCompt - 12432584
20150720 - 15:52:07 - SyncStart - 12432584
20150720 - 15:52:17 - SyncSuccd - 0
20150720 - 15:52:17 - SyncCompt - 12432584
20150721 - 05:52:07 - SyncStart - 12432584
20150721 - 05:52:11 - SyncSuccd - 0
20150721 - 05:52:12 - SyncCompt - 12432584
20150721 - 15:52:09 - SyncStart - 12432584
20150721 - 15:52:24 - SyncSuccd - 0
20150721 - 15:52:24 - SyncCompt - 12432584
20150722 - 05:52:07 - SyncStart - 12432584
20150722 - 05:52:11 - SyncSuccd - 0
20150722 - 05:52:11 - SyncCompt - 12432584
20150722 - 15:52:08 - SyncStart - 12432584
20150722 - 15:52:21 - SyncSuccd - 0
20150722 - 15:52:21 - SyncCompt - 12432584
20150723 - 05:52:08 - SyncStart - 12432584
20150723 - 05:52:12 - SyncSuccd - 0
20150723 - 05:52:12 - SyncCompt - 12432584
20150723 - 15:52:11 - SyncStart - 12432584
20150723 - 15:52:36 - SyncSuccd - 0
20150723 - 15:52:36 - SyncCompt - 12432584
20150724 - 05:52:10 - SyncStart - 12432584
20150724 - 05:52:15 - SyncSuccd - 0
20150724 - 05:52:15 - SyncCompt - 12432584
20150724 - 15:52:08 - SyncStart - 12432584
20150724 - 15:52:27 - SyncSuccd - 0
20150724 - 15:52:27 - SyncCompt - 12432584
20150725 - 05:52:11 - SyncStart - 12432584
20150725 - 05:52:17 - SyncSuccd - 0
20150725 - 05:52:17 - SyncCompt - 12432584
20150725 - 15:52:10 - SyncStart - 12432584
20150725 - 15:52:25 - SyncSuccd - 0
20150725 - 15:52:25 - SyncCompt - 12432584
20150726 - 05:52:11 - SyncStart - 12432584
20150726 - 05:52:16 - SyncSuccd - 0
20150726 - 05:52:16 - SyncCompt - 12432584
20150726 - 15:52:09 - SyncStart - 12432584
20150726 - 15:52:22 - SyncSuccd - 0
20150726 - 15:52:22 - SyncCompt - 12432584
20150727 - 05:52:08 - SyncStart - 12432584
20150727 - 05:52:12 - SyncSuccd - 0
20150727 - 05:52:12 - SyncCompt - 12432584
20150727 - 15:52:12 - SyncStart - 12432584
20150727 - 15:52:30 - SyncSuccd - 0
20150727 - 15:52:30 - SyncCompt - 12432584
20150728 - 05:52:07 - SyncStart - 12432584
20150728 - 05:52:12 - SyncSuccd - 0
20150728 - 05:52:12 - SyncCompt - 12432584
20150728 - 15:52:07 - SyncStart - 12432584
20150728 - 15:52:17 - SyncSuccd - 0
20150728 - 15:52:17 - SyncCompt - 12432584
20150729 - 05:52:08 - SyncStart - 12432584
20150729 - 05:52:12 - SyncSuccd - 0
20150729 - 05:52:12 - SyncCompt - 12432584
20150729 - 15:52:08 - SyncStart - 12432584
20150729 - 15:52:28 - SyncSuccd - 0
20150729 - 15:52:29 - SyncCompt - 12432584
20150730 - 05:52:08 - SyncStart - 12432584
20150730 - 05:52:12 - SyncSuccd - 0
20150730 - 05:52:12 - SyncCompt - 12432584
20150730 - 15:52:16 - SyncStart - 12432584
20150730 - 15:52:25 - SyncSuccd - 0
20150730 - 15:52:26 - SyncCompt - 12432584
20150731 - 05:52:08 - SyncStart - 12432584
20150731 - 05:52:13 - SyncSuccd - 0
20150731 - 05:52:13 - SyncCompt - 12432584
20150731 - 15:52:08 - SyncStart - 12432584
20150731 - 15:52:21 - SyncSuccd - 0
20150731 - 15:52:21 - SyncCompt - 12432584
20150801 - 05:52:09 - SyncStart - 12432584
20150801 - 05:52:14 - SyncSuccd - 0
20150801 - 05:52:14 - SyncCompt - 12432584
20150801 - 15:52:10 - SyncStart - 12432584
20150801 - 15:52:20 - SyncSuccd - 0
20150801 - 15:52:20 - SyncCompt - 12432584
20150802 - 05:52:07 - SyncStart - 12432584
20150802 - 05:52:12 - SyncSuccd - 0
20150802 - 05:52:12 - SyncCompt - 12432584
20150802 - 15:52:12 - SyncStart - 12432584
20150802 - 15:52:33 - SyncSuccd - 0
20150802 - 15:52:33 - SyncCompt - 12432584
20150803 - 05:52:09 - SyncStart - 12432584
20150803 - 05:52:14 - SyncSuccd - 0
20150803 - 05:52:15 - SyncCompt - 12432584
20150803 - 15:52:09 - SyncStart - 12432584
20150803 - 15:52:20 - SyncSuccd - 0
20150803 - 15:52:20 - SyncCompt - 12432584
20150804 - 05:52:10 - SyncStart - 12432584
20150804 - 05:52:15 - SyncSuccd - 0
20150804 - 05:52:15 - SyncCompt - 12432584
20150804 - 15:52:12 - SyncStart - 12432584
20150804 - 15:52:21 - SyncSuccd - 0
20150804 - 15:52:21 - SyncCompt - 12432584
20150805 - 05:52:09 - SyncStart - 12432584
20150805 - 05:52:13 - SyncSuccd - 0
20150805 - 05:52:13 - SyncCompt - 12432584
20150805 - 15:52:10 - SyncStart - 12432584
20150805 - 15:52:18 - SyncSuccd - 0
20150805 - 15:52:18 - SyncCompt - 12432584
20150806 - 05:52:09 - SyncStart - 12432584
20150806 - 05:52:13 - SyncSuccd - 0
20150806 - 05:52:13 - SyncCompt - 12432584
20150806 - 15:52:09 - SyncStart - 12432584
20150806 - 15:52:15 - SyncSuccd - 0
20150806 - 15:52:15 - SyncCompt - 12432584
20150807 - 05:52:09 - SyncStart - 12432584
20150807 - 05:52:13 - SyncSuccd - 0
20150807 - 05:52:13 - SyncCompt - 12432584
20150807 - 15:52:07 - SyncStart - 12432584
20150807 - 15:52:13 - SyncSuccd - 0
20150807 - 15:52:13 - SyncCompt - 12432584
20150808 - 05:52:11 - SyncStart - 12432584
20150808 - 05:52:15 - SyncSuccd - 0
20150808 - 05:52:15 - SyncCompt - 12432584
20150808 - 15:52:09 - SyncStart - 12432584
20150808 - 15:52:18 - SyncSuccd - 0
20150808 - 15:52:18 - SyncCompt - 12432584
20150809 - 05:52:11 - SyncStart - 12432584
20150809 - 05:52:16 - SyncSuccd - 0
20150809 - 05:52:16 - SyncCompt - 12432584
20150809 - 15:52:11 - SyncStart - 12432584
20150809 - 15:52:27 - SyncSuccd - 0
20150809 - 15:52:27 - SyncCompt - 12432584
20150810 - 05:52:10 - SyncStart - 12432584
20150810 - 05:52:14 - SyncSuccd - 0
20150810 - 05:52:14 - SyncCompt - 12432584
20150810 - 15:52:11 - SyncStart - 12432584
20150810 - 15:52:18 - SyncSuccd - 0
20150810 - 15:52:18 - SyncCompt - 12432584
20150811 - 05:52:09 - SyncStart - 12432584
20150811 - 05:52:16 - SyncSuccd - 0
20150811 - 05:52:16 - SyncCompt - 12432584
20150811 - 15:52:09 - SyncStart - 12432584
20150811 - 15:52:22 - SyncSuccd - 0
20150811 - 15:52:22 - SyncCompt - 12432584
