20141021 - 23:33:28 - SyncStart - NULL
20141021 - 23:33:43 - SyncError - 0
20141021 - 23:33:43 - SyncCompt - NULL
20141021 - 23:37:13 - SyncStart - NULL
20141021 - 23:37:28 - SyncSuccd - 0
20141021 - 23:37:28 - SyncCompt - NULL
20141022 - 03:00:02 - SyncStart - NULL
20141022 - 03:05:32 - SyncSuccd - 0
20141022 - 03:05:32 - SyncCompt - NULL
20141023 - 03:00:01 - SyncStart - NULL
20141023 - 03:00:42 - SyncSuccd - 0
20141023 - 03:00:42 - SyncCompt - NULL
20141024 - 02:18:01 - SyncStart - NULL
20141024 - 02:18:03 - SyncError - 10
20141024 - 02:18:03 - SyncCompt - NULL
20141025 - 02:18:01 - SyncStart - NULL
20141025 - 02:18:51 - SyncSuccd - 0
20141025 - 02:18:51 - SyncCompt - NULL
20141026 - 02:18:01 - SyncStart - NULL
20141026 - 02:18:22 - SyncSuccd - 0
20141026 - 02:18:22 - SyncCompt - NULL
20141027 - 17:31:50 - SyncStart - NULL
20141027 - 17:31:50 - SyncError - 10
20141027 - 17:31:50 - SyncCompt - NULL
20141027 - 17:32:44 - SyncStart - NULL
20141027 - 17:33:01 - SyncSuccd - 0
20141027 - 17:33:01 - SyncCompt - NULL
20141027 - 17:41:42 - SyncStart - NULL
20141027 - 17:41:57 - SyncSuccd - 0
20141027 - 17:41:57 - SyncCompt - NULL
20141028 - 02:18:01 - SyncStart - NULL
20141028 - 02:55:37 - SyncError - 12
20141028 - 02:55:37 - SyncCompt - NULL
20141029 - 00:59:03 - SyncStart - NULL
20141029 - 02:18:01 - SyncStart - NULL
20141029 - 02:18:17 - SyncSuccd - 0
20141029 - 02:18:17 - SyncCompt - NULL
20141030 - 02:18:01 - SyncStart - NULL
20141030 - 02:18:20 - SyncSuccd - 0
20141030 - 02:18:20 - SyncCompt - NULL
20141031 - 00:31:51 - SyncStart - NULL
20141031 - 02:18:01 - SyncStart - NULL
20141031 - 02:18:21 - SyncSuccd - 0
20141031 - 02:18:21 - SyncCompt - NULL
20141101 - 02:18:02 - SyncStart - NULL
20141101 - 02:18:42 - SyncSuccd - 0
20141101 - 02:18:42 - SyncCompt - NULL
20141102 - 02:18:01 - SyncStart - NULL
20141102 - 02:18:19 - SyncSuccd - 0
20141102 - 02:18:19 - SyncCompt - NULL
20141102 - 12:04:25 - SyncStart - 133854780	/back/mirrors/CentOS/
20141102 - 12:04:30 - SyncStart - 133854780	/back/mirrors/CentOS/
20141102 - 12:04:47 - SyncSuccd - 0
20141102 - 12:04:47 - SyncCompt - 133854780	/back/mirrors/CentOS/
20141103 - 02:18:01 - SyncStart - 133854780	/back/mirrors/CentOS/
20141103 - 02:18:20 - SyncSuccd - 0
20141103 - 02:18:21 - SyncCompt - 133854780	/back/mirrors/CentOS/
20141103 - 21:56:59 - SyncStart - 133854780
20141103 - 21:57:17 - SyncSuccd - 0
20141103 - 21:57:17 - SyncCompt - 133854780
20141104 - 02:18:01 - SyncStart - 133854780
20141104 - 02:18:27 - SyncSuccd - 0
20141104 - 02:18:27 - SyncCompt - 133858568
20141105 - 02:18:03 - SyncStart - 133858568
20141105 - 02:19:12 - SyncSuccd - 0
20141105 - 02:19:12 - SyncCompt - 134072440
20141106 - 02:18:02 - SyncStart - 134072440
20141106 - 02:18:52 - SyncSuccd - 0
20141106 - 02:18:52 - SyncCompt - 134349232
20141107 - 02:18:02 - SyncStart - 134349232
20141107 - 02:18:26 - SyncSuccd - 0
20141107 - 02:18:26 - SyncCompt - 134373188
20141108 - 02:18:01 - SyncStart - 134373188
20141108 - 02:19:53 - SyncSuccd - 0
20141108 - 02:19:53 - SyncCompt - 134738248
20141109 - 00:04:29 - SyncStart - 134738248
20141109 - 00:04:29 - SyncError - 10
20141109 - 00:04:29 - SyncCompt - 134738248
20141109 - 00:04:44 - SyncStart - 134738248
20141109 - 00:05:03 - SyncSuccd - 0
20141109 - 00:05:03 - SyncCompt - 134738248
20141109 - 02:18:03 - SyncStart - 134738248
20141109 - 02:18:22 - SyncSuccd - 0
20141109 - 02:18:22 - SyncCompt - 134738248
20141110 - 02:18:02 - SyncStart - 134738248
20141110 - 02:18:21 - SyncSuccd - 0
20141110 - 02:18:21 - SyncCompt - 134738248
20141111 - 02:18:01 - SyncStart - 134738248
20141111 - 02:18:21 - SyncSuccd - 0
20141111 - 02:18:21 - SyncCompt - 134738248
20141112 - 02:18:01 - SyncStart - 134738248
20141112 - 02:18:27 - SyncSuccd - 0
20141112 - 02:18:27 - SyncCompt - 134738248
20141113 - 02:18:08 - SyncStart - 134738248
20141113 - 02:21:13 - SyncSuccd - 0
20141113 - 02:21:13 - SyncCompt - 135980484
20141114 - 02:18:02 - SyncStart - 135980484
20141114 - 02:18:31 - SyncSuccd - 0
20141114 - 02:18:31 - SyncCompt - 135988048
20141115 - 02:18:02 - SyncStart - 135988048
20141115 - 02:18:24 - SyncSuccd - 0
20141115 - 02:18:25 - SyncCompt - 135988048
20141116 - 02:18:02 - SyncStart - 135988048
20141116 - 02:18:24 - SyncSuccd - 0
20141116 - 02:18:25 - SyncCompt - 135988048
20141117 - 02:18:02 - SyncStart - 135988048
20141117 - 02:18:25 - SyncSuccd - 0
20141117 - 02:18:25 - SyncCompt - 135988048
20141118 - 02:18:03 - SyncStart - 135988048
20141118 - 02:18:56 - SyncSuccd - 0
20141118 - 02:18:56 - SyncCompt - 136174240
20141119 - 02:18:02 - SyncStart - 136174240
20141119 - 02:18:39 - SyncSuccd - 0
20141119 - 02:18:40 - SyncCompt - 136191400
20141120 - 02:18:02 - SyncStart - 136191400
20141120 - 02:18:02 - SyncError - 10
20141120 - 02:18:02 - SyncCompt - 136191400
20141121 - 02:18:02 - SyncStart - 136191400
20141121 - 02:18:48 - SyncSuccd - 0
20141121 - 02:18:48 - SyncCompt - 136312716
20141122 - 02:18:01 - SyncStart - 136312716
20141122 - 02:18:44 - SyncSuccd - 0
20141122 - 02:18:44 - SyncCompt - 136410060
20141123 - 02:18:01 - SyncStart - 136410060
20141123 - 02:18:25 - SyncSuccd - 0
20141123 - 02:18:25 - SyncCompt - 136410056
20141124 - 02:18:01 - SyncStart - 136410056
20141124 - 02:18:22 - SyncSuccd - 0
20141124 - 02:18:23 - SyncCompt - 136410056
20141125 - 02:18:02 - SyncStart - 136410056
20141125 - 02:18:37 - SyncSuccd - 0
20141125 - 02:18:37 - SyncCompt - 136423176
20141126 - 02:18:24 - SyncStart - 136423176
20141126 - 02:18:49 - SyncSuccd - 0
20141126 - 02:18:49 - SyncCompt - 136427152
20141127 - 02:18:05 - SyncStart - 136427152
20141127 - 02:18:52 - SyncSuccd - 0
20141127 - 02:18:52 - SyncCompt - 136508828
20141128 - 02:18:02 - SyncStart - 136508828
20141128 - 02:18:24 - SyncSuccd - 0
20141128 - 02:18:24 - SyncCompt - 136508828
20141129 - 02:18:02 - SyncStart - 136508828
20141129 - 02:18:24 - SyncSuccd - 0
20141129 - 02:18:24 - SyncCompt - 136508828
20141130 - 02:18:02 - SyncStart - 136508828
20141130 - 02:18:24 - SyncSuccd - 0
20141130 - 02:18:24 - SyncCompt - 136508828
20141201 - 02:18:02 - SyncStart - 136508828
20141201 - 02:18:25 - SyncSuccd - 0
20141201 - 02:18:26 - SyncCompt - 136508828
20141202 - 02:18:06 - SyncStart - 136508828
20141202 - 02:18:06 - SyncError - 10
20141202 - 02:18:06 - SyncCompt - 136508828
20141203 - 02:18:16 - SyncStart - 136591492
20141203 - 02:18:36 - SyncSuccd - 0
20141203 - 02:18:36 - SyncCompt - 136595096
20141203 - 13:01:28 - SyncStart - 136595096
20141203 - 13:01:55 - SyncSuccd - 0
20141203 - 13:01:56 - SyncCompt - 136595176
20141204 - 02:18:02 - SyncStart - 136595176
20141204 - 02:18:23 - SyncSuccd - 0
20141204 - 02:18:23 - SyncCompt - 136595176
20141205 - 02:18:02 - SyncStart - 136595176
20141205 - 02:20:12 - SyncSuccd - 0
20141205 - 02:20:12 - SyncCompt - 137513396
20141206 - 02:18:02 - SyncStart - 137513396
20141206 - 02:19:17 - SyncSuccd - 0
20141206 - 02:19:17 - SyncCompt - 137906300
20141207 - 02:18:01 - SyncStart - 137906300
20141207 - 02:18:23 - SyncSuccd - 0
20141207 - 02:18:23 - SyncCompt - 137906300
20141208 - 02:18:02 - SyncStart - 137906300
20141208 - 02:18:22 - SyncSuccd - 0
20141208 - 02:18:22 - SyncCompt - 137906300
20141208 - 16:34:07 - SyncStart - 137906300
20141208 - 16:34:26 - SyncSuccd - 0
20141208 - 16:34:26 - SyncCompt - 137906300
20141209 - 02:18:01 - SyncStart - 137906300
20141209 - 02:18:44 - SyncSuccd - 0
20141209 - 02:18:44 - SyncCompt - 138000108
20141210 - 02:18:02 - SyncStart - 138000108
20141210 - 02:18:38 - SyncSuccd - 0
20141210 - 02:18:38 - SyncCompt - 138037956
20141211 - 02:18:02 - SyncStart - 138037956
20141211 - 02:19:10 - SyncSuccd - 0
20141211 - 02:19:10 - SyncCompt - 138333152
20141212 - 02:18:01 - SyncStart - 138333152
20141212 - 02:18:35 - SyncSuccd - 0
20141212 - 02:18:36 - SyncCompt - 138430596
20141213 - 02:18:01 - SyncStart - 138430596
20141213 - 02:18:52 - SyncSuccd - 0
20141213 - 02:18:52 - SyncCompt - 138572164
20141214 - 02:18:01 - SyncStart - 138572164
20141214 - 02:18:21 - SyncSuccd - 0
20141214 - 02:18:21 - SyncCompt - 138572164
20141215 - 02:18:01 - SyncStart - 138572164
20141215 - 02:18:22 - SyncSuccd - 0
20141215 - 02:18:22 - SyncCompt - 138572164
20141215 - 23:09:21 - SyncStart - 138572164
20141216 - 02:18:13 - SyncStart - 138572164
20141216 - 02:18:17 - SyncError - 10
20141216 - 02:18:17 - SyncCompt - 138572164
20141216 - 10:32:31 - SyncStart - 138594956
20141216 - 10:32:51 - SyncSuccd - 0
20141216 - 10:32:51 - SyncCompt - 138594956
20141217 - 02:18:01 - SyncStart - 138594956
20141217 - 02:18:36 - SyncSuccd - 0
20141217 - 02:18:36 - SyncCompt - 138667408
20141218 - 02:18:11 - SyncStart - 138667408
20141218 - 02:20:14 - SyncSuccd - 0
20141218 - 02:20:14 - SyncCompt - 139516832
20141219 - 02:18:04 - SyncStart - 139516832
20141219 - 02:19:54 - SyncSuccd - 0
20141219 - 02:19:54 - SyncCompt - 140251584
20141220 - 02:18:02 - SyncStart - 140251584
20141220 - 02:18:03 - SyncError - 10
20141220 - 02:18:03 - SyncCompt - 140251584
20141221 - 02:18:02 - SyncStart - 140251584
20141221 - 02:19:25 - SyncSuccd - 0
20141221 - 02:19:25 - SyncCompt - 140641224
20141222 - 02:18:01 - SyncStart - 140641224
20141222 - 02:18:21 - SyncSuccd - 0
20141222 - 02:18:22 - SyncCompt - 140641224
20141223 - 02:18:02 - SyncStart - 140641224
20141223 - 02:19:17 - SyncSuccd - 0
20141223 - 02:19:17 - SyncCompt - 141094972
20141224 - 02:18:02 - SyncStart - 141094972
20141224 - 02:18:22 - SyncSuccd - 0
20141224 - 02:18:22 - SyncCompt - 141094972
20141225 - 02:18:02 - SyncStart - 141094972
20141225 - 02:18:33 - SyncSuccd - 0
20141225 - 02:18:33 - SyncCompt - 141094972
20141226 - 02:18:02 - SyncStart - 141094972
20141226 - 02:18:21 - SyncSuccd - 0
20141226 - 02:18:22 - SyncCompt - 141094972
20141227 - 02:18:01 - SyncStart - 141094972
20141227 - 02:18:23 - SyncSuccd - 0
20141227 - 02:18:23 - SyncCompt - 141094972
20141228 - 02:18:04 - SyncStart - 141094972
20141228 - 02:18:24 - SyncSuccd - 0
20141228 - 02:18:24 - SyncCompt - 141094972
20141229 - 02:18:04 - SyncStart - 141094972
20141229 - 02:18:24 - SyncSuccd - 0
20141229 - 02:18:24 - SyncCompt - 141094972
20141230 - 02:18:02 - SyncStart - 141094972
20141230 - 02:19:12 - SyncSuccd - 0
20141230 - 02:19:12 - SyncCompt - 141094972
20141231 - 02:18:01 - SyncStart - 141094972
20141231 - 02:19:28 - SyncSuccd - 0
20141231 - 02:19:29 - SyncCompt - 141094972
20150101 - 02:18:01 - SyncStart - 141094972
20150101 - 02:19:47 - SyncSuccd - 0
20150101 - 02:19:47 - SyncCompt - 141094972
20150102 - 02:18:02 - SyncStart - 141094972
20150102 - 02:21:12 - SyncSuccd - 0
20150102 - 02:21:12 - SyncCompt - 141094972
20150103 - 02:18:02 - SyncStart - 141094972
20150103 - 02:18:21 - SyncSuccd - 0
20150103 - 02:18:21 - SyncCompt - 141094972
20150104 - 02:18:02 - SyncStart - 141094972
20150104 - 02:18:22 - SyncSuccd - 0
20150104 - 02:18:23 - SyncCompt - 141094972
20150105 - 02:18:01 - SyncStart - 141094972
20150105 - 02:18:21 - SyncSuccd - 0
20150105 - 02:18:21 - SyncCompt - 141094972
20150106 - 02:18:02 - SyncStart - 141094972
20150106 - 02:18:53 - SyncSuccd - 0
20150106 - 02:18:53 - SyncCompt - 88354464
20150107 - 02:18:02 - SyncStart - 88354464
20150107 - 02:18:02 - SyncError - 10
20150107 - 02:18:02 - SyncCompt - 88354464
20150107 - 10:01:01 - SyncStart - 88380152
20150107 - 10:01:14 - SyncSuccd - 0
20150107 - 10:01:14 - SyncCompt - 88380152
20150108 - 02:18:01 - SyncStart - 88380152
20150108 - 02:18:44 - SyncSuccd - 0
20150108 - 02:18:44 - SyncCompt - 88577872
20150109 - 02:18:02 - SyncStart - 88577872
20150109 - 02:18:40 - SyncSuccd - 0
20150109 - 02:18:40 - SyncCompt - 88653112
20150110 - 02:18:02 - SyncStart - 88653112
20150110 - 02:18:16 - SyncSuccd - 0
20150110 - 02:18:17 - SyncCompt - 88653112
20150111 - 02:18:01 - SyncStart - 88653112
20150111 - 02:18:01 - SyncError - 10
20150111 - 02:18:01 - SyncCompt - 88653112
20150111 - 08:40:27 - SyncStart - 88653112
20150111 - 08:40:42 - SyncSuccd - 0
20150111 - 08:40:42 - SyncCompt - 88653112
20150112 - 02:18:02 - SyncStart - 88653112
20150112 - 02:18:16 - SyncSuccd - 0
20150112 - 02:18:16 - SyncCompt - 88653112
20150113 - 02:18:02 - SyncStart - 88653112
20150113 - 02:18:28 - SyncSuccd - 0
20150113 - 02:18:28 - SyncCompt - 88667184
20150114 - 09:40:22 - SyncStart - 88466296
20150114 - 09:40:36 - SyncSuccd - 0
20150114 - 09:40:36 - SyncCompt - 88466296
20150114 - 09:40:22 - SyncStart - 588466296
20150116 - 02:00:45 - SyncStart - 800675100
20150116 - 02:48:07 - SyncStart - 800675824
20150116 - 03:01:43 - SyncSuccd - 0
20150116 - 03:01:45 - SyncCompt - 800159272
20150117 - 02:48:24 - SyncStart - 800159272
20150117 - 04:00:41 - SyncSuccd - 0
20150117 - 04:00:44 - SyncCompt - 799809660
20150118 - 02:51:36 - SyncStart - 799809660
20150118 - 03:17:35 - SyncSuccd - 0
20150118 - 03:17:38 - SyncCompt - 796979604
20150119 - 03:33:12 - SyncStart - 796979604
20150119 - 03:50:54 - SyncSuccd - 0
20150119 - 03:50:56 - SyncCompt - 797031608
20150120 - 03:32:05 - SyncStart - 797031608
20150120 - 03:56:14 - SyncSuccd - 0
20150120 - 03:56:17 - SyncCompt - 799571868
20150121 - 03:32:47 - SyncStart - 799571868
20150121 - 05:27:24 - SyncSuccd - 0
20150121 - 05:27:27 - SyncCompt - 797343108
20150122 - 03:32:46 - SyncStart - 797343108
20150122 - 03:44:24 - SyncSuccd - 0
20150122 - 03:44:27 - SyncCompt - 798641944
20150123 - 03:33:18 - SyncStart - 798641944
20150123 - 04:15:08 - SyncSuccd - 0
20150123 - 04:15:13 - SyncCompt - 806574196
20150124 - 03:33:11 - SyncStart - 806574196
20150124 - 04:14:10 - SyncSuccd - 0
20150124 - 04:14:12 - SyncCompt - 799885148
20150124 - 13:33:14 - SyncStart - 799885148
20150124 - 13:48:54 - SyncSuccd - 0
20150124 - 13:48:59 - SyncCompt - 797156504
20150124 - 14:39:30 - SyncStart - 797156504
20150124 - 14:39:53 - SyncStart - 797158808
20150124 - 14:49:40 - SyncSuccd - 0
20150124 - 14:49:43 - SyncCompt - 797156172
20150125 - 03:33:43 - SyncStart - 797156172
20150125 - 03:35:18 - SyncSuccd - 0
20150125 - 03:35:23 - SyncCompt - 797093944
20150125 - 13:33:15 - SyncStart - 797093944
20150125 - 13:39:11 - SyncError - 12
20150125 - 13:39:20 - SyncCompt - 797064844
20150125 - 18:48:04 - SyncStart - 797064844
20150125 - 18:58:09 - SyncSuccd - 0
20150125 - 18:58:18 - SyncCompt - 797651228
20150126 - 03:33:11 - SyncStart - 797651228
20150126 - 03:44:13 - SyncSuccd - 0
20150126 - 03:44:16 - SyncCompt - 797653452
20150126 - 13:33:12 - SyncStart - 797653452
20150126 - 13:35:06 - SyncSuccd - 0
20150126 - 13:35:10 - SyncCompt - 797337724
20150127 - 03:33:09 - SyncStart - 797337724
20150127 - 03:50:55 - SyncSuccd - 0
20150127 - 03:50:58 - SyncCompt - 803610780
20150127 - 13:33:16 - SyncStart - 803610780
20150127 - 13:36:17 - SyncError - 22
20150127 - 13:36:23 - SyncCompt - 803432624
20150127 - 14:44:22 - SyncStart - 803432624
20150127 - 15:06:18 - SyncSuccd - 0
20150127 - 15:06:22 - SyncCompt - 804438908
20150128 - 03:33:13 - SyncStart - 804438908
20150128 - 03:57:15 - SyncSuccd - 0
20150128 - 03:57:19 - SyncCompt - 811829708
20150128 - 13:32:55 - SyncStart - 811829708
20150128 - 15:27:39 - SyncSuccd - 0
20150128 - 15:27:53 - SyncCompt - 812533620
20150129 - 03:33:16 - SyncStart - 812533620
20150129 - 04:15:54 - SyncSuccd - 0
20150129 - 04:15:59 - SyncCompt - 809892072
20150129 - 13:32:47 - SyncStart - 809892072
20150129 - 13:55:17 - SyncError - 12
20150129 - 13:55:33 - SyncCompt - 805856424
20150129 - 14:35:49 - SyncStart - 805856424
20150129 - 15:02:44 - SyncSuccd - 0
20150129 - 15:02:49 - SyncCompt - 808920028
20150130 - 03:33:11 - SyncStart - 808920028
20150130 - 04:33:57 - SyncSuccd - 0
20150130 - 04:34:02 - SyncCompt - 808146668
20150130 - 13:33:19 - SyncStart - 808146668
20150130 - 14:29:01 - SyncSuccd - 0
20150130 - 14:29:08 - SyncCompt - 811860340
20150131 - 03:34:24 - SyncStart - 811860340
20150131 - 03:53:37 - SyncSuccd - 0
20150131 - 03:53:42 - SyncCompt - 814032428
20150131 - 13:34:16 - SyncStart - 814032428
20150131 - 13:49:08 - SyncSuccd - 0
20150131 - 13:49:14 - SyncCompt - 813286168
20150201 - 03:33:42 - SyncStart - 813286168
20150201 - 03:47:15 - SyncSuccd - 0
20150201 - 03:47:22 - SyncCompt - 811114020
20150201 - 13:33:09 - SyncStart - 811114020
20150201 - 13:36:50 - SyncError - 23
20150201 - 13:36:54 - SyncCompt - 810943140
20150201 - 15:53:14 - SyncStart - 811185240
20150201 - 16:08:40 - SyncSuccd - 0
20150201 - 16:08:46 - SyncCompt - 811185236
20150202 - 03:33:13 - SyncStart - 811185236
20150202 - 03:55:32 - SyncError - 23
20150202 - 03:55:36 - SyncCompt - 811236588
20150202 - 13:32:33 - SyncStart - 811236588
20150202 - 13:35:18 - SyncError - 12
20150202 - 13:35:34 - SyncCompt - 808308888
20150202 - 21:33:52 - SyncStart - 808308748
20150202 - 23:12:36 - SyncSuccd - 0
20150202 - 23:12:44 - SyncCompt - 812336540
20150203 - 03:33:09 - SyncStart - 812336540
20150203 - 03:37:37 - SyncError - 12
20150203 - 03:37:43 - SyncCompt - 812300484
20150203 - 12:00:41 - SyncStart - 812300484
20150203 - 12:13:49 - SyncError - 12
20150203 - 12:14:10 - SyncCompt - 812301908
20150203 - 13:32:57 - SyncStart - 812301908
20150203 - 13:50:07 - SyncSuccd - 0
20150203 - 13:50:12 - SyncCompt - 813859804
20150204 - 03:33:14 - SyncStart - 813859804
20150204 - 04:15:33 - SyncSuccd - 0
20150204 - 04:15:38 - SyncCompt - 813820564
20150204 - 13:33:56 - SyncStart - 813820564
20150204 - 13:45:42 - SyncSuccd - 0
20150204 - 13:45:53 - SyncCompt - 814533980
20150205 - 03:33:47 - SyncStart - 814533980
20150205 - 03:42:49 - SyncSuccd - 0
20150205 - 03:42:51 - SyncCompt - 813448256
20150205 - 13:33:39 - SyncStart - 813448256
20150205 - 13:36:46 - SyncSuccd - 0
20150205 - 13:36:48 - SyncCompt - 812957564
20150206 - 03:33:23 - SyncStart - 812957564
20150206 - 03:47:58 - SyncSuccd - 0
20150206 - 03:48:00 - SyncCompt - 814311004
20150206 - 13:33:24 - SyncStart - 814311004
20150206 - 14:02:39 - SyncError - 23
20150206 - 14:02:47 - SyncCompt - 814589060
20150206 - 20:54:13 - SyncStart - 814589060
20150206 - 21:12:40 - SyncSuccd - 0
20150206 - 21:12:45 - SyncCompt - 815275064
20150207 - 03:33:10 - SyncStart - 815275064
20150207 - 03:47:18 - SyncError - 23
20150207 - 03:47:23 - SyncCompt - 819058984
20150207 - 10:57:06 - SyncStart - 819058984
20150207 - 11:10:14 - SyncSuccd - 0
20150207 - 11:10:17 - SyncCompt - 818511668
20150207 - 13:32:57 - SyncStart - 818511668
20150207 - 13:33:21 - SyncError - 12
20150207 - 13:33:34 - SyncCompt - 818511676
20150207 - 15:40:12 - SyncStart - 818511676
20150207 - 15:53:20 - SyncSuccd - 0
20150207 - 15:53:26 - SyncCompt - 819052520
20150208 - 02:20:43 - SyncStart - 819052520
20150208 - 02:36:48 - SyncSuccd - 0
20150208 - 02:36:50 - SyncCompt - 814581780
20150208 - 03:32:08 - SyncStart - 814581780
20150208 - 03:46:14 - SyncSuccd - 0
20150208 - 03:46:16 - SyncCompt - 814562456
20150208 - 13:33:23 - SyncStart - 814562456
20150208 - 13:47:33 - SyncSuccd - 0
20150208 - 13:47:40 - SyncCompt - 814167704
20150209 - 03:33:37 - SyncStart - 814167704
20150209 - 03:44:48 - SyncSuccd - 0
20150209 - 03:44:50 - SyncCompt - 813617712
20150209 - 13:33:19 - SyncStart - 813617712
20150209 - 13:46:57 - SyncSuccd - 0
20150209 - 13:47:06 - SyncCompt - 813632292
20150209 - 13:58:04 - SyncStart - 813632292
20150209 - 14:06:18 - SyncSuccd - 0
20150209 - 14:06:26 - SyncCompt - 813632288
20150209 - 18:10:29 - SyncStart - 813632288
20150209 - 18:10:29 - SyncStart - 813632288
20150209 - 18:10:29 - SyncStart - 813632288
20150209 - 18:12:29 - SyncStart - 813688896
20150209 - 18:14:27 - SyncStart - 814071348
20150209 - 18:14:27 - SyncError - 12
20150209 - 18:15:23 - SyncStart - 814081272
20150209 - 18:15:27 - SyncStart - 814081272
20150209 - 18:15:29 - SyncCompt - 814081264
20150209 - 18:15:30 - SyncStart - 814081408
20150209 - 18:15:31 - SyncError - 12
20150209 - 18:16:35 - SyncCompt - 814081652
20150209 - 18:16:38 - SyncStart - 814081652
20150209 - 18:16:38 - SyncError - 12
20150209 - 18:17:01 - SyncError - 134
20150209 - 18:17:44 - SyncCompt - 814084960
20150209 - 18:17:49 - SyncStart - 814084960
20150209 - 18:17:50 - SyncError - 12
20150209 - 18:18:04 - SyncCompt - 814085080
20150209 - 18:18:05 - SyncStart - 814085080
20150209 - 18:18:58 - SyncCompt - 814086940
20150209 - 18:19:04 - SyncStart - 814086656
20150209 - 18:19:04 - SyncError - 12
20150209 - 18:20:00 - SyncError - 23
20150209 - 18:20:14 - SyncCompt - 809371108
20150209 - 18:20:31 - SyncStart - 809412368
20150209 - 18:20:32 - SyncError - 12
20150209 - 18:21:03 - SyncCompt - 809434932
20150209 - 18:21:04 - SyncStart - 809434420
20150209 - 18:21:05 - SyncError - 12
20150209 - 18:21:35 - SyncSuccd - 0
20150209 - 18:21:36 - SyncCompt - 809464744
20150209 - 18:21:38 - SyncCompt - 809468876
20150209 - 18:21:38 - SyncStart - 809470668
20150209 - 18:21:39 - SyncError - 12
20150209 - 18:22:01 - SyncError - 12
20150209 - 18:22:09 - SyncCompt - 809473444
20150209 - 18:22:11 - SyncStart - 809473444
20150209 - 18:22:12 - SyncError - 12
20150209 - 18:22:23 - SyncStart - 809473444
20150209 - 18:22:23 - SyncStart - 809473444
20150209 - 18:22:24 - SyncError - 12
20150209 - 18:22:42 - SyncCompt - 809473452
20150209 - 18:22:46 - SyncStart - 809477556
20150209 - 18:23:05 - SyncCompt - 809483440
20150209 - 18:23:07 - SyncStart - 809490812
20150209 - 18:23:07 - SyncError - 12
20150209 - 18:23:15 - SyncCompt - 809490812
20150209 - 18:23:16 - SyncStart - 809490812
20150209 - 18:23:30 - SyncCompt - 809494916
20150209 - 18:23:34 - SyncStart - 809493408
20150209 - 18:23:35 - SyncError - 12
20150209 - 18:23:52 - SyncError - 24
20150209 - 18:24:09 - SyncError - 23
20150209 - 18:24:12 - SyncCompt - 809495060
20150209 - 18:24:14 - SyncStart - 809497108
20150209 - 18:24:15 - SyncError - 12
20150209 - 18:24:37 - SyncCompt - 809390168
20150209 - 18:24:39 - SyncStart - 809390168
20150209 - 18:24:40 - SyncError - 12
20150209 - 18:24:54 - SyncCompt - 809487420
20150209 - 18:24:56 - SyncStart - 809502664
20150209 - 18:24:57 - SyncError - 12
20150209 - 18:25:13 - SyncCompt - 809663776
20150209 - 18:25:16 - SyncStart - 809692404
20150209 - 18:25:19 - SyncCompt - 809718220
20150209 - 18:25:21 - SyncStart - 809745056
20150209 - 18:25:44 - SyncCompt - 810018532
20150209 - 18:25:46 - SyncStart - 810078716
20150209 - 18:25:46 - SyncError - 23
20150209 - 18:25:47 - SyncError - 12
20150209 - 18:25:59 - SyncCompt - 810225328
20150209 - 18:26:01 - SyncStart - 810267824
20150209 - 18:26:02 - SyncError - 12
20150209 - 18:26:21 - SyncStart - 810440080
20150209 - 18:26:52 - SyncCompt - 810810164
20150209 - 18:26:52 - SyncCompt - 810810164
20150209 - 18:26:56 - SyncStart - 810839304
20150209 - 18:26:56 - SyncStart - 810839624
20150209 - 18:26:57 - SyncError - 12
20150209 - 18:26:57 - SyncError - 12
20150209 - 18:27:06 - SyncCompt - 810913756
20150209 - 18:27:08 - SyncStart - 810947156
20150209 - 18:27:08 - SyncError - 12
20150209 - 18:27:18 - SyncError - 12
20150209 - 18:28:04 - SyncCompt - 811526820
20150209 - 18:28:04 - SyncCompt - 811525796
20150209 - 18:28:06 - SyncStart - 811575064
20150209 - 18:28:07 - SyncError - 12
20150209 - 18:28:13 - SyncCompt - 811637288
20150209 - 18:28:16 - SyncStart - 811680156
20150209 - 18:28:16 - SyncError - 12
20150209 - 18:28:23 - SyncCompt - 811746788
20150209 - 18:28:25 - SyncStart - 811798140
20150209 - 18:29:12 - SyncCompt - 812363600
20150209 - 18:29:14 - SyncStart - 812412496
20150209 - 18:29:15 - SyncError - 12
20150209 - 18:29:20 - SyncCompt - 812458328
20150209 - 18:29:39 - SyncStart - 812637104
20150209 - 18:29:39 - SyncError - 12
20150209 - 18:29:58 - SyncStart - 812821072
20150209 - 18:29:58 - SyncStart - 812820816
20150209 - 18:29:58 - SyncError - 12
20150209 - 18:29:58 - SyncError - 12
20150209 - 18:30:22 - SyncCompt - 813168740
20150209 - 18:30:25 - SyncStart - 813152160
20150209 - 18:30:26 - SyncError - 12
20150209 - 18:30:44 - SyncCompt - 813350056
20150209 - 18:30:47 - SyncError - 22
20150209 - 18:30:50 - SyncStart - 813478584
20150209 - 18:30:51 - SyncError - 12
20150209 - 18:31:17 - SyncCompt - 813726160
20150209 - 18:31:17 - SyncCompt - 813724624
20150209 - 18:31:17 - SyncStart - 813722320
20150209 - 18:31:18 - SyncError - 12
20150209 - 18:31:29 - SyncStart - 813878944
20150209 - 18:31:29 - SyncStart - 813877920
20150209 - 18:31:30 - SyncError - 12
20150209 - 18:31:30 - SyncError - 12
20150209 - 18:31:34 - SyncCompt - 813964824
20150209 - 18:31:46 - SyncStart - 814071580
20150209 - 18:31:47 - SyncError - 12
20150209 - 18:31:56 - SyncCompt - 814207292
20150209 - 18:31:57 - SyncCompt - 814143560
20150209 - 18:32:03 - SyncStart - 814186348
20150209 - 18:32:03 - SyncStart - 814186348
20150209 - 18:32:04 - SyncError - 12
20150209 - 18:32:04 - SyncError - 12
20150209 - 18:32:24 - SyncCompt - 814265964
20150209 - 18:32:29 - SyncStart - 814285928
20150209 - 18:32:36 - SyncCompt - 814159972
20150209 - 18:32:36 - SyncCompt - 814160228
20150209 - 18:32:41 - SyncStart - 814175328
20150209 - 18:32:41 - SyncStart - 814176096
20150209 - 18:32:42 - SyncError - 12
20150209 - 18:32:42 - SyncError - 12
20150209 - 18:32:51 - SyncCompt - 814203744
20150209 - 18:32:55 - SyncStart - 814147168
20150209 - 18:32:55 - SyncError - 12
20150209 - 18:33:12 - SyncCompt - 813772288
20150209 - 18:33:12 - SyncCompt - 813773312
20150209 - 18:33:18 - SyncStart - 813815432
20150209 - 18:33:19 - SyncError - 12
20150209 - 18:33:51 - SyncCompt - 813752736
20150209 - 18:33:51 - SyncCompt - 813752736
20150209 - 18:33:58 - SyncStart - 813791392
20150209 - 18:33:58 - SyncStart - 813791392
20150209 - 18:33:58 - SyncError - 12
20150209 - 18:33:58 - SyncError - 12
20150209 - 18:34:00 - SyncCompt - 813761440
20150209 - 18:34:01 - SyncStart - 813777056
20150209 - 18:34:02 - SyncError - 12
20150209 - 18:34:22 - SyncCompt - 813783712
20150209 - 18:34:25 - SyncStart - 813751968
20150209 - 18:34:26 - SyncError - 12
20150209 - 18:35:13 - SyncCompt - 813836784
20150209 - 18:35:13 - SyncCompt - 813857144
20150209 - 18:35:13 - SyncCompt - 813837296
20150209 - 18:35:23 - SyncStart - 813791888
20150209 - 18:35:23 - SyncStart - 813791096
20150209 - 18:35:23 - SyncStart - 813791608
20150209 - 18:35:23 - SyncError - 12
20150209 - 18:35:23 - SyncError - 12
20150209 - 18:35:23 - SyncError - 12
20150209 - 18:35:34 - SyncCompt - 813785976
20150209 - 18:35:34 - SyncStart - 813785720
20150209 - 18:35:34 - SyncError - 12
20150209 - 18:36:36 - SyncCompt - 813752796
20150209 - 18:36:36 - SyncCompt - 813752796
20150209 - 18:36:36 - SyncCompt - 813752796
20150209 - 18:36:41 - SyncCompt - 813751516
20150209 - 18:36:41 - SyncStart - 813755868
20150209 - 18:36:41 - SyncError - 12
20150209 - 18:36:45 - SyncStart - 813775324
20150209 - 18:36:45 - SyncError - 12
20150209 - 18:37:50 - SyncCompt - 813835480
20150209 - 18:37:50 - SyncCompt - 813838296
20150209 - 18:37:56 - SyncStart - 813746140
20150209 - 18:37:57 - SyncError - 12
20150209 - 18:39:05 - SyncCompt - 813863808
20150209 - 18:39:08 - SyncStart - 813845120
20150209 - 18:39:09 - SyncError - 12
20150209 - 18:39:16 - SyncError - 23
20150209 - 18:39:23 - SyncError - 23
20150209 - 18:39:59 - SyncStart - 813838208
20150209 - 18:40:13 - SyncCompt - 813838136
20150209 - 18:40:17 - SyncStart - 813838136
20150209 - 18:40:18 - SyncError - 12
20150209 - 18:40:19 - SyncCompt - 813838136
20150209 - 18:40:21 - SyncStart - 813838136
20150209 - 18:40:27 - SyncCompt - 813838136
20150209 - 18:40:56 - SyncStart - 813959856
20150209 - 18:40:57 - SyncError - 12
20150209 - 18:41:23 - SyncCompt - 814190156
20150209 - 18:41:32 - SyncStart - 814204088
20150209 - 18:41:33 - SyncError - 12
20150209 - 18:42:05 - SyncCompt - 814207228
20150209 - 18:42:08 - SyncStart - 814207228
20150209 - 18:42:09 - SyncError - 12
20150209 - 18:42:40 - SyncCompt - 814207372
20150209 - 18:42:45 - SyncStart - 814207372
20150209 - 18:42:46 - SyncError - 12
20150209 - 18:43:11 - SyncError - 12
20150209 - 18:43:15 - SyncCompt - 814207372
20150209 - 18:43:18 - SyncStart - 814207372
20150209 - 18:43:52 - SyncCompt - 814207372
20150209 - 18:43:55 - SyncStart - 814207372
20150209 - 18:43:56 - SyncError - 12
20150209 - 18:44:07 - SyncSuccd - 0
20150209 - 18:44:15 - SyncCompt - 814207372
20150209 - 18:44:15 - SyncCompt - 814207372
20150209 - 18:44:18 - SyncStart - 814207324
20150209 - 18:45:02 - SyncCompt - 814205852
20150209 - 18:45:05 - SyncStart - 814205852
20150209 - 18:45:06 - SyncError - 12
20150209 - 18:45:24 - SyncError - 134
20150209 - 18:45:49 - SyncError - 23
20150209 - 18:46:12 - SyncCompt - 814205904
20150209 - 18:46:17 - SyncStart - 814205904
20150209 - 18:46:18 - SyncError - 12
20150209 - 18:46:28 - SyncCompt - 814207376
20150209 - 18:46:30 - SyncStart - 814207376
20150209 - 18:51:19 - SyncStart - 814207380
20150209 - 18:54:47 - SyncStart - 814207368
20150209 - 18:55:27 - SyncStart - 814207376
20150209 - 18:55:28 - SyncError - 12
20150209 - 18:56:30 - SyncCompt - 814207376
20150209 - 18:56:31 - SyncStart - 814207376
20150209 - 19:00:26 - SyncSuccd - 0
20150209 - 19:00:28 - SyncCompt - 814208704
20150209 - 19:03:28 - SyncSuccd - 0
20150209 - 19:03:29 - SyncCompt - 814686784
20150209 - 19:11:18 - SyncSuccd - 0
20150209 - 19:11:19 - SyncCompt - 814686788
20150210 - 03:33:44 - SyncStart - 814686788
20150210 - 03:43:32 - SyncSuccd - 0
20150210 - 03:43:33 - SyncCompt - 814757212
20150210 - 13:33:35 - SyncStart - 814757212
20150210 - 13:49:29 - SyncSuccd - 0
20150210 - 13:49:34 - SyncCompt - 815373648
20150211 - 03:33:37 - SyncStart - 815373648
20150211 - 03:34:23 - SyncError - 12
20150211 - 03:35:26 - SyncCompt - 815373640
20150211 - 03:35:27 - SyncStart - 815373640
20150211 - 05:31:23 - SyncSuccd - 0
20150211 - 05:31:27 - SyncCompt - 822930472
20150211 - 13:33:37 - SyncStart - 822930472
20150211 - 13:48:36 - SyncSuccd - 0
20150211 - 13:48:41 - SyncCompt - 824893332
20150212 - 03:33:23 - SyncStart - 824893332
20150212 - 03:55:39 - SyncSuccd - 0
20150212 - 03:55:45 - SyncCompt - 825653244
20150212 - 13:33:25 - SyncStart - 825653244
20150212 - 13:38:23 - SyncError - 22
20150212 - 13:39:36 - SyncCompt - 825653452
20150212 - 13:39:40 - SyncStart - 825653452
20150212 - 13:55:22 - SyncSuccd - 0
20150212 - 13:55:28 - SyncCompt - 820876192
20150213 - 03:33:16 - SyncStart - 820876192
20150213 - 03:38:43 - SyncError - 12
20150213 - 03:39:56 - SyncCompt - 820817344
20150213 - 03:39:58 - SyncStart - 820817344
20150213 - 03:56:51 - SyncSuccd - 0
20150213 - 03:56:54 - SyncCompt - 822698556
20150213 - 13:33:11 - SyncStart - 822698556
20150213 - 13:47:02 - SyncSuccd - 0
20150213 - 13:47:07 - SyncCompt - 819898916
20150214 - 03:33:16 - SyncStart - 819898916
20150214 - 03:51:14 - SyncSuccd - 0
20150214 - 03:51:19 - SyncCompt - 819975544
20150214 - 13:33:08 - SyncStart - 819975544
20150214 - 13:47:41 - SyncError - 23
20150214 - 13:48:46 - SyncCompt - 819527348
20150214 - 13:48:49 - SyncStart - 819527348
20150214 - 13:49:40 - SyncSuccd - 0
20150214 - 13:49:42 - SyncCompt - 819650564
20150215 - 03:33:40 - SyncStart - 819650564
20150215 - 03:42:26 - SyncSuccd - 0
20150215 - 03:42:29 - SyncCompt - 818793900
20150215 - 13:33:14 - SyncStart - 818793900
20150215 - 13:42:22 - SyncSuccd - 0
20150215 - 13:42:33 - SyncCompt - 818735812
20150216 - 03:33:12 - SyncStart - 818735812
20150216 - 03:44:16 - SyncSuccd - 0
20150216 - 03:44:21 - SyncCompt - 818601224
20150216 - 13:33:13 - SyncStart - 818601224
20150216 - 13:44:48 - SyncSuccd - 0
20150216 - 13:44:55 - SyncCompt - 818580292
20150217 - 03:33:08 - SyncStart - 818692904
20150217 - 03:43:16 - SyncSuccd - 0
20150217 - 03:43:23 - SyncCompt - 823585092
20150217 - 13:33:10 - SyncStart - 823585092
20150217 - 13:44:43 - SyncSuccd - 0
20150217 - 13:44:49 - SyncCompt - 823541356
20150218 - 03:33:14 - SyncStart - 823541356
20150218 - 03:58:36 - SyncSuccd - 0
20150218 - 03:58:49 - SyncCompt - 820596604
20150218 - 13:33:14 - SyncStart - 820596604
20150218 - 13:33:28 - SyncError - 22
20150218 - 13:34:33 - SyncCompt - 820596604
20150218 - 13:34:35 - SyncStart - 820596604
20150218 - 13:43:35 - SyncSuccd - 0
20150218 - 13:43:39 - SyncCompt - 820845568
20150219 - 03:33:16 - SyncStart - 820845568
20150219 - 03:47:23 - SyncSuccd - 0
20150219 - 03:47:25 - SyncCompt - 820089004
20150219 - 13:33:10 - SyncStart - 820089004
20150219 - 13:47:34 - SyncSuccd - 0
20150219 - 13:47:38 - SyncCompt - 820184456
20150220 - 03:33:15 - SyncStart - 820184456
20150220 - 04:24:44 - SyncSuccd - 0
20150220 - 04:24:49 - SyncCompt - 823503628
20150220 - 13:32:29 - SyncStart - 823503628
20150220 - 13:42:34 - SyncSuccd - 0
20150220 - 13:42:37 - SyncCompt - 823609808
20150221 - 03:33:17 - SyncStart - 823609812
20150221 - 03:43:00 - SyncSuccd - 0
20150221 - 03:43:03 - SyncCompt - 822434788
20150221 - 13:32:26 - SyncStart - 822434788
20150221 - 13:41:45 - SyncSuccd - 0
20150221 - 13:41:47 - SyncCompt - 821498568
20150222 - 03:33:48 - SyncStart - 821498568
20150222 - 03:35:43 - SyncError - 12
20150222 - 03:36:56 - SyncCompt - 821495116
20150222 - 03:36:57 - SyncStart - 821495116
20150222 - 03:45:54 - SyncSuccd - 0
20150222 - 03:45:56 - SyncCompt - 820128040
20150222 - 13:33:11 - SyncStart - 820128040
20150222 - 13:44:26 - SyncSuccd - 0
20150222 - 13:44:29 - SyncCompt - 820501148
20150223 - 03:33:12 - SyncStart - 820501148
20150223 - 03:48:03 - SyncSuccd - 0
20150223 - 03:48:06 - SyncCompt - 819393632
20150223 - 13:33:19 - SyncStart - 819393632
20150223 - 13:42:11 - SyncSuccd - 0
20150223 - 13:42:17 - SyncCompt - 818795112
20150224 - 03:33:17 - SyncStart - 818795112
20150224 - 03:36:00 - SyncError - 12
20150224 - 03:37:09 - SyncCompt - 818809148
20150224 - 03:37:10 - SyncStart - 818809148
20150224 - 03:48:33 - SyncSuccd - 0
20150224 - 03:48:35 - SyncCompt - 820159476
20150224 - 13:33:14 - SyncStart - 820159476
20150224 - 13:49:31 - SyncSuccd - 0
20150224 - 13:49:35 - SyncCompt - 822397876
20150225 - 03:33:15 - SyncStart - 822397876
20150225 - 03:35:59 - SyncError - 12
20150225 - 03:37:15 - SyncCompt - 822397652
20150225 - 03:37:16 - SyncStart - 822397652
20150225 - 03:41:00 - SyncSuccd - 0
20150225 - 03:41:03 - SyncCompt - 823484012
20150225 - 13:33:16 - SyncStart - 823484012
20150225 - 13:44:47 - SyncSuccd - 0
20150225 - 13:44:51 - SyncCompt - 821751868
20150226 - 03:33:17 - SyncStart - 821751868
20150226 - 04:06:13 - SyncSuccd - 0
20150226 - 04:06:18 - SyncCompt - 822138800
20150226 - 13:33:20 - SyncStart - 822138800
20150226 - 13:44:48 - SyncSuccd - 0
20150226 - 13:44:54 - SyncCompt - 821277928
20150227 - 03:33:18 - SyncStart - 821277928
20150227 - 06:05:11 - SyncSuccd - 0
20150227 - 06:05:16 - SyncCompt - 822107580
20150227 - 13:33:17 - SyncStart - 822107580
20150227 - 20:08:40 - SyncStart - 821881128
20150227 - 01:28:49 - SyncSuccd - 0
20150227 - 01:28:58 - SyncCompt - 821769560
20150228 - 03:32:27 - SyncStart - 821769560
20150228 - 03:47:17 - SyncSuccd - 0
20150228 - 03:47:23 - SyncCompt - 819170276
20150228 - 13:33:19 - SyncStart - 819170276
20150228 - 13:48:08 - SyncError - 24
20150228 - 13:49:14 - SyncCompt - 820511616
20150228 - 13:49:18 - SyncStart - 820511616
20150228 - 13:51:16 - SyncError - 12
20150228 - 13:52:23 - SyncCompt - 820511604
20150228 - 13:52:27 - SyncStart - 820511604
20150228 - 14:00:53 - SyncSuccd - 0
20150228 - 14:00:57 - SyncCompt - 820245688
20150301 - 03:33:47 - SyncStart - 820245688
20150301 - 03:52:39 - SyncSuccd - 0
20150301 - 03:52:46 - SyncCompt - 820024116
20150301 - 13:33:16 - SyncStart - 820024116
20150301 - 13:48:13 - SyncSuccd - 0
20150301 - 13:48:19 - SyncCompt - 819302032
20150302 - 03:33:18 - SyncStart - 819302032
20150302 - 03:46:58 - SyncSuccd - 0
20150302 - 03:47:03 - SyncCompt - 819407376
20150302 - 13:33:22 - SyncStart - 819407376
20150302 - 13:42:10 - SyncSuccd - 0
20150302 - 13:42:14 - SyncCompt - 818310184
20150303 - 03:33:17 - SyncStart - 818310184
20150303 - 03:51:32 - SyncSuccd - 0
20150303 - 03:51:38 - SyncCompt - 820732180
20150303 - 13:33:18 - SyncStart - 820732180
20150303 - 14:15:56 - SyncSuccd - 0
20150303 - 14:16:02 - SyncCompt - 821811180
20150304 - 03:33:17 - SyncStart - 821811180
20150304 - 03:47:04 - SyncSuccd - 0
20150304 - 03:47:09 - SyncCompt - 823241044
20150304 - 13:33:18 - SyncStart - 823241044
20150304 - 13:34:53 - SyncSuccd - 0
20150304 - 13:34:59 - SyncCompt - 820912592
20150305 - 03:33:31 - SyncStart - 820912592
20150305 - 03:44:28 - SyncSuccd - 0
20150305 - 03:44:30 - SyncCompt - 817271596
20150305 - 13:33:28 - SyncStart - 817271596
20150305 - 13:43:22 - SyncSuccd - 0
20150305 - 13:43:28 - SyncCompt - 817837932
20150306 - 03:33:28 - SyncStart - 817837932
20150306 - 03:42:56 - SyncSuccd - 0
20150306 - 03:42:59 - SyncCompt - 817532260
20150306 - 13:33:44 - SyncStart - 817532260
20150306 - 13:54:03 - SyncSuccd - 0
20150306 - 13:54:08 - SyncCompt - 818383876
20150307 - 03:33:38 - SyncStart - 818351036
20150307 - 03:58:39 - SyncSuccd - 0
20150307 - 03:58:44 - SyncCompt - 821688488
20150307 - 13:33:35 - SyncStart - 821688488
20150307 - 13:49:38 - SyncSuccd - 0
20150307 - 13:49:43 - SyncCompt - 824383504
20150308 - 03:34:14 - SyncStart - 824383504
20150308 - 03:45:57 - SyncSuccd - 0
20150308 - 03:46:00 - SyncCompt - 822362256
20150308 - 13:33:33 - SyncStart - 822362256
20150308 - 13:43:23 - SyncSuccd - 0
20150308 - 13:43:28 - SyncCompt - 822464056
20150309 - 03:33:48 - SyncStart - 822464056
20150309 - 03:43:33 - SyncSuccd - 0
20150309 - 03:43:39 - SyncCompt - 820136100
20150309 - 13:33:44 - SyncStart - 820136100
20150309 - 13:45:18 - SyncSuccd - 0
20150309 - 13:45:25 - SyncCompt - 820200044
20150310 - 03:33:38 - SyncStart - 820200044
20150310 - 03:54:38 - SyncSuccd - 0
20150310 - 03:54:44 - SyncCompt - 828573420
20150310 - 13:33:55 - SyncStart - 828573420
20150310 - 13:47:30 - SyncError - 24
20150310 - 13:48:38 - SyncCompt - 830958176
20150310 - 13:48:43 - SyncStart - 830958176
20150310 - 13:57:44 - SyncSuccd - 0
20150310 - 13:57:55 - SyncCompt - 830958176
20150311 - 03:33:26 - SyncStart - 830958176
20150311 - 03:45:26 - SyncSuccd - 0
20150311 - 03:45:33 - SyncCompt - 829288044
20150311 - 13:33:59 - SyncStart - 829288044
20150311 - 13:49:32 - SyncSuccd - 0
20150311 - 13:49:39 - SyncCompt - 826022436
20150312 - 03:33:38 - SyncStart - 826022436
20150312 - 03:47:34 - SyncSuccd - 0
20150312 - 03:47:38 - SyncCompt - 824654608
20150312 - 13:33:41 - SyncStart - 824654608
20150312 - 14:06:35 - SyncSuccd - 0
20150312 - 14:06:47 - SyncCompt - 823521696
20150313 - 03:33:47 - SyncStart - 823521696
20150313 - 03:37:27 - SyncError - 12
20150313 - 03:38:31 - SyncCompt - 822748696
20150313 - 03:38:32 - SyncStart - 822748696
20150313 - 04:09:16 - SyncSuccd - 0
20150313 - 04:09:19 - SyncCompt - 821464376
20150313 - 13:33:42 - SyncStart - 821464376
20150313 - 13:49:20 - SyncSuccd - 0
20150313 - 13:49:28 - SyncCompt - 822822052
20150314 - 03:33:48 - SyncStart - 822822052
20150314 - 03:43:38 - SyncSuccd - 0
20150314 - 03:43:41 - SyncCompt - 822832816
20150314 - 13:33:18 - SyncStart - 822832816
20150314 - 14:04:02 - SyncSuccd - 0
20150314 - 14:04:10 - SyncCompt - 826129168
20150315 - 03:33:52 - SyncStart - 826129168
20150315 - 03:52:18 - SyncSuccd - 0
20150315 - 03:52:21 - SyncCompt - 826850056
20150315 - 13:33:24 - SyncStart - 826850056
20150315 - 13:45:27 - SyncSuccd - 0
20150315 - 13:45:33 - SyncCompt - 826900336
20150316 - 03:33:19 - SyncStart - 826900336
20150316 - 03:46:26 - SyncSuccd - 0
20150316 - 03:46:30 - SyncCompt - 824926072
20150316 - 13:33:17 - SyncStart - 824926072
20150316 - 13:46:26 - SyncSuccd - 0
20150316 - 13:46:33 - SyncCompt - 820211744
20150317 - 03:33:16 - SyncStart - 820211744
20150317 - 03:44:01 - SyncSuccd - 0
20150317 - 03:44:04 - SyncCompt - 820944572
20150317 - 13:32:37 - SyncStart - 820944572
20150317 - 13:47:57 - SyncSuccd - 0
20150317 - 13:48:00 - SyncCompt - 821254192
20150318 - 03:33:17 - SyncStart - 821254192
20150318 - 03:50:54 - SyncSuccd - 0
20150318 - 03:50:57 - SyncCompt - 821591372
20150318 - 13:32:16 - SyncStart - 821591372
20150318 - 13:58:25 - SyncSuccd - 0
20150318 - 13:58:30 - SyncCompt - 827427152
20150319 - 03:32:23 - SyncStart - 827427152
20150319 - 03:46:29 - SyncSuccd - 0
20150319 - 03:46:46 - SyncCompt - 830030360
20150319 - 13:32:22 - SyncStart - 830030360
20150319 - 13:46:51 - SyncSuccd - 0
20150319 - 13:46:54 - SyncCompt - 830503856
20150320 - 03:33:16 - SyncStart - 830503856
20150320 - 03:35:18 - SyncError - 22
20150320 - 03:36:21 - SyncCompt - 830504168
20150320 - 03:36:22 - SyncStart - 830504168
20150320 - 03:48:27 - SyncSuccd - 0
20150320 - 03:48:29 - SyncCompt - 827962068
20150320 - 13:32:10 - SyncStart - 827962068
20150320 - 13:33:18 - SyncError - 12
20150320 - 13:34:21 - SyncCompt - 827962212
20150320 - 13:34:23 - SyncStart - 827962212
20150320 - 13:47:45 - SyncSuccd - 0
20150320 - 13:47:48 - SyncCompt - 825457712
20150321 - 03:33:19 - SyncStart - 825457712
20150321 - 03:46:15 - SyncSuccd - 0
20150321 - 03:46:17 - SyncCompt - 824297960
20150321 - 13:32:41 - SyncStart - 824297960
20150321 - 13:43:34 - SyncSuccd - 0
20150321 - 13:43:37 - SyncCompt - 824251876
20150322 - 03:33:37 - SyncStart - 824251876
20150322 - 03:43:26 - SyncSuccd - 0
20150322 - 03:43:29 - SyncCompt - 823687528
20150322 - 13:32:46 - SyncStart - 823687528
20150322 - 13:45:01 - SyncSuccd - 0
20150322 - 13:45:05 - SyncCompt - 824428940
20150323 - 03:33:16 - SyncStart - 824428940
20150323 - 03:46:56 - SyncSuccd - 0
20150323 - 03:46:59 - SyncCompt - 826177240
20150323 - 13:32:43 - SyncStart - 826177240
20150323 - 13:43:47 - SyncSuccd - 0
20150323 - 13:43:49 - SyncCompt - 825130224
20150324 - 03:32:26 - SyncStart - 825130224
20150324 - 03:34:11 - SyncError - 12
20150324 - 03:35:14 - SyncCompt - 825130228
20150324 - 03:35:16 - SyncStart - 825130228
20150324 - 03:35:58 - SyncError - 12
20150324 - 03:36:59 - SyncCompt - 825130228
20150324 - 03:37:01 - SyncStart - 825130228
20150324 - 03:41:56 - SyncSuccd - 0
20150324 - 03:41:58 - SyncCompt - 824281700
20150324 - 13:32:10 - SyncStart - 824281700
20150324 - 14:10:07 - SyncSuccd - 0
20150324 - 14:10:09 - SyncCompt - 825201060
20150325 - 03:32:06 - SyncStart - 825201060
20150325 - 03:41:59 - SyncSuccd - 0
20150325 - 03:42:01 - SyncCompt - 824771372
20150325 - 13:32:21 - SyncStart - 824771372
20150325 - 13:44:25 - SyncSuccd - 0
20150325 - 13:44:28 - SyncCompt - 824802040
20150326 - 03:33:15 - SyncStart - 824802040
20150326 - 03:44:20 - SyncSuccd - 0
20150326 - 03:44:23 - SyncCompt - 825683036
20150326 - 13:32:16 - SyncStart - 825683036
20150326 - 13:33:48 - SyncSuccd - 0
20150326 - 13:33:50 - SyncCompt - 824391832
20150327 - 03:33:17 - SyncStart - 824391832
20150327 - 03:47:06 - SyncSuccd - 0
20150327 - 03:47:11 - SyncCompt - 825342624
20150327 - 13:32:30 - SyncStart - 825342624
20150327 - 13:58:44 - SyncSuccd - 0
20150327 - 13:58:49 - SyncCompt - 829430808
20150328 - 03:33:17 - SyncStart - 829430808
20150328 - 03:46:56 - SyncSuccd - 0
20150328 - 03:47:01 - SyncCompt - 830147624
20150328 - 13:32:48 - SyncStart - 830147624
20150328 - 13:34:18 - SyncError - 12
20150328 - 13:35:20 - SyncCompt - 829163084
20150328 - 13:35:22 - SyncStart - 829163084
20150328 - 13:59:23 - SyncSuccd - 0
20150328 - 13:59:25 - SyncCompt - 826678752
20150329 - 03:33:46 - SyncStart - 826678752
20150329 - 03:44:32 - SyncSuccd - 0
20150329 - 03:44:33 - SyncCompt - 826146448
20150329 - 13:32:07 - SyncStart - 826146448
20150329 - 13:45:50 - SyncSuccd - 0
20150329 - 13:45:52 - SyncCompt - 825662692
20150330 - 03:33:12 - SyncStart - 825662692
20150330 - 03:42:31 - SyncSuccd - 0
20150330 - 03:42:33 - SyncCompt - 825895496
20150330 - 13:32:05 - SyncStart - 825895496
20150330 - 13:34:01 - SyncError - 12
20150330 - 13:35:03 - SyncCompt - 825531332
20150330 - 13:35:04 - SyncStart - 825531332
20150330 - 13:49:00 - SyncSuccd - 0
20150330 - 13:49:02 - SyncCompt - 825748424
20150331 - 03:33:12 - SyncStart - 825748424
20150331 - 03:48:23 - SyncSuccd - 0
20150331 - 03:48:25 - SyncCompt - 828195464
20150331 - 13:32:07 - SyncStart - 828195464
20150331 - 13:43:48 - SyncSuccd - 0
20150331 - 13:43:50 - SyncCompt - 828211480
20150401 - 03:32:21 - SyncStart - 828211480
20150401 - 03:36:05 - SyncError - 12
20150401 - 03:37:08 - SyncCompt - 828057936
20150401 - 03:37:10 - SyncStart - 828057936
20150401 - 03:38:48 - SyncError - 12
20150401 - 03:39:50 - SyncCompt - 827739700
20150401 - 03:39:52 - SyncStart - 827739700
20150401 - 03:51:11 - SyncSuccd - 0
20150401 - 03:51:13 - SyncCompt - 828126768
20150401 - 13:32:05 - SyncStart - 828126768
20150401 - 13:43:45 - SyncSuccd - 0
20150401 - 13:43:48 - SyncCompt - 826482252
20150402 - 03:33:02 - SyncStart - 826482252
20150402 - 03:54:09 - SyncSuccd - 0
20150402 - 03:54:14 - SyncCompt - 828356048
20150402 - 13:32:16 - SyncStart - 828356048
20150402 - 13:42:12 - SyncSuccd - 0
20150402 - 13:42:17 - SyncCompt - 828223268
20150403 - 03:32:49 - SyncStart - 828223268
20150403 - 03:51:25 - SyncSuccd - 0
20150403 - 03:51:31 - SyncCompt - 828205904
20150403 - 13:32:18 - SyncStart - 828205904
20150403 - 13:42:18 - SyncSuccd - 0
20150403 - 13:42:24 - SyncCompt - 827236920
20150404 - 03:33:26 - SyncStart - 827236920
20150404 - 03:47:45 - SyncSuccd - 0
20150404 - 03:47:49 - SyncCompt - 824716384
20150404 - 13:32:35 - SyncStart - 824716384
20150404 - 13:39:38 - SyncError - 12
20150404 - 13:41:05 - SyncCompt - 823915488
20150404 - 13:41:08 - SyncStart - 823915488
20150404 - 13:48:07 - SyncSuccd - 0
20150404 - 13:48:12 - SyncCompt - 826053412
20150405 - 03:32:11 - SyncStart - 826053412
20150405 - 03:32:52 - SyncError - 12
20150405 - 03:33:54 - SyncCompt - 826053404
20150405 - 03:33:56 - SyncStart - 826053404
20150405 - 03:44:41 - SyncSuccd - 0
20150405 - 03:44:42 - SyncCompt - 825591616
20150405 - 13:32:30 - SyncStart - 825591616
20150405 - 13:48:51 - SyncSuccd - 0
20150405 - 13:48:53 - SyncCompt - 822296664
20150406 - 03:33:43 - SyncStart - 822296664
20150406 - 03:42:26 - SyncSuccd - 0
20150406 - 03:42:28 - SyncCompt - 822270524
20150406 - 13:32:15 - SyncStart - 822270524
20150406 - 13:34:41 - SyncError - 23
20150406 - 13:35:43 - SyncCompt - 822249592
20150406 - 13:35:44 - SyncStart - 822249592
20150406 - 13:47:09 - SyncSuccd - 0
20150406 - 13:47:12 - SyncCompt - 822284704
20150407 - 03:32:06 - SyncStart - 822284704
20150407 - 03:37:33 - SyncError - 22
20150407 - 03:38:36 - SyncCompt - 822285724
20150407 - 03:38:37 - SyncStart - 822285724
20150407 - 03:47:38 - SyncSuccd - 0
20150407 - 03:47:40 - SyncCompt - 822303464
20150407 - 13:32:07 - SyncStart - 822303464
20150407 - 13:44:14 - SyncSuccd - 0
20150407 - 13:44:17 - SyncCompt - 822372592
20150408 - 03:32:05 - SyncStart - 822372592
20150408 - 03:32:23 - SyncError - 12
20150408 - 03:33:25 - SyncCompt - 822372588
20150408 - 03:33:26 - SyncStart - 822372588
20150408 - 03:56:01 - SyncSuccd - 0
20150408 - 03:56:04 - SyncCompt - 827419056
20150408 - 13:32:07 - SyncStart - 827419056
20150408 - 13:32:57 - SyncError - 12
20150408 - 13:34:00 - SyncCompt - 827419048
20150408 - 13:34:01 - SyncStart - 827419048
20150408 - 13:43:49 - SyncSuccd - 0
20150408 - 13:43:51 - SyncCompt - 827333592
20150409 - 03:33:29 - SyncStart - 827333592
20150409 - 03:47:49 - SyncError - 23
20150409 - 03:49:02 - SyncCompt - 827626080
20150409 - 03:49:04 - SyncStart - 827626080
20150409 - 03:57:36 - SyncSuccd - 0
20150409 - 03:57:38 - SyncCompt - 822890316
20150409 - 13:32:15 - SyncStart - 822890316
20150409 - 13:45:15 - SyncSuccd - 0
20150409 - 13:45:19 - SyncCompt - 825501484
20150410 - 03:33:19 - SyncStart - 825501484
20150410 - 03:33:55 - SyncError - 12
20150410 - 03:34:59 - SyncCompt - 825501484
20150410 - 03:35:00 - SyncStart - 825501484
20150410 - 03:36:55 - SyncError - 22
20150410 - 03:37:58 - SyncCompt - 825501492
20150410 - 03:38:00 - SyncStart - 825501492
20150410 - 03:52:03 - SyncSuccd - 0
20150410 - 03:52:05 - SyncCompt - 825912344
20150410 - 13:32:14 - SyncStart - 825912344
20150410 - 13:47:48 - SyncSuccd - 0
20150410 - 13:47:53 - SyncCompt - 821489792
20150411 - 03:32:42 - SyncStart - 821489792
20150411 - 03:35:54 - SyncError - 12
20150411 - 03:36:59 - SyncCompt - 821101680
20150411 - 03:37:01 - SyncStart - 821101680
20150411 - 04:11:57 - SyncSuccd - 0
20150411 - 04:12:00 - SyncCompt - 823615388
20150411 - 13:32:06 - SyncStart - 823615388
20150411 - 13:47:50 - SyncSuccd - 0
20150411 - 13:47:53 - SyncCompt - 825222224
20150412 - 03:32:21 - SyncStart - 825222224
20150412 - 03:44:07 - SyncSuccd - 0
20150412 - 03:44:09 - SyncCompt - 825340804
20150412 - 13:32:07 - SyncStart - 825340804
20150412 - 13:33:07 - SyncError - 12
20150412 - 13:34:20 - SyncCompt - 824539308
20150412 - 13:34:22 - SyncStart - 824539308
20150412 - 13:36:23 - SyncError - 2
20150412 - 13:37:26 - SyncCompt - 824542396
20150412 - 13:37:27 - SyncStart - 824542396
20150412 - 13:46:37 - SyncSuccd - 0
20150412 - 13:46:39 - SyncCompt - 823707072
20150413 - 03:32:52 - SyncStart - 823707072
20150413 - 03:33:52 - SyncSuccd - 0
20150413 - 03:33:54 - SyncCompt - 821530556
20150413 - 13:32:06 - SyncStart - 821530556
20150413 - 13:43:14 - SyncSuccd - 0
20150413 - 13:43:17 - SyncCompt - 821335880
20150414 - 03:33:04 - SyncStart - 821335880
20150414 - 03:42:44 - SyncError - 22
20150414 - 03:43:54 - SyncCompt - 821410008
20150414 - 03:43:56 - SyncStart - 821410008
20150414 - 03:53:10 - SyncSuccd - 0
20150414 - 03:53:15 - SyncCompt - 821937596
20150414 - 13:32:23 - SyncStart - 821937596
20150414 - 13:37:20 - SyncSuccd - 0
20150414 - 13:37:27 - SyncCompt - 823775092
20150415 - 03:32:57 - SyncStart - 823775092
20150415 - 03:46:49 - SyncSuccd - 0
20150415 - 03:46:52 - SyncCompt - 826973792
20150415 - 13:32:23 - SyncStart - 826973792
20150415 - 13:44:43 - SyncSuccd - 0
20150415 - 13:44:47 - SyncCompt - 826160604
20150416 - 03:32:49 - SyncStart - 826160604
20150416 - 03:53:39 - SyncSuccd - 0
20150416 - 03:53:43 - SyncCompt - 828250920
20150416 - 13:32:19 - SyncStart - 828250920
20150416 - 13:51:55 - SyncSuccd - 0
20150416 - 13:51:59 - SyncCompt - 829206732
20150417 - 03:33:15 - SyncStart - 829206732
20150417 - 03:47:11 - SyncSuccd - 0
20150417 - 03:47:16 - SyncCompt - 829107356
20150417 - 13:32:17 - SyncStart - 829107356
20150417 - 13:33:53 - SyncError - 12
20150417 - 13:34:56 - SyncCompt - 829070436
20150417 - 13:34:57 - SyncStart - 829070436
20150417 - 13:48:26 - SyncSuccd - 0
20150417 - 13:48:28 - SyncCompt - 829491740
20150418 - 03:32:05 - SyncStart - 829491740
20150418 - 03:43:46 - SyncSuccd - 0
20150418 - 03:43:48 - SyncCompt - 829401552
20150418 - 13:32:11 - SyncStart - 829401552
20150418 - 13:43:00 - SyncSuccd - 0
20150418 - 13:43:02 - SyncCompt - 828802016
20150419 - 03:33:16 - SyncStart - 828802016
20150419 - 03:45:19 - SyncError - 24
20150419 - 03:46:23 - SyncCompt - 827969560
20150419 - 03:46:25 - SyncStart - 827969560
20150419 - 03:56:00 - SyncError - 22
20150419 - 03:57:02 - SyncCompt - 827969548
20150419 - 03:57:04 - SyncStart - 827969548
20150419 - 04:07:28 - SyncSuccd - 0
20150419 - 04:07:31 - SyncCompt - 827968740
20150419 - 13:32:07 - SyncStart - 827968740
20150419 - 13:42:53 - SyncSuccd - 0
20150419 - 13:42:56 - SyncCompt - 827880344
20150420 - 03:33:10 - SyncStart - 827880344
20150420 - 03:42:19 - SyncSuccd - 0
20150420 - 03:42:21 - SyncCompt - 827817068
20150420 - 13:32:08 - SyncStart - 827817068
20150420 - 13:33:37 - SyncSuccd - 0
20150420 - 13:33:39 - SyncCompt - 828088232
20150421 - 03:33:17 - SyncStart - 828088232
20150421 - 03:43:32 - SyncSuccd - 0
20150421 - 03:43:34 - SyncCompt - 828659336
20150421 - 13:32:13 - SyncStart - 828659336
20150421 - 13:43:09 - SyncSuccd - 0
20150421 - 13:43:12 - SyncCompt - 828659256
20150422 - 03:32:51 - SyncStart - 828659256
20150422 - 03:46:32 - SyncSuccd - 0
20150422 - 03:46:35 - SyncCompt - 831354660
20150422 - 13:32:20 - SyncStart - 831354660
20150422 - 14:20:19 - SyncSuccd - 0
20150422 - 14:20:24 - SyncCompt - 833567912
20150423 - 03:32:19 - SyncStart - 833567912
20150423 - 03:41:37 - SyncSuccd - 0
20150423 - 03:41:38 - SyncCompt - 829998732
20150423 - 13:32:06 - SyncStart - 829998732
20150423 - 13:43:04 - SyncSuccd - 0
20150423 - 13:43:07 - SyncCompt - 831437604
20150424 - 03:32:13 - SyncStart - 831437604
20150424 - 03:43:02 - SyncSuccd - 0
20150424 - 03:43:04 - SyncCompt - 831593040
20150424 - 13:32:06 - SyncStart - 831593040
20150424 - 13:40:52 - SyncSuccd - 0
20150424 - 13:40:53 - SyncCompt - 828397284
20150425 - 03:32:05 - SyncStart - 830818904
20150425 - 03:42:05 - SyncError - 23
20150425 - 03:43:07 - SyncCompt - 830684644
20150425 - 03:43:08 - SyncStart - 830684644
20150425 - 03:53:34 - SyncSuccd - 0
20150425 - 03:53:35 - SyncCompt - 830685896
20150425 - 13:32:08 - SyncStart - 830685896
20150425 - 13:32:15 - SyncError - 12
20150425 - 13:33:17 - SyncCompt - 830685888
20150425 - 13:33:18 - SyncStart - 830685888
20150425 - 13:51:00 - SyncError - 12
20150425 - 13:52:01 - SyncCompt - 830685884
20150425 - 13:52:02 - SyncStart - 830685884
20150425 - 14:01:34 - SyncSuccd - 0
20150425 - 14:01:36 - SyncCompt - 719771472
20150426 - 03:32:06 - SyncStart - 719771472
20150426 - 03:40:13 - SyncSuccd - 0
20150426 - 03:40:15 - SyncCompt - 717870108
20150426 - 13:32:04 - SyncStart - 717870108
20150426 - 13:32:22 - SyncError - 12
20150426 - 13:33:24 - SyncCompt - 705962088
20150426 - 13:33:25 - SyncStart - 705962088
20150426 - 14:03:42 - SyncSuccd - 0
20150426 - 14:03:44 - SyncCompt - 718718288
20150427 - 03:32:05 - SyncStart - 718718288
20150427 - 03:41:32 - SyncSuccd - 0
20150427 - 03:41:34 - SyncCompt - 718716520
20150427 - 13:32:06 - SyncStart - 718716520
20150427 - 13:32:49 - SyncError - 13
20150427 - 13:33:51 - SyncCompt - 718716520
20150427 - 13:33:52 - SyncStart - 718716520
20150427 - 13:35:06 - SyncSuccd - 0
20150427 - 13:35:08 - SyncCompt - 718729420
20150428 - 03:32:04 - SyncStart - 718729420
20150428 - 03:36:20 - SyncError - 12
20150428 - 03:37:22 - SyncCompt - 718744124
20150428 - 03:37:23 - SyncStart - 718744124
20150428 - 03:59:10 - SyncSuccd - 0
20150428 - 03:59:13 - SyncCompt - 727308656
20150428 - 13:32:05 - SyncStart - 727308656
20150428 - 13:43:49 - SyncSuccd - 0
20150428 - 13:43:51 - SyncCompt - 727879188
20150429 - 03:32:06 - SyncStart - 727879188
20150429 - 03:41:38 - SyncSuccd - 0
20150429 - 03:41:40 - SyncCompt - 717160476
20150429 - 13:32:05 - SyncStart - 717160476
20150429 - 13:32:40 - SyncError - 10
20150429 - 13:33:42 - SyncCompt - 717160476
20150429 - 13:33:44 - SyncStart - 717160476
20150429 - 13:35:21 - SyncSuccd - 0
20150429 - 13:35:23 - SyncCompt - 717070796
20150430 - 03:32:06 - SyncStart - 717070796
20150430 - 03:45:23 - SyncSuccd - 0
20150430 - 03:45:25 - SyncCompt - 717128160
20150430 - 13:33:18 - SyncStart - 717128160
20150430 - 13:44:55 - SyncSuccd - 0
20150430 - 13:44:57 - SyncCompt - 718067612
20150501 - 03:32:16 - SyncStart - 718067612
20150501 - 03:49:09 - SyncSuccd - 0
20150501 - 03:49:11 - SyncCompt - 716120796
20150501 - 13:32:06 - SyncStart - 716120796
20150501 - 13:43:00 - SyncSuccd - 0
20150501 - 13:43:03 - SyncCompt - 716518904
20150502 - 03:32:05 - SyncStart - 716518904
20150502 - 03:40:15 - SyncSuccd - 0
20150502 - 03:40:17 - SyncCompt - 716332528
20150502 - 13:32:06 - SyncStart - 716332528
20150502 - 13:43:26 - SyncSuccd - 0
20150502 - 13:43:28 - SyncCompt - 716408080
20150503 - 03:32:05 - SyncStart - 716408080
20150503 - 03:40:01 - SyncSuccd - 0
20150503 - 03:40:03 - SyncCompt - 716408016
20150503 - 13:32:06 - SyncStart - 716408016
20150503 - 13:36:57 - SyncError - 12
20150503 - 13:38:06 - SyncCompt - 716379048
20150503 - 13:38:08 - SyncStart - 716379048
20150503 - 13:42:17 - SyncError - 22
20150503 - 13:43:19 - SyncCompt - 716379276
20150503 - 13:43:20 - SyncStart - 716379276
20150503 - 13:43:34 - SyncError - 12
20150503 - 13:44:36 - SyncCompt - 715348764
20150503 - 13:44:37 - SyncStart - 715348764
20150503 - 13:54:52 - SyncSuccd - 0
20150503 - 13:54:54 - SyncCompt - 716432060
20150504 - 03:32:37 - SyncStart - 716432060
20150504 - 03:33:39 - SyncError - 12
20150504 - 03:34:41 - SyncCompt - 716432056
20150504 - 03:34:43 - SyncStart - 716432056
20150504 - 03:36:29 - SyncError - 12
20150504 - 03:37:31 - SyncCompt - 716305444
20150504 - 03:37:32 - SyncStart - 716305444
20150504 - 03:45:27 - SyncSuccd - 0
20150504 - 03:45:29 - SyncCompt - 716431816
20150504 - 13:32:06 - SyncStart - 716431816
20150504 - 13:39:43 - SyncSuccd - 0
20150504 - 13:39:45 - SyncCompt - 716431812
20150505 - 03:32:05 - SyncStart - 716431812
20150505 - 03:32:16 - SyncError - 22
20150505 - 03:33:18 - SyncCompt - 716431820
20150505 - 03:33:19 - SyncStart - 716431820
20150505 - 03:42:12 - SyncSuccd - 0
20150505 - 03:42:14 - SyncCompt - 717004932
20150505 - 13:32:42 - SyncStart - 717004932
20150505 - 13:42:31 - SyncSuccd - 0
20150505 - 13:42:34 - SyncCompt - 717973012
20150506 - 03:32:05 - SyncStart - 717973012
20150506 - 03:36:35 - SyncSuccd - 0
20150506 - 03:36:37 - SyncCompt - 719202732
20150506 - 13:32:08 - SyncStart - 719202732
20150506 - 13:50:18 - SyncSuccd - 0
20150506 - 13:50:23 - SyncCompt - 720033572
20150507 - 03:32:14 - SyncStart - 720033572
20150507 - 04:26:53 - SyncSuccd - 0
20150507 - 04:26:57 - SyncCompt - 730537720
20150507 - 13:32:16 - SyncStart - 730537720
20150507 - 14:04:45 - SyncError - 12
20150507 - 14:06:29 - SyncCompt - 729065880
20150507 - 14:06:31 - SyncStart - 729065880
20150507 - 14:59:22 - SyncSuccd - 0
20150507 - 14:59:26 - SyncCompt - 737722572
20150508 - 03:34:06 - SyncStart - 737722572
20150508 - 03:45:14 - SyncError - 23
20150508 - 03:46:20 - SyncCompt - 740367052
20150508 - 03:46:21 - SyncStart - 740367052
20150508 - 03:53:57 - SyncSuccd - 0
20150508 - 03:53:59 - SyncCompt - 737362740
20150508 - 13:33:18 - SyncStart - 737362740
20150508 - 13:43:14 - SyncSuccd - 0
20150508 - 13:43:16 - SyncCompt - 735727516
20150509 - 03:32:06 - SyncStart - 735727516
20150509 - 03:46:30 - SyncSuccd - 0
20150509 - 03:46:32 - SyncCompt - 737610140
20150509 - 13:32:21 - SyncStart - 737610140
20150509 - 13:57:38 - SyncError - 134
20150509 - 13:58:40 - SyncCompt - 737912548
20150509 - 13:58:42 - SyncStart - 737912548
20150509 - 14:05:00 - SyncError - 12
20150509 - 14:06:03 - SyncCompt - 737955336
20150509 - 14:06:04 - SyncStart - 737955336
20150509 - 14:19:32 - SyncError - 12
20150509 - 14:20:34 - SyncCompt - 738033268
20150509 - 14:20:36 - SyncStart - 738033268
20150509 - 14:32:35 - SyncError - 23
20150509 - 14:33:36 - SyncCompt - 738063112
20150509 - 14:33:38 - SyncStart - 738063112
20150509 - 14:36:05 - SyncError - 12
20150509 - 14:37:07 - SyncCompt - 738062452
20150510 - 03:32:06 - SyncStart - 738062452
20150510 - 03:43:45 - SyncSuccd - 0
20150510 - 03:43:48 - SyncCompt - 739764096
20150510 - 13:32:07 - SyncStart - 739764096
20150510 - 15:12:24 - SyncSuccd - 0
20150510 - 15:12:27 - SyncCompt - 740671108
20150511 - 03:32:15 - SyncStart - 740671108
20150511 - 03:40:44 - SyncSuccd - 0
20150511 - 03:40:46 - SyncCompt - 740918956
20150511 - 13:32:06 - SyncStart - 740918956
20150511 - 13:33:08 - SyncError - 12
20150511 - 13:34:10 - SyncCompt - 740918996
20150511 - 13:34:11 - SyncStart - 740918996
20150511 - 13:34:41 - SyncError - 22
20150511 - 13:35:42 - SyncCompt - 736038420
20150511 - 13:35:44 - SyncStart - 736038420
20150511 - 14:00:05 - SyncSuccd - 0
20150511 - 14:00:08 - SyncCompt - 741157164
20150512 - 03:32:06 - SyncStart - 741157164
20150512 - 03:37:42 - SyncError - 12
20150512 - 03:38:44 - SyncCompt - 741184728
20150512 - 03:38:45 - SyncStart - 741184728
20150512 - 03:49:22 - SyncSuccd - 0
20150512 - 03:49:25 - SyncCompt - 743349732
20150512 - 13:32:27 - SyncStart - 743349732
20150512 - 13:34:10 - SyncSuccd - 0
20150512 - 13:34:12 - SyncCompt - 743521756
20150513 - 03:33:43 - SyncStart - 743521756
20150513 - 03:57:30 - SyncSuccd - 0
20150513 - 03:57:32 - SyncCompt - 746652496
20150513 - 13:32:43 - SyncStart - 746652496
20150513 - 13:46:24 - SyncSuccd - 0
20150513 - 13:46:27 - SyncCompt - 748640812
20150514 - 03:32:07 - SyncStart - 748640812
20150514 - 04:04:07 - SyncSuccd - 0
20150514 - 04:04:10 - SyncCompt - 752470140
20150514 - 13:32:28 - SyncStart - 752470140
20150514 - 14:16:45 - SyncSuccd - 0
20150514 - 14:16:49 - SyncCompt - 753965628
20150515 - 03:32:06 - SyncStart - 753965628
20150515 - 03:53:48 - SyncSuccd - 0
20150515 - 03:53:51 - SyncCompt - 753396080
20150515 - 13:32:07 - SyncStart - 753396080
20150515 - 13:43:34 - SyncSuccd - 0
20150515 - 13:43:37 - SyncCompt - 753680180
20150516 - 03:32:54 - SyncStart - 753680180
20150516 - 03:43:44 - SyncError - 12
20150516 - 03:44:54 - SyncCompt - 752070988
20150516 - 03:44:55 - SyncStart - 752070988
20150516 - 03:45:55 - SyncError - 12
20150516 - 03:46:56 - SyncCompt - 752070836
20150516 - 03:46:58 - SyncStart - 752070836
20150516 - 04:08:40 - SyncSuccd - 0
20150516 - 04:08:44 - SyncCompt - 754552676
20150516 - 13:32:42 - SyncStart - 754552676
20150516 - 13:48:59 - SyncSuccd - 0
20150516 - 13:49:03 - SyncCompt - 754581764
20150517 - 03:33:56 - SyncStart - 754581764
20150517 - 03:56:29 - SyncSuccd - 0
20150517 - 03:56:32 - SyncCompt - 754571508
20150517 - 13:32:41 - SyncStart - 754571508
20150517 - 13:43:47 - SyncSuccd - 0
20150517 - 13:43:49 - SyncCompt - 754810692
20150518 - 03:33:15 - SyncStart - 754810692
20150518 - 03:42:09 - SyncSuccd - 0
20150518 - 03:42:11 - SyncCompt - 754668672
20150518 - 13:32:30 - SyncStart - 754668672
20150518 - 13:44:18 - SyncSuccd - 0
20150518 - 13:44:20 - SyncCompt - 755035648
20150519 - 03:33:41 - SyncStart - 755035648
20150519 - 03:41:58 - SyncError - 12
20150519 - 03:43:22 - SyncCompt - 754779048
20150519 - 03:43:24 - SyncStart - 754779048
20150519 - 04:37:49 - SyncSuccd - 0
20150519 - 04:37:53 - SyncCompt - 760388056
20150519 - 13:32:20 - SyncStart - 760388056
20150519 - 13:44:17 - SyncSuccd - 0
20150519 - 13:44:20 - SyncCompt - 761366380
20150520 - 03:32:06 - SyncStart - 761366384
20150520 - 03:48:16 - SyncSuccd - 0
20150520 - 03:48:19 - SyncCompt - 759727004
20150520 - 13:32:17 - SyncStart - 759727004
20150520 - 13:50:50 - SyncSuccd - 0
20150520 - 13:50:53 - SyncCompt - 760149632
20150521 - 03:33:47 - SyncStart - 760149632
20150521 - 03:49:58 - SyncSuccd - 0
20150521 - 03:50:00 - SyncCompt - 759435164
20150521 - 13:32:26 - SyncStart - 759435164
20150521 - 13:42:52 - SyncSuccd - 0
20150521 - 13:42:55 - SyncCompt - 759569864
20150522 - 03:34:35 - SyncStart - 759569864
20150522 - 03:54:32 - SyncSuccd - 0
20150522 - 03:54:35 - SyncCompt - 761573492
20150522 - 13:32:07 - SyncStart - 761573492
20150522 - 13:42:58 - SyncSuccd - 0
20150522 - 13:43:01 - SyncCompt - 762036904
20150523 - 03:34:40 - SyncStart - 762036904
20150523 - 04:27:08 - SyncSuccd - 0
20150523 - 04:27:14 - SyncCompt - 760218744
20150523 - 13:32:45 - SyncStart - 760218744
20150523 - 13:44:22 - SyncSuccd - 0
20150523 - 13:44:26 - SyncCompt - 760050452
20150524 - 03:35:01 - SyncStart - 760050452
20150524 - 03:47:38 - SyncSuccd - 0
20150524 - 03:47:40 - SyncCompt - 758788368
20150524 - 13:32:41 - SyncStart - 758788368
20150524 - 13:49:44 - SyncSuccd - 0
20150524 - 13:49:47 - SyncCompt - 758898704
20150525 - 03:34:10 - SyncStart - 758898704
20150525 - 03:46:51 - SyncSuccd - 0
20150525 - 03:46:53 - SyncCompt - 759917152
20150525 - 13:32:25 - SyncStart - 759917152
20150525 - 13:40:40 - SyncSuccd - 0
20150525 - 13:40:42 - SyncCompt - 759993212
20150526 - 03:34:40 - SyncStart - 759993212
20150526 - 03:43:02 - SyncSuccd - 0
20150526 - 03:43:06 - SyncCompt - 760883252
20150526 - 13:32:45 - SyncStart - 760883252
20150526 - 13:45:33 - SyncSuccd - 0
20150526 - 13:45:38 - SyncCompt - 762260156
20150527 - 03:35:02 - SyncStart - 762260156
20150527 - 03:48:25 - SyncSuccd - 0
20150527 - 03:48:29 - SyncCompt - 762910168
20150527 - 13:32:38 - SyncStart - 762910168
20150527 - 13:42:13 - SyncSuccd - 0
20150527 - 13:42:16 - SyncCompt - 762946656
20150528 - 03:33:07 - SyncStart - 762946656
20150528 - 03:45:34 - SyncSuccd - 0
20150528 - 03:45:36 - SyncCompt - 762912184
20150528 - 13:32:35 - SyncStart - 762912184
20150528 - 13:42:36 - SyncSuccd - 0
20150528 - 13:42:39 - SyncCompt - 763438004
20150529 - 03:34:48 - SyncStart - 763438004
20150529 - 03:47:25 - SyncSuccd - 0
20150529 - 03:47:37 - SyncCompt - 763337004
20150529 - 13:33:03 - SyncStart - 763337004
20150529 - 14:58:32 - SyncSuccd - 0
20150529 - 14:59:22 - SyncCompt - 762992040
20150530 - 03:35:33 - SyncStart - 762992040
20150530 - 03:53:57 - SyncSuccd - 0
20150530 - 03:54:08 - SyncCompt - 765168988
20150530 - 13:32:16 - SyncStart - 765168988
20150530 - 13:49:39 - SyncError - 23
20150530 - 13:50:47 - SyncCompt - 768566780
20150530 - 13:50:50 - SyncStart - 768566780
20150530 - 14:01:53 - SyncSuccd - 0
20150530 - 14:01:56 - SyncCompt - 767965596
20150531 - 03:35:55 - SyncStart - 767965596
20150531 - 03:42:56 - SyncSuccd - 0
20150531 - 03:42:58 - SyncCompt - 768612112
20150531 - 13:32:39 - SyncStart - 768612112
20150531 - 13:42:58 - SyncSuccd - 0
20150531 - 13:43:01 - SyncCompt - 767640488
20150601 - 03:34:43 - SyncStart - 767640488
20150601 - 03:45:44 - SyncSuccd - 0
20150601 - 03:45:48 - SyncCompt - 767476180
20150601 - 13:33:09 - SyncStart - 767476180
20150601 - 13:35:21 - SyncSuccd - 0
20150601 - 13:35:24 - SyncCompt - 767152212
20150602 - 03:32:42 - SyncStart - 767152212
20150602 - 04:18:11 - SyncSuccd - 0
20150602 - 04:18:15 - SyncCompt - 768323808
20150602 - 13:32:15 - SyncStart - 768323808
20150602 - 13:36:56 - SyncSuccd - 0
20150602 - 13:37:00 - SyncCompt - 768721912
20150603 - 03:32:31 - SyncStart - 768721912
20150603 - 03:51:50 - SyncSuccd - 0
20150603 - 03:51:53 - SyncCompt - 769472900
20150603 - 13:32:54 - SyncStart - 769472900
20150603 - 13:51:51 - SyncSuccd - 0
20150603 - 13:51:55 - SyncCompt - 770653540
20150604 - 03:35:26 - SyncStart - 770653540
20150604 - 04:02:43 - SyncSuccd - 0
20150604 - 04:02:49 - SyncCompt - 775238672
20150604 - 13:32:35 - SyncStart - 775238672
20150604 - 13:43:10 - SyncSuccd - 0
20150604 - 13:43:19 - SyncCompt - 774624292
20150605 - 03:35:30 - SyncStart - 774624292
20150605 - 03:46:37 - SyncSuccd - 0
20150605 - 03:46:41 - SyncCompt - 774779516
20150605 - 13:33:18 - SyncStart - 774779516
20150605 - 13:43:43 - SyncSuccd - 0
20150605 - 13:43:47 - SyncCompt - 774687228
20150606 - 03:35:25 - SyncStart - 774687228
20150606 - 03:48:49 - SyncSuccd - 0
20150606 - 03:48:52 - SyncCompt - 775315328
20150606 - 13:32:28 - SyncStart - 775315328
20150606 - 13:48:26 - SyncSuccd - 0
20150606 - 13:48:32 - SyncCompt - 775319520
20150607 - 03:36:28 - SyncStart - 775319520
20150607 - 03:48:04 - SyncSuccd - 0
20150607 - 03:48:06 - SyncCompt - 775483404
20150607 - 13:33:01 - SyncStart - 775483404
20150607 - 13:35:01 - SyncSuccd - 0
20150607 - 13:35:04 - SyncCompt - 775406440
20150608 - 03:34:57 - SyncStart - 775406440
20150608 - 03:45:21 - SyncSuccd - 0
20150608 - 03:45:23 - SyncCompt - 775122764
20150608 - 13:34:22 - SyncStart - 775122764
20150608 - 13:43:35 - SyncSuccd - 0
20150608 - 13:43:39 - SyncCompt - 775218588
20150609 - 03:35:35 - SyncStart - 775218588
20150609 - 03:46:14 - SyncSuccd - 0
20150609 - 03:46:16 - SyncCompt - 775569956
20150609 - 13:32:16 - SyncStart - 775569956
20150609 - 13:47:59 - SyncSuccd - 0
20150609 - 13:48:02 - SyncCompt - 775841220
20150610 - 03:35:25 - SyncStart - 775841220
20150610 - 04:10:38 - SyncSuccd - 0
20150610 - 04:10:44 - SyncCompt - 782939400
20150610 - 13:34:00 - SyncStart - 782939400
20150610 - 13:47:10 - SyncSuccd - 0
20150610 - 13:47:15 - SyncCompt - 784835512
20150611 - 03:35:51 - SyncStart - 784835512
20150611 - 03:56:03 - SyncSuccd - 0
20150611 - 03:56:10 - SyncCompt - 784629412
20150611 - 13:33:32 - SyncStart - 784629412
20150611 - 13:48:42 - SyncSuccd - 0
20150611 - 13:48:48 - SyncCompt - 785396240
20150612 - 03:35:43 - SyncStart - 785396240
20150612 - 03:54:53 - SyncSuccd - 0
20150612 - 03:54:57 - SyncCompt - 784534140
20150612 - 13:34:00 - SyncStart - 784534140
20150612 - 13:45:40 - SyncSuccd - 0
20150612 - 13:45:48 - SyncCompt - 784661064
20150613 - 03:35:06 - SyncStart - 784661064
20150613 - 03:48:32 - SyncSuccd - 0
20150613 - 03:48:37 - SyncCompt - 784590600
20150613 - 13:33:42 - SyncStart - 784590600
20150613 - 13:43:44 - SyncSuccd - 0
20150613 - 13:43:51 - SyncCompt - 784938292
20150614 - 03:35:08 - SyncStart - 784938292
20150614 - 03:44:23 - SyncSuccd - 0
20150614 - 03:44:25 - SyncCompt - 785049020
20150614 - 13:33:42 - SyncStart - 785049020
20150614 - 13:52:33 - SyncSuccd - 0
20150614 - 13:52:38 - SyncCompt - 785837036
20150615 - 03:35:09 - SyncStart - 785837036
20150615 - 03:39:40 - SyncSuccd - 0
20150615 - 03:39:42 - SyncCompt - 786451220
20150615 - 13:34:10 - SyncStart - 786451224
20150615 - 13:45:26 - SyncSuccd - 0
20150615 - 13:45:30 - SyncCompt - 786428404
20150616 - 03:35:08 - SyncStart - 786428404
20150616 - 04:10:34 - SyncSuccd - 0
20150616 - 04:10:43 - SyncCompt - 792424992
20150616 - 13:33:36 - SyncStart - 792424992
20150616 - 13:57:54 - SyncSuccd - 0
20150616 - 13:57:59 - SyncCompt - 792657144
20150617 - 03:35:33 - SyncStart - 792657144
20150617 - 03:58:28 - SyncSuccd - 0
20150617 - 03:58:32 - SyncCompt - 794787332
20150617 - 13:33:46 - SyncStart - 794787332
20150617 - 13:47:38 - SyncSuccd - 0
20150617 - 13:47:41 - SyncCompt - 794171152
20150618 - 03:35:10 - SyncStart - 794171152
20150618 - 03:54:04 - SyncSuccd - 0
20150618 - 03:54:10 - SyncCompt - 796272360
20150618 - 13:33:38 - SyncStart - 796272364
20150618 - 13:43:27 - SyncSuccd - 0
20150618 - 13:43:32 - SyncCompt - 796562996
20150619 - 03:35:12 - SyncStart - 796562996
20150619 - 03:55:41 - SyncSuccd - 0
20150619 - 03:55:46 - SyncCompt - 798487604
20150619 - 13:32:23 - SyncStart - 798487608
20150619 - 13:50:00 - SyncSuccd - 0
20150619 - 13:50:04 - SyncCompt - 800661556
20150620 - 03:35:23 - SyncStart - 800661556
20150620 - 03:41:10 - SyncSuccd - 0
20150620 - 03:41:17 - SyncCompt - 800535444
20150620 - 13:32:55 - SyncStart - 800535444
20150620 - 14:16:41 - SyncSuccd - 0
20150620 - 14:16:46 - SyncCompt - 800655980
20150621 - 03:35:10 - SyncStart - 800655980
20150621 - 03:53:12 - SyncSuccd - 0
20150621 - 03:53:20 - SyncCompt - 801101948
20150621 - 13:33:15 - SyncStart - 801101948
20150621 - 13:48:25 - SyncSuccd - 0
20150621 - 13:48:27 - SyncCompt - 799388616
20150622 - 03:35:41 - SyncStart - 799388616
20150622 - 03:46:06 - SyncSuccd - 0
20150622 - 03:46:07 - SyncCompt - 799091580
20150622 - 13:33:52 - SyncStart - 799091580
20150622 - 13:42:17 - SyncSuccd - 0
20150622 - 13:42:22 - SyncCompt - 799317064
20150623 - 03:35:20 - SyncStart - 799317064
20150623 - 04:01:26 - SyncSuccd - 0
20150623 - 04:01:30 - SyncCompt - 802718480
20150623 - 13:33:52 - SyncStart - 802718484
20150623 - 13:40:17 - SyncSuccd - 0
20150623 - 13:40:21 - SyncCompt - 803200988
20150624 - 03:35:15 - SyncStart - 803200988
20150624 - 03:58:59 - SyncSuccd - 0
20150624 - 03:59:05 - SyncCompt - 806532768
20150624 - 13:34:10 - SyncStart - 806532772
20150624 - 13:49:24 - SyncSuccd - 0
20150624 - 13:49:34 - SyncCompt - 807537488
20150625 - 03:35:32 - SyncStart - 807537488
20150625 - 04:08:38 - SyncSuccd - 0
20150625 - 04:08:44 - SyncCompt - 809345172
20150625 - 13:33:57 - SyncStart - 809345172
20150625 - 13:37:29 - SyncSuccd - 0
20150625 - 13:37:33 - SyncCompt - 809054316
20150626 - 03:35:17 - SyncStart - 809054320
20150626 - 03:48:38 - SyncSuccd - 0
20150626 - 03:48:45 - SyncCompt - 806636364
20150626 - 13:34:12 - SyncStart - 806636364
20150626 - 13:52:37 - SyncSuccd - 0
20150626 - 13:52:43 - SyncCompt - 806607548
20150627 - 03:36:03 - SyncStart - 806607548
20150627 - 03:47:09 - SyncSuccd - 0
20150627 - 03:47:23 - SyncCompt - 806721848
20150627 - 13:33:58 - SyncStart - 806721848
20150627 - 13:44:29 - SyncSuccd - 0
20150627 - 13:44:42 - SyncCompt - 807436504
20150628 - 03:35:38 - SyncStart - 807436504
20150628 - 03:53:04 - SyncSuccd - 0
20150628 - 03:53:18 - SyncCompt - 809465508
20150628 - 13:33:15 - SyncStart - 809465520
20150628 - 13:42:37 - SyncSuccd - 0
20150628 - 13:42:40 - SyncCompt - 809418904
20150629 - 03:35:25 - SyncStart - 809418904
20150629 - 03:46:44 - SyncSuccd - 0
20150629 - 03:46:47 - SyncCompt - 809138212
20150629 - 13:34:02 - SyncStart - 809138212
20150629 - 13:46:11 - SyncSuccd - 0
20150629 - 13:46:18 - SyncCompt - 809202148
20150630 - 03:35:41 - SyncStart - 809202148
20150630 - 03:58:21 - SyncError - 23
20150630 - 03:59:31 - SyncCompt - 811382204
20150630 - 03:59:34 - SyncStart - 811382204
20150630 - 04:07:35 - SyncSuccd - 0
20150630 - 04:07:40 - SyncCompt - 811233352
20150630 - 13:34:15 - SyncStart - 811233352
20150630 - 13:47:29 - SyncSuccd - 0
20150630 - 13:47:33 - SyncCompt - 811798304
20150701 - 03:35:28 - SyncStart - 811798304
20150701 - 03:59:16 - SyncSuccd - 0
20150701 - 03:59:20 - SyncCompt - 816748080
20150701 - 13:34:01 - SyncStart - 816748080
20150701 - 13:36:14 - SyncSuccd - 0
20150701 - 13:36:18 - SyncCompt - 816833984
20150702 - 03:34:12 - SyncStart - 816833984
20150702 - 03:53:24 - SyncSuccd - 0
20150702 - 03:53:32 - SyncCompt - 814975416
20150702 - 13:34:03 - SyncStart - 814975416
20150702 - 13:36:58 - SyncSuccd - 0
20150702 - 13:37:06 - SyncCompt - 815180252
20150703 - 03:35:37 - SyncStart - 815180252
20150703 - 03:57:48 - SyncSuccd - 0
20150703 - 03:57:55 - SyncCompt - 813793380
20150703 - 13:34:27 - SyncStart - 813793380
20150703 - 13:44:09 - SyncSuccd - 0
20150703 - 13:44:18 - SyncCompt - 813614152
20150704 - 03:35:57 - SyncStart - 813614152
20150704 - 03:58:11 - SyncSuccd - 0
20150704 - 03:58:17 - SyncCompt - 816376748
20150704 - 13:34:08 - SyncStart - 816376748
20150704 - 13:58:56 - SyncSuccd - 0
20150704 - 13:59:08 - SyncCompt - 814782164
20150705 - 03:36:15 - SyncStart - 814782164
20150705 - 03:44:35 - SyncSuccd - 0
20150705 - 03:44:38 - SyncCompt - 813079860
20150705 - 13:33:33 - SyncStart - 813079860
20150705 - 14:08:33 - SyncSuccd - 0
20150705 - 14:08:39 - SyncCompt - 813001556
20150706 - 03:35:49 - SyncStart - 813001556
20150706 - 03:38:48 - SyncSuccd - 0
20150706 - 03:38:50 - SyncCompt - 812167600
20150706 - 13:34:07 - SyncStart - 812167600
20150706 - 13:46:10 - SyncSuccd - 0
20150706 - 13:46:17 - SyncCompt - 812278060
20150707 - 03:35:06 - SyncStart - 812278060
20150707 - 03:47:23 - SyncSuccd - 0
20150707 - 03:47:25 - SyncCompt - 813375928
20150707 - 13:33:21 - SyncStart - 813375928
20150707 - 13:53:36 - SyncSuccd - 0
20150707 - 13:53:51 - SyncCompt - 815228380
20150708 - 03:35:25 - SyncStart - 815228380
20150708 - 03:57:05 - SyncSuccd - 0
20150708 - 03:57:08 - SyncCompt - 816935004
20150708 - 13:34:51 - SyncStart - 816935004
20150708 - 13:47:03 - SyncSuccd - 0
20150708 - 13:47:06 - SyncCompt - 816851120
20150709 - 03:35:58 - SyncStart - 816851120
20150709 - 03:53:25 - SyncSuccd - 0
20150709 - 03:53:28 - SyncCompt - 816895776
20150709 - 13:34:23 - SyncStart - 816895776
20150709 - 14:00:55 - SyncSuccd - 0
20150709 - 14:01:01 - SyncCompt - 819247620
20150710 - 03:35:41 - SyncStart - 819247620
20150710 - 03:56:40 - SyncSuccd - 0
20150710 - 03:56:43 - SyncCompt - 821639076
20150710 - 13:34:21 - SyncStart - 821639076
20150710 - 14:12:27 - SyncSuccd - 0
20150710 - 14:12:34 - SyncCompt - 830043744
20150711 - 03:36:51 - SyncStart - 830043752
20150711 - 03:55:25 - SyncSuccd - 0
20150711 - 03:55:28 - SyncCompt - 830009644
20150711 - 13:34:31 - SyncStart - 830009648
20150711 - 13:46:32 - SyncError - 24
20150711 - 13:47:42 - SyncCompt - 823934816
20150711 - 13:47:44 - SyncStart - 823934816
20150711 - 13:56:53 - SyncSuccd - 0
20150711 - 13:56:55 - SyncCompt - 823937456
20150712 - 03:36:09 - SyncStart - 823937456
20150712 - 03:56:47 - SyncSuccd - 0
20150712 - 03:56:51 - SyncCompt - 823818112
20150712 - 13:33:49 - SyncStart - 823818112
20150712 - 13:42:33 - SyncSuccd - 0
20150712 - 13:42:38 - SyncCompt - 822704960
20150713 - 03:35:18 - SyncStart - 822704960
20150713 - 03:49:13 - SyncSuccd - 0
20150713 - 03:49:15 - SyncCompt - 822109948
20150713 - 13:34:08 - SyncStart - 822109948
20150713 - 13:54:30 - SyncSuccd - 0
20150713 - 13:54:33 - SyncCompt - 822827480
20150714 - 03:35:33 - SyncStart - 822827480
20150714 - 03:55:22 - SyncSuccd - 0
20150714 - 03:55:24 - SyncCompt - 823682376
20150714 - 13:34:00 - SyncStart - 823682376
20150714 - 13:36:09 - SyncSuccd - 0
20150714 - 13:36:13 - SyncCompt - 823560816
20150715 - 03:35:24 - SyncStart - 823560816
20150715 - 03:52:30 - SyncSuccd - 0
20150715 - 03:52:34 - SyncCompt - 823951748
20150715 - 13:34:09 - SyncStart - 823951748
20150715 - 13:45:13 - SyncSuccd - 0
20150715 - 13:45:26 - SyncCompt - 824491788
20150716 - 03:37:10 - SyncStart - 824491788
20150716 - 03:54:13 - SyncSuccd - 0
20150716 - 03:54:16 - SyncCompt - 826093540
20150716 - 13:33:59 - SyncStart - 826093540
20150716 - 13:45:58 - SyncSuccd - 0
20150716 - 13:46:06 - SyncCompt - 827151168
20150717 - 03:35:37 - SyncStart - 827151168
20150717 - 03:44:51 - SyncSuccd - 0
20150717 - 03:45:17 - SyncCompt - 827288272
20150717 - 13:34:01 - SyncStart - 827288276
20150717 - 13:45:24 - SyncSuccd - 0
20150717 - 13:45:32 - SyncCompt - 826370736
20150718 - 03:36:48 - SyncStart - 826370736
20150718 - 04:03:23 - SyncSuccd - 0
20150718 - 04:03:29 - SyncCompt - 826702788
20150718 - 13:33:31 - SyncStart - 826702792
20150718 - 13:49:14 - SyncSuccd - 0
20150718 - 13:49:17 - SyncCompt - 827022048
20150719 - 03:35:10 - SyncStart - 827022048
20150719 - 03:48:30 - SyncSuccd - 0
20150719 - 03:48:34 - SyncCompt - 826771636
20150719 - 13:35:06 - SyncStart - 826771636
20150719 - 13:37:03 - SyncSuccd - 0
20150719 - 13:37:07 - SyncCompt - 826838560
20150720 - 03:35:33 - SyncStart - 826838564
20150720 - 03:50:13 - SyncSuccd - 0
20150720 - 03:50:15 - SyncCompt - 827249188
20150720 - 13:32:41 - SyncStart - 827494356
20150720 - 13:44:21 - SyncSuccd - 0
20150720 - 13:44:23 - SyncCompt - 827502248
20150721 - 03:34:37 - SyncStart - 827502248
20150721 - 03:45:29 - SyncSuccd - 0
20150721 - 03:45:31 - SyncCompt - 828074552
20150721 - 13:33:43 - SyncStart - 828074552
20150721 - 14:10:02 - SyncSuccd - 0
20150721 - 14:10:10 - SyncCompt - 831558752
20150722 - 03:35:45 - SyncStart - 831558752
20150722 - 03:45:06 - SyncSuccd - 0
20150722 - 03:45:08 - SyncCompt - 832761136
20150722 - 13:33:57 - SyncStart - 832761160
20150722 - 14:02:25 - SyncSuccd - 0
20150722 - 14:02:34 - SyncCompt - 830518240
20150723 - 03:35:26 - SyncStart - 830518240
20150723 - 03:54:20 - SyncSuccd - 0
20150723 - 03:54:23 - SyncCompt - 831145372
20150723 - 13:34:54 - SyncStart - 831145372
20150723 - 13:50:53 - SyncSuccd - 0
20150723 - 13:51:55 - SyncCompt - 833178868
20150724 - 03:36:06 - SyncStart - 833178868
20150724 - 03:57:04 - SyncSuccd - 0
20150724 - 03:57:09 - SyncCompt - 833390104
20150724 - 13:34:43 - SyncStart - 833390108
20150724 - 13:50:09 - SyncSuccd - 0
20150724 - 13:50:20 - SyncCompt - 835780780
20150725 - 03:37:27 - SyncStart - 835780780
20150725 - 03:57:42 - SyncSuccd - 0
20150725 - 03:57:46 - SyncCompt - 835998692
20150725 - 13:35:12 - SyncStart - 835998692
20150725 - 13:52:09 - SyncSuccd - 0
20150725 - 13:52:44 - SyncCompt - 834070468
20150726 - 03:37:11 - SyncStart - 834070468
20150726 - 03:50:43 - SyncSuccd - 0
20150726 - 03:52:19 - SyncCompt - 831626288
20150726 - 13:35:48 - SyncStart - 831626288
20150726 - 13:50:53 - SyncSuccd - 0
20150726 - 13:51:51 - SyncCompt - 831244920
20150727 - 03:35:48 - SyncStart - 831244920
20150727 - 03:42:21 - SyncSuccd - 0
20150727 - 03:42:24 - SyncCompt - 832331412
20150727 - 13:34:56 - SyncStart - 832331424
20150727 - 13:46:43 - SyncSuccd - 0
20150727 - 13:47:20 - SyncCompt - 832466612
20150728 - 03:34:19 - SyncStart - 832466612
20150728 - 03:54:25 - SyncSuccd - 0
20150728 - 03:54:28 - SyncCompt - 834110228
20150728 - 13:34:04 - SyncStart - 834110228
20150728 - 13:52:13 - SyncSuccd - 0
20150728 - 13:52:24 - SyncCompt - 834709972
20150729 - 03:34:07 - SyncStart - 834709972
20150729 - 03:50:50 - SyncSuccd - 0
20150729 - 03:50:53 - SyncCompt - 834527428
20150729 - 13:34:06 - SyncStart - 834527428
20150729 - 13:51:03 - SyncSuccd - 0
20150729 - 13:51:14 - SyncCompt - 834752316
20150730 - 03:34:09 - SyncStart - 834752320
20150730 - 04:18:42 - SyncSuccd - 0
20150730 - 04:18:46 - SyncCompt - 834464512
20150730 - 13:34:38 - SyncStart - 834464512
20150730 - 13:46:22 - SyncSuccd - 0
20150730 - 13:46:27 - SyncCompt - 834862772
20150731 - 03:34:07 - SyncStart - 834862772
20150731 - 04:16:47 - SyncSuccd - 0
20150731 - 04:16:58 - SyncCompt - 839293240
20150731 - 13:34:12 - SyncStart - 839293240
20150731 - 13:47:50 - SyncSuccd - 0
20150731 - 13:48:07 - SyncCompt - 840322340
20150801 - 03:35:17 - SyncStart - 840322340
20150801 - 03:59:07 - SyncError - 12
20150801 - 04:00:19 - SyncCompt - 842473892
20150801 - 04:00:21 - SyncStart - 842473892
20150801 - 04:03:55 - SyncError - 12
20150801 - 04:04:58 - SyncCompt - 842474056
20150801 - 04:04:59 - SyncStart - 842474056
20150801 - 04:08:09 - SyncError - 12
20150801 - 04:09:11 - SyncCompt - 842473936
20150801 - 04:09:12 - SyncStart - 842473936
20150801 - 04:09:27 - SyncError - 12
20150801 - 04:10:28 - SyncCompt - 842471872
20150801 - 04:10:30 - SyncStart - 842471872
20150801 - 04:12:42 - SyncError - 12
20150801 - 04:13:44 - SyncCompt - 842471872
20150801 - 13:34:18 - SyncStart - 842471872
20150801 - 13:38:12 - SyncError - 12
20150801 - 13:39:23 - SyncCompt - 842471552
20150801 - 13:39:25 - SyncStart - 842471552
20150801 - 13:42:45 - SyncError - 12
20150801 - 13:43:46 - SyncCompt - 842471556
20150801 - 13:43:48 - SyncStart - 842471556
20150801 - 13:44:04 - SyncError - 12
20150801 - 13:45:06 - SyncCompt - 842471564
20150801 - 13:45:08 - SyncStart - 842471564
20150801 - 13:47:20 - SyncError - 12
20150801 - 13:48:22 - SyncCompt - 842471556
20150801 - 13:48:24 - SyncStart - 842471556
20150801 - 13:50:22 - SyncError - 12
20150801 - 13:51:24 - SyncCompt - 842471564
20150802 - 03:35:34 - SyncStart - 842471564
20150802 - 03:41:28 - SyncError - 12
20150802 - 03:42:40 - SyncCompt - 842744488
20150802 - 03:42:43 - SyncStart - 842744488
20150802 - 03:42:51 - SyncError - 12
20150802 - 03:43:54 - SyncCompt - 842744488
20150802 - 03:43:55 - SyncStart - 842744488
20150802 - 03:44:08 - SyncError - 12
20150802 - 03:45:09 - SyncCompt - 842744488
20150802 - 03:45:11 - SyncStart - 842744488
20150802 - 03:45:20 - SyncError - 12
20150802 - 03:46:22 - SyncCompt - 842744488
20150802 - 03:46:23 - SyncStart - 842744488
20150802 - 03:46:32 - SyncError - 12
20150802 - 03:47:34 - SyncCompt - 842744492
20150802 - 13:34:30 - SyncStart - 842744492
20150802 - 13:34:41 - SyncError - 12
20150802 - 13:35:45 - SyncCompt - 842744488
20150802 - 13:35:47 - SyncStart - 842744488
20150802 - 13:35:58 - SyncError - 12
20150802 - 13:37:00 - SyncCompt - 842744488
20150802 - 13:37:02 - SyncStart - 842744488
20150802 - 13:37:13 - SyncError - 12
20150802 - 13:38:15 - SyncCompt - 842744488
20150802 - 13:38:17 - SyncStart - 842744488
20150802 - 13:38:22 - SyncError - 12
20150802 - 13:39:24 - SyncCompt - 842744496
20150802 - 13:39:26 - SyncStart - 842744496
20150802 - 13:39:39 - SyncError - 12
20150802 - 13:40:41 - SyncCompt - 842744492
20150803 - 03:35:00 - SyncStart - 842744492
20150803 - 03:35:28 - SyncError - 12
20150803 - 03:36:31 - SyncCompt - 842744496
20150803 - 03:36:33 - SyncStart - 842744496
20150803 - 03:37:03 - SyncError - 12
20150803 - 03:38:05 - SyncCompt - 842744496
20150803 - 03:38:07 - SyncStart - 842744496
20150803 - 03:38:40 - SyncError - 12
20150803 - 03:39:42 - SyncCompt - 842744492
20150803 - 03:39:43 - SyncStart - 842744492
20150803 - 03:40:23 - SyncError - 10
20150803 - 03:41:25 - SyncCompt - 842744492
20150803 - 03:41:27 - SyncStart - 842744492
20150803 - 03:41:35 - SyncError - 12
20150803 - 03:42:38 - SyncCompt - 842744496
20150803 - 13:34:12 - SyncStart - 842744496
20150803 - 13:34:19 - SyncError - 12
20150803 - 13:35:22 - SyncCompt - 842744492
20150803 - 13:35:23 - SyncStart - 842744492
20150803 - 13:35:30 - SyncError - 12
20150803 - 13:36:31 - SyncCompt - 842744492
20150803 - 13:36:33 - SyncStart - 842744492
20150803 - 13:36:42 - SyncError - 12
20150803 - 13:37:44 - SyncCompt - 842744488
20150803 - 13:37:45 - SyncStart - 842744488
20150803 - 13:37:51 - SyncError - 12
20150803 - 13:38:53 - SyncCompt - 842744492
20150803 - 13:38:54 - SyncStart - 842744492
20150803 - 13:39:05 - SyncError - 12
20150803 - 13:40:07 - SyncCompt - 842744488
20150804 - 03:35:07 - SyncStart - 842744488
20150804 - 03:35:26 - SyncError - 12
20150804 - 03:36:29 - SyncCompt - 842744488
20150804 - 03:36:31 - SyncStart - 842744488
20150804 - 03:36:42 - SyncError - 12
20150804 - 03:37:44 - SyncCompt - 842744488
20150804 - 03:37:46 - SyncStart - 842744488
20150804 - 03:37:53 - SyncError - 12
20150804 - 03:38:55 - SyncCompt - 842744492
20150804 - 03:38:57 - SyncStart - 842744492
20150804 - 03:39:08 - SyncError - 12
20150804 - 03:40:10 - SyncCompt - 842744488
20150804 - 03:40:11 - SyncStart - 842744488
20150804 - 03:40:23 - SyncError - 12
20150804 - 03:41:25 - SyncCompt - 842744488
20150804 - 06:50:01 - SyncStart - 849699088
20150804 - 06:59:00 - SyncSuccd - 0
20150804 - 06:59:03 - SyncCompt - 849724488
20150804 - 13:34:53 - SyncStart - 849724488
20150804 - 13:38:36 - SyncSuccd - 0
20150804 - 13:38:49 - SyncCompt - 850052108
20150805 - 03:34:50 - SyncStart - 850052108
20150805 - 04:23:45 - SyncSuccd - 0
20150805 - 04:23:53 - SyncCompt - 855142860
20150805 - 13:34:34 - SyncStart - 855142860
20150805 - 13:37:43 - SyncError - 12
20150805 - 13:38:47 - SyncCompt - 855306928
20150805 - 13:38:49 - SyncStart - 855306928
20150805 - 13:40:55 - SyncError - 12
20150805 - 13:41:57 - SyncCompt - 855306920
20150805 - 13:41:59 - SyncStart - 855306920
20150805 - 13:42:10 - SyncError - 12
20150805 - 13:43:12 - SyncCompt - 855306928
20150805 - 13:43:13 - SyncStart - 855306928
20150805 - 13:44:50 - SyncError - 12
20150805 - 13:45:52 - SyncCompt - 855306928
20150805 - 13:45:54 - SyncStart - 855306928
20150805 - 13:47:25 - SyncError - 12
20150805 - 13:48:27 - SyncCompt - 855306920
20150806 - 03:34:55 - SyncStart - 855306920
20150806 - 03:36:53 - SyncError - 12
20150806 - 03:37:55 - SyncCompt - 855311556
20150806 - 03:37:57 - SyncStart - 855311556
20150806 - 03:38:14 - SyncError - 12
20150806 - 03:39:16 - SyncCompt - 855311564
20150806 - 03:39:17 - SyncStart - 855311564
20150806 - 03:39:48 - SyncError - 12
20150806 - 03:40:50 - SyncCompt - 855311564
20150806 - 03:40:52 - SyncStart - 855311564
20150806 - 03:41:23 - SyncError - 12
20150806 - 03:42:25 - SyncCompt - 855311564
20150806 - 03:42:27 - SyncStart - 855311564
20150806 - 03:43:01 - SyncError - 12
20150806 - 03:44:02 - SyncCompt - 855311556
20150806 - 13:32:49 - SyncStart - 855311556
20150806 - 13:33:19 - SyncError - 12
20150806 - 13:34:22 - SyncCompt - 855311676
20150806 - 13:34:23 - SyncStart - 855311676
20150806 - 13:34:56 - SyncError - 12
20150806 - 13:35:58 - SyncCompt - 855311676
20150806 - 13:36:00 - SyncStart - 855311676
20150806 - 13:36:31 - SyncError - 12
20150806 - 13:37:33 - SyncCompt - 855311676
20150806 - 13:37:34 - SyncStart - 855311676
20150806 - 13:38:06 - SyncError - 12
20150806 - 13:39:08 - SyncCompt - 855311676
20150806 - 13:39:09 - SyncStart - 855311676
20150806 - 13:39:44 - SyncError - 12
20150806 - 13:40:46 - SyncCompt - 855311668
20150807 - 03:35:26 - SyncStart - 855311668
20150807 - 03:39:23 - SyncError - 12
20150807 - 03:40:26 - SyncCompt - 855313080
20150807 - 03:40:27 - SyncStart - 855313080
20150807 - 03:41:58 - SyncError - 12
20150807 - 03:43:00 - SyncCompt - 855313072
20150807 - 03:43:01 - SyncStart - 855313072
20150807 - 03:45:53 - SyncError - 12
20150807 - 03:46:55 - SyncCompt - 855312992
20150807 - 03:46:56 - SyncStart - 855312992
20150807 - 03:47:59 - SyncError - 12
20150807 - 03:49:01 - SyncCompt - 855312992
20150807 - 03:49:02 - SyncStart - 855312992
20150807 - 03:49:43 - SyncError - 12
20150807 - 03:50:45 - SyncCompt - 855312992
20150807 - 13:34:53 - SyncStart - 855312992
20150807 - 13:57:18 - SyncError - 12
20150807 - 13:58:28 - SyncCompt - 857028452
20150807 - 13:58:30 - SyncStart - 857028452
20150807 - 14:00:43 - SyncError - 12
20150807 - 14:01:46 - SyncCompt - 857028600
20150807 - 14:01:48 - SyncStart - 857028600
20150807 - 14:01:58 - SyncError - 12
20150807 - 14:03:00 - SyncCompt - 857018580
20150807 - 14:03:01 - SyncStart - 857018580
20150807 - 14:05:18 - SyncError - 12
20150807 - 14:06:21 - SyncCompt - 857018580
20150807 - 14:06:22 - SyncStart - 857018580
20150807 - 14:06:33 - SyncError - 12
20150807 - 14:07:35 - SyncCompt - 857018588
20150808 - 03:33:18 - SyncStart - 864965804
20150808 - 03:53:33 - SyncSuccd - 0
20150808 - 03:53:55 - SyncCompt - 866139112
20150808 - 13:33:38 - SyncStart - 866139112
20150808 - 13:52:18 - SyncSuccd - 0
20150808 - 13:52:22 - SyncCompt - 865934932
20150809 - 03:36:38 - SyncStart - 865934932
20150809 - 04:04:46 - SyncSuccd - 0
20150809 - 04:04:51 - SyncCompt - 864702632
20150809 - 13:35:02 - SyncStart - 864702632
20150809 - 13:50:01 - SyncSuccd - 0
20150809 - 13:50:03 - SyncCompt - 865139756
20150810 - 03:34:34 - SyncStart - 865139756
20150810 - 04:10:22 - SyncSuccd - 0
20150810 - 04:10:28 - SyncCompt - 865605084
20150810 - 13:34:50 - SyncStart - 865605084
20150810 - 13:37:52 - SyncSuccd - 0
20150810 - 13:37:55 - SyncCompt - 865687620
20150811 - 03:34:55 - SyncStart - 865687620
20150811 - 04:04:23 - SyncSuccd - 0
20150811 - 04:04:27 - SyncCompt - 871027220
20150811 - 13:33:03 - SyncStart - 871027220
20150811 - 14:06:02 - SyncSuccd - 0
20150811 - 14:06:07 - SyncCompt - 873410740
