20150115 - 12:01:30 - SyncStart - 116	.
20150115 - 12:01:33 - SyncError - 10
20150115 - 12:01:33 - SyncCompt - 116	.
20150115 - 12:45:30 - SyncStart - 116	.
20150115 - 12:45:34 - SyncError - 1
20150115 - 12:45:34 - SyncCompt - 116	.
20150115 - 12:46:50 - SyncStart - 116	.
20150115 - 12:46:51 - SyncError - 0
20150115 - 12:46:51 - SyncCompt - 116	.
20150115 - 12:52:29 - SyncStart - 116	.
20150115 - 12:52:30 - SyncSuccd - 0
20150115 - 12:52:30 - SyncCompt - 116	.
20150115 - 12:57:07 - SyncStart - 4	/www/mirrors/UbuntuKylin-releases/
20150115 - 13:03:07 - SyncStart - 1188872	/www/mirrors/UbuntuKylin-releases/
20150115 - 13:55:13 - SyncStart - 6576148	/www/mirrors/UbuntuKylin-releases/
20150115 - 13:55:14 - SyncSuccd - 0
20150115 - 13:55:14 - SyncCompt - 6576148	/www/mirrors/UbuntuKylin-releases/
20150115 - 13:55:49 - SyncStart - 6576148	/www/mirrors/UbuntuKylin-releases/
20150115 - 13:55:50 - SyncSuccd - 0
20150115 - 13:55:50 - SyncCompt - 6576148	/www/mirrors/UbuntuKylin-releases/
20150116 - 04:04:01 - SyncStart - 6576148	/www/mirrors/UbuntuKylin-releases/
20150116 - 04:04:05 - SyncSuccd - 0
20150116 - 04:04:05 - SyncCompt - 6576148	/www/mirrors/UbuntuKylin-releases/
20150117 - 04:04:01 - SyncStart - 6576148	/www/mirrors/UbuntuKylin-releases/
20150117 - 04:04:05 - SyncSuccd - 0
20150117 - 04:04:05 - SyncCompt - 6576148	/www/mirrors/UbuntuKylin-releases/
20150118 - 00:27:12 - SyncStart - 6576148	/www/mirrors/UbuntuKylin-releases/
20150118 - 00:27:12 - SyncError - 1
20150118 - 00:27:12 - SyncCompt - 6576148	/www/mirrors/UbuntuKylin-releases/
20150118 - 00:27:18 - SyncStart - 6576148	/www/mirrors/UbuntuKylin-releases/
20150118 - 00:27:18 - SyncError - 1
20150118 - 00:27:18 - SyncCompt - 6576148	/www/mirrors/UbuntuKylin-releases/
20150118 - 00:28:04 - SyncStart - 6576148	/www/mirrors/UbuntuKylin-releases/
20150118 - 00:28:04 - SyncError - 1
20150118 - 00:28:04 - SyncCompt - 6576148	/www/mirrors/UbuntuKylin-releases/
20150118 - 00:28:49 - SyncStart - 6576148	/www/mirrors/UbuntuKylin-releases/
20150118 - 00:28:54 - SyncSuccd - 0
20150118 - 00:28:54 - SyncCompt - 6576148	/www/mirrors/UbuntuKylin-releases/
20150118 - 00:32:21 - SyncStart - 6576148	/www/mirrors/UbuntuKylin-releases/
20150118 - 00:32:25 - SyncSuccd - 0
20150118 - 00:32:25 - SyncCompt - 6576148	/www/mirrors/UbuntuKylin-releases/
20150118 - 00:32:40 - SyncStart - 6576148	/www/mirrors/UbuntuKylin-releases/
20150118 - 00:32:44 - SyncSuccd - 0
20150118 - 00:32:44 - SyncCompt - 6576148	/www/mirrors/UbuntuKylin-releases/
20150118 - 10:46:10 - SyncStart - 6576148	/www/mirrors/UbuntuKylin-releases/
20150118 - 10:46:14 - SyncSuccd - 0
20150118 - 10:46:14 - SyncCompt - 6576148	/www/mirrors/UbuntuKylin-releases/
20150118 - 10:47:06 - SyncStart - 6576148	/www/mirrors/UbuntuKylin-releases/
20150118 - 10:47:10 - SyncSuccd - 0
20150118 - 10:47:10 - SyncCompt - 6576148	/www/mirrors/UbuntuKylin-releases/
20150118 - 11:23:15 - SyncStart - 6576148	/www/mirrors/UbuntuKylin-releases/
20150118 - 11:23:16 - SyncSuccd - 0
20150118 - 11:23:16 - SyncCompt - 6576148	/www/mirrors/UbuntuKylin-releases/
20150118 - 11:24:40 - SyncStart - 6576148	/www/mirrors/UbuntuKylin-releases/
20150118 - 11:24:41 - SyncSuccd - 0
20150118 - 11:24:41 - SyncCompt - 6576148	/www/mirrors/UbuntuKylin-releases/
20150118 - 11:38:16 - SyncStart - 6576148	/www/mirrors/UbuntuKylin-releases/
20150118 - 11:38:37 - SyncStart - 6576148	/www/mirrors/UbuntuKylin-releases/
20150118 - 11:40:02 - SyncStart - 6576148	/www/mirrors/UbuntuKylin-releases/
20150118 - 11:46:08 - SyncStart - 6576148	/www/mirrors/UbuntuKylin-releases/
20150118 - 11:46:09 - SyncSuccd - 0
20150118 - 11:46:09 - SyncCompt - 6576148	/www/mirrors/UbuntuKylin-releases/
20150118 - 11:53:33 - SyncStart - 6576148
20150118 - 11:53:37 - SyncSuccd - 0
20150118 - 11:53:37 - SyncCompt - 6576148	/www/mirrors/UbuntuKylin-releases/
20150118 - 11:56:57 - SyncStart - 6576148
20150118 - 11:57:01 - SyncSuccd - 0
20150118 - 11:57:01 - SyncCompt - 6576148
20150118 - 11:57:17 - SyncStart - 6576148
20150118 - 11:57:21 - SyncSuccd - 0
20150118 - 11:57:21 - SyncCompt - 6576148
20150119 - 03:52:01 - SyncStart - 6576148
20150119 - 03:52:02 - SyncSuccd - 0
20150119 - 03:52:02 - SyncCompt - 6576148
20150120 - 03:52:01 - SyncStart - 6576148
20150120 - 03:52:05 - SyncSuccd - 0
20150120 - 03:52:05 - SyncCompt - 6576148
20150121 - 03:52:01 - SyncStart - 6576148
20150121 - 03:52:02 - SyncSuccd - 0
20150121 - 03:52:02 - SyncCompt - 6576148
20150122 - 03:52:01 - SyncStart - 6576148
20150122 - 03:52:02 - SyncError - 1
20150122 - 03:52:02 - SyncCompt - 6576148
20150122 - 10:59:20 - SyncStart - 6576148
20150122 - 10:59:21 - SyncSuccd - 0
20150122 - 10:59:21 - SyncCompt - 6576148
20150123 - 03:52:01 - SyncStart - 6576148
20150123 - 03:52:03 - SyncSuccd - 0
20150123 - 03:52:03 - SyncCompt - 6576148
20150124 - 03:52:02 - SyncStart - 6576148
20150124 - 03:52:03 - SyncSuccd - 0
20150124 - 03:52:03 - SyncCompt - 6576148
20150124 - 13:52:02 - SyncStart - 6576148
20150124 - 13:52:03 - SyncSuccd - 0
20150124 - 13:52:03 - SyncCompt - 6576148
20150125 - 03:52:01 - SyncStart - 6576148
20150125 - 03:52:02 - SyncSuccd - 0
20150125 - 03:52:02 - SyncCompt - 6576148
20150125 - 13:52:01 - SyncStart - 6576148
20150125 - 13:52:02 - SyncSuccd - 0
20150125 - 13:52:02 - SyncCompt - 6576148
20150126 - 03:52:01 - SyncStart - 6576148
20150126 - 03:52:02 - SyncSuccd - 0
20150126 - 03:52:02 - SyncCompt - 6576148
20150126 - 13:52:01 - SyncStart - 6576148
20150126 - 13:52:07 - SyncSuccd - 0
20150126 - 13:52:07 - SyncCompt - 6576148
20150127 - 03:52:01 - SyncStart - 6576148
20150127 - 03:52:03 - SyncSuccd - 0
20150127 - 03:52:03 - SyncCompt - 6576148
20150127 - 13:52:01 - SyncStart - 6576148
20150127 - 13:52:03 - SyncSuccd - 0
20150127 - 13:52:03 - SyncCompt - 6576148
20150128 - 03:52:02 - SyncStart - 6576148
20150128 - 03:52:03 - SyncSuccd - 0
20150128 - 03:52:03 - SyncCompt - 6576148
20150128 - 13:52:01 - SyncStart - 6576148
20150128 - 13:52:05 - SyncSuccd - 0
20150128 - 13:52:05 - SyncCompt - 6576148
20150129 - 03:52:01 - SyncStart - 6576148
20150129 - 03:52:03 - SyncSuccd - 0
20150129 - 03:52:03 - SyncCompt - 6576148
20150129 - 13:52:01 - SyncStart - 6576148
20150129 - 13:52:03 - SyncSuccd - 0
20150129 - 13:52:03 - SyncCompt - 6576148
20150130 - 03:52:01 - SyncStart - 6576148
20150130 - 03:52:02 - SyncSuccd - 0
20150130 - 03:52:02 - SyncCompt - 6576148
20150130 - 13:52:01 - SyncStart - 6576148
20150130 - 13:52:03 - SyncSuccd - 0
20150130 - 13:52:03 - SyncCompt - 6576148
20150131 - 03:52:01 - SyncStart - 6576148
20150131 - 03:52:02 - SyncSuccd - 0
20150131 - 03:52:02 - SyncCompt - 6576148
20150131 - 13:52:01 - SyncStart - 6576148
20150131 - 13:52:06 - SyncSuccd - 0
20150131 - 13:52:06 - SyncCompt - 6576148
20150201 - 03:52:01 - SyncStart - 6576148
20150201 - 13:52:01 - SyncStart - 6576148
20150201 - 14:01:07 - SyncSuccd - 0
20150201 - 14:01:07 - SyncCompt - 6576148
20150202 - 03:52:01 - SyncStart - 6576148
20150202 - 03:52:02 - SyncSuccd - 0
20150202 - 03:52:02 - SyncCompt - 6576148
20150202 - 13:52:01 - SyncStart - 6576148
20150202 - 13:52:06 - SyncSuccd - 0
20150202 - 13:52:06 - SyncCompt - 6576148
20150201 - 21:31:49 - SyncSuccd - 137
20150201 - 21:31:49 - SyncCompt - 6576148
20150203 - 03:52:01 - SyncStart - 6576148
20150203 - 03:52:02 - SyncSuccd - 0
20150203 - 03:52:02 - SyncCompt - 6576148
20150203 - 13:52:02 - SyncStart - 6576148
20150203 - 13:52:03 - SyncSuccd - 0
20150203 - 13:52:03 - SyncCompt - 6576148
20150204 - 03:52:01 - SyncStart - 6576148
20150204 - 03:52:02 - SyncSuccd - 0
20150204 - 03:52:02 - SyncCompt - 6576148
20150204 - 13:52:01 - SyncStart - 6576148
20150204 - 13:52:02 - SyncSuccd - 0
20150204 - 13:52:02 - SyncCompt - 6576148
20150205 - 03:52:01 - SyncStart - 6576148
20150205 - 03:52:03 - SyncSuccd - 0
20150205 - 03:52:03 - SyncCompt - 6576148
20150205 - 13:52:01 - SyncStart - 6576148
20150205 - 13:52:06 - SyncSuccd - 0
20150205 - 13:52:06 - SyncCompt - 6576148
20150206 - 03:52:01 - SyncStart - 6576148
20150206 - 03:52:02 - SyncSuccd - 0
20150206 - 03:52:02 - SyncCompt - 6576148
20150206 - 13:52:01 - SyncStart - 6576148
20150206 - 13:52:03 - SyncSuccd - 0
20150206 - 13:52:03 - SyncCompt - 6576148
20150207 - 03:52:01 - SyncStart - 6576148
20150207 - 03:52:02 - SyncSuccd - 0
20150207 - 03:52:02 - SyncCompt - 6576148
20150207 - 13:52:01 - SyncStart - 6576148
20150207 - 13:52:03 - SyncSuccd - 0
20150207 - 13:52:03 - SyncCompt - 6576148
20150208 - 03:52:01 - SyncStart - 6576148
20150208 - 03:52:06 - SyncSuccd - 0
20150208 - 03:52:06 - SyncCompt - 6576148
20150208 - 13:52:01 - SyncStart - 6576148
20150208 - 13:52:06 - SyncSuccd - 0
20150208 - 13:52:06 - SyncCompt - 6576148
20150209 - 03:52:01 - SyncStart - 6576148
20150209 - 03:52:02 - SyncSuccd - 0
20150209 - 03:52:02 - SyncCompt - 6576148
20150209 - 13:52:01 - SyncStart - 6576148
20150209 - 13:52:06 - SyncSuccd - 0
20150209 - 13:52:06 - SyncCompt - 6576148
20150209 - 18:20:14 - SyncStart - 6576148
20150209 - 18:20:16 - SyncSuccd - 0
20150209 - 18:20:16 - SyncCompt - 6576148
20150209 - 18:21:38 - SyncStart - 6576148
20150209 - 18:21:40 - SyncSuccd - 0
20150209 - 18:21:40 - SyncCompt - 6576148
20150209 - 18:28:04 - SyncStart - 6576148
20150209 - 18:28:05 - SyncSuccd - 0
20150209 - 18:28:05 - SyncCompt - 6576148
20150209 - 18:29:20 - SyncStart - 6576148
20150209 - 18:29:22 - SyncSuccd - 0
20150209 - 18:29:22 - SyncCompt - 6576148
20150209 - 18:31:34 - SyncStart - 6576148
20150209 - 18:31:39 - SyncSuccd - 0
20150209 - 18:31:39 - SyncCompt - 6576148
20150209 - 18:33:13 - SyncStart - 6576148
20150209 - 18:33:18 - SyncSuccd - 0
20150209 - 18:33:18 - SyncCompt - 6576148
20150209 - 18:35:34 - SyncStart - 6576148
20150209 - 18:35:39 - SyncSuccd - 0
20150209 - 18:35:39 - SyncCompt - 6576148
20150209 - 18:36:36 - SyncStart - 6576148
20150209 - 18:36:36 - SyncStart - 6576148
20150209 - 18:36:38 - SyncSuccd - 0
20150209 - 18:36:39 - SyncCompt - 6576148
20150209 - 18:36:41 - SyncSuccd - 0
20150209 - 18:36:41 - SyncCompt - 6576148
20150209 - 18:37:51 - SyncStart - 6576148
20150209 - 18:37:53 - SyncSuccd - 0
20150209 - 18:37:53 - SyncCompt - 6576148
20150209 - 18:40:27 - SyncStart - 6576148
20150209 - 18:40:32 - SyncSuccd - 0
20150209 - 18:40:32 - SyncCompt - 6576148
20150209 - 18:41:23 - SyncStart - 6576148
20150209 - 18:41:25 - SyncSuccd - 0
20150209 - 18:41:25 - SyncCompt - 6576148
20150209 - 18:44:15 - SyncStart - 6576148
20150209 - 18:44:17 - SyncSuccd - 0
20150209 - 18:44:17 - SyncCompt - 6576148
20150209 - 19:03:29 - SyncStart - 6576148
20150209 - 19:03:34 - SyncSuccd - 0
20150209 - 19:03:34 - SyncCompt - 6576148
20150209 - 19:11:19 - SyncStart - 6576148
20150209 - 19:11:22 - SyncSuccd - 0
20150209 - 19:11:22 - SyncCompt - 6576148
20150210 - 03:52:01 - SyncStart - 6576148
20150210 - 03:52:03 - SyncSuccd - 0
20150210 - 03:52:03 - SyncCompt - 6576148
20150210 - 13:52:01 - SyncStart - 6576148
20150210 - 13:52:06 - SyncSuccd - 0
20150210 - 13:52:07 - SyncCompt - 6576148
20150211 - 03:52:01 - SyncStart - 6576148
20150211 - 03:52:03 - SyncSuccd - 0
20150211 - 03:52:03 - SyncCompt - 6576148
20150211 - 13:52:01 - SyncStart - 6576148
20150211 - 13:52:03 - SyncSuccd - 0
20150211 - 13:52:03 - SyncCompt - 6576148
20150212 - 03:52:01 - SyncStart - 6576148
20150212 - 03:52:02 - SyncSuccd - 0
20150212 - 03:52:02 - SyncCompt - 6576148
20150212 - 13:52:01 - SyncStart - 6576148
20150212 - 13:52:06 - SyncSuccd - 0
20150212 - 13:52:06 - SyncCompt - 6576148
20150213 - 03:52:01 - SyncStart - 6576148
20150213 - 03:52:03 - SyncSuccd - 0
20150213 - 03:52:03 - SyncCompt - 6576148
20150213 - 13:52:01 - SyncStart - 6576148
20150213 - 13:52:07 - SyncSuccd - 0
20150213 - 13:52:07 - SyncCompt - 6576148
20150214 - 03:52:01 - SyncStart - 6576148
20150214 - 03:52:05 - SyncSuccd - 0
20150214 - 03:52:05 - SyncCompt - 6576148
20150214 - 13:52:01 - SyncStart - 6576148
20150214 - 13:52:07 - SyncSuccd - 0
20150214 - 13:52:07 - SyncCompt - 6576148
20150215 - 03:52:01 - SyncStart - 6576148
20150215 - 03:52:02 - SyncSuccd - 0
20150215 - 03:52:02 - SyncCompt - 6576148
20150215 - 13:52:01 - SyncStart - 6576148
20150215 - 13:52:03 - SyncSuccd - 0
20150215 - 13:52:03 - SyncCompt - 6576148
20150216 - 03:52:01 - SyncStart - 6576148
20150216 - 03:52:02 - SyncSuccd - 0
20150216 - 03:52:02 - SyncCompt - 6576148
20150216 - 13:52:01 - SyncStart - 6576148
20150216 - 13:52:06 - SyncSuccd - 0
20150216 - 13:52:06 - SyncCompt - 6576148
20150217 - 03:52:01 - SyncStart - 6576148
20150217 - 03:52:02 - SyncSuccd - 0
20150217 - 03:52:02 - SyncCompt - 6576148
20150217 - 13:52:01 - SyncStart - 6576148
20150217 - 13:52:03 - SyncSuccd - 0
20150217 - 13:52:03 - SyncCompt - 6576148
20150218 - 03:52:01 - SyncStart - 6576148
20150218 - 03:52:02 - SyncSuccd - 0
20150218 - 03:52:02 - SyncCompt - 6576148
20150218 - 13:52:01 - SyncStart - 6576148
20150218 - 13:52:06 - SyncSuccd - 0
20150218 - 13:52:06 - SyncCompt - 6576148
20150219 - 03:52:01 - SyncStart - 6576148
20150219 - 03:52:06 - SyncSuccd - 0
20150219 - 03:52:06 - SyncCompt - 6576148
20150219 - 13:52:01 - SyncStart - 6576148
20150219 - 13:52:03 - SyncSuccd - 0
20150219 - 13:52:03 - SyncCompt - 6576148
20150220 - 03:52:01 - SyncStart - 6576148
20150220 - 03:52:05 - SyncSuccd - 0
20150220 - 03:52:05 - SyncCompt - 6576148
20150220 - 13:52:01 - SyncStart - 6576148
20150220 - 13:52:03 - SyncSuccd - 0
20150220 - 13:52:03 - SyncCompt - 6576148
20150221 - 03:52:01 - SyncStart - 6576148
20150221 - 03:52:05 - SyncSuccd - 0
20150221 - 03:52:05 - SyncCompt - 6576148
20150221 - 13:52:01 - SyncStart - 6576148
20150221 - 13:52:06 - SyncSuccd - 0
20150221 - 13:52:06 - SyncCompt - 6576148
20150222 - 03:52:01 - SyncStart - 6576148
20150222 - 03:52:02 - SyncSuccd - 0
20150222 - 03:52:02 - SyncCompt - 6576148
20150222 - 13:52:01 - SyncStart - 6576148
20150222 - 13:52:06 - SyncSuccd - 0
20150222 - 13:52:06 - SyncCompt - 6576148
20150223 - 03:52:01 - SyncStart - 6576148
20150223 - 03:52:02 - SyncSuccd - 0
20150223 - 03:52:02 - SyncCompt - 6576148
20150223 - 13:52:01 - SyncStart - 6576148
20150223 - 13:52:04 - SyncSuccd - 0
20150223 - 13:52:04 - SyncCompt - 6576148
20150224 - 03:52:01 - SyncStart - 6576148
20150224 - 03:52:02 - SyncSuccd - 0
20150224 - 03:52:02 - SyncCompt - 6576148
20150224 - 13:52:01 - SyncStart - 6576148
20150224 - 13:52:07 - SyncSuccd - 0
20150224 - 13:52:07 - SyncCompt - 6576148
20150225 - 03:52:01 - SyncStart - 6576148
20150225 - 03:52:05 - SyncSuccd - 0
20150225 - 03:52:05 - SyncCompt - 6576148
20150225 - 13:52:01 - SyncStart - 6576148
20150225 - 13:52:03 - SyncSuccd - 0
20150225 - 13:52:03 - SyncCompt - 6576148
20150226 - 03:52:01 - SyncStart - 6576148
20150226 - 03:52:05 - SyncSuccd - 0
20150226 - 03:52:05 - SyncCompt - 6576148
20150226 - 13:52:01 - SyncStart - 6576148
20150226 - 13:52:03 - SyncSuccd - 0
20150226 - 13:52:03 - SyncCompt - 6576148
20150227 - 03:52:01 - SyncStart - 6576148
20150227 - 03:52:03 - SyncSuccd - 0
20150227 - 03:52:03 - SyncCompt - 6576148
20150227 - 13:52:01 - SyncStart - 6576148
20150227 - 13:52:03 - SyncSuccd - 0
20150227 - 13:52:03 - SyncCompt - 6576148
20150228 - 03:52:01 - SyncStart - 6576148
20150228 - 03:52:02 - SyncSuccd - 0
20150228 - 03:52:02 - SyncCompt - 6576148
20150228 - 13:52:01 - SyncStart - 6576148
20150228 - 13:52:07 - SyncSuccd - 0
20150228 - 13:52:07 - SyncCompt - 6576148
20150301 - 03:52:01 - SyncStart - 6576148
20150301 - 03:52:02 - SyncSuccd - 0
20150301 - 03:52:02 - SyncCompt - 6576148
20150301 - 13:52:01 - SyncStart - 6576148
20150301 - 13:52:03 - SyncSuccd - 0
20150301 - 13:52:03 - SyncCompt - 6576148
20150302 - 03:52:01 - SyncStart - 6576148
20150302 - 03:52:02 - SyncSuccd - 0
20150302 - 03:52:02 - SyncCompt - 6576148
20150302 - 13:52:01 - SyncStart - 6576148
20150302 - 13:52:06 - SyncSuccd - 0
20150302 - 13:52:06 - SyncCompt - 6576148
20150303 - 03:52:02 - SyncStart - 6576148
20150303 - 03:52:03 - SyncSuccd - 0
20150303 - 03:52:03 - SyncCompt - 6576148
20150303 - 13:52:01 - SyncStart - 6576148
20150303 - 13:52:04 - SyncSuccd - 0
20150303 - 13:52:04 - SyncCompt - 6576148
20150304 - 03:52:01 - SyncStart - 6576148
20150304 - 03:52:02 - SyncSuccd - 0
20150304 - 03:52:02 - SyncCompt - 6576148
20150304 - 13:52:01 - SyncStart - 6576148
20150304 - 13:52:03 - SyncSuccd - 0
20150304 - 13:52:03 - SyncCompt - 6576148
20150305 - 03:52:01 - SyncStart - 6576148
20150305 - 03:52:05 - SyncSuccd - 0
20150305 - 03:52:05 - SyncCompt - 6576148
20150305 - 13:52:01 - SyncStart - 6576148
20150305 - 13:52:07 - SyncSuccd - 0
20150305 - 13:52:07 - SyncCompt - 6576148
20150306 - 03:52:01 - SyncStart - 6576148
20150306 - 03:52:06 - SyncSuccd - 0
20150306 - 03:52:06 - SyncCompt - 6576148
20150306 - 13:52:02 - SyncStart - 6576148
20150306 - 13:52:07 - SyncSuccd - 0
20150306 - 13:52:07 - SyncCompt - 6576148
20150307 - 03:52:01 - SyncStart - 6576148
20150307 - 03:52:04 - SyncError - 10
20150307 - 03:52:04 - SyncCompt - 6576148
20150307 - 10:28:13 - SyncStart - 6576148
20150307 - 10:28:16 - SyncError - 10
20150307 - 10:28:16 - SyncCompt - 6576148
20150307 - 10:28:55 - SyncStart - 6576148
20150307 - 10:28:58 - SyncError - 10
20150307 - 10:28:58 - SyncCompt - 6576148
20150307 - 10:32:40 - SyncStart - 6576148
20150307 - 10:32:43 - SyncError - 10
20150307 - 10:32:43 - SyncCompt - 6576148
20150307 - 10:33:02 - SyncStart - 6576148
20150307 - 10:33:05 - SyncError - 10
20150307 - 10:33:05 - SyncCompt - 6576148
20150307 - 10:33:20 - SyncStart - 6576148
20150307 - 10:33:23 - SyncError - 10
20150307 - 10:33:23 - SyncCompt - 6576148
20150307 - 13:52:01 - SyncStart - 6576148
20150307 - 13:52:04 - SyncError - 10
20150307 - 13:52:04 - SyncCompt - 6576148
20150308 - 03:52:01 - SyncStart - 6576148
20150308 - 10:52:04 - freeze - 10
20150308 - 10:52:04 - SyncCompt - 6576148
20150308 - 13:52:01 - SyncStart - 6576148
20150308 - 13:52:01 - freeze - 10
20150308 - 13:52:02 - SyncCompt - 6576148
20150309 - 12:35:09 - SyncStart - 6576148
20150309 - 12:35:11 - SyncSuccd - 0
20150309 - 12:35:11 - SyncCompt - 6576148
20150309 - 13:52:01 - SyncStart - 6576148
20150309 - 13:52:03 - SyncSuccd - 0
20150309 - 13:52:03 - SyncCompt - 6576148
20150310 - 03:52:01 - SyncStart - 6576148
20150310 - 03:52:03 - SyncSuccd - 0
20150310 - 03:52:03 - SyncCompt - 6576148
20150310 - 13:52:01 - SyncStart - 6576148
20150310 - 13:52:09 - SyncSuccd - 0
20150310 - 13:52:09 - SyncCompt - 6576148
20150311 - 03:52:01 - SyncStart - 6576148
20150311 - 03:52:02 - SyncSuccd - 0
20150311 - 03:52:02 - SyncCompt - 6576148
20150311 - 13:52:01 - SyncStart - 6576148
20150311 - 13:52:08 - SyncSuccd - 0
20150311 - 13:52:08 - SyncCompt - 6576148
20150312 - 03:52:01 - SyncStart - 6576148
20150312 - 03:52:02 - SyncSuccd - 0
20150312 - 03:52:02 - SyncCompt - 6576148
20150312 - 13:52:02 - SyncStart - 6576148
20150312 - 13:52:03 - SyncSuccd - 0
20150312 - 13:52:03 - SyncCompt - 6576148
20150313 - 03:52:01 - SyncStart - 6576148
20150313 - 03:52:02 - SyncSuccd - 0
20150313 - 03:52:02 - SyncCompt - 6576148
20150313 - 13:52:02 - SyncStart - 6576148
20150313 - 13:52:04 - SyncSuccd - 0
20150313 - 13:52:04 - SyncCompt - 6576148
20150314 - 03:52:01 - SyncStart - 6576148
20150314 - 03:52:19 - SyncSuccd - 0
20150314 - 03:52:19 - SyncCompt - 6576148
20150314 - 13:52:01 - SyncStart - 6576148
20150314 - 13:52:06 - SyncSuccd - 0
20150314 - 13:52:06 - SyncCompt - 6576148
20150315 - 03:52:01 - SyncStart - 6576148
20150315 - 03:52:03 - SyncSuccd - 0
20150315 - 03:52:03 - SyncCompt - 6576148
20150315 - 13:52:01 - SyncStart - 6576148
20150315 - 13:52:02 - SyncSuccd - 0
20150315 - 13:52:02 - SyncCompt - 6576148
20150316 - 03:52:01 - SyncStart - 6576148
20150316 - 03:52:14 - SyncSuccd - 0
20150316 - 03:52:14 - SyncCompt - 6576148
20150316 - 13:52:01 - SyncStart - 6576148
20150316 - 13:52:14 - SyncSuccd - 0
20150316 - 13:52:14 - SyncCompt - 6576148
20150317 - 03:52:01 - SyncStart - 6576148
20150317 - 03:52:03 - SyncSuccd - 0
20150317 - 03:52:03 - SyncCompt - 6576148
20150317 - 13:52:01 - SyncStart - 6576148
20150317 - 13:52:04 - SyncSuccd - 0
20150317 - 13:52:04 - SyncCompt - 6576148
20150318 - 03:52:01 - SyncStart - 6576148
20150318 - 03:52:02 - SyncSuccd - 0
20150318 - 03:52:02 - SyncCompt - 6576148
20150318 - 13:52:01 - SyncStart - 6576148
20150318 - 13:52:15 - SyncSuccd - 0
20150318 - 13:52:15 - SyncCompt - 6576148
20150319 - 03:52:01 - SyncStart - 6576148
20150319 - 03:52:04 - SyncSuccd - 0
20150319 - 03:52:04 - SyncCompt - 6576148
20150319 - 13:52:01 - SyncStart - 6576148
20150319 - 13:52:07 - SyncSuccd - 0
20150319 - 13:52:07 - SyncCompt - 6576148
20150320 - 03:52:01 - SyncStart - 6576148
20150320 - 03:52:02 - SyncSuccd - 0
20150320 - 03:52:02 - SyncCompt - 6576148
20150320 - 13:52:01 - SyncStart - 6576148
20150320 - 13:52:03 - SyncSuccd - 0
20150320 - 13:52:03 - SyncCompt - 6576148
20150321 - 03:52:01 - SyncStart - 6576148
20150321 - 03:52:02 - SyncSuccd - 0
20150321 - 03:52:02 - SyncCompt - 6576148
20150321 - 13:52:01 - SyncStart - 6576148
20150321 - 13:52:03 - SyncSuccd - 0
20150321 - 13:52:03 - SyncCompt - 6576148
20150322 - 03:52:02 - SyncStart - 6576148
20150322 - 03:52:03 - SyncSuccd - 0
20150322 - 03:52:03 - SyncCompt - 6576148
20150322 - 13:52:01 - SyncStart - 6576148
20150322 - 13:52:03 - SyncSuccd - 0
20150322 - 13:52:03 - SyncCompt - 6576148
20150323 - 03:52:01 - SyncStart - 6576148
20150323 - 03:52:07 - SyncSuccd - 0
20150323 - 03:52:07 - SyncCompt - 6576148
20150323 - 13:52:01 - SyncStart - 6576148
20150323 - 13:52:04 - SyncSuccd - 0
20150323 - 13:52:04 - SyncCompt - 6576148
20150324 - 03:52:01 - SyncStart - 6576148
20150324 - 03:52:02 - SyncSuccd - 0
20150324 - 03:52:02 - SyncCompt - 6576148
20150324 - 13:52:01 - SyncStart - 6576148
20150324 - 13:52:04 - SyncSuccd - 0
20150324 - 13:52:04 - SyncCompt - 6576148
20150325 - 03:52:01 - SyncStart - 6576148
20150325 - 03:52:02 - SyncSuccd - 0
20150325 - 03:52:02 - SyncCompt - 6576148
20150325 - 13:52:01 - SyncStart - 6576148
20150325 - 13:52:04 - SyncSuccd - 0
20150325 - 13:52:04 - SyncCompt - 6576148
20150326 - 03:52:01 - SyncStart - 6576148
20150326 - 03:52:02 - SyncSuccd - 0
20150326 - 03:52:02 - SyncCompt - 6576148
20150326 - 13:52:01 - SyncStart - 6576148
20150326 - 13:52:03 - SyncSuccd - 0
20150326 - 13:52:03 - SyncCompt - 6576148
20150327 - 03:52:01 - SyncStart - 6576148
20150327 - 03:52:02 - SyncSuccd - 0
20150327 - 03:52:02 - SyncCompt - 6576148
20150327 - 13:52:01 - SyncStart - 6576148
20150327 - 13:52:03 - SyncSuccd - 0
20150327 - 13:52:03 - SyncCompt - 6576148
20150328 - 03:52:01 - SyncStart - 6576148
20150328 - 03:52:03 - SyncSuccd - 0
20150328 - 03:52:03 - SyncCompt - 6576148
20150328 - 13:52:01 - SyncStart - 6576148
20150328 - 13:52:04 - SyncSuccd - 0
20150328 - 13:52:04 - SyncCompt - 6576148
20150329 - 03:52:01 - SyncStart - 6576148
20150329 - 03:52:03 - SyncSuccd - 0
20150329 - 03:52:03 - SyncCompt - 6576148
20150329 - 13:52:01 - SyncStart - 6576148
20150329 - 13:52:03 - SyncSuccd - 0
20150329 - 13:52:03 - SyncCompt - 6576148
20150330 - 03:52:01 - SyncStart - 6576148
20150330 - 03:52:14 - SyncSuccd - 0
20150330 - 03:52:14 - SyncCompt - 6576148
20150330 - 13:52:01 - SyncStart - 6576148
20150330 - 13:52:09 - SyncSuccd - 0
20150330 - 13:52:09 - SyncCompt - 6576148
20150331 - 03:52:01 - SyncStart - 6576148
20150331 - 03:52:03 - SyncSuccd - 0
20150331 - 03:52:03 - SyncCompt - 6576148
20150331 - 13:52:01 - SyncStart - 6576148
20150331 - 13:52:15 - SyncSuccd - 0
20150331 - 13:52:15 - SyncCompt - 6576148
20150401 - 03:52:01 - SyncStart - 6576148
20150401 - 03:52:08 - SyncSuccd - 0
20150401 - 03:52:08 - SyncCompt - 6576148
20150401 - 13:52:01 - SyncStart - 6576148
20150401 - 13:52:15 - SyncSuccd - 0
20150401 - 13:52:15 - SyncCompt - 6576148
20150402 - 03:52:01 - SyncStart - 6576148
20150402 - 03:52:14 - SyncSuccd - 0
20150402 - 03:52:14 - SyncCompt - 6576148
20150402 - 13:52:01 - SyncStart - 6576148
20150402 - 18:34:09 - SyncSuccd - 0
20150402 - 18:34:09 - SyncCompt - 10242616
20150403 - 03:52:01 - SyncStart - 10242616
20150403 - 03:52:14 - SyncSuccd - 0
20150403 - 03:52:14 - SyncCompt - 10242616
20150403 - 13:52:01 - SyncStart - 10242616
20150403 - 13:52:15 - SyncSuccd - 0
20150403 - 13:52:15 - SyncCompt - 10242616
20150404 - 03:52:01 - SyncStart - 10242616
20150404 - 03:52:08 - SyncSuccd - 0
20150404 - 03:52:08 - SyncCompt - 10242616
20150404 - 13:52:02 - SyncStart - 10242616
20150404 - 13:52:15 - SyncSuccd - 0
20150404 - 13:52:15 - SyncCompt - 10242616
20150405 - 03:52:01 - SyncStart - 10242616
20150405 - 03:52:01 - SyncSuccd - 0
20150405 - 03:52:01 - SyncCompt - 10242616
20150405 - 13:52:01 - SyncStart - 10242616
20150405 - 13:52:03 - SyncSuccd - 0
20150405 - 13:52:03 - SyncCompt - 10242616
20150406 - 03:52:01 - SyncStart - 10242616
20150406 - 03:52:03 - SyncSuccd - 0
20150406 - 03:52:03 - SyncCompt - 10242616
20150406 - 13:52:01 - SyncStart - 10242616
20150406 - 13:52:09 - SyncSuccd - 0
20150406 - 13:52:09 - SyncCompt - 10242616
20150407 - 03:52:01 - SyncStart - 10242616
20150407 - 03:52:03 - SyncSuccd - 0
20150407 - 03:52:03 - SyncCompt - 10242616
20150407 - 13:52:01 - SyncStart - 10242616
20150407 - 13:52:11 - SyncSuccd - 0
20150407 - 13:52:11 - SyncCompt - 10242616
20150408 - 03:52:01 - SyncStart - 10242616
20150408 - 03:52:03 - SyncSuccd - 0
20150408 - 03:52:03 - SyncCompt - 10242616
20150408 - 13:52:01 - SyncStart - 10242616
20150408 - 13:52:02 - SyncSuccd - 0
20150408 - 13:52:02 - SyncCompt - 10242616
20150409 - 03:52:01 - SyncStart - 10242616
20150409 - 03:52:14 - SyncSuccd - 0
20150409 - 03:52:14 - SyncCompt - 10242616
20150409 - 13:52:01 - SyncStart - 10242616
20150409 - 13:52:02 - SyncSuccd - 0
20150409 - 13:52:02 - SyncCompt - 10242616
20150410 - 03:52:01 - SyncStart - 10242616
20150410 - 03:52:08 - SyncSuccd - 0
20150410 - 03:52:08 - SyncCompt - 10242616
20150410 - 13:52:01 - SyncStart - 10242616
20150410 - 13:52:14 - SyncSuccd - 0
20150410 - 13:52:14 - SyncCompt - 10242616
20150411 - 03:52:01 - SyncStart - 10242616
20150411 - 03:52:02 - SyncSuccd - 0
20150411 - 03:52:02 - SyncCompt - 10242616
20150411 - 13:52:01 - SyncStart - 10242616
20150411 - 13:52:10 - SyncSuccd - 0
20150411 - 13:52:10 - SyncCompt - 10242616
20150412 - 03:52:01 - SyncStart - 10242616
20150412 - 03:52:08 - SyncSuccd - 0
20150412 - 03:52:08 - SyncCompt - 10242616
20150412 - 13:52:01 - SyncStart - 10242616
20150412 - 13:52:03 - SyncSuccd - 0
20150412 - 13:52:03 - SyncCompt - 10242616
20150413 - 03:52:01 - SyncStart - 10242616
20150413 - 03:52:02 - SyncSuccd - 0
20150413 - 03:52:02 - SyncCompt - 10242616
20150413 - 13:52:01 - SyncStart - 10242616
20150413 - 13:52:14 - SyncSuccd - 0
20150413 - 13:52:14 - SyncCompt - 10242616
20150414 - 03:52:01 - SyncStart - 10242616
20150414 - 03:52:14 - SyncSuccd - 0
20150414 - 03:52:14 - SyncCompt - 10242616
20150414 - 13:52:01 - SyncStart - 10242616
20150414 - 13:52:03 - SyncSuccd - 0
20150414 - 13:52:03 - SyncCompt - 10242616
20150415 - 03:52:01 - SyncStart - 10242616
20150415 - 03:52:14 - SyncSuccd - 0
20150415 - 03:52:14 - SyncCompt - 10242616
20150415 - 13:52:01 - SyncStart - 10242616
20150415 - 13:52:09 - SyncSuccd - 0
20150415 - 13:52:09 - SyncCompt - 10242616
20150416 - 03:52:01 - SyncStart - 10242616
20150416 - 03:52:08 - SyncSuccd - 0
20150416 - 03:52:08 - SyncCompt - 10242616
20150416 - 13:52:01 - SyncStart - 10242616
20150416 - 13:52:03 - SyncSuccd - 0
20150416 - 13:52:03 - SyncCompt - 10242616
20150417 - 03:52:01 - SyncStart - 10242616
20150417 - 03:52:02 - SyncSuccd - 0
20150417 - 03:52:02 - SyncCompt - 10242616
20150417 - 13:52:01 - SyncStart - 10242616
20150417 - 13:52:11 - SyncSuccd - 0
20150417 - 13:52:11 - SyncCompt - 10242616
20150418 - 03:52:01 - SyncStart - 10242616
20150418 - 03:52:02 - SyncSuccd - 0
20150418 - 03:52:02 - SyncCompt - 10242616
20150418 - 13:52:01 - SyncStart - 10242616
20150418 - 13:52:20 - SyncSuccd - 0
20150418 - 13:52:20 - SyncCompt - 10242616
20150419 - 03:52:01 - SyncStart - 10242616
20150419 - 03:52:02 - SyncSuccd - 0
20150419 - 03:52:02 - SyncCompt - 10242616
20150419 - 13:52:01 - SyncStart - 10242616
20150419 - 13:52:16 - SyncSuccd - 0
20150419 - 13:52:16 - SyncCompt - 10242616
20150420 - 03:52:01 - SyncStart - 10242616
20150420 - 03:52:14 - SyncSuccd - 0
20150420 - 03:52:14 - SyncCompt - 10242616
20150420 - 13:52:01 - SyncStart - 10242616
20150420 - 13:52:19 - SyncSuccd - 0
20150420 - 13:52:19 - SyncCompt - 10242616
20150421 - 03:52:02 - SyncStart - 10242616
20150421 - 03:52:14 - SyncSuccd - 0
20150421 - 03:52:14 - SyncCompt - 10242616
20150421 - 13:52:01 - SyncStart - 10242616
20150421 - 13:52:02 - SyncSuccd - 0
20150421 - 13:52:02 - SyncCompt - 10242616
20150422 - 03:52:01 - SyncStart - 10242616
20150422 - 03:52:02 - SyncSuccd - 0
20150422 - 03:52:02 - SyncCompt - 10242616
20150422 - 13:52:01 - SyncStart - 10242616
20150422 - 13:52:15 - SyncSuccd - 0
20150422 - 13:52:15 - SyncCompt - 10242616
20150423 - 03:52:02 - SyncStart - 10242616
20150423 - 03:52:15 - SyncSuccd - 0
20150423 - 03:52:15 - SyncCompt - 10242616
20150423 - 13:52:01 - SyncStart - 10242616
20150423 - 13:52:19 - SyncSuccd - 0
20150423 - 13:52:19 - SyncCompt - 10242616
20150424 - 03:52:01 - SyncStart - 10242616
20150424 - 03:52:02 - SyncSuccd - 0
20150424 - 03:52:02 - SyncCompt - 10242616
20150424 - 13:52:02 - SyncStart - 10242616
20150424 - 13:52:15 - SyncSuccd - 0
20150424 - 13:52:15 - SyncCompt - 10242616
20150425 - 03:52:01 - SyncStart - 10242616
20150425 - 03:52:14 - SyncSuccd - 0
20150425 - 03:52:14 - SyncCompt - 10242616
20150425 - 13:52:02 - SyncStart - 10242616
20150425 - 13:52:05 - SyncSuccd - 0
20150425 - 13:52:05 - SyncCompt - 10242616
20150426 - 03:52:01 - SyncStart - 10242616
20150426 - 03:52:03 - SyncSuccd - 0
20150426 - 03:52:03 - SyncCompt - 10242616
20150426 - 13:52:01 - SyncStart - 10242616
20150426 - 13:52:21 - SyncSuccd - 0
20150426 - 13:52:21 - SyncCompt - 10242616
20150427 - 03:52:01 - SyncStart - 10242616
20150427 - 03:52:02 - SyncSuccd - 0
20150427 - 03:52:02 - SyncCompt - 10242616
20150427 - 13:52:01 - SyncStart - 10242616
20150427 - 13:52:03 - SyncSuccd - 0
20150427 - 13:52:03 - SyncCompt - 10242616
20150428 - 03:52:01 - SyncStart - 10242616
20150428 - 03:52:05 - SyncSuccd - 0
20150428 - 03:52:05 - SyncCompt - 10242616
20150428 - 13:52:01 - SyncStart - 10242616
20150428 - 13:52:22 - SyncSuccd - 0
20150428 - 13:52:22 - SyncCompt - 10242616
20150429 - 03:52:01 - SyncStart - 10242616
20150429 - 11:58:01 - SyncSuccd - 137
20150429 - 11:58:01 - SyncCompt - 10910524
20150429 - 13:52:01 - SyncStart - 10910524
20150429 - 23:58:02 - SyncSuccd - 137
20150429 - 23:58:02 - SyncCompt - 10347832
20150430 - 03:52:01 - SyncStart - 10347832
20150430 - 11:58:01 - SyncSuccd - 137
20150430 - 11:58:01 - SyncCompt - 10910524
20150430 - 13:52:01 - SyncStart - 10910524
20150430 - 23:58:01 - SyncSuccd - 137
20150430 - 23:58:01 - SyncCompt - 10347832
20150501 - 03:52:01 - SyncStart - 10347832
20150501 - 11:58:01 - SyncSuccd - 137
20150501 - 11:58:01 - SyncCompt - 10347832
20150501 - 13:52:01 - SyncStart - 10347832
20150501 - 23:58:01 - SyncSuccd - 137
20150501 - 23:58:01 - SyncCompt - 10347832
20150502 - 03:52:01 - SyncStart - 10347832
20150502 - 11:58:02 - SyncSuccd - 137
20150502 - 11:58:02 - SyncCompt - 10910524
20150502 - 13:52:01 - SyncStart - 10910524
20150502 - 23:58:01 - SyncSuccd - 137
20150502 - 23:58:01 - SyncCompt - 10347832
20150503 - 03:52:01 - SyncStart - 10347832
20150503 - 11:58:01 - SyncSuccd - 137
20150503 - 11:58:01 - SyncCompt - 10347836
20150503 - 13:52:01 - SyncStart - 10347836
20150503 - 23:58:01 - SyncSuccd - 137
20150503 - 23:58:01 - SyncCompt - 10347832
20150504 - 03:52:01 - SyncStart - 10347832
20150504 - 11:58:01 - SyncSuccd - 137
20150504 - 11:58:01 - SyncCompt - 10910524
20150504 - 13:52:01 - SyncStart - 10910524
20150504 - 23:58:01 - SyncSuccd - 137
20150504 - 23:58:01 - SyncCompt - 10347832
20150505 - 03:52:01 - SyncStart - 10347832
20150505 - 11:58:01 - SyncSuccd - 137
20150505 - 11:58:01 - SyncCompt - 10910524
20150505 - 13:52:01 - SyncStart - 10910524
20150505 - 23:58:02 - SyncSuccd - 137
20150505 - 23:58:02 - SyncCompt - 10347832
20150506 - 03:52:01 - SyncStart - 10347832
20150506 - 11:58:02 - SyncSuccd - 137
20150506 - 11:58:02 - SyncCompt - 10347832
20150506 - 13:52:01 - SyncStart - 10347832
20150506 - 23:58:01 - SyncSuccd - 137
20150506 - 23:58:01 - SyncCompt - 10347836
20150507 - 03:52:01 - SyncStart - 10347836
20150507 - 11:58:01 - SyncSuccd - 137
20150507 - 11:58:01 - SyncCompt - 10347836
20150507 - 13:52:01 - SyncStart - 10347836
20150507 - 23:58:02 - SyncSuccd - 137
20150507 - 23:58:02 - SyncCompt - 10347836
20150508 - 03:52:01 - SyncStart - 10347836
20150508 - 11:58:01 - SyncSuccd - 137
20150508 - 11:58:01 - SyncCompt - 10347832
20150508 - 13:52:01 - SyncStart - 10347832
20150508 - 23:58:02 - SyncSuccd - 137
20150508 - 23:58:02 - SyncCompt - 10347832
20150509 - 03:52:01 - SyncStart - 10347832
20150509 - 11:58:01 - SyncSuccd - 137
20150509 - 11:58:01 - SyncCompt - 10347836
20150509 - 13:52:01 - SyncStart - 10347836
20150509 - 23:58:01 - SyncSuccd - 137
20150509 - 23:58:01 - SyncCompt - 10347832
20150510 - 03:52:01 - SyncStart - 10347832
20150510 - 11:58:01 - SyncSuccd - 137
20150510 - 11:58:01 - SyncCompt - 10347832
20150510 - 13:52:01 - SyncStart - 10347832
20150510 - 23:58:01 - SyncSuccd - 137
20150510 - 23:58:01 - SyncCompt - 10347836
20150511 - 03:52:01 - SyncStart - 10347836
20150511 - 11:58:02 - SyncSuccd - 137
20150511 - 11:58:02 - SyncCompt - 10347832
20150511 - 13:52:01 - SyncStart - 10347832
20150511 - 23:58:01 - SyncSuccd - 137
20150511 - 23:58:01 - SyncCompt - 10347836
20150512 - 03:52:01 - SyncStart - 10347836
20150512 - 11:58:02 - SyncSuccd - 137
20150512 - 11:58:02 - SyncCompt - 10347836
20150512 - 13:52:01 - SyncStart - 10347836
20150512 - 23:58:02 - SyncSuccd - 137
20150512 - 23:58:02 - SyncCompt - 10810684
20150513 - 03:52:01 - SyncStart - 10810684
20150513 - 11:58:01 - SyncSuccd - 137
20150513 - 11:58:01 - SyncCompt - 10347832
20150513 - 13:52:01 - SyncStart - 10347832
20150513 - 23:58:02 - SyncSuccd - 137
20150513 - 23:58:02 - SyncCompt - 10347832
20150514 - 03:52:01 - SyncStart - 10347832
20150514 - 11:58:01 - SyncSuccd - 137
20150514 - 11:58:01 - SyncCompt - 10347832
20150514 - 13:52:01 - SyncStart - 10347832
20150514 - 23:58:01 - SyncSuccd - 137
20150514 - 23:58:01 - SyncCompt - 10347836
20150515 - 03:52:01 - SyncStart - 10347836
20150515 - 11:58:01 - SyncSuccd - 137
20150515 - 11:58:01 - SyncCompt - 10347832
20150515 - 13:52:01 - SyncStart - 10347832
20150515 - 23:58:01 - SyncSuccd - 137
20150515 - 23:58:01 - SyncCompt - 10347832
20150516 - 03:52:01 - SyncStart - 10347832
20150516 - 11:58:01 - SyncSuccd - 137
20150516 - 11:58:01 - SyncCompt - 10347832
20150516 - 13:52:01 - SyncStart - 10347832
20150516 - 23:58:01 - SyncSuccd - 137
20150516 - 23:58:01 - SyncCompt - 10347832
20150517 - 03:52:01 - SyncStart - 10347832
20150517 - 11:58:02 - SyncSuccd - 137
20150517 - 11:58:02 - SyncCompt - 10347832
20150517 - 13:52:01 - SyncStart - 10347832
20150517 - 23:58:01 - SyncSuccd - 137
20150517 - 23:58:02 - SyncCompt - 10347832
20150518 - 03:52:01 - SyncStart - 10347832
20150518 - 11:58:02 - SyncSuccd - 137
20150518 - 11:58:02 - SyncCompt - 10347836
20150518 - 13:52:01 - SyncStart - 10347836
20150518 - 23:58:01 - SyncSuccd - 137
20150518 - 23:58:01 - SyncCompt - 10347832
20150519 - 03:52:01 - SyncStart - 10347832
20150519 - 11:58:01 - SyncSuccd - 137
20150519 - 11:58:01 - SyncCompt - 10910524
20150519 - 13:52:01 - SyncStart - 10910524
20150519 - 23:58:01 - SyncSuccd - 137
20150519 - 23:58:01 - SyncCompt - 10347836
20150520 - 03:52:01 - SyncStart - 10347836
20150520 - 11:58:01 - SyncSuccd - 137
20150520 - 11:58:01 - SyncCompt - 10347836
20150520 - 13:52:01 - SyncStart - 10347836
20150520 - 23:58:01 - SyncSuccd - 137
20150520 - 23:58:01 - SyncCompt - 10347836
20150521 - 03:52:01 - SyncStart - 10347836
20150521 - 11:58:01 - SyncSuccd - 137
20150521 - 11:58:01 - SyncCompt - 10347836
20150521 - 13:52:01 - SyncStart - 10347836
20150521 - 18:29:52 - SyncStart - 10347836
20150522 - 03:52:01 - SyncStart - 10347832
20150522 - 11:58:01 - SyncSuccd - 137
20150522 - 11:58:01 - SyncCompt - 10347836
20150522 - 13:52:01 - SyncStart - 10347836
20150522 - 23:58:01 - SyncSuccd - 137
20150522 - 23:58:01 - SyncCompt - 10347832
20150523 - 03:52:01 - SyncStart - 10347832
20150523 - 11:58:02 - SyncSuccd - 137
20150523 - 11:58:02 - SyncCompt - 10910524
20150523 - 13:52:01 - SyncStart - 10910524
20150523 - 23:58:01 - SyncSuccd - 137
20150523 - 23:58:01 - SyncCompt - 10355772
20150524 - 03:52:01 - SyncStart - 10355772
20150524 - 11:58:01 - SyncSuccd - 137
20150524 - 11:58:01 - SyncCompt - 10347836
20150524 - 13:52:01 - SyncStart - 10347836
20150524 - 23:58:01 - SyncSuccd - 137
20150524 - 23:58:01 - SyncCompt - 10347836
20150525 - 03:52:01 - SyncStart - 10347836
20150525 - 11:58:02 - SyncSuccd - 137
20150525 - 11:58:02 - SyncCompt - 10910524
20150525 - 13:52:01 - SyncStart - 10910524
20150525 - 23:58:02 - SyncSuccd - 137
20150525 - 23:58:02 - SyncCompt - 10347836
20150526 - 03:52:01 - SyncStart - 10347836
20150526 - 11:58:01 - SyncSuccd - 137
20150526 - 11:58:01 - SyncCompt - 10347836
20150526 - 13:52:01 - SyncStart - 10347836
20150526 - 23:58:02 - SyncSuccd - 137
20150526 - 23:58:02 - SyncCompt - 10347832
20150527 - 03:52:01 - SyncStart - 10347832
20150527 - 11:58:01 - SyncSuccd - 137
20150527 - 11:58:01 - SyncCompt - 10910524
20150527 - 13:52:01 - SyncStart - 10910524
20150527 - 23:58:01 - SyncSuccd - 137
20150527 - 23:58:01 - SyncCompt - 10347832
20150528 - 03:52:01 - SyncStart - 10347832
20150528 - 11:58:01 - SyncSuccd - 137
20150528 - 11:58:01 - SyncCompt - 10910524
20150528 - 13:52:01 - SyncStart - 10910524
20150528 - 23:58:01 - SyncSuccd - 137
20150528 - 23:58:01 - SyncCompt - 10347832
20150529 - 03:52:01 - SyncStart - 10347832
20150529 - 06:24:10 - SyncSuccd - 0
20150529 - 06:24:11 - SyncCompt - 23957460
20150529 - 13:52:01 - SyncStart - 23957460
20150529 - 13:52:14 - SyncSuccd - 0
20150529 - 13:52:14 - SyncCompt - 23957460
20150530 - 03:52:02 - SyncStart - 23957460
20150530 - 03:52:03 - SyncSuccd - 0
20150530 - 03:52:03 - SyncCompt - 23957460
20150530 - 13:52:01 - SyncStart - 23957460
20150530 - 13:52:02 - SyncSuccd - 0
20150530 - 13:52:02 - SyncCompt - 23957460
20150531 - 03:52:01 - SyncStart - 23957460
20150531 - 03:52:02 - SyncSuccd - 0
20150531 - 03:52:02 - SyncCompt - 23957460
20150531 - 13:52:01 - SyncStart - 23957460
20150531 - 13:52:02 - SyncSuccd - 0
20150531 - 13:52:02 - SyncCompt - 23957460
20150601 - 03:52:02 - SyncStart - 23957460
20150601 - 03:52:03 - SyncSuccd - 0
20150601 - 03:52:03 - SyncCompt - 23957460
20150601 - 13:52:01 - SyncStart - 23957460
20150601 - 13:52:02 - SyncSuccd - 0
20150601 - 13:52:02 - SyncCompt - 23957460
20150602 - 03:52:01 - SyncStart - 23957460
20150602 - 03:52:02 - SyncSuccd - 0
20150602 - 03:52:02 - SyncCompt - 23957460
20150602 - 13:52:01 - SyncStart - 23957460
20150602 - 13:52:02 - SyncSuccd - 0
20150602 - 13:52:02 - SyncCompt - 23957460
20150603 - 03:52:01 - SyncStart - 23957460
20150603 - 03:52:02 - SyncSuccd - 0
20150603 - 03:52:02 - SyncCompt - 23957460
20150603 - 13:52:01 - SyncStart - 23957460
20150603 - 13:52:02 - SyncSuccd - 0
20150603 - 13:52:02 - SyncCompt - 23957460
20150604 - 03:52:01 - SyncStart - 23957460
20150604 - 03:52:02 - SyncSuccd - 0
20150604 - 03:52:02 - SyncCompt - 23957460
20150604 - 13:52:01 - SyncStart - 23957460
20150604 - 13:52:02 - SyncSuccd - 0
20150604 - 13:52:02 - SyncCompt - 23957460
20150605 - 03:52:02 - SyncStart - 23957460
20150605 - 03:52:15 - SyncSuccd - 0
20150605 - 03:52:15 - SyncCompt - 23957460
20150605 - 13:52:01 - SyncStart - 23957460
20150605 - 13:52:14 - SyncSuccd - 0
20150605 - 13:52:14 - SyncCompt - 23957460
20150606 - 03:52:01 - SyncStart - 23957460
20150606 - 03:52:02 - SyncSuccd - 0
20150606 - 03:52:02 - SyncCompt - 23957460
20150606 - 13:52:01 - SyncStart - 23957460
20150606 - 13:52:14 - SyncSuccd - 0
20150606 - 13:52:14 - SyncCompt - 23957460
20150607 - 03:52:01 - SyncStart - 23957460
20150607 - 03:52:08 - SyncSuccd - 0
20150607 - 03:52:08 - SyncCompt - 23957460
20150607 - 13:52:01 - SyncStart - 23957460
20150607 - 13:52:02 - SyncSuccd - 0
20150607 - 13:52:02 - SyncCompt - 23957460
20150608 - 03:52:01 - SyncStart - 23957460
20150608 - 03:52:14 - SyncSuccd - 0
20150608 - 03:52:14 - SyncCompt - 23957460
20150608 - 13:52:01 - SyncStart - 23957460
20150608 - 13:52:08 - SyncSuccd - 0
20150608 - 13:52:08 - SyncCompt - 23957460
20150609 - 03:52:01 - SyncStart - 23957460
20150609 - 03:52:14 - SyncSuccd - 0
20150609 - 03:52:14 - SyncCompt - 23957460
20150609 - 13:52:01 - SyncStart - 23957460
20150609 - 13:52:14 - SyncSuccd - 0
20150609 - 13:52:14 - SyncCompt - 23957460
20150610 - 03:52:01 - SyncStart - 23957460
20150610 - 03:52:14 - SyncSuccd - 0
20150610 - 03:52:14 - SyncCompt - 23957460
20150610 - 13:52:01 - SyncStart - 23957460
20150610 - 13:52:08 - SyncSuccd - 0
20150610 - 13:52:08 - SyncCompt - 23957460
20150611 - 03:52:02 - SyncStart - 23957460
20150611 - 03:52:02 - SyncSuccd - 0
20150611 - 03:52:03 - SyncCompt - 23957460
20150611 - 13:52:01 - SyncStart - 23957460
20150611 - 13:52:02 - SyncSuccd - 0
20150611 - 13:52:02 - SyncCompt - 23957460
20150612 - 03:52:01 - SyncStart - 23957460
20150612 - 03:52:08 - SyncSuccd - 0
20150612 - 03:52:08 - SyncCompt - 23957460
20150612 - 13:52:01 - SyncStart - 23957460
20150612 - 13:52:14 - SyncSuccd - 0
20150612 - 13:52:14 - SyncCompt - 23957460
20150613 - 03:52:01 - SyncStart - 23957460
20150613 - 03:52:04 - SyncError - 10
20150613 - 03:52:04 - SyncCompt - 23957460
20150613 - 13:52:01 - SyncStart - 23957460
20150613 - 13:52:04 - SyncError - 10
20150613 - 13:52:04 - SyncCompt - 23957460
20150614 - 03:52:01 - SyncStart - 23957460
20150614 - 03:52:04 - SyncError - 10
20150614 - 03:52:04 - SyncCompt - 23957460
20150614 - 13:52:01 - SyncStart - 23957460
20150614 - 13:52:04 - SyncError - 10
20150614 - 13:52:04 - SyncCompt - 23957460
20150614 - 17:05:29 - SyncStart - 23957460
20150614 - 17:05:32 - SyncError - 10
20150614 - 17:05:32 - SyncCompt - 23957460
20150614 - 17:07:48 - SyncStart - 23957460
20150614 - 17:07:51 - SyncError - 10
20150614 - 17:07:51 - SyncCompt - 23957460
20150614 - 18:39:00 - SyncStart - 23957460
20150614 - 18:39:03 - SyncError - 10
20150614 - 18:39:03 - SyncCompt - 23957460
20150614 - 18:39:26 - SyncStart - 23957460
20150614 - 18:39:29 - SyncError - 10
20150614 - 18:39:29 - SyncCompt - 23957460
20150615 - 03:52:01 - SyncStart - 23957460
20150615 - 03:52:04 - SyncError - 10
20150615 - 03:52:04 - SyncCompt - 23957460
20150615 - 10:24:46 - SyncStart - 23957460
20150615 - 10:24:49 - SyncError - 10
20150615 - 10:24:49 - SyncCompt - 23957460
20150615 - 10:24:53 - SyncStart - 23957460
20150615 - 10:24:56 - SyncError - 10
20150615 - 10:24:56 - SyncCompt - 23957460
20150615 - 13:52:01 - SyncStart - 23957460
20150615 - 13:52:04 - SyncError - 10
20150615 - 13:52:04 - SyncCompt - 23957460
20150616 - 03:52:01 - SyncStart - 23957460
20150616 - 03:52:04 - SyncError - 10
20150616 - 03:52:04 - SyncCompt - 23957460
20150616 - 13:52:01 - SyncStart - 23957460
20150616 - 13:52:04 - SyncError - 10
20150616 - 13:52:04 - SyncCompt - 23957460
20150617 - 03:52:01 - SyncStart - 23957460
20150617 - 03:52:02 - SyncSuccd - 0
20150617 - 03:52:02 - SyncCompt - 23957460
20150617 - 13:52:01 - SyncStart - 23957460
20150617 - 13:52:09 - SyncSuccd - 0
20150617 - 13:52:09 - SyncCompt - 23957460
20150618 - 03:52:01 - SyncStart - 23957460
20150618 - 03:52:17 - SyncSuccd - 0
20150618 - 03:52:17 - SyncCompt - 23957460
20150618 - 13:52:01 - SyncStart - 23957460
20150618 - 13:52:17 - SyncSuccd - 0
20150618 - 13:52:17 - SyncCompt - 23957460
20150619 - 03:52:01 - SyncStart - 23957460
20150619 - 03:52:17 - SyncSuccd - 0
20150619 - 03:52:17 - SyncCompt - 23957460
20150619 - 13:52:01 - SyncStart - 23957460
20150619 - 13:52:11 - SyncSuccd - 0
20150619 - 13:52:11 - SyncCompt - 23957460
20150620 - 03:52:01 - SyncStart - 23957460
20150620 - 03:52:25 - SyncSuccd - 0
20150620 - 03:52:25 - SyncCompt - 23957460
20150620 - 13:52:01 - SyncStart - 23957460
20150620 - 13:52:04 - SyncSuccd - 0
20150620 - 13:52:04 - SyncCompt - 23957460
20150621 - 03:52:01 - SyncStart - 23957460
20150621 - 03:52:03 - SyncSuccd - 0
20150621 - 03:52:03 - SyncCompt - 23957460
20150621 - 13:52:01 - SyncStart - 23957460
20150621 - 13:52:02 - SyncSuccd - 0
20150621 - 13:52:02 - SyncCompt - 23957460
20150622 - 03:52:01 - SyncStart - 23957460
20150622 - 03:52:02 - SyncSuccd - 0
20150622 - 03:52:02 - SyncCompt - 23957460
20150622 - 13:52:01 - SyncStart - 23957460
20150622 - 13:52:14 - SyncSuccd - 0
20150622 - 13:52:14 - SyncCompt - 23957460
20150623 - 03:52:02 - SyncStart - 23957460
20150623 - 03:52:09 - SyncSuccd - 0
20150623 - 03:52:09 - SyncCompt - 23957460
20150623 - 13:52:01 - SyncStart - 23957460
20150623 - 13:52:14 - SyncSuccd - 0
20150623 - 13:52:14 - SyncCompt - 23957460
20150624 - 03:52:01 - SyncStart - 23957460
20150624 - 03:52:02 - SyncSuccd - 0
20150624 - 03:52:02 - SyncCompt - 23957460
20150624 - 13:52:01 - SyncStart - 23957460
20150624 - 13:52:20 - SyncSuccd - 0
20150624 - 13:52:20 - SyncCompt - 23957460
20150625 - 03:52:01 - SyncStart - 23957460
20150625 - 03:52:02 - SyncSuccd - 0
20150625 - 03:52:02 - SyncCompt - 23957460
20150625 - 13:52:01 - SyncStart - 23957460
20150625 - 13:52:02 - SyncSuccd - 0
20150625 - 13:52:02 - SyncCompt - 23957460
20150626 - 03:52:01 - SyncStart - 23957460
20150626 - 03:52:04 - SyncError - 10
20150626 - 03:52:05 - SyncCompt - 23957460
20150626 - 13:52:01 - SyncStart - 23957460
20150626 - 13:52:19 - SyncSuccd - 0
20150626 - 13:52:19 - SyncCompt - 23957460
20150627 - 03:52:01 - SyncStart - 23957460
20150627 - 03:52:02 - SyncSuccd - 0
20150627 - 03:52:02 - SyncCompt - 23957460
20150627 - 13:52:01 - SyncStart - 23957460
20150627 - 13:52:02 - SyncSuccd - 0
20150627 - 13:52:02 - SyncCompt - 23957460
20150628 - 03:52:02 - SyncStart - 23957460
20150628 - 03:52:03 - SyncSuccd - 0
20150628 - 03:52:03 - SyncCompt - 23957460
20150628 - 13:52:01 - SyncStart - 23957460
20150628 - 13:52:02 - SyncSuccd - 0
20150628 - 13:52:02 - SyncCompt - 23957460
20150629 - 03:52:01 - SyncStart - 23957460
20150629 - 03:52:21 - SyncSuccd - 0
20150629 - 03:52:21 - SyncCompt - 23957460
20150629 - 13:52:01 - SyncStart - 23957460
20150629 - 13:52:14 - SyncSuccd - 0
20150629 - 13:52:14 - SyncCompt - 23957460
20150630 - 03:52:01 - SyncStart - 23957460
20150630 - 03:52:14 - SyncSuccd - 0
20150630 - 03:52:14 - SyncCompt - 23957460
20150630 - 13:52:02 - SyncStart - 23957460
20150630 - 13:52:14 - SyncSuccd - 0
20150630 - 13:52:14 - SyncCompt - 23957460
20150701 - 03:52:01 - SyncStart - 23957460
20150701 - 03:52:14 - SyncSuccd - 0
20150701 - 03:52:14 - SyncCompt - 23957460
20150701 - 13:52:01 - SyncStart - 23957460
20150701 - 13:52:19 - SyncSuccd - 0
20150701 - 13:52:19 - SyncCompt - 23957460
20150702 - 03:52:01 - SyncStart - 23957460
20150702 - 03:52:09 - SyncSuccd - 0
20150702 - 03:52:09 - SyncCompt - 23957460
20150702 - 13:52:01 - SyncStart - 23957460
20150702 - 13:52:02 - SyncSuccd - 0
20150702 - 13:52:02 - SyncCompt - 23957460
20150703 - 03:52:01 - SyncStart - 23957460
20150703 - 03:52:02 - SyncSuccd - 0
20150703 - 03:52:02 - SyncCompt - 23957460
20150703 - 13:52:01 - SyncStart - 23957460
20150703 - 13:52:13 - SyncSuccd - 0
20150703 - 13:52:13 - SyncCompt - 23957460
20150704 - 03:52:01 - SyncStart - 23957460
20150704 - 03:52:02 - SyncSuccd - 0
20150704 - 03:52:02 - SyncCompt - 23957460
20150704 - 13:52:01 - SyncStart - 23957460
20150704 - 13:52:14 - SyncSuccd - 0
20150704 - 13:52:14 - SyncCompt - 23957460
20150705 - 03:52:01 - SyncStart - 23957460
20150705 - 03:52:19 - SyncSuccd - 0
20150705 - 03:52:19 - SyncCompt - 23957460
20150705 - 13:52:01 - SyncStart - 23957460
20150705 - 13:52:02 - SyncSuccd - 0
20150705 - 13:52:02 - SyncCompt - 23957460
20150706 - 03:52:02 - SyncStart - 23957460
20150706 - 03:52:20 - SyncSuccd - 0
20150706 - 03:52:20 - SyncCompt - 23957460
20150706 - 13:52:01 - SyncStart - 23957460
20150706 - 13:52:02 - SyncSuccd - 0
20150706 - 13:52:02 - SyncCompt - 23957460
20150707 - 03:52:01 - SyncStart - 23957460
20150707 - 03:52:03 - SyncSuccd - 0
20150707 - 03:52:03 - SyncCompt - 23957460
20150707 - 13:52:01 - SyncStart - 23957460
20150707 - 13:52:07 - SyncSuccd - 0
20150707 - 13:52:07 - SyncCompt - 23957460
20150708 - 03:52:01 - SyncStart - 23957460
20150708 - 03:52:14 - SyncSuccd - 0
20150708 - 03:52:14 - SyncCompt - 23957460
20150708 - 13:52:01 - SyncStart - 23957460
20150708 - 13:52:07 - SyncSuccd - 0
20150708 - 13:52:07 - SyncCompt - 23957460
20150709 - 03:52:01 - SyncStart - 23957460
20150709 - 03:52:18 - SyncSuccd - 0
20150709 - 03:52:18 - SyncCompt - 23957460
20150709 - 13:52:01 - SyncStart - 23957460
20150709 - 13:52:24 - SyncSuccd - 0
20150709 - 13:52:24 - SyncCompt - 23957460
20150710 - 03:52:01 - SyncStart - 23957460
20150710 - 03:52:13 - SyncSuccd - 0
20150710 - 03:52:13 - SyncCompt - 23957460
20150710 - 13:52:01 - SyncStart - 23957460
20150710 - 13:52:04 - SyncError - 10
20150710 - 13:52:04 - SyncCompt - 23957460
20150711 - 03:52:01 - SyncStart - 23957460
20150711 - 03:52:08 - SyncSuccd - 0
20150711 - 03:52:08 - SyncCompt - 23957460
20150711 - 13:52:01 - SyncStart - 23957460
20150711 - 13:52:17 - SyncSuccd - 0
20150711 - 13:52:17 - SyncCompt - 23957460
20150712 - 03:52:01 - SyncStart - 23957460
20150712 - 03:52:07 - SyncSuccd - 0
20150712 - 03:52:07 - SyncCompt - 23957460
20150712 - 13:52:01 - SyncStart - 23957460
20150712 - 13:52:02 - SyncSuccd - 0
20150712 - 13:52:02 - SyncCompt - 23957460
20150713 - 03:52:01 - SyncStart - 23957460
20150713 - 03:52:03 - SyncSuccd - 0
20150713 - 03:52:03 - SyncCompt - 23957460
20150713 - 13:52:01 - SyncStart - 23957460
20150713 - 13:52:02 - SyncSuccd - 0
20150713 - 13:52:02 - SyncCompt - 23957460
20150714 - 03:52:02 - SyncStart - 23957460
20150714 - 03:52:03 - SyncSuccd - 0
20150714 - 03:52:03 - SyncCompt - 23957460
20150714 - 13:52:01 - SyncStart - 23957460
20150714 - 13:52:15 - SyncSuccd - 0
20150714 - 13:52:15 - SyncCompt - 23957460
20150715 - 03:52:01 - SyncStart - 23957460
20150715 - 03:52:14 - SyncSuccd - 0
20150715 - 03:52:14 - SyncCompt - 23957460
20150715 - 13:52:01 - SyncStart - 23957460
20150715 - 13:52:19 - SyncSuccd - 0
20150715 - 13:52:19 - SyncCompt - 23957460
20150716 - 03:52:01 - SyncStart - 23957460
20150716 - 03:52:14 - SyncSuccd - 0
20150716 - 03:52:14 - SyncCompt - 23957460
20150716 - 13:52:02 - SyncStart - 23957460
20150716 - 13:52:02 - SyncSuccd - 0
20150716 - 13:52:03 - SyncCompt - 23957460
20150717 - 03:52:01 - SyncStart - 23957460
20150717 - 03:52:02 - SyncSuccd - 0
20150717 - 03:52:02 - SyncCompt - 23957460
20150717 - 13:52:02 - SyncStart - 23957460
20150717 - 13:52:09 - SyncSuccd - 0
20150717 - 13:52:09 - SyncCompt - 23957460
20150718 - 03:52:01 - SyncStart - 23957460
20150718 - 03:52:11 - SyncSuccd - 0
20150718 - 03:52:11 - SyncCompt - 23957460
20150718 - 13:52:01 - SyncStart - 23957460
20150718 - 13:52:09 - SyncSuccd - 0
20150718 - 13:52:09 - SyncCompt - 23957460
20150719 - 03:52:01 - SyncStart - 23957460
20150719 - 03:52:13 - SyncSuccd - 0
20150719 - 03:52:13 - SyncCompt - 23957460
20150719 - 13:52:01 - SyncStart - 23957460
20150719 - 13:52:04 - SyncError - 10
20150719 - 13:52:04 - SyncCompt - 23957460
20150720 - 03:52:01 - SyncStart - 23957460
20150720 - 03:52:02 - SyncSuccd - 0
20150720 - 03:52:02 - SyncCompt - 23957460
20150720 - 13:52:01 - SyncStart - 23957460
20150720 - 13:52:02 - SyncSuccd - 0
20150720 - 13:52:02 - SyncCompt - 23957460
20150721 - 03:52:01 - SyncStart - 23957460
20150721 - 03:52:02 - SyncSuccd - 0
20150721 - 03:52:02 - SyncCompt - 23957460
20150721 - 13:52:01 - SyncStart - 23957460
20150721 - 13:52:02 - SyncSuccd - 0
20150721 - 13:52:02 - SyncCompt - 23957460
20150722 - 03:52:01 - SyncStart - 23957460
20150722 - 03:52:08 - SyncSuccd - 0
20150722 - 03:52:08 - SyncCompt - 23957460
20150722 - 13:52:02 - SyncStart - 23957460
20150722 - 13:52:03 - SyncSuccd - 0
20150722 - 13:52:03 - SyncCompt - 23957460
20150723 - 03:52:02 - SyncStart - 23957460
20150723 - 03:52:14 - SyncSuccd - 0
20150723 - 03:52:14 - SyncCompt - 23957460
20150723 - 13:52:01 - SyncStart - 23957460
20150723 - 13:52:02 - SyncSuccd - 0
20150723 - 13:52:02 - SyncCompt - 23957460
20150724 - 03:52:01 - SyncStart - 23957460
20150724 - 03:52:02 - SyncSuccd - 0
20150724 - 03:52:02 - SyncCompt - 23957460
20150724 - 13:52:01 - SyncStart - 23957460
20150724 - 13:52:02 - SyncSuccd - 0
20150724 - 13:52:02 - SyncCompt - 23957460
20150725 - 03:52:01 - SyncStart - 23957460
20150725 - 03:52:03 - SyncSuccd - 0
20150725 - 03:52:03 - SyncCompt - 23957460
20150725 - 13:52:02 - SyncStart - 23957460
20150725 - 13:52:09 - SyncSuccd - 0
20150725 - 13:52:09 - SyncCompt - 23957460
20150726 - 03:52:01 - SyncStart - 23957460
20150726 - 03:52:02 - SyncSuccd - 0
20150726 - 03:52:02 - SyncCompt - 23957460
20150726 - 13:52:01 - SyncStart - 23957460
20150726 - 13:52:02 - SyncSuccd - 0
20150726 - 13:52:02 - SyncCompt - 23957460
20150727 - 03:52:01 - SyncStart - 23957460
20150727 - 03:52:02 - SyncSuccd - 0
20150727 - 03:52:02 - SyncCompt - 23957460
20150727 - 13:52:01 - SyncStart - 23957460
20150727 - 13:52:03 - SyncSuccd - 0
20150727 - 13:52:03 - SyncCompt - 23957460
20150728 - 03:52:01 - SyncStart - 23957460
20150728 - 03:52:02 - SyncSuccd - 0
20150728 - 03:52:02 - SyncCompt - 23957460
20150728 - 13:52:01 - SyncStart - 23957460
20150728 - 13:52:08 - SyncSuccd - 0
20150728 - 13:52:08 - SyncCompt - 23957460
20150729 - 03:52:01 - SyncStart - 23957460
20150729 - 03:52:02 - SyncSuccd - 0
20150729 - 03:52:02 - SyncCompt - 23957460
20150729 - 13:52:01 - SyncStart - 23957460
20150729 - 13:52:02 - SyncSuccd - 0
20150729 - 13:52:02 - SyncCompt - 23957460
20150730 - 03:52:01 - SyncStart - 23957460
20150730 - 03:52:02 - SyncSuccd - 0
20150730 - 03:52:02 - SyncCompt - 23957460
20150730 - 13:52:01 - SyncStart - 23957460
20150730 - 13:52:02 - SyncSuccd - 0
20150730 - 13:52:02 - SyncCompt - 23957460
20150731 - 03:52:01 - SyncStart - 23957460
20150731 - 03:52:08 - SyncSuccd - 0
20150731 - 03:52:08 - SyncCompt - 23957460
20150731 - 13:52:01 - SyncStart - 23957460
20150731 - 13:52:14 - SyncSuccd - 0
20150731 - 13:52:14 - SyncCompt - 23957460
20150801 - 03:52:01 - SyncStart - 23957460
20150801 - 03:52:02 - SyncSuccd - 0
20150801 - 03:52:02 - SyncCompt - 23957460
20150801 - 13:52:01 - SyncStart - 23957460
20150801 - 13:52:02 - SyncSuccd - 0
20150801 - 13:52:02 - SyncCompt - 23957460
20150802 - 03:52:01 - SyncStart - 23957460
20150802 - 03:52:08 - SyncSuccd - 0
20150802 - 03:52:08 - SyncCompt - 23957460
20150802 - 13:52:01 - SyncStart - 23957460
20150802 - 13:52:02 - SyncSuccd - 0
20150802 - 13:52:02 - SyncCompt - 23957460
20150803 - 03:52:01 - SyncStart - 23957460
20150803 - 03:52:02 - SyncSuccd - 0
20150803 - 03:52:02 - SyncCompt - 23957460
20150803 - 13:52:01 - SyncStart - 23957460
20150803 - 13:52:08 - SyncSuccd - 0
20150803 - 13:52:08 - SyncCompt - 23957460
20150804 - 03:52:01 - SyncStart - 23957460
20150804 - 03:52:02 - SyncSuccd - 0
20150804 - 03:52:02 - SyncCompt - 23957460
20150804 - 13:52:01 - SyncStart - 23957460
20150804 - 13:52:14 - SyncSuccd - 0
20150804 - 13:52:14 - SyncCompt - 23957460
20150805 - 03:52:01 - SyncStart - 23957460
20150805 - 03:52:02 - SyncSuccd - 0
20150805 - 03:52:02 - SyncCompt - 23957460
20150805 - 13:52:01 - SyncStart - 23957460
20150805 - 13:52:02 - SyncSuccd - 0
20150805 - 13:52:02 - SyncCompt - 23957460
20150806 - 03:52:01 - SyncStart - 23957460
20150806 - 03:52:02 - SyncSuccd - 0
20150806 - 03:52:02 - SyncCompt - 23957460
20150806 - 13:52:01 - SyncStart - 23957460
20150806 - 13:52:02 - SyncSuccd - 0
20150806 - 13:52:02 - SyncCompt - 23957460
20150807 - 03:52:01 - SyncStart - 23957460
20150807 - 03:52:02 - SyncSuccd - 0
20150807 - 03:52:02 - SyncCompt - 23957460
20150807 - 13:52:01 - SyncStart - 23957460
20150807 - 13:52:08 - SyncSuccd - 0
20150807 - 13:52:08 - SyncCompt - 23957460
20150808 - 03:52:02 - SyncStart - 23957460
20150808 - 06:14:48 - SyncSuccd - 0
20150808 - 06:14:48 - SyncCompt - 27417308
20150808 - 13:52:02 - SyncStart - 27417308
20150808 - 13:52:02 - SyncSuccd - 0
20150808 - 13:52:02 - SyncCompt - 27417308
20150809 - 03:52:02 - SyncStart - 27417308
20150809 - 03:52:03 - SyncSuccd - 0
20150809 - 03:52:03 - SyncCompt - 27417308
20150809 - 13:52:01 - SyncStart - 27417308
20150809 - 13:52:02 - SyncSuccd - 0
20150809 - 13:52:02 - SyncCompt - 27417308
20150810 - 03:52:01 - SyncStart - 27417308
20150810 - 03:52:03 - SyncSuccd - 0
20150810 - 03:52:03 - SyncCompt - 27417308
20150810 - 13:52:01 - SyncStart - 27417308
20150810 - 13:52:08 - SyncSuccd - 0
20150810 - 13:52:08 - SyncCompt - 27417308
20150811 - 03:52:01 - SyncStart - 27417308
20150811 - 03:52:03 - SyncSuccd - 0
20150811 - 03:52:03 - SyncCompt - 27417308
20150811 - 13:52:01 - SyncStart - 27417308
20150811 - 13:52:02 - SyncSuccd - 0
20150811 - 13:52:02 - SyncCompt - 27417308
