20150121 - 11:35:40 - SyncStart - 102012
20150121 - 11:35:45 - SyncStart - 102012
20150121 - 11:35:46 - SyncError - 12
20150121 - 11:35:46 - SyncCompt - 102012
20150121 - 11:35:45 - SyncStart - 102012
20150121 - 13:17:26 - SyncStart - 40136888
20150121 - 13:17:38 - SyncSuccd - 0
20150121 - 13:17:38 - SyncCompt - 40136888
20150123 - 06:52:01 - SyncStart - 40136888
20150123 - 06:52:12 - SyncSuccd - 0
20150123 - 06:52:12 - SyncCompt - 40136888
20150124 - 06:52:01 - SyncStart - 40136888
20150124 - 06:52:08 - SyncSuccd - 0
20150124 - 06:52:08 - SyncCompt - 40136888
20150124 - 16:52:01 - SyncStart - 40136888
20150124 - 16:52:08 - SyncSuccd - 0
20150124 - 16:52:08 - SyncCompt - 40136888
20150125 - 06:52:01 - SyncStart - 40136888
20150125 - 06:52:08 - SyncSuccd - 0
20150125 - 06:52:08 - SyncCompt - 40136888
20150125 - 16:52:01 - SyncStart - 40136888
20150125 - 16:52:09 - SyncSuccd - 0
20150125 - 16:52:09 - SyncCompt - 40136888
20150126 - 06:52:01 - SyncStart - 40136888
20150126 - 06:52:08 - SyncSuccd - 0
20150126 - 06:52:08 - SyncCompt - 40136888
20150126 - 16:52:01 - SyncStart - 40136888
20150126 - 16:52:09 - SyncSuccd - 0
20150126 - 16:52:09 - SyncCompt - 40136888
20150127 - 06:52:01 - SyncStart - 40136888
20150127 - 06:52:08 - SyncSuccd - 0
20150127 - 06:52:08 - SyncCompt - 40136888
20150127 - 16:52:01 - SyncStart - 40136888
20150127 - 16:52:09 - SyncSuccd - 0
20150127 - 16:52:09 - SyncCompt - 40136888
20150128 - 06:52:02 - SyncStart - 40136888
20150128 - 06:52:08 - SyncSuccd - 0
20150128 - 06:52:08 - SyncCompt - 40136888
20150128 - 16:52:01 - SyncStart - 40136888
20150128 - 16:52:08 - SyncSuccd - 0
20150128 - 16:52:08 - SyncCompt - 40136888
20150129 - 06:52:02 - SyncStart - 40136888
20150129 - 06:52:09 - SyncSuccd - 0
20150129 - 06:52:09 - SyncCompt - 40136888
20150129 - 16:52:01 - SyncStart - 40136888
20150129 - 16:52:08 - SyncSuccd - 0
20150129 - 16:52:08 - SyncCompt - 40136888
20150130 - 06:52:01 - SyncStart - 40136888
20150130 - 06:52:08 - SyncSuccd - 0
20150130 - 06:52:08 - SyncCompt - 40136888
20150130 - 16:52:01 - SyncStart - 40136888
20150130 - 16:52:10 - SyncSuccd - 0
20150130 - 16:52:10 - SyncCompt - 40136888
20150131 - 06:52:02 - SyncStart - 40136888
20150131 - 06:52:09 - SyncSuccd - 0
20150131 - 06:52:09 - SyncCompt - 40136888
20150131 - 16:52:01 - SyncStart - 40136888
20150131 - 16:52:08 - SyncSuccd - 0
20150131 - 16:52:08 - SyncCompt - 40136888
20150201 - 06:52:01 - SyncStart - 40136888
20150201 - 06:52:08 - SyncSuccd - 0
20150201 - 06:52:08 - SyncCompt - 40136888
20150201 - 16:52:02 - SyncStart - 40136888
20150201 - 16:52:15 - SyncSuccd - 0
20150201 - 16:52:15 - SyncCompt - 40136888
20150202 - 06:52:01 - SyncStart - 40136888
20150202 - 06:52:08 - SyncSuccd - 0
20150202 - 06:52:08 - SyncCompt - 40136888
20150202 - 16:52:02 - SyncStart - 40136888
20150202 - 16:52:10 - SyncSuccd - 0
20150202 - 16:52:10 - SyncCompt - 40136888
20150203 - 06:52:01 - SyncStart - 40136888
20150203 - 06:52:08 - SyncSuccd - 0
20150203 - 06:52:08 - SyncCompt - 40136888
20150203 - 16:52:01 - SyncStart - 40136888
20150203 - 16:52:09 - SyncSuccd - 0
20150203 - 16:52:09 - SyncCompt - 40136888
20150204 - 06:52:02 - SyncStart - 40136888
20150204 - 06:53:07 - SyncSuccd - 0
20150204 - 06:53:07 - SyncCompt - 40136888
20150204 - 16:52:01 - SyncStart - 40136888
20150204 - 16:52:09 - SyncSuccd - 0
20150204 - 16:52:09 - SyncCompt - 40136888
20150205 - 06:52:02 - SyncStart - 40136888
20150205 - 06:52:09 - SyncSuccd - 0
20150205 - 06:52:09 - SyncCompt - 40136888
20150205 - 16:52:01 - SyncStart - 40136888
20150205 - 16:52:08 - SyncSuccd - 0
20150205 - 16:52:08 - SyncCompt - 40136888
20150206 - 06:52:01 - SyncStart - 40136888
20150206 - 06:52:08 - SyncSuccd - 0
20150206 - 06:52:08 - SyncCompt - 40136888
20150206 - 16:52:01 - SyncStart - 40136888
20150206 - 16:52:08 - SyncSuccd - 0
20150206 - 16:52:08 - SyncCompt - 40136888
20150207 - 06:52:01 - SyncStart - 40136888
20150207 - 06:52:08 - SyncSuccd - 0
20150207 - 06:52:08 - SyncCompt - 40136888
20150207 - 16:52:01 - SyncStart - 40136888
20150207 - 16:52:12 - SyncSuccd - 0
20150207 - 16:52:12 - SyncCompt - 40136888
20150208 - 06:52:01 - SyncStart - 40136888
20150208 - 06:52:08 - SyncSuccd - 0
20150208 - 06:52:08 - SyncCompt - 40136888
20150208 - 16:52:01 - SyncStart - 40136888
20150208 - 16:52:09 - SyncSuccd - 0
20150208 - 16:52:09 - SyncCompt - 40136888
20150209 - 06:52:01 - SyncStart - 40136888
20150209 - 06:52:07 - SyncSuccd - 0
20150209 - 06:52:07 - SyncCompt - 40136888
20150209 - 20:11:48 - SyncStart - 40136888
20150209 - 20:11:55 - SyncSuccd - 0
20150209 - 20:11:55 - SyncCompt - 40136888
20150209 - 20:12:55 - SyncStart - 40136888
20150209 - 20:13:01 - SyncSuccd - 0
20150209 - 20:13:01 - SyncCompt - 40136888
20150210 - 06:52:01 - SyncStart - 40136888
20150210 - 06:52:08 - SyncSuccd - 0
20150210 - 06:52:08 - SyncCompt - 40136888
20150210 - 16:52:01 - SyncStart - 40136888
20150210 - 16:52:08 - SyncSuccd - 0
20150210 - 16:52:08 - SyncCompt - 40136888
20150211 - 06:52:01 - SyncStart - 40136888
20150211 - 06:52:08 - SyncSuccd - 0
20150211 - 06:52:08 - SyncCompt - 40136888
20150211 - 16:52:01 - SyncStart - 40136888
20150211 - 16:52:13 - SyncSuccd - 0
20150211 - 16:52:13 - SyncCompt - 40136888
20150212 - 06:52:02 - SyncStart - 40136888
20150212 - 06:52:09 - SyncSuccd - 0
20150212 - 06:52:09 - SyncCompt - 40136888
20150212 - 16:52:01 - SyncStart - 40136888
20150212 - 16:52:09 - SyncSuccd - 0
20150212 - 16:52:09 - SyncCompt - 40136888
20150213 - 06:52:01 - SyncStart - 40136888
20150213 - 06:52:07 - SyncSuccd - 0
20150213 - 06:52:07 - SyncCompt - 40136888
20150213 - 16:52:01 - SyncStart - 40136888
20150213 - 16:52:08 - SyncSuccd - 0
20150213 - 16:52:08 - SyncCompt - 40136888
20150214 - 06:52:01 - SyncStart - 40136888
20150214 - 06:52:08 - SyncSuccd - 0
20150214 - 06:52:08 - SyncCompt - 40136888
20150214 - 16:52:01 - SyncStart - 40136888
20150214 - 16:52:08 - SyncSuccd - 0
20150214 - 16:52:08 - SyncCompt - 40136888
20150215 - 06:52:02 - SyncStart - 40136888
20150215 - 06:52:09 - SyncSuccd - 0
20150215 - 06:52:09 - SyncCompt - 40136888
20150215 - 16:52:01 - SyncStart - 40136888
20150215 - 16:52:08 - SyncSuccd - 0
20150215 - 16:52:08 - SyncCompt - 40136888
20150216 - 06:52:01 - SyncStart - 40136888
20150216 - 06:52:08 - SyncSuccd - 0
20150216 - 06:52:08 - SyncCompt - 40136888
20150216 - 16:52:01 - SyncStart - 40136888
20150216 - 16:52:07 - SyncSuccd - 0
20150216 - 16:52:07 - SyncCompt - 40136888
20150217 - 06:52:01 - SyncStart - 40136888
20150217 - 06:52:08 - SyncSuccd - 0
20150217 - 06:52:08 - SyncCompt - 40136888
20150217 - 16:52:01 - SyncStart - 40136888
20150217 - 16:52:09 - SyncSuccd - 0
20150217 - 16:52:09 - SyncCompt - 40136888
20150218 - 06:52:01 - SyncStart - 40136888
20150218 - 06:52:08 - SyncSuccd - 0
20150218 - 06:52:08 - SyncCompt - 40136888
20150218 - 16:52:01 - SyncStart - 40136888
20150218 - 16:52:07 - SyncSuccd - 0
20150218 - 16:52:07 - SyncCompt - 40136888
20150219 - 06:52:01 - SyncStart - 40136888
20150219 - 06:52:08 - SyncSuccd - 0
20150219 - 06:52:08 - SyncCompt - 40136888
20150219 - 16:52:01 - SyncStart - 40136888
20150219 - 16:52:08 - SyncSuccd - 0
20150219 - 16:52:08 - SyncCompt - 40136888
20150220 - 06:52:01 - SyncStart - 40136888
20150220 - 07:32:01 - SyncSuccd - 0
20150220 - 07:32:01 - SyncCompt - 43527296
20150220 - 16:52:01 - SyncStart - 43527296
20150220 - 16:52:09 - SyncSuccd - 0
20150220 - 16:52:09 - SyncCompt - 43527296
20150221 - 06:52:01 - SyncStart - 43527296
20150221 - 06:52:08 - SyncSuccd - 0
20150221 - 06:52:08 - SyncCompt - 43527296
20150221 - 16:52:01 - SyncStart - 43527296
20150221 - 16:52:08 - SyncSuccd - 0
20150221 - 16:52:08 - SyncCompt - 43527296
20150222 - 06:52:01 - SyncStart - 43527296
20150222 - 06:52:09 - SyncSuccd - 0
20150222 - 06:52:09 - SyncCompt - 43527296
20150222 - 16:52:01 - SyncStart - 43527296
20150222 - 16:52:09 - SyncSuccd - 0
20150222 - 16:52:09 - SyncCompt - 43527296
20150223 - 06:52:01 - SyncStart - 43527296
20150223 - 06:52:09 - SyncSuccd - 0
20150223 - 06:52:09 - SyncCompt - 43527296
20150223 - 16:52:01 - SyncStart - 43527296
20150223 - 16:52:08 - SyncSuccd - 0
20150223 - 16:52:08 - SyncCompt - 43527296
20150224 - 06:52:01 - SyncStart - 43527296
20150224 - 06:52:08 - SyncSuccd - 0
20150224 - 06:52:08 - SyncCompt - 43527296
20150224 - 16:52:02 - SyncStart - 43527296
20150224 - 16:52:08 - SyncSuccd - 0
20150224 - 16:52:08 - SyncCompt - 43527296
20150225 - 06:52:02 - SyncStart - 43527296
20150225 - 06:52:08 - SyncSuccd - 0
20150225 - 06:52:08 - SyncCompt - 43527296
20150225 - 16:52:01 - SyncStart - 43527296
20150225 - 16:52:08 - SyncSuccd - 0
20150225 - 16:52:08 - SyncCompt - 43527296
20150226 - 06:52:02 - SyncStart - 43527296
20150226 - 06:52:09 - SyncSuccd - 0
20150226 - 06:52:09 - SyncCompt - 43527296
20150226 - 16:52:01 - SyncStart - 43527296
20150226 - 16:52:09 - SyncSuccd - 0
20150226 - 16:52:09 - SyncCompt - 43527296
20150227 - 06:52:02 - SyncStart - 43527296
20150227 - 06:52:08 - SyncSuccd - 0
20150227 - 06:52:08 - SyncCompt - 43527296
20150227 - 16:52:01 - SyncStart - 43527296
20150227 - 16:52:09 - SyncSuccd - 0
20150227 - 16:52:09 - SyncCompt - 43527296
20150228 - 06:52:01 - SyncStart - 43527296
20150228 - 06:52:09 - SyncSuccd - 0
20150228 - 06:52:09 - SyncCompt - 43527296
20150228 - 16:52:01 - SyncStart - 43527296
20150228 - 16:52:09 - SyncSuccd - 0
20150228 - 16:52:09 - SyncCompt - 43527296
20150301 - 06:52:01 - SyncStart - 43527296
20150301 - 06:52:09 - SyncSuccd - 0
20150301 - 06:52:09 - SyncCompt - 43527296
20150301 - 16:52:01 - SyncStart - 43527296
20150301 - 16:52:09 - SyncSuccd - 0
20150301 - 16:52:09 - SyncCompt - 43527296
20150302 - 06:52:02 - SyncStart - 43527296
20150302 - 06:52:08 - SyncSuccd - 0
20150302 - 06:52:08 - SyncCompt - 43527296
20150302 - 16:52:01 - SyncStart - 43527296
20150302 - 16:52:09 - SyncSuccd - 0
20150302 - 16:52:09 - SyncCompt - 43527296
20150303 - 06:52:01 - SyncStart - 43527296
20150303 - 06:52:09 - SyncSuccd - 0
20150303 - 06:52:09 - SyncCompt - 43527296
20150303 - 16:52:01 - SyncStart - 43527296
20150303 - 16:52:09 - SyncSuccd - 0
20150303 - 16:52:09 - SyncCompt - 43527296
20150304 - 06:52:01 - SyncStart - 43527296
20150304 - 06:52:09 - SyncSuccd - 0
20150304 - 06:52:09 - SyncCompt - 43527296
20150304 - 16:52:01 - SyncStart - 43527296
20150304 - 16:52:08 - SyncSuccd - 0
20150304 - 16:52:08 - SyncCompt - 43527296
20150305 - 06:52:01 - SyncStart - 43527296
20150305 - 06:52:08 - SyncSuccd - 0
20150305 - 06:52:08 - SyncCompt - 43527296
20150305 - 16:52:01 - SyncStart - 43527296
20150305 - 16:52:15 - SyncSuccd - 0
20150305 - 16:52:15 - SyncCompt - 43527296
20150306 - 06:52:01 - SyncStart - 43527296
20150306 - 06:52:08 - SyncSuccd - 0
20150306 - 06:52:08 - SyncCompt - 43527296
20150306 - 16:52:01 - SyncStart - 43527296
20150306 - 16:52:14 - SyncSuccd - 0
20150306 - 16:52:14 - SyncCompt - 43527296
20150307 - 06:52:01 - SyncStart - 43527296
20150307 - 06:52:10 - SyncSuccd - 0
20150307 - 06:52:10 - SyncCompt - 43527296
20150307 - 16:52:01 - SyncStart - 43527296
20150307 - 16:52:08 - SyncSuccd - 0
20150307 - 16:52:08 - SyncCompt - 43527296
20150308 - 06:52:01 - SyncStart - 43527296
20150308 - 06:52:09 - SyncSuccd - 0
20150308 - 06:52:09 - SyncCompt - 43527296
20150308 - 16:52:02 - SyncStart - 43527296
20150308 - 16:52:08 - SyncSuccd - 0
20150308 - 16:52:08 - SyncCompt - 43527296
20150309 - 06:52:01 - SyncStart - 43527296
20150309 - 06:52:08 - SyncSuccd - 0
20150309 - 06:52:08 - SyncCompt - 43527296
20150309 - 16:52:01 - SyncStart - 43527296
20150309 - 16:52:08 - SyncSuccd - 0
20150309 - 16:52:08 - SyncCompt - 43527296
20150310 - 06:52:01 - SyncStart - 43527296
20150310 - 06:52:08 - SyncSuccd - 0
20150310 - 06:52:08 - SyncCompt - 43527296
20150310 - 16:52:01 - SyncStart - 43527296
20150310 - 16:52:08 - SyncSuccd - 0
20150310 - 16:52:08 - SyncCompt - 43527292
20150311 - 06:52:01 - SyncStart - 43527292
20150311 - 06:52:08 - SyncSuccd - 0
20150311 - 06:52:08 - SyncCompt - 43527292
20150311 - 16:52:01 - SyncStart - 43527292
20150311 - 16:52:09 - SyncSuccd - 0
20150311 - 16:52:09 - SyncCompt - 43527292
20150312 - 06:52:01 - SyncStart - 43527292
20150312 - 06:52:09 - SyncSuccd - 0
20150312 - 06:52:09 - SyncCompt - 43527292
20150312 - 16:52:01 - SyncStart - 43527292
20150312 - 16:52:09 - SyncSuccd - 0
20150312 - 16:52:09 - SyncCompt - 43527292
20150313 - 06:52:01 - SyncStart - 43527292
20150313 - 06:52:09 - SyncSuccd - 0
20150313 - 06:52:09 - SyncCompt - 43527292
20150313 - 16:52:01 - SyncStart - 43527292
20150313 - 16:52:09 - SyncSuccd - 0
20150313 - 16:52:09 - SyncCompt - 43527292
20150314 - 06:52:01 - SyncStart - 43527292
20150314 - 06:52:09 - SyncSuccd - 0
20150314 - 06:52:09 - SyncCompt - 43527292
20150314 - 16:52:01 - SyncStart - 43527292
20150314 - 16:52:08 - SyncSuccd - 0
20150314 - 16:52:08 - SyncCompt - 43527292
20150315 - 06:52:01 - SyncStart - 43527292
20150315 - 06:52:08 - SyncSuccd - 0
20150315 - 06:52:08 - SyncCompt - 43527292
20150315 - 16:52:01 - SyncStart - 43527292
20150315 - 16:52:08 - SyncSuccd - 0
20150315 - 16:52:08 - SyncCompt - 43527292
20150316 - 06:52:01 - SyncStart - 43527292
20150316 - 06:52:13 - SyncSuccd - 0
20150316 - 06:52:13 - SyncCompt - 43527292
20150316 - 16:52:01 - SyncStart - 43527292
20150316 - 16:52:09 - SyncSuccd - 0
20150316 - 16:52:09 - SyncCompt - 43527292
20150317 - 06:52:01 - SyncStart - 43527292
20150317 - 06:52:08 - SyncSuccd - 0
20150317 - 06:52:08 - SyncCompt - 43527292
20150317 - 16:52:01 - SyncStart - 43527292
20150317 - 16:52:09 - SyncSuccd - 0
20150317 - 16:52:09 - SyncCompt - 43527292
20150318 - 06:52:02 - SyncStart - 43527292
20150318 - 06:52:09 - SyncSuccd - 0
20150318 - 06:52:09 - SyncCompt - 43527292
20150318 - 16:52:01 - SyncStart - 43527292
20150318 - 16:52:09 - SyncSuccd - 0
20150318 - 16:52:09 - SyncCompt - 43527292
20150319 - 06:52:01 - SyncStart - 43527292
20150319 - 06:52:08 - SyncSuccd - 0
20150319 - 06:52:08 - SyncCompt - 43527292
20150319 - 16:52:01 - SyncStart - 43527292
20150319 - 16:52:08 - SyncSuccd - 0
20150319 - 16:52:08 - SyncCompt - 43527292
20150320 - 06:52:01 - SyncStart - 43527292
20150320 - 06:52:10 - SyncSuccd - 0
20150320 - 06:52:10 - SyncCompt - 43527292
20150320 - 16:52:01 - SyncStart - 43527292
20150320 - 16:52:08 - SyncSuccd - 0
20150320 - 16:52:08 - SyncCompt - 43527292
20150321 - 06:52:01 - SyncStart - 43527292
20150321 - 06:52:08 - SyncSuccd - 0
20150321 - 06:52:08 - SyncCompt - 43527292
20150321 - 16:52:01 - SyncStart - 43527292
20150321 - 16:52:09 - SyncSuccd - 0
20150321 - 16:52:09 - SyncCompt - 43527292
20150322 - 06:52:01 - SyncStart - 43527292
20150322 - 06:52:09 - SyncSuccd - 0
20150322 - 06:52:09 - SyncCompt - 43527292
20150322 - 16:52:01 - SyncStart - 43527292
20150322 - 16:52:08 - SyncSuccd - 0
20150322 - 16:52:08 - SyncCompt - 43527292
20150323 - 06:52:01 - SyncStart - 43527292
20150323 - 06:52:08 - SyncSuccd - 0
20150323 - 06:52:08 - SyncCompt - 43527292
20150323 - 16:52:01 - SyncStart - 43527292
20150323 - 16:52:08 - SyncSuccd - 0
20150323 - 16:52:08 - SyncCompt - 43527292
20150324 - 06:52:02 - SyncStart - 43527292
20150324 - 06:52:09 - SyncSuccd - 0
20150324 - 06:52:09 - SyncCompt - 43527292
20150324 - 16:52:01 - SyncStart - 43527292
20150324 - 16:52:08 - SyncSuccd - 0
20150324 - 16:52:08 - SyncCompt - 43527292
20150325 - 06:52:01 - SyncStart - 43527292
20150325 - 06:52:08 - SyncSuccd - 0
20150325 - 06:52:08 - SyncCompt - 43527292
20150325 - 16:52:01 - SyncStart - 43527292
20150325 - 16:52:09 - SyncSuccd - 0
20150325 - 16:52:09 - SyncCompt - 43527292
20150326 - 06:52:01 - SyncStart - 43527292
20150326 - 06:52:09 - SyncSuccd - 0
20150326 - 06:52:09 - SyncCompt - 43527292
20150326 - 16:52:01 - SyncStart - 43527292
20150326 - 16:52:08 - SyncSuccd - 0
20150326 - 16:52:08 - SyncCompt - 43527292
20150327 - 06:52:01 - SyncStart - 43527292
20150327 - 07:02:48 - SyncSuccd - 0
20150327 - 07:02:48 - SyncCompt - 16666824
20150327 - 16:52:01 - SyncStart - 16666824
20150327 - 16:52:09 - SyncSuccd - 0
20150327 - 16:52:09 - SyncCompt - 16667196
20150328 - 06:52:02 - SyncStart - 16667196
20150328 - 06:52:09 - SyncSuccd - 0
20150328 - 06:52:09 - SyncCompt - 16667196
20150328 - 16:52:01 - SyncStart - 16667196
20150328 - 16:52:09 - SyncSuccd - 0
20150328 - 16:52:09 - SyncCompt - 16667196
20150329 - 06:52:01 - SyncStart - 16667196
20150329 - 06:52:09 - SyncSuccd - 0
20150329 - 06:52:09 - SyncCompt - 16667196
20150329 - 16:52:01 - SyncStart - 16667196
20150329 - 16:52:09 - SyncSuccd - 0
20150329 - 16:52:09 - SyncCompt - 16667196
20150330 - 06:52:01 - SyncStart - 16667196
20150330 - 06:52:09 - SyncSuccd - 0
20150330 - 06:52:09 - SyncCompt - 16667196
20150330 - 16:52:01 - SyncStart - 16667196
20150330 - 16:52:09 - SyncSuccd - 0
20150330 - 16:52:09 - SyncCompt - 16667196
20150331 - 06:52:01 - SyncStart - 16667196
20150331 - 06:52:09 - SyncSuccd - 0
20150331 - 06:52:09 - SyncCompt - 16667196
20150331 - 16:52:01 - SyncStart - 16667196
20150331 - 16:52:09 - SyncSuccd - 0
20150331 - 16:52:09 - SyncCompt - 16667196
20150401 - 06:52:01 - SyncStart - 16667196
20150401 - 06:52:09 - SyncSuccd - 0
20150401 - 06:52:09 - SyncCompt - 16667192
20150401 - 16:52:01 - SyncStart - 16667192
20150401 - 16:52:09 - SyncSuccd - 0
20150401 - 16:52:09 - SyncCompt - 16667192
20150402 - 06:52:01 - SyncStart - 16667192
20150402 - 06:52:09 - SyncSuccd - 0
20150402 - 06:52:09 - SyncCompt - 16667192
20150402 - 16:52:01 - SyncStart - 16667192
20150402 - 16:52:09 - SyncSuccd - 0
20150402 - 16:52:09 - SyncCompt - 16667192
20150403 - 06:52:01 - SyncStart - 16667192
20150403 - 06:52:08 - SyncSuccd - 0
20150403 - 06:52:08 - SyncCompt - 16667192
20150403 - 16:52:01 - SyncStart - 16667192
20150403 - 16:52:08 - SyncSuccd - 0
20150403 - 16:52:08 - SyncCompt - 16667192
20150404 - 06:52:01 - SyncStart - 16667192
20150404 - 06:52:08 - SyncSuccd - 0
20150404 - 06:52:08 - SyncCompt - 16667192
20150404 - 16:52:01 - SyncStart - 16667192
20150404 - 16:52:08 - SyncSuccd - 0
20150404 - 16:52:09 - SyncCompt - 16667192
20150405 - 06:52:01 - SyncStart - 16667192
20150405 - 06:52:08 - SyncSuccd - 0
20150405 - 06:52:08 - SyncCompt - 16667192
20150405 - 16:52:02 - SyncStart - 16667192
20150405 - 16:52:09 - SyncSuccd - 0
20150405 - 16:52:09 - SyncCompt - 16667192
20150406 - 06:52:01 - SyncStart - 16667192
20150406 - 06:52:08 - SyncSuccd - 0
20150406 - 06:52:08 - SyncCompt - 16667192
20150406 - 16:52:01 - SyncStart - 16667192
20150406 - 16:52:09 - SyncSuccd - 0
20150406 - 16:52:09 - SyncCompt - 16667192
20150407 - 06:52:01 - SyncStart - 16667192
20150407 - 06:52:09 - SyncSuccd - 0
20150407 - 06:52:09 - SyncCompt - 16667192
20150407 - 16:52:01 - SyncStart - 16667192
20150407 - 16:52:08 - SyncSuccd - 0
20150407 - 16:52:08 - SyncCompt - 16667192
20150408 - 06:52:01 - SyncStart - 16667192
20150408 - 06:52:09 - SyncSuccd - 0
20150408 - 06:52:09 - SyncCompt - 16667192
20150408 - 16:52:01 - SyncStart - 16667192
20150408 - 16:52:09 - SyncSuccd - 0
20150408 - 16:52:09 - SyncCompt - 16667192
20150409 - 06:52:02 - SyncStart - 16667192
20150409 - 06:52:09 - SyncSuccd - 0
20150409 - 06:52:09 - SyncCompt - 16667192
20150409 - 16:52:01 - SyncStart - 16667192
20150409 - 16:52:09 - SyncSuccd - 0
20150409 - 16:52:09 - SyncCompt - 16667192
20150410 - 06:52:01 - SyncStart - 16667192
20150410 - 06:52:09 - SyncSuccd - 0
20150410 - 06:52:09 - SyncCompt - 16667192
20150410 - 16:52:01 - SyncStart - 16667192
20150410 - 16:52:08 - SyncSuccd - 0
20150410 - 16:52:08 - SyncCompt - 16667192
20150411 - 06:52:01 - SyncStart - 16667192
20150411 - 06:52:09 - SyncSuccd - 0
20150411 - 06:52:09 - SyncCompt - 16667192
20150411 - 16:52:01 - SyncStart - 16667192
20150411 - 16:52:09 - SyncSuccd - 0
20150411 - 16:52:09 - SyncCompt - 16667192
20150412 - 06:52:01 - SyncStart - 16667192
20150412 - 06:52:09 - SyncSuccd - 0
20150412 - 06:52:09 - SyncCompt - 16667192
20150412 - 16:52:01 - SyncStart - 16667192
20150412 - 16:52:09 - SyncSuccd - 0
20150412 - 16:52:09 - SyncCompt - 16667192
20150413 - 06:52:01 - SyncStart - 16667192
20150413 - 06:52:09 - SyncSuccd - 0
20150413 - 06:52:09 - SyncCompt - 16667192
20150413 - 16:52:01 - SyncStart - 16667192
20150413 - 16:52:08 - SyncSuccd - 0
20150413 - 16:52:08 - SyncCompt - 16667192
20150414 - 06:52:01 - SyncStart - 16667192
20150414 - 06:52:09 - SyncSuccd - 0
20150414 - 06:52:09 - SyncCompt - 16667192
20150414 - 16:52:01 - SyncStart - 16667192
20150414 - 16:52:09 - SyncSuccd - 0
20150414 - 16:52:09 - SyncCompt - 16667192
20150415 - 06:52:01 - SyncStart - 16667192
20150415 - 06:52:09 - SyncSuccd - 0
20150415 - 06:52:09 - SyncCompt - 16667192
20150415 - 16:52:01 - SyncStart - 16667192
20150415 - 16:52:19 - SyncSuccd - 0
20150415 - 16:52:19 - SyncCompt - 16667192
20150416 - 06:52:01 - SyncStart - 16667192
20150416 - 06:52:09 - SyncSuccd - 0
20150416 - 06:52:09 - SyncCompt - 16667192
20150416 - 16:52:01 - SyncStart - 16667192
20150416 - 16:52:09 - SyncSuccd - 0
20150416 - 16:52:09 - SyncCompt - 16667192
20150417 - 06:52:02 - SyncStart - 16667192
20150417 - 06:52:09 - SyncSuccd - 0
20150417 - 06:52:09 - SyncCompt - 16667192
20150417 - 16:52:01 - SyncStart - 16667192
20150417 - 16:52:09 - SyncSuccd - 0
20150417 - 16:52:09 - SyncCompt - 16667192
20150418 - 06:52:01 - SyncStart - 16667192
20150418 - 06:52:09 - SyncSuccd - 0
20150418 - 06:52:09 - SyncCompt - 16667192
20150418 - 16:52:01 - SyncStart - 16667192
20150418 - 16:52:09 - SyncSuccd - 0
20150418 - 16:52:09 - SyncCompt - 16667192
20150419 - 06:52:01 - SyncStart - 16667192
20150419 - 06:52:08 - SyncSuccd - 0
20150419 - 06:52:08 - SyncCompt - 16667192
20150419 - 16:52:01 - SyncStart - 16667192
20150419 - 16:52:09 - SyncSuccd - 0
20150419 - 16:52:09 - SyncCompt - 16667192
20150420 - 06:52:02 - SyncStart - 16667192
20150420 - 06:52:09 - SyncSuccd - 0
20150420 - 06:52:09 - SyncCompt - 16667192
20150420 - 16:52:01 - SyncStart - 16667192
20150420 - 16:52:09 - SyncSuccd - 0
20150420 - 16:52:09 - SyncCompt - 16667192
20150421 - 06:52:01 - SyncStart - 16667192
20150421 - 06:52:09 - SyncSuccd - 0
20150421 - 06:52:09 - SyncCompt - 16667192
20150421 - 16:52:01 - SyncStart - 16667192
20150421 - 16:52:08 - SyncSuccd - 0
20150421 - 16:52:08 - SyncCompt - 16667192
20150422 - 06:52:01 - SyncStart - 16667192
20150422 - 06:52:09 - SyncSuccd - 0
20150422 - 06:52:09 - SyncCompt - 16667192
20150422 - 16:52:01 - SyncStart - 16667192
20150422 - 16:52:08 - SyncSuccd - 0
20150422 - 16:52:08 - SyncCompt - 16667192
20150423 - 06:52:01 - SyncStart - 16667192
20150423 - 07:11:04 - SyncSuccd - 0
20150423 - 07:11:04 - SyncCompt - 20378716
20150423 - 16:52:01 - SyncStart - 20378716
20150423 - 16:52:09 - SyncSuccd - 0
20150423 - 16:52:09 - SyncCompt - 20378716
20150424 - 06:52:01 - SyncStart - 20378716
20150424 - 06:53:26 - SyncSuccd - 0
20150424 - 06:53:26 - SyncCompt - 17057272
20150424 - 16:52:01 - SyncStart - 17057272
20150424 - 16:52:10 - SyncError - 10
20150424 - 16:53:10 - SyncCompt - 17057272
20150424 - 16:53:10 - SyncStart - 17057272
20150424 - 16:53:18 - SyncError - 10
20150424 - 16:54:18 - SyncCompt - 17057272
20150424 - 16:54:18 - SyncStart - 17057272
20150424 - 16:54:26 - SyncError - 10
20150424 - 16:55:26 - SyncCompt - 17057272
20150424 - 16:55:26 - SyncStart - 17057272
20150424 - 16:55:34 - SyncError - 10
20150424 - 16:56:34 - SyncCompt - 17057272
20150424 - 16:56:34 - SyncStart - 17057272
20150424 - 16:56:42 - SyncError - 10
20150424 - 16:57:42 - SyncCompt - 17057272
20150425 - 06:52:01 - SyncStart - 17057272
20150425 - 06:52:09 - SyncSuccd - 0
20150425 - 06:52:09 - SyncCompt - 17057272
20150425 - 16:52:01 - SyncStart - 17057272
20150425 - 16:52:08 - SyncSuccd - 0
20150425 - 16:52:08 - SyncCompt - 17057272
20150426 - 06:52:01 - SyncStart - 17057272
20150426 - 06:52:13 - SyncSuccd - 0
20150426 - 06:52:13 - SyncCompt - 17057272
20150426 - 16:52:01 - SyncStart - 17057272
20150426 - 16:52:09 - SyncSuccd - 0
20150426 - 16:52:09 - SyncCompt - 17057272
20150427 - 06:52:01 - SyncStart - 17057272
20150427 - 06:52:07 - SyncSuccd - 0
20150427 - 06:52:07 - SyncCompt - 17057272
20150427 - 16:52:01 - SyncStart - 17057272
20150427 - 16:52:08 - SyncSuccd - 0
20150427 - 16:52:08 - SyncCompt - 17057272
20150428 - 06:52:01 - SyncStart - 17057272
20150428 - 06:52:08 - SyncSuccd - 0
20150428 - 06:52:08 - SyncCompt - 17057272
20150428 - 16:52:01 - SyncStart - 17057272
20150428 - 16:52:08 - SyncSuccd - 0
20150428 - 16:52:08 - SyncCompt - 17057272
20150429 - 06:52:01 - SyncStart - 17057272
20150429 - 06:52:08 - SyncSuccd - 0
20150429 - 06:52:08 - SyncCompt - 17057272
20150429 - 16:52:01 - SyncStart - 17057272
20150429 - 16:53:52 - SyncSuccd - 0
20150429 - 16:53:52 - SyncCompt - 17057272
20150430 - 06:52:01 - SyncStart - 17057272
20150430 - 06:52:09 - SyncSuccd - 0
20150430 - 06:52:09 - SyncCompt - 17057272
20150430 - 16:52:01 - SyncStart - 17057272
20150430 - 16:52:09 - SyncSuccd - 0
20150430 - 16:52:09 - SyncCompt - 17057272
20150501 - 06:52:01 - SyncStart - 17057272
20150501 - 06:52:09 - SyncSuccd - 0
20150501 - 06:52:09 - SyncCompt - 17057272
20150501 - 16:52:01 - SyncStart - 17057272
20150501 - 16:52:09 - SyncSuccd - 0
20150501 - 16:52:09 - SyncCompt - 17057272
20150502 - 06:52:01 - SyncStart - 17057272
20150502 - 06:52:08 - SyncSuccd - 0
20150502 - 06:52:08 - SyncCompt - 17057272
20150502 - 16:52:01 - SyncStart - 17057272
20150502 - 16:52:08 - SyncSuccd - 0
20150502 - 16:52:08 - SyncCompt - 17057272
20150503 - 06:52:01 - SyncStart - 17057272
20150503 - 06:52:09 - SyncSuccd - 0
20150503 - 06:52:09 - SyncCompt - 17057272
20150503 - 16:52:01 - SyncStart - 17057272
20150503 - 16:52:09 - SyncSuccd - 0
20150503 - 16:52:09 - SyncCompt - 17057272
20150504 - 06:52:01 - SyncStart - 17057272
20150504 - 06:52:09 - SyncSuccd - 0
20150504 - 06:52:09 - SyncCompt - 17057272
20150504 - 16:52:01 - SyncStart - 17057272
20150504 - 16:52:09 - SyncSuccd - 0
20150504 - 16:52:09 - SyncCompt - 17057272
20150505 - 06:52:01 - SyncStart - 17057272
20150505 - 06:52:09 - SyncSuccd - 0
20150505 - 06:52:09 - SyncCompt - 17057272
20150505 - 16:52:01 - SyncStart - 17057272
20150505 - 16:52:08 - SyncSuccd - 0
20150505 - 16:52:08 - SyncCompt - 17057272
20150506 - 06:52:01 - SyncStart - 17057272
20150506 - 06:52:08 - SyncSuccd - 0
20150506 - 06:52:08 - SyncCompt - 17057272
20150506 - 16:52:01 - SyncStart - 17057272
20150506 - 16:52:09 - SyncSuccd - 0
20150506 - 16:52:09 - SyncCompt - 17057272
20150507 - 06:52:01 - SyncStart - 17057272
20150507 - 06:52:09 - SyncSuccd - 0
20150507 - 06:52:09 - SyncCompt - 17057272
20150507 - 16:52:01 - SyncStart - 17057272
20150507 - 16:52:08 - SyncSuccd - 0
20150507 - 16:52:08 - SyncCompt - 17057272
20150508 - 06:52:01 - SyncStart - 17057272
20150508 - 06:52:09 - SyncSuccd - 0
20150508 - 06:52:09 - SyncCompt - 17057272
20150508 - 16:52:01 - SyncStart - 17057272
20150508 - 16:52:08 - SyncSuccd - 0
20150508 - 16:52:08 - SyncCompt - 17057272
20150509 - 06:52:01 - SyncStart - 17057272
20150509 - 06:52:09 - SyncSuccd - 0
20150509 - 06:52:09 - SyncCompt - 17057272
20150509 - 16:52:01 - SyncStart - 17057272
20150509 - 16:52:09 - SyncSuccd - 0
20150509 - 16:52:09 - SyncCompt - 17057272
20150510 - 06:52:01 - SyncStart - 17057272
20150510 - 06:52:08 - SyncSuccd - 0
20150510 - 06:52:08 - SyncCompt - 17057272
20150510 - 16:52:01 - SyncStart - 17057272
20150510 - 16:52:09 - SyncSuccd - 0
20150510 - 16:52:09 - SyncCompt - 17057272
20150511 - 06:52:01 - SyncStart - 17057272
20150511 - 06:52:09 - SyncSuccd - 0
20150511 - 06:52:09 - SyncCompt - 17057272
20150511 - 16:52:01 - SyncStart - 17057272
20150511 - 16:52:09 - SyncSuccd - 0
20150511 - 16:52:09 - SyncCompt - 17057272
20150512 - 06:52:01 - SyncStart - 17057272
20150512 - 06:52:09 - SyncSuccd - 0
20150512 - 06:52:09 - SyncCompt - 17057272
20150512 - 16:52:01 - SyncStart - 17057272
20150512 - 16:52:08 - SyncSuccd - 0
20150512 - 16:52:08 - SyncCompt - 17057272
20150513 - 06:52:01 - SyncStart - 17057272
20150513 - 06:52:09 - SyncSuccd - 0
20150513 - 06:52:09 - SyncCompt - 17057272
20150513 - 16:52:01 - SyncStart - 17057272
20150513 - 16:52:08 - SyncSuccd - 0
20150513 - 16:52:08 - SyncCompt - 17057272
20150514 - 06:52:01 - SyncStart - 17057272
20150514 - 06:52:10 - SyncSuccd - 0
20150514 - 06:52:10 - SyncCompt - 17057272
20150514 - 16:52:01 - SyncStart - 17057272
20150514 - 16:52:09 - SyncSuccd - 0
20150514 - 16:52:09 - SyncCompt - 17057272
20150515 - 06:52:01 - SyncStart - 17057272
20150515 - 06:52:08 - SyncSuccd - 0
20150515 - 06:52:08 - SyncCompt - 17057272
20150515 - 16:52:01 - SyncStart - 17057272
20150515 - 16:52:08 - SyncSuccd - 0
20150515 - 16:52:08 - SyncCompt - 17057272
20150516 - 06:52:01 - SyncStart - 17057272
20150516 - 06:52:08 - SyncSuccd - 0
20150516 - 06:52:09 - SyncCompt - 17057272
20150516 - 16:52:02 - SyncStart - 17057272
20150516 - 16:52:10 - SyncSuccd - 0
20150516 - 16:52:10 - SyncCompt - 17057272
20150517 - 06:52:01 - SyncStart - 17057272
20150517 - 06:52:14 - SyncSuccd - 0
20150517 - 06:52:14 - SyncCompt - 17057272
20150517 - 16:52:01 - SyncStart - 17057272
20150517 - 16:52:08 - SyncSuccd - 0
20150517 - 16:52:08 - SyncCompt - 17057272
20150518 - 06:52:01 - SyncStart - 17057272
20150518 - 06:52:09 - SyncSuccd - 0
20150518 - 06:52:09 - SyncCompt - 17057272
20150518 - 16:52:01 - SyncStart - 17057272
20150518 - 16:52:08 - SyncSuccd - 0
20150518 - 16:52:08 - SyncCompt - 17057272
20150519 - 06:52:01 - SyncStart - 17057272
20150519 - 06:52:09 - SyncSuccd - 0
20150519 - 06:52:09 - SyncCompt - 17057272
20150519 - 16:52:01 - SyncStart - 17057272
20150519 - 16:52:08 - SyncSuccd - 0
20150519 - 16:52:08 - SyncCompt - 17057272
20150520 - 06:52:01 - SyncStart - 17057272
20150520 - 06:52:09 - SyncSuccd - 0
20150520 - 06:52:09 - SyncCompt - 17057272
20150520 - 16:52:01 - SyncStart - 17057272
20150520 - 16:52:09 - SyncSuccd - 0
20150520 - 16:52:09 - SyncCompt - 17057272
20150521 - 06:52:01 - SyncStart - 17057272
20150521 - 06:52:08 - SyncSuccd - 0
20150521 - 06:52:08 - SyncCompt - 17057272
20150521 - 16:52:01 - SyncStart - 17057272
20150521 - 16:52:13 - SyncSuccd - 0
20150521 - 16:52:13 - SyncCompt - 17057272
20150522 - 06:52:01 - SyncStart - 17057272
20150522 - 06:52:08 - SyncSuccd - 0
20150522 - 06:52:09 - SyncCompt - 17057272
20150522 - 16:52:01 - SyncStart - 17057272
20150522 - 16:52:09 - SyncSuccd - 0
20150522 - 16:52:09 - SyncCompt - 17057272
20150523 - 06:52:01 - SyncStart - 17057272
20150523 - 06:52:08 - SyncSuccd - 0
20150523 - 06:52:08 - SyncCompt - 17057272
20150523 - 16:52:01 - SyncStart - 17057272
20150523 - 16:52:08 - SyncSuccd - 0
20150523 - 16:52:08 - SyncCompt - 17057272
20150524 - 06:52:02 - SyncStart - 17057272
20150524 - 06:52:10 - SyncSuccd - 0
20150524 - 06:52:10 - SyncCompt - 17057272
20150524 - 16:52:01 - SyncStart - 17057272
20150524 - 16:52:08 - SyncSuccd - 0
20150524 - 16:52:08 - SyncCompt - 17057272
20150525 - 06:52:02 - SyncStart - 17057272
20150525 - 06:52:09 - SyncSuccd - 0
20150525 - 06:52:09 - SyncCompt - 17057272
20150525 - 16:52:01 - SyncStart - 17057272
20150525 - 16:52:09 - SyncSuccd - 0
20150525 - 16:52:09 - SyncCompt - 17057272
20150526 - 06:52:02 - SyncStart - 17057272
20150526 - 06:52:09 - SyncSuccd - 0
20150526 - 06:52:09 - SyncCompt - 17057272
20150526 - 16:52:01 - SyncStart - 17057272
20150526 - 16:52:09 - SyncSuccd - 0
20150526 - 16:52:09 - SyncCompt - 17057272
20150527 - 06:52:01 - SyncStart - 17057272
20150527 - 06:52:09 - SyncSuccd - 0
20150527 - 06:52:09 - SyncCompt - 17057272
20150527 - 16:52:01 - SyncStart - 17057272
20150527 - 16:52:09 - SyncSuccd - 0
20150527 - 16:52:09 - SyncCompt - 17057272
20150528 - 06:52:01 - SyncStart - 17057272
20150528 - 06:52:09 - SyncSuccd - 0
20150528 - 06:52:09 - SyncCompt - 17057272
20150528 - 16:52:01 - SyncStart - 17057272
20150528 - 16:52:09 - SyncSuccd - 0
20150528 - 16:52:09 - SyncCompt - 17057272
20150529 - 06:52:01 - SyncStart - 17057272
20150529 - 06:52:27 - SyncSuccd - 0
20150529 - 06:52:27 - SyncCompt - 17057272
20150529 - 16:52:01 - SyncStart - 17057272
20150529 - 16:52:20 - SyncSuccd - 0
20150529 - 16:52:20 - SyncCompt - 17057272
20150530 - 06:52:01 - SyncStart - 17057272
20150530 - 06:52:09 - SyncSuccd - 0
20150530 - 06:52:09 - SyncCompt - 17057272
20150530 - 16:52:01 - SyncStart - 17057272
20150530 - 16:52:09 - SyncSuccd - 0
20150530 - 16:52:09 - SyncCompt - 17057272
20150531 - 06:52:01 - SyncStart - 17057272
20150531 - 06:52:09 - SyncSuccd - 0
20150531 - 06:52:09 - SyncCompt - 17057272
20150531 - 16:52:01 - SyncStart - 17057272
20150531 - 16:52:09 - SyncSuccd - 0
20150531 - 16:52:09 - SyncCompt - 17057272
20150601 - 06:52:01 - SyncStart - 17057272
20150601 - 06:52:08 - SyncSuccd - 0
20150601 - 06:52:08 - SyncCompt - 17057272
20150601 - 16:52:01 - SyncStart - 17057272
20150601 - 16:52:09 - SyncSuccd - 0
20150601 - 16:52:09 - SyncCompt - 17057272
20150602 - 06:52:01 - SyncStart - 17057272
20150602 - 06:52:08 - SyncSuccd - 0
20150602 - 06:52:08 - SyncCompt - 17057272
20150602 - 16:52:01 - SyncStart - 17057272
20150602 - 16:52:08 - SyncSuccd - 0
20150602 - 16:52:08 - SyncCompt - 17057272
20150603 - 06:52:01 - SyncStart - 17057272
20150603 - 06:52:07 - SyncSuccd - 0
20150603 - 06:52:07 - SyncCompt - 17057268
20150603 - 16:52:01 - SyncStart - 17057268
20150603 - 16:52:08 - SyncSuccd - 0
20150603 - 16:52:08 - SyncCompt - 17057268
20150604 - 06:52:01 - SyncStart - 17057268
20150604 - 06:52:08 - SyncSuccd - 0
20150604 - 06:52:08 - SyncCompt - 17057268
20150604 - 16:52:01 - SyncStart - 17057268
20150604 - 16:52:08 - SyncSuccd - 0
20150604 - 16:52:08 - SyncCompt - 17057268
20150605 - 06:52:01 - SyncStart - 17057268
20150605 - 06:52:09 - SyncSuccd - 0
20150605 - 06:52:09 - SyncCompt - 17057268
20150605 - 16:52:02 - SyncStart - 17057268
20150605 - 16:52:09 - SyncSuccd - 0
20150605 - 16:52:09 - SyncCompt - 17057268
20150606 - 06:52:02 - SyncStart - 17057268
20150606 - 06:52:09 - SyncSuccd - 0
20150606 - 06:52:09 - SyncCompt - 17057268
20150606 - 16:52:02 - SyncStart - 17057268
20150606 - 16:52:10 - SyncSuccd - 0
20150606 - 16:52:10 - SyncCompt - 17057268
20150607 - 06:52:01 - SyncStart - 17057268
20150607 - 06:52:09 - SyncSuccd - 0
20150607 - 06:52:09 - SyncCompt - 17057268
20150607 - 16:52:01 - SyncStart - 17057268
20150607 - 16:52:09 - SyncSuccd - 0
20150607 - 16:52:09 - SyncCompt - 17057268
20150608 - 06:52:01 - SyncStart - 17057268
20150608 - 06:52:09 - SyncSuccd - 0
20150608 - 06:52:09 - SyncCompt - 17057268
20150608 - 16:52:01 - SyncStart - 17057268
20150608 - 16:52:08 - SyncSuccd - 0
20150608 - 16:52:08 - SyncCompt - 17057268
20150609 - 06:52:02 - SyncStart - 17057268
20150609 - 06:52:09 - SyncSuccd - 0
20150609 - 06:52:09 - SyncCompt - 17057268
20150609 - 16:52:02 - SyncStart - 17057268
20150609 - 16:52:09 - SyncSuccd - 0
20150609 - 16:52:09 - SyncCompt - 17057268
20150610 - 06:52:02 - SyncStart - 17057268
20150610 - 06:52:10 - SyncSuccd - 0
20150610 - 06:52:10 - SyncCompt - 17057268
20150610 - 16:52:01 - SyncStart - 17057268
20150610 - 16:52:09 - SyncSuccd - 0
20150610 - 16:52:09 - SyncCompt - 17057268
20150611 - 06:52:01 - SyncStart - 17057268
20150611 - 06:52:09 - SyncSuccd - 0
20150611 - 06:52:09 - SyncCompt - 17057268
20150611 - 16:52:02 - SyncStart - 17057268
20150611 - 16:55:20 - SyncSuccd - 0
20150611 - 16:55:20 - SyncCompt - 17099640
20150612 - 06:52:01 - SyncStart - 17099640
20150612 - 06:52:08 - SyncSuccd - 0
20150612 - 06:52:08 - SyncCompt - 17099640
20150612 - 16:52:01 - SyncStart - 17099640
20150612 - 16:52:09 - SyncSuccd - 0
20150612 - 16:52:09 - SyncCompt - 17099640
20150613 - 06:52:01 - SyncStart - 17099640
20150613 - 06:52:08 - SyncSuccd - 0
20150613 - 06:52:08 - SyncCompt - 17099640
20150613 - 16:52:01 - SyncStart - 17099640
20150613 - 16:52:08 - SyncSuccd - 0
20150613 - 16:52:08 - SyncCompt - 17099640
20150614 - 06:52:02 - SyncStart - 17099640
20150614 - 06:52:09 - SyncSuccd - 0
20150614 - 06:52:09 - SyncCompt - 17099640
20150614 - 16:52:01 - SyncStart - 17099640
20150614 - 16:52:09 - SyncSuccd - 0
20150614 - 16:52:09 - SyncCompt - 17099640
20150615 - 06:52:01 - SyncStart - 17099640
20150615 - 06:52:09 - SyncSuccd - 0
20150615 - 06:52:09 - SyncCompt - 17099640
20150615 - 16:52:02 - SyncStart - 17099640
20150615 - 16:52:10 - SyncSuccd - 0
20150615 - 16:52:10 - SyncCompt - 17099640
20150616 - 06:52:01 - SyncStart - 17099640
20150616 - 06:52:09 - SyncSuccd - 0
20150616 - 06:52:09 - SyncCompt - 17099640
20150616 - 16:52:01 - SyncStart - 17099640
20150616 - 16:52:09 - SyncSuccd - 0
20150616 - 16:52:09 - SyncCompt - 17099640
20150617 - 06:52:01 - SyncStart - 17099640
20150617 - 06:52:09 - SyncSuccd - 0
20150617 - 06:52:09 - SyncCompt - 17099640
20150617 - 16:52:02 - SyncStart - 17099640
20150617 - 16:52:09 - SyncSuccd - 0
20150617 - 16:52:09 - SyncCompt - 17099640
20150618 - 06:52:01 - SyncStart - 17099640
20150618 - 06:52:09 - SyncSuccd - 0
20150618 - 06:52:09 - SyncCompt - 17099640
20150618 - 16:52:01 - SyncStart - 17099640
20150618 - 16:52:09 - SyncSuccd - 0
20150618 - 16:52:09 - SyncCompt - 17099640
20150619 - 06:52:01 - SyncStart - 17099640
20150619 - 06:52:08 - SyncSuccd - 0
20150619 - 06:52:09 - SyncCompt - 17099640
20150619 - 16:52:01 - SyncStart - 17099640
20150619 - 16:52:10 - SyncSuccd - 0
20150619 - 16:52:10 - SyncCompt - 17099640
20150620 - 06:52:01 - SyncStart - 17099640
20150620 - 06:52:09 - SyncSuccd - 0
20150620 - 06:52:09 - SyncCompt - 17099640
20150620 - 16:52:01 - SyncStart - 17099640
20150620 - 16:52:09 - SyncSuccd - 0
20150620 - 16:52:09 - SyncCompt - 17099640
20150621 - 06:52:02 - SyncStart - 17099640
20150621 - 06:52:09 - SyncSuccd - 0
20150621 - 06:52:09 - SyncCompt - 17099640
20150621 - 16:52:01 - SyncStart - 17099640
20150621 - 16:52:09 - SyncSuccd - 0
20150621 - 16:52:09 - SyncCompt - 17099640
20150622 - 06:52:01 - SyncStart - 17099640
20150622 - 06:52:08 - SyncSuccd - 0
20150622 - 06:52:08 - SyncCompt - 17099640
20150622 - 16:52:02 - SyncStart - 17099640
20150622 - 16:52:09 - SyncSuccd - 0
20150622 - 16:52:09 - SyncCompt - 17099640
20150623 - 06:52:01 - SyncStart - 17099640
20150623 - 06:52:09 - SyncSuccd - 0
20150623 - 06:52:09 - SyncCompt - 17099640
20150623 - 16:52:01 - SyncStart - 17099640
20150623 - 16:52:09 - SyncSuccd - 0
20150623 - 16:52:09 - SyncCompt - 17099640
20150624 - 06:52:01 - SyncStart - 17099640
20150624 - 06:52:08 - SyncSuccd - 0
20150624 - 06:52:08 - SyncCompt - 17099640
20150624 - 16:52:01 - SyncStart - 17099640
20150624 - 16:52:08 - SyncSuccd - 0
20150624 - 16:52:08 - SyncCompt - 17099640
20150625 - 06:52:02 - SyncStart - 17099640
20150625 - 06:52:09 - SyncSuccd - 0
20150625 - 06:52:09 - SyncCompt - 17099640
20150625 - 16:52:01 - SyncStart - 17099640
20150625 - 16:52:09 - SyncSuccd - 0
20150625 - 16:52:09 - SyncCompt - 17099640
20150626 - 06:52:01 - SyncStart - 17099640
20150626 - 06:52:09 - SyncSuccd - 0
20150626 - 06:52:09 - SyncCompt - 17099640
20150626 - 16:52:02 - SyncStart - 17099640
20150626 - 16:52:09 - SyncSuccd - 0
20150626 - 16:52:09 - SyncCompt - 17099640
20150627 - 06:52:01 - SyncStart - 17099640
20150627 - 06:52:09 - SyncSuccd - 0
20150627 - 06:52:09 - SyncCompt - 17099640
20150627 - 16:52:02 - SyncStart - 17099640
20150627 - 16:52:09 - SyncSuccd - 0
20150627 - 16:52:09 - SyncCompt - 17099640
20150628 - 06:52:01 - SyncStart - 17099640
20150628 - 06:52:09 - SyncSuccd - 0
20150628 - 06:52:09 - SyncCompt - 17099640
20150628 - 16:52:01 - SyncStart - 17099640
20150628 - 16:52:08 - SyncSuccd - 0
20150628 - 16:52:08 - SyncCompt - 17099640
20150629 - 06:52:01 - SyncStart - 17099640
20150629 - 06:52:09 - SyncSuccd - 0
20150629 - 06:52:09 - SyncCompt - 17099640
20150629 - 16:52:02 - SyncStart - 17099640
20150629 - 16:52:09 - SyncSuccd - 0
20150629 - 16:52:09 - SyncCompt - 17099640
20150630 - 06:52:01 - SyncStart - 17099640
20150630 - 06:52:09 - SyncSuccd - 0
20150630 - 06:52:09 - SyncCompt - 17099640
20150630 - 16:52:01 - SyncStart - 17099640
20150630 - 16:52:09 - SyncSuccd - 0
20150630 - 16:52:09 - SyncCompt - 17099640
20150701 - 06:52:01 - SyncStart - 17099640
20150701 - 06:52:09 - SyncSuccd - 0
20150701 - 06:52:09 - SyncCompt - 17099640
20150701 - 16:52:01 - SyncStart - 17099640
20150701 - 16:52:09 - SyncSuccd - 0
20150701 - 16:52:09 - SyncCompt - 17099640
20150702 - 06:52:02 - SyncStart - 17099640
20150702 - 06:52:09 - SyncSuccd - 0
20150702 - 06:52:09 - SyncCompt - 17099640
20150702 - 16:52:01 - SyncStart - 17099640
20150702 - 16:52:09 - SyncSuccd - 0
20150702 - 16:52:09 - SyncCompt - 17099640
20150703 - 06:52:01 - SyncStart - 17099640
20150703 - 06:52:09 - SyncSuccd - 0
20150703 - 06:52:09 - SyncCompt - 17099640
20150703 - 16:52:01 - SyncStart - 17099640
20150703 - 16:52:08 - SyncSuccd - 0
20150703 - 16:52:08 - SyncCompt - 17099640
20150704 - 06:52:01 - SyncStart - 17099640
20150704 - 06:52:09 - SyncSuccd - 0
20150704 - 06:52:09 - SyncCompt - 17099640
20150704 - 16:52:01 - SyncStart - 17099640
20150704 - 16:52:08 - SyncSuccd - 0
20150704 - 16:52:08 - SyncCompt - 17099640
20150705 - 06:52:01 - SyncStart - 17099640
20150705 - 06:52:08 - SyncSuccd - 0
20150705 - 06:52:09 - SyncCompt - 17099640
20150705 - 16:52:01 - SyncStart - 17099640
20150705 - 16:52:10 - SyncSuccd - 0
20150705 - 16:52:10 - SyncCompt - 17099640
20150706 - 06:52:01 - SyncStart - 17099640
20150706 - 06:52:29 - SyncSuccd - 0
20150706 - 06:52:29 - SyncCompt - 17099640
20150706 - 16:52:02 - SyncStart - 17099640
20150706 - 16:52:10 - SyncSuccd - 0
20150706 - 16:52:10 - SyncCompt - 17099640
20150707 - 06:52:01 - SyncStart - 17099640
20150707 - 06:52:08 - SyncSuccd - 0
20150707 - 06:52:08 - SyncCompt - 17099640
20150707 - 16:52:01 - SyncStart - 17099640
20150707 - 16:52:09 - SyncSuccd - 0
20150707 - 16:52:09 - SyncCompt - 17099640
20150708 - 06:52:01 - SyncStart - 17099640
20150708 - 06:52:09 - SyncSuccd - 0
20150708 - 06:52:09 - SyncCompt - 17099640
20150708 - 16:52:02 - SyncStart - 17099640
20150708 - 16:52:09 - SyncSuccd - 0
20150708 - 16:52:09 - SyncCompt - 17099640
20150709 - 06:52:01 - SyncStart - 17099640
20150709 - 06:52:09 - SyncSuccd - 0
20150709 - 06:52:09 - SyncCompt - 17099640
20150709 - 16:52:01 - SyncStart - 17099640
20150709 - 16:52:09 - SyncSuccd - 0
20150709 - 16:52:09 - SyncCompt - 17099640
20150710 - 06:52:01 - SyncStart - 17099640
20150710 - 06:52:09 - SyncSuccd - 0
20150710 - 06:52:09 - SyncCompt - 17099640
20150710 - 16:52:01 - SyncStart - 17099640
20150710 - 16:52:09 - SyncSuccd - 0
20150710 - 16:52:09 - SyncCompt - 17099640
20150711 - 06:52:01 - SyncStart - 17099640
20150711 - 06:52:09 - SyncSuccd - 0
20150711 - 06:52:09 - SyncCompt - 17099640
20150711 - 16:52:01 - SyncStart - 17099640
20150711 - 16:52:13 - SyncSuccd - 0
20150711 - 16:52:13 - SyncCompt - 17099640
20150712 - 06:52:02 - SyncStart - 17099640
20150712 - 06:52:09 - SyncSuccd - 0
20150712 - 06:52:09 - SyncCompt - 17099640
20150712 - 16:52:01 - SyncStart - 17099640
20150712 - 16:52:08 - SyncSuccd - 0
20150712 - 16:52:08 - SyncCompt - 17099640
20150713 - 06:52:01 - SyncStart - 17099640
20150713 - 06:52:09 - SyncSuccd - 0
20150713 - 06:52:09 - SyncCompt - 17099640
20150713 - 16:52:01 - SyncStart - 17099640
20150713 - 16:52:08 - SyncSuccd - 0
20150713 - 16:52:08 - SyncCompt - 17099640
20150714 - 06:52:01 - SyncStart - 17099640
20150714 - 06:52:09 - SyncSuccd - 0
20150714 - 06:52:09 - SyncCompt - 17099640
20150714 - 16:52:01 - SyncStart - 17099640
20150714 - 16:52:09 - SyncSuccd - 0
20150714 - 16:52:09 - SyncCompt - 17099640
20150715 - 06:52:01 - SyncStart - 17099640
20150715 - 06:52:09 - SyncSuccd - 0
20150715 - 06:52:09 - SyncCompt - 17099640
20150715 - 16:52:01 - SyncStart - 17099640
20150715 - 16:52:09 - SyncSuccd - 0
20150715 - 16:52:09 - SyncCompt - 17099640
20150716 - 06:52:01 - SyncStart - 17099640
20150716 - 06:52:08 - SyncSuccd - 0
20150716 - 06:52:09 - SyncCompt - 17099640
20150716 - 16:52:01 - SyncStart - 17099640
20150716 - 16:52:09 - SyncSuccd - 0
20150716 - 16:52:09 - SyncCompt - 17099640
20150717 - 06:52:01 - SyncStart - 17099640
20150717 - 06:52:09 - SyncSuccd - 0
20150717 - 06:52:09 - SyncCompt - 17099640
20150717 - 16:52:01 - SyncStart - 17099640
20150717 - 16:52:09 - SyncSuccd - 0
20150717 - 16:52:09 - SyncCompt - 17099640
20150718 - 06:52:01 - SyncStart - 17099640
20150718 - 06:52:08 - SyncSuccd - 0
20150718 - 06:52:08 - SyncCompt - 17099640
20150718 - 16:52:01 - SyncStart - 17099640
20150718 - 16:52:09 - SyncSuccd - 0
20150718 - 16:52:09 - SyncCompt - 17099640
20150719 - 06:52:01 - SyncStart - 17099640
20150719 - 06:52:09 - SyncSuccd - 0
20150719 - 06:52:09 - SyncCompt - 17099640
20150719 - 16:52:02 - SyncStart - 17099640
20150719 - 16:52:09 - SyncSuccd - 0
20150719 - 16:52:09 - SyncCompt - 17099640
20150720 - 06:52:01 - SyncStart - 17099640
20150720 - 06:52:09 - SyncSuccd - 0
20150720 - 06:52:09 - SyncCompt - 17099640
20150720 - 16:52:01 - SyncStart - 17099640
20150720 - 16:52:09 - SyncSuccd - 0
20150720 - 16:52:09 - SyncCompt - 17099640
20150721 - 06:52:01 - SyncStart - 17099640
20150721 - 06:52:09 - SyncSuccd - 0
20150721 - 06:52:09 - SyncCompt - 17099640
20150721 - 16:52:01 - SyncStart - 17099640
20150721 - 16:52:08 - SyncSuccd - 0
20150721 - 16:52:08 - SyncCompt - 17099640
20150722 - 06:52:01 - SyncStart - 17099640
20150722 - 06:52:09 - SyncSuccd - 0
20150722 - 06:52:09 - SyncCompt - 17099640
20150722 - 16:52:01 - SyncStart - 17099640
20150722 - 16:52:08 - SyncSuccd - 0
20150722 - 16:52:08 - SyncCompt - 17099640
20150723 - 06:52:01 - SyncStart - 17099640
20150723 - 06:52:09 - SyncSuccd - 0
20150723 - 06:52:09 - SyncCompt - 17099640
20150723 - 16:52:01 - SyncStart - 17099640
20150723 - 16:52:08 - SyncSuccd - 0
20150723 - 16:52:08 - SyncCompt - 17099640
20150724 - 06:52:02 - SyncStart - 17099640
20150724 - 06:52:09 - SyncSuccd - 0
20150724 - 06:52:09 - SyncCompt - 17099640
20150724 - 16:52:01 - SyncStart - 17099640
20150724 - 16:52:09 - SyncSuccd - 0
20150724 - 16:52:09 - SyncCompt - 17099640
20150725 - 06:52:01 - SyncStart - 17099640
20150725 - 06:52:08 - SyncSuccd - 0
20150725 - 06:52:08 - SyncCompt - 17099640
20150725 - 16:52:01 - SyncStart - 17099640
20150725 - 16:52:09 - SyncSuccd - 0
20150725 - 16:52:09 - SyncCompt - 17099640
20150726 - 06:52:01 - SyncStart - 17099640
20150726 - 06:52:09 - SyncSuccd - 0
20150726 - 06:52:09 - SyncCompt - 17099640
20150726 - 16:52:01 - SyncStart - 17099640
20150726 - 16:52:09 - SyncSuccd - 0
20150726 - 16:52:09 - SyncCompt - 17099640
20150727 - 06:52:02 - SyncStart - 17099640
20150727 - 06:52:09 - SyncSuccd - 0
20150727 - 06:52:09 - SyncCompt - 17099640
20150727 - 16:52:01 - SyncStart - 17099640
20150727 - 16:52:09 - SyncSuccd - 0
20150727 - 16:52:09 - SyncCompt - 17099640
20150728 - 06:52:02 - SyncStart - 17099640
20150728 - 06:52:09 - SyncSuccd - 0
20150728 - 06:52:09 - SyncCompt - 17099640
20150728 - 16:52:01 - SyncStart - 17099640
20150728 - 16:52:09 - SyncSuccd - 0
20150728 - 16:52:09 - SyncCompt - 17099640
20150729 - 06:52:01 - SyncStart - 17099640
20150729 - 06:52:09 - SyncSuccd - 0
20150729 - 06:52:09 - SyncCompt - 17099640
20150729 - 16:52:01 - SyncStart - 17099640
20150729 - 16:54:01 - SyncSuccd - 0
20150729 - 16:54:01 - SyncCompt - 17103636
20150730 - 06:52:02 - SyncStart - 17103636
20150730 - 06:52:09 - SyncSuccd - 0
20150730 - 06:52:09 - SyncCompt - 17103636
20150730 - 16:52:01 - SyncStart - 17103636
20150730 - 16:52:08 - SyncSuccd - 0
20150730 - 16:52:08 - SyncCompt - 17103636
20150731 - 06:52:01 - SyncStart - 17103636
20150731 - 06:52:09 - SyncSuccd - 0
20150731 - 06:52:09 - SyncCompt - 17103636
20150731 - 16:52:01 - SyncStart - 17103636
20150731 - 16:52:08 - SyncSuccd - 0
20150731 - 16:52:08 - SyncCompt - 17103636
20150801 - 06:52:01 - SyncStart - 17103636
20150801 - 06:52:08 - SyncSuccd - 0
20150801 - 06:52:08 - SyncCompt - 17103636
20150801 - 16:52:01 - SyncStart - 17103636
20150801 - 16:52:09 - SyncSuccd - 0
20150801 - 16:52:09 - SyncCompt - 17103636
20150802 - 06:52:01 - SyncStart - 17103636
20150802 - 06:52:08 - SyncSuccd - 0
20150802 - 06:52:08 - SyncCompt - 17103636
20150802 - 16:52:01 - SyncStart - 17103636
20150802 - 16:52:08 - SyncSuccd - 0
20150802 - 16:52:08 - SyncCompt - 17103636
20150803 - 06:52:01 - SyncStart - 17103636
20150803 - 16:52:02 - SyncStart - 17103636
20150803 - 16:52:09 - SyncSuccd - 0
20150803 - 16:52:09 - SyncCompt - 17103636
20150804 - 06:52:01 - SyncStart - 17103636
20150804 - 06:52:09 - SyncSuccd - 0
20150804 - 06:52:09 - SyncCompt - 17103636
20150804 - 16:52:02 - SyncStart - 17103636
20150804 - 16:52:10 - SyncSuccd - 0
20150804 - 16:52:10 - SyncCompt - 17103636
20150805 - 06:52:01 - SyncStart - 17103636
20150805 - 06:52:09 - SyncSuccd - 0
20150805 - 06:52:09 - SyncCompt - 17103636
20150805 - 16:52:01 - SyncStart - 17103636
20150805 - 16:52:08 - SyncSuccd - 0
20150805 - 16:52:09 - SyncCompt - 17103636
20150806 - 06:52:02 - SyncStart - 17103636
20150806 - 06:52:20 - SyncSuccd - 0
20150806 - 06:52:20 - SyncCompt - 17103636
20150806 - 16:52:01 - SyncStart - 17103636
20150806 - 16:52:17 - SyncError - 12
20150806 - 16:53:17 - SyncCompt - 17103632
20150806 - 16:53:17 - SyncStart - 17103632
20150806 - 16:53:36 - SyncError - 12
20150806 - 16:54:36 - SyncCompt - 17103632
20150806 - 16:54:36 - SyncStart - 17103632
20150806 - 16:54:52 - SyncError - 12
20150806 - 16:55:52 - SyncCompt - 17103632
20150806 - 16:55:52 - SyncStart - 17103632
20150806 - 16:56:28 - SyncError - 12
20150806 - 16:57:28 - SyncCompt - 17103632
20150806 - 16:57:28 - SyncStart - 17103632
20150806 - 16:57:43 - SyncError - 12
20150806 - 16:58:43 - SyncCompt - 17103632
20150807 - 06:52:02 - SyncStart - 17103632
20150807 - 07:02:07 - SyncSuccd - 0
20150807 - 07:02:07 - SyncCompt - 17076776
20150807 - 16:52:01 - SyncStart - 17076776
20150807 - 16:52:09 - SyncSuccd - 0
20150807 - 16:52:09 - SyncCompt - 17076776
20150808 - 06:52:02 - SyncStart - 17076776
20150808 - 06:52:09 - SyncSuccd - 0
20150808 - 06:52:09 - SyncCompt - 17076776
20150808 - 16:52:01 - SyncStart - 17076776
20150808 - 16:52:09 - SyncSuccd - 0
20150808 - 16:52:09 - SyncCompt - 17076776
20150809 - 06:52:01 - SyncStart - 17076776
20150809 - 06:52:09 - SyncSuccd - 0
20150809 - 06:52:09 - SyncCompt - 17076776
20150809 - 16:52:02 - SyncStart - 17076776
20150809 - 16:52:09 - SyncSuccd - 0
20150809 - 16:52:09 - SyncCompt - 17076776
20150810 - 06:52:01 - SyncStart - 17076776
20150810 - 06:52:14 - SyncSuccd - 0
20150810 - 06:52:14 - SyncCompt - 17076776
20150810 - 16:52:01 - SyncStart - 17076776
20150810 - 16:52:09 - SyncSuccd - 0
20150810 - 16:52:09 - SyncCompt - 17076776
20150811 - 06:52:01 - SyncStart - 17076776
20150811 - 06:52:09 - SyncSuccd - 0
20150811 - 06:52:09 - SyncCompt - 17076776
20150811 - 16:52:01 - SyncStart - 17076776
20150811 - 16:52:09 - SyncSuccd - 0
20150811 - 16:52:09 - SyncCompt - 17076776
